ARM GAS  C:\Users\Henny\AppData\Local\Temp\ccqAuXSJ.s 			page 1


   1              		.cpu cortex-m0
   2              		.fpu softvfp
   3              		.eabi_attribute 20, 1
   4              		.eabi_attribute 21, 1
   5              		.eabi_attribute 23, 3
   6              		.eabi_attribute 24, 1
   7              		.eabi_attribute 25, 1
   8              		.eabi_attribute 26, 1
   9              		.eabi_attribute 30, 6
  10              		.eabi_attribute 34, 0
  11              		.eabi_attribute 18, 4
  12              		.code	16
  13              		.file	"cyfitter_cfg.c"
  14              		.text
  15              	.Ltext0:
  16              		.cfi_sections	.debug_frame
  17              		.section	.text.CYMEMZERO,"ax",%progbits
  18              		.align	2
  19              		.code	16
  20              		.thumb_func
  21              		.type	CYMEMZERO, %function
  22              	CYMEMZERO:
  23              	.LFB2:
  24              		.file 1 ".\\Generated_Source\\PSoC4\\cyfitter_cfg.c"
   1:.\Generated_Source\PSoC4/cyfitter_cfg.c **** /*******************************************************************************
   2:.\Generated_Source\PSoC4/cyfitter_cfg.c **** * File Name: cyfitter_cfg.c
   3:.\Generated_Source\PSoC4/cyfitter_cfg.c **** * 
   4:.\Generated_Source\PSoC4/cyfitter_cfg.c **** * PSoC Creator  3.3 CP3
   5:.\Generated_Source\PSoC4/cyfitter_cfg.c **** *
   6:.\Generated_Source\PSoC4/cyfitter_cfg.c **** * Description:
   7:.\Generated_Source\PSoC4/cyfitter_cfg.c **** * This file contains device initialization code.
   8:.\Generated_Source\PSoC4/cyfitter_cfg.c **** * Except for the user defined sections in CyClockStartupError(), this file should not be modified.
   9:.\Generated_Source\PSoC4/cyfitter_cfg.c **** * This file is automatically generated by PSoC Creator.
  10:.\Generated_Source\PSoC4/cyfitter_cfg.c **** *
  11:.\Generated_Source\PSoC4/cyfitter_cfg.c **** ********************************************************************************
  12:.\Generated_Source\PSoC4/cyfitter_cfg.c **** * Copyright (c) 2007-2016 Cypress Semiconductor.  All rights reserved.
  13:.\Generated_Source\PSoC4/cyfitter_cfg.c **** * You may use this file only in accordance with the license, terms, conditions, 
  14:.\Generated_Source\PSoC4/cyfitter_cfg.c **** * disclaimers, and limitations in the end user license agreement accompanying 
  15:.\Generated_Source\PSoC4/cyfitter_cfg.c **** * the software package with which this file was provided.
  16:.\Generated_Source\PSoC4/cyfitter_cfg.c **** ********************************************************************************/
  17:.\Generated_Source\PSoC4/cyfitter_cfg.c **** 
  18:.\Generated_Source\PSoC4/cyfitter_cfg.c **** #include <string.h>
  19:.\Generated_Source\PSoC4/cyfitter_cfg.c **** #include "cytypes.h"
  20:.\Generated_Source\PSoC4/cyfitter_cfg.c **** #include "cydevice_trm.h"
  21:.\Generated_Source\PSoC4/cyfitter_cfg.c **** #include "cyfitter.h"
  22:.\Generated_Source\PSoC4/cyfitter_cfg.c **** #include "CyLib.h"
  23:.\Generated_Source\PSoC4/cyfitter_cfg.c **** #include "cyfitter_cfg.h"
  24:.\Generated_Source\PSoC4/cyfitter_cfg.c **** 
  25:.\Generated_Source\PSoC4/cyfitter_cfg.c **** 
  26:.\Generated_Source\PSoC4/cyfitter_cfg.c **** #if defined(__GNUC__) || defined(__ARMCC_VERSION)
  27:.\Generated_Source\PSoC4/cyfitter_cfg.c ****     #define CYPACKED 
  28:.\Generated_Source\PSoC4/cyfitter_cfg.c ****     #define CYPACKED_ATTR __attribute__ ((packed))
  29:.\Generated_Source\PSoC4/cyfitter_cfg.c ****     #define CYALIGNED __attribute__ ((aligned))
  30:.\Generated_Source\PSoC4/cyfitter_cfg.c ****     #define CY_CFG_UNUSED __attribute__ ((unused))
  31:.\Generated_Source\PSoC4/cyfitter_cfg.c ****     #ifndef CY_CFG_SECTION
  32:.\Generated_Source\PSoC4/cyfitter_cfg.c ****         #define CY_CFG_SECTION __attribute__ ((section(".psocinit")))
  33:.\Generated_Source\PSoC4/cyfitter_cfg.c ****     #endif
ARM GAS  C:\Users\Henny\AppData\Local\Temp\ccqAuXSJ.s 			page 2


  34:.\Generated_Source\PSoC4/cyfitter_cfg.c ****     
  35:.\Generated_Source\PSoC4/cyfitter_cfg.c ****     #if defined(__ARMCC_VERSION)
  36:.\Generated_Source\PSoC4/cyfitter_cfg.c ****         #define CY_CFG_MEMORY_BARRIER() __memory_changed()
  37:.\Generated_Source\PSoC4/cyfitter_cfg.c ****     #else
  38:.\Generated_Source\PSoC4/cyfitter_cfg.c ****         #define CY_CFG_MEMORY_BARRIER() __sync_synchronize()
  39:.\Generated_Source\PSoC4/cyfitter_cfg.c ****     #endif
  40:.\Generated_Source\PSoC4/cyfitter_cfg.c ****     
  41:.\Generated_Source\PSoC4/cyfitter_cfg.c **** #elif defined(__ICCARM__)
  42:.\Generated_Source\PSoC4/cyfitter_cfg.c ****     #include <intrinsics.h>
  43:.\Generated_Source\PSoC4/cyfitter_cfg.c **** 
  44:.\Generated_Source\PSoC4/cyfitter_cfg.c ****     #define CYPACKED __packed
  45:.\Generated_Source\PSoC4/cyfitter_cfg.c ****     #define CYPACKED_ATTR 
  46:.\Generated_Source\PSoC4/cyfitter_cfg.c ****     #define CYALIGNED _Pragma("data_alignment=4")
  47:.\Generated_Source\PSoC4/cyfitter_cfg.c ****     #define CY_CFG_UNUSED _Pragma("diag_suppress=Pe177")
  48:.\Generated_Source\PSoC4/cyfitter_cfg.c ****     #define CY_CFG_SECTION _Pragma("location=\".psocinit\"")
  49:.\Generated_Source\PSoC4/cyfitter_cfg.c ****     
  50:.\Generated_Source\PSoC4/cyfitter_cfg.c ****     #define CY_CFG_MEMORY_BARRIER() __DMB()
  51:.\Generated_Source\PSoC4/cyfitter_cfg.c ****     
  52:.\Generated_Source\PSoC4/cyfitter_cfg.c **** #else
  53:.\Generated_Source\PSoC4/cyfitter_cfg.c ****     #error Unsupported toolchain
  54:.\Generated_Source\PSoC4/cyfitter_cfg.c **** #endif
  55:.\Generated_Source\PSoC4/cyfitter_cfg.c **** 
  56:.\Generated_Source\PSoC4/cyfitter_cfg.c **** 
  57:.\Generated_Source\PSoC4/cyfitter_cfg.c **** CY_CFG_UNUSED
  58:.\Generated_Source\PSoC4/cyfitter_cfg.c **** static void CYMEMZERO(void *s, size_t n);
  59:.\Generated_Source\PSoC4/cyfitter_cfg.c **** CY_CFG_UNUSED
  60:.\Generated_Source\PSoC4/cyfitter_cfg.c **** static void CYMEMZERO(void *s, size_t n)
  61:.\Generated_Source\PSoC4/cyfitter_cfg.c **** {
  25              		.loc 1 61 0
  26              		.cfi_startproc
  27 0000 80B5     		push	{r7, lr}
  28              		.cfi_def_cfa_offset 8
  29              		.cfi_offset 7, -8
  30              		.cfi_offset 14, -4
  31 0002 82B0     		sub	sp, sp, #8
  32              		.cfi_def_cfa_offset 16
  33 0004 00AF     		add	r7, sp, #0
  34              		.cfi_def_cfa_register 7
  35 0006 7860     		str	r0, [r7, #4]
  36 0008 3960     		str	r1, [r7]
  62:.\Generated_Source\PSoC4/cyfitter_cfg.c **** 	(void)memset(s, 0, n);
  37              		.loc 1 62 0
  38 000a 7A68     		ldr	r2, [r7, #4]
  39 000c 3B68     		ldr	r3, [r7]
  40 000e 101C     		mov	r0, r2
  41 0010 0021     		mov	r1, #0
  42 0012 1A1C     		mov	r2, r3
  43 0014 FFF7FEFF 		bl	memset
  63:.\Generated_Source\PSoC4/cyfitter_cfg.c **** }
  44              		.loc 1 63 0
  45 0018 BD46     		mov	sp, r7
  46 001a 02B0     		add	sp, sp, #8
  47              		@ sp needed
  48 001c 80BD     		pop	{r7, pc}
  49              		.cfi_endproc
  50              	.LFE2:
  51              		.size	CYMEMZERO, .-CYMEMZERO
ARM GAS  C:\Users\Henny\AppData\Local\Temp\ccqAuXSJ.s 			page 3


  52 001e C046     		.section	.text.CYCONFIGCPY,"ax",%progbits
  53              		.align	2
  54              		.code	16
  55              		.thumb_func
  56              		.type	CYCONFIGCPY, %function
  57              	CYCONFIGCPY:
  58              	.LFB3:
  64:.\Generated_Source\PSoC4/cyfitter_cfg.c **** CY_CFG_UNUSED
  65:.\Generated_Source\PSoC4/cyfitter_cfg.c **** static void CYCONFIGCPY(void *dest, const void *src, size_t n);
  66:.\Generated_Source\PSoC4/cyfitter_cfg.c **** CY_CFG_UNUSED
  67:.\Generated_Source\PSoC4/cyfitter_cfg.c **** static void CYCONFIGCPY(void *dest, const void *src, size_t n)
  68:.\Generated_Source\PSoC4/cyfitter_cfg.c **** {
  59              		.loc 1 68 0
  60              		.cfi_startproc
  61 0000 80B5     		push	{r7, lr}
  62              		.cfi_def_cfa_offset 8
  63              		.cfi_offset 7, -8
  64              		.cfi_offset 14, -4
  65 0002 84B0     		sub	sp, sp, #16
  66              		.cfi_def_cfa_offset 24
  67 0004 00AF     		add	r7, sp, #0
  68              		.cfi_def_cfa_register 7
  69 0006 F860     		str	r0, [r7, #12]
  70 0008 B960     		str	r1, [r7, #8]
  71 000a 7A60     		str	r2, [r7, #4]
  69:.\Generated_Source\PSoC4/cyfitter_cfg.c **** 	(void)memcpy(dest, src, n);
  72              		.loc 1 69 0
  73 000c F968     		ldr	r1, [r7, #12]
  74 000e BA68     		ldr	r2, [r7, #8]
  75 0010 7B68     		ldr	r3, [r7, #4]
  76 0012 081C     		mov	r0, r1
  77 0014 111C     		mov	r1, r2
  78 0016 1A1C     		mov	r2, r3
  79 0018 FFF7FEFF 		bl	memcpy
  70:.\Generated_Source\PSoC4/cyfitter_cfg.c **** }
  80              		.loc 1 70 0
  81 001c BD46     		mov	sp, r7
  82 001e 04B0     		add	sp, sp, #16
  83              		@ sp needed
  84 0020 80BD     		pop	{r7, pc}
  85              		.cfi_endproc
  86              	.LFE3:
  87              		.size	CYCONFIGCPY, .-CYCONFIGCPY
  88 0022 C046     		.section	.text.CYCONFIGCPYCODE,"ax",%progbits
  89              		.align	2
  90              		.code	16
  91              		.thumb_func
  92              		.type	CYCONFIGCPYCODE, %function
  93              	CYCONFIGCPYCODE:
  94              	.LFB4:
  71:.\Generated_Source\PSoC4/cyfitter_cfg.c **** CY_CFG_UNUSED
  72:.\Generated_Source\PSoC4/cyfitter_cfg.c **** static void CYCONFIGCPYCODE(void *dest, const void *src, size_t n);
  73:.\Generated_Source\PSoC4/cyfitter_cfg.c **** CY_CFG_UNUSED
  74:.\Generated_Source\PSoC4/cyfitter_cfg.c **** static void CYCONFIGCPYCODE(void *dest, const void *src, size_t n)
  75:.\Generated_Source\PSoC4/cyfitter_cfg.c **** {
  95              		.loc 1 75 0
  96              		.cfi_startproc
ARM GAS  C:\Users\Henny\AppData\Local\Temp\ccqAuXSJ.s 			page 4


  97 0000 80B5     		push	{r7, lr}
  98              		.cfi_def_cfa_offset 8
  99              		.cfi_offset 7, -8
 100              		.cfi_offset 14, -4
 101 0002 84B0     		sub	sp, sp, #16
 102              		.cfi_def_cfa_offset 24
 103 0004 00AF     		add	r7, sp, #0
 104              		.cfi_def_cfa_register 7
 105 0006 F860     		str	r0, [r7, #12]
 106 0008 B960     		str	r1, [r7, #8]
 107 000a 7A60     		str	r2, [r7, #4]
  76:.\Generated_Source\PSoC4/cyfitter_cfg.c **** 	(void)memcpy(dest, src, n);
 108              		.loc 1 76 0
 109 000c F968     		ldr	r1, [r7, #12]
 110 000e BA68     		ldr	r2, [r7, #8]
 111 0010 7B68     		ldr	r3, [r7, #4]
 112 0012 081C     		mov	r0, r1
 113 0014 111C     		mov	r1, r2
 114 0016 1A1C     		mov	r2, r3
 115 0018 FFF7FEFF 		bl	memcpy
  77:.\Generated_Source\PSoC4/cyfitter_cfg.c **** }
 116              		.loc 1 77 0
 117 001c BD46     		mov	sp, r7
 118 001e 04B0     		add	sp, sp, #16
 119              		@ sp needed
 120 0020 80BD     		pop	{r7, pc}
 121              		.cfi_endproc
 122              	.LFE4:
 123              		.size	CYCONFIGCPYCODE, .-CYCONFIGCPYCODE
 124 0022 C046     		.section	.psocinit,"ax",%progbits
 125              		.align	2
 126              		.code	16
 127              		.thumb_func
 128              		.type	ClockSetup, %function
 129              	ClockSetup:
 130              	.LFB5:
  78:.\Generated_Source\PSoC4/cyfitter_cfg.c **** 
  79:.\Generated_Source\PSoC4/cyfitter_cfg.c **** 
  80:.\Generated_Source\PSoC4/cyfitter_cfg.c **** 
  81:.\Generated_Source\PSoC4/cyfitter_cfg.c **** /* Clock startup error codes                                                   */
  82:.\Generated_Source\PSoC4/cyfitter_cfg.c **** #define CYCLOCKSTART_NO_ERROR    0u
  83:.\Generated_Source\PSoC4/cyfitter_cfg.c **** #define CYCLOCKSTART_XTAL_ERROR  1u
  84:.\Generated_Source\PSoC4/cyfitter_cfg.c **** #define CYCLOCKSTART_32KHZ_ERROR 2u
  85:.\Generated_Source\PSoC4/cyfitter_cfg.c **** #define CYCLOCKSTART_PLL_ERROR   3u
  86:.\Generated_Source\PSoC4/cyfitter_cfg.c **** 
  87:.\Generated_Source\PSoC4/cyfitter_cfg.c **** #ifdef CY_NEED_CYCLOCKSTARTUPERROR
  88:.\Generated_Source\PSoC4/cyfitter_cfg.c **** /*******************************************************************************
  89:.\Generated_Source\PSoC4/cyfitter_cfg.c **** * Function Name: CyClockStartupError
  90:.\Generated_Source\PSoC4/cyfitter_cfg.c **** ********************************************************************************
  91:.\Generated_Source\PSoC4/cyfitter_cfg.c **** * Summary:
  92:.\Generated_Source\PSoC4/cyfitter_cfg.c **** *  If an error is encountered during clock configuration (crystal startup error,
  93:.\Generated_Source\PSoC4/cyfitter_cfg.c **** *  PLL lock error, etc.), the system will end up here.  Unless reimplemented by
  94:.\Generated_Source\PSoC4/cyfitter_cfg.c **** *  the customer, this function will stop in an infinite loop.
  95:.\Generated_Source\PSoC4/cyfitter_cfg.c **** *
  96:.\Generated_Source\PSoC4/cyfitter_cfg.c **** * Parameters:
  97:.\Generated_Source\PSoC4/cyfitter_cfg.c **** *   void
  98:.\Generated_Source\PSoC4/cyfitter_cfg.c **** *
ARM GAS  C:\Users\Henny\AppData\Local\Temp\ccqAuXSJ.s 			page 5


  99:.\Generated_Source\PSoC4/cyfitter_cfg.c **** * Return:
 100:.\Generated_Source\PSoC4/cyfitter_cfg.c **** *   void
 101:.\Generated_Source\PSoC4/cyfitter_cfg.c **** *
 102:.\Generated_Source\PSoC4/cyfitter_cfg.c **** *******************************************************************************/
 103:.\Generated_Source\PSoC4/cyfitter_cfg.c **** CY_CFG_UNUSED
 104:.\Generated_Source\PSoC4/cyfitter_cfg.c **** static void CyClockStartupError(uint8 errorCode);
 105:.\Generated_Source\PSoC4/cyfitter_cfg.c **** CY_CFG_UNUSED
 106:.\Generated_Source\PSoC4/cyfitter_cfg.c **** static void CyClockStartupError(uint8 errorCode)
 107:.\Generated_Source\PSoC4/cyfitter_cfg.c **** {
 108:.\Generated_Source\PSoC4/cyfitter_cfg.c ****     /* To remove the compiler warning if errorCode not used.                */
 109:.\Generated_Source\PSoC4/cyfitter_cfg.c ****     errorCode = errorCode;
 110:.\Generated_Source\PSoC4/cyfitter_cfg.c **** 
 111:.\Generated_Source\PSoC4/cyfitter_cfg.c ****     /* `#START CyClockStartupError` */
 112:.\Generated_Source\PSoC4/cyfitter_cfg.c **** 
 113:.\Generated_Source\PSoC4/cyfitter_cfg.c ****     /* If we have a clock startup error (bad MHz crystal, PLL lock, etc.),  */
 114:.\Generated_Source\PSoC4/cyfitter_cfg.c ****     /* we will end up here to allow the customer to implement something to  */
 115:.\Generated_Source\PSoC4/cyfitter_cfg.c ****     /* deal with the clock condition.                                       */
 116:.\Generated_Source\PSoC4/cyfitter_cfg.c **** 
 117:.\Generated_Source\PSoC4/cyfitter_cfg.c ****     /* `#END` */
 118:.\Generated_Source\PSoC4/cyfitter_cfg.c **** 
 119:.\Generated_Source\PSoC4/cyfitter_cfg.c ****     /* If nothing else, stop here since the clocks have not started         */
 120:.\Generated_Source\PSoC4/cyfitter_cfg.c ****     /* correctly.                                                           */
 121:.\Generated_Source\PSoC4/cyfitter_cfg.c ****     while(1) {}
 122:.\Generated_Source\PSoC4/cyfitter_cfg.c **** }
 123:.\Generated_Source\PSoC4/cyfitter_cfg.c **** #endif
 124:.\Generated_Source\PSoC4/cyfitter_cfg.c **** 
 125:.\Generated_Source\PSoC4/cyfitter_cfg.c **** 
 126:.\Generated_Source\PSoC4/cyfitter_cfg.c **** 
 127:.\Generated_Source\PSoC4/cyfitter_cfg.c **** /*******************************************************************************
 128:.\Generated_Source\PSoC4/cyfitter_cfg.c **** * Function Name: ClockSetup
 129:.\Generated_Source\PSoC4/cyfitter_cfg.c **** ********************************************************************************
 130:.\Generated_Source\PSoC4/cyfitter_cfg.c **** *
 131:.\Generated_Source\PSoC4/cyfitter_cfg.c **** * Summary:
 132:.\Generated_Source\PSoC4/cyfitter_cfg.c **** *   Performs the initialization of all of the clocks in the device based on the
 133:.\Generated_Source\PSoC4/cyfitter_cfg.c **** *   settings in the Clock tab of the DWR.  This includes enabling the requested
 134:.\Generated_Source\PSoC4/cyfitter_cfg.c **** *   clocks and setting the necessary dividers to produce the desired frequency. 
 135:.\Generated_Source\PSoC4/cyfitter_cfg.c **** *
 136:.\Generated_Source\PSoC4/cyfitter_cfg.c **** * Parameters:
 137:.\Generated_Source\PSoC4/cyfitter_cfg.c **** *   void
 138:.\Generated_Source\PSoC4/cyfitter_cfg.c **** *
 139:.\Generated_Source\PSoC4/cyfitter_cfg.c **** * Return:
 140:.\Generated_Source\PSoC4/cyfitter_cfg.c **** *   void
 141:.\Generated_Source\PSoC4/cyfitter_cfg.c **** *
 142:.\Generated_Source\PSoC4/cyfitter_cfg.c **** *******************************************************************************/
 143:.\Generated_Source\PSoC4/cyfitter_cfg.c **** static void ClockSetup(void);
 144:.\Generated_Source\PSoC4/cyfitter_cfg.c **** CY_CFG_SECTION
 145:.\Generated_Source\PSoC4/cyfitter_cfg.c **** static void ClockSetup(void)
 146:.\Generated_Source\PSoC4/cyfitter_cfg.c **** {
 131              		.loc 1 146 0
 132              		.cfi_startproc
 133 0000 80B5     		push	{r7, lr}
 134              		.cfi_def_cfa_offset 8
 135              		.cfi_offset 7, -8
 136              		.cfi_offset 14, -4
 137 0002 00AF     		add	r7, sp, #0
 138              		.cfi_def_cfa_register 7
 147:.\Generated_Source\PSoC4/cyfitter_cfg.c **** 
ARM GAS  C:\Users\Henny\AppData\Local\Temp\ccqAuXSJ.s 			page 6


 148:.\Generated_Source\PSoC4/cyfitter_cfg.c **** 	/* Set Flash Cycles based on max possible frequency in case a glitch occurs during ClockSetup(). *
 149:.\Generated_Source\PSoC4/cyfitter_cfg.c **** 	CY_SET_REG32((void CYXDATA *)(CYREG_CPUSS_FLASH_CTL), (0x0012u));
 139              		.loc 1 149 0
 140 0004 274B     		ldr	r3, .L5
 141 0006 1222     		mov	r2, #18
 142 0008 1A60     		str	r2, [r3]
 150:.\Generated_Source\PSoC4/cyfitter_cfg.c **** 
 151:.\Generated_Source\PSoC4/cyfitter_cfg.c **** 	/* Start the WCO */
 152:.\Generated_Source\PSoC4/cyfitter_cfg.c **** 	CySysClkWcoStart();
 143              		.loc 1 152 0
 144 000a FFF7FEFF 		bl	CySysClkWcoStart
 153:.\Generated_Source\PSoC4/cyfitter_cfg.c **** 	CyDelayCycles(12000000u); /* WCO may take up to 500ms to start */
 145              		.loc 1 153 0
 146 000e 264B     		ldr	r3, .L5+4
 147 0010 181C     		mov	r0, r3
 148 0012 FFF7FEFF 		bl	CyDelayCycles
 154:.\Generated_Source\PSoC4/cyfitter_cfg.c **** 	(void)CySysClkWcoSetPowerMode(CY_SYS_CLK_WCO_LPM);    /* Switch to the low power mode */
 149              		.loc 1 154 0
 150 0016 0120     		mov	r0, #1
 151 0018 FFF7FEFF 		bl	CySysClkWcoSetPowerMode
 155:.\Generated_Source\PSoC4/cyfitter_cfg.c **** 
 156:.\Generated_Source\PSoC4/cyfitter_cfg.c **** 	/* Setup and trim IMO based on desired frequency. */
 157:.\Generated_Source\PSoC4/cyfitter_cfg.c **** 	CySysClkWriteImoFreq(48u);
 152              		.loc 1 157 0
 153 001c 3020     		mov	r0, #48
 154 001e FFF7FEFF 		bl	CySysClkWriteImoFreq
 158:.\Generated_Source\PSoC4/cyfitter_cfg.c **** 	/* CYDEV_CLK_ILO_CONFIG Starting address: CYDEV_CLK_ILO_CONFIG */
 159:.\Generated_Source\PSoC4/cyfitter_cfg.c **** 	CY_SET_XTND_REG32((void CYFAR *)(CYREG_CLK_ILO_CONFIG), 0x80000006u);
 155              		.loc 1 159 0
 156 0022 224B     		ldr	r3, .L5+8
 157 0024 224A     		ldr	r2, .L5+12
 158 0026 1A60     		str	r2, [r3]
 160:.\Generated_Source\PSoC4/cyfitter_cfg.c **** 
 161:.\Generated_Source\PSoC4/cyfitter_cfg.c **** 	/* CYDEV_WDT_CONFIG Starting address: CYDEV_WDT_CONFIG */
 162:.\Generated_Source\PSoC4/cyfitter_cfg.c **** 	CY_SET_XTND_REG32((void CYFAR *)(CYREG_WDT_CONFIG), 0x40000000u);
 159              		.loc 1 162 0
 160 0028 224B     		ldr	r3, .L5+16
 161 002a 8022     		mov	r2, #128
 162 002c D205     		lsl	r2, r2, #23
 163 002e 1A60     		str	r2, [r3]
 163:.\Generated_Source\PSoC4/cyfitter_cfg.c **** 
 164:.\Generated_Source\PSoC4/cyfitter_cfg.c **** 
 165:.\Generated_Source\PSoC4/cyfitter_cfg.c **** 	/* Enable fast start mode for XO */
 166:.\Generated_Source\PSoC4/cyfitter_cfg.c **** 	CY_SET_REG32((void*)CYREG_BLE_BLERD_BB_XO, CY_GET_REG32((void*)CYREG_BLE_BLERD_BB_XO) | (uint32)0x
 164              		.loc 1 166 0
 165 0030 214B     		ldr	r3, .L5+20
 166 0032 214A     		ldr	r2, .L5+20
 167 0034 1268     		ldr	r2, [r2]
 168 0036 0221     		mov	r1, #2
 169 0038 0A43     		orr	r2, r1
 170 003a 1A60     		str	r2, [r3]
 167:.\Generated_Source\PSoC4/cyfitter_cfg.c **** 	CY_SET_XTND_REG32((void CYFAR *)(CYREG_BLE_BLERD_BB_XO_CAPTRIM), 0x00002D6Au);
 171              		.loc 1 167 0
 172 003c 1F4B     		ldr	r3, .L5+24
 173 003e 204A     		ldr	r2, .L5+28
 174 0040 1A60     		str	r2, [r3]
 168:.\Generated_Source\PSoC4/cyfitter_cfg.c **** 	/* Disable Crystal Stable Interrupt before enabling ECO */
ARM GAS  C:\Users\Henny\AppData\Local\Temp\ccqAuXSJ.s 			page 7


 169:.\Generated_Source\PSoC4/cyfitter_cfg.c **** 	CY_SET_REG32((void*)CYREG_BLE_BLESS_LL_DSM_CTRL, CY_GET_REG32((void*)CYREG_BLE_BLESS_LL_DSM_CTRL) 
 175              		.loc 1 169 0
 176 0042 204B     		ldr	r3, .L5+32
 177 0044 1F4A     		ldr	r2, .L5+32
 178 0046 1268     		ldr	r2, [r2]
 179 0048 0821     		mov	r1, #8
 180 004a 8A43     		bic	r2, r1
 181 004c 1A60     		str	r2, [r3]
 170:.\Generated_Source\PSoC4/cyfitter_cfg.c **** 	/* Start the ECO and do not check status since it is not needed for HFCLK */
 171:.\Generated_Source\PSoC4/cyfitter_cfg.c **** 	(void)CySysClkEcoStart(2000u);
 182              		.loc 1 171 0
 183 004e FA23     		mov	r3, #250
 184 0050 DB00     		lsl	r3, r3, #3
 185 0052 181C     		mov	r0, r3
 186 0054 FFF7FEFF 		bl	CySysClkEcoStart
 172:.\Generated_Source\PSoC4/cyfitter_cfg.c **** 	CyDelayUs(1500u); /* Wait to stabalize */
 187              		.loc 1 172 0
 188 0058 1B4B     		ldr	r3, .L5+36
 189 005a 181C     		mov	r0, r3
 190 005c FFF7FEFF 		bl	CyDelayUs
 173:.\Generated_Source\PSoC4/cyfitter_cfg.c **** 
 174:.\Generated_Source\PSoC4/cyfitter_cfg.c **** 	/* Setup phase aligned clocks */
 175:.\Generated_Source\PSoC4/cyfitter_cfg.c **** 	CY_SET_REG32((void *)CYREG_PERI_DIV_16_CTL1, 0x00001D00u);
 191              		.loc 1 175 0
 192 0060 1A4B     		ldr	r3, .L5+40
 193 0062 E822     		mov	r2, #232
 194 0064 5201     		lsl	r2, r2, #5
 195 0066 1A60     		str	r2, [r3]
 176:.\Generated_Source\PSoC4/cyfitter_cfg.c **** 	CY_SET_REG32((void *)CYREG_PERI_DIV_CMD, 0x8000FF41u);
 196              		.loc 1 176 0
 197 0068 194B     		ldr	r3, .L5+44
 198 006a 1A4A     		ldr	r2, .L5+48
 199 006c 1A60     		str	r2, [r3]
 177:.\Generated_Source\PSoC4/cyfitter_cfg.c **** 	CY_SET_REG32((void *)CYREG_PERI_DIV_16_CTL0, 0x00001900u);
 200              		.loc 1 177 0
 201 006e 1A4B     		ldr	r3, .L5+52
 202 0070 C822     		mov	r2, #200
 203 0072 5201     		lsl	r2, r2, #5
 204 0074 1A60     		str	r2, [r3]
 178:.\Generated_Source\PSoC4/cyfitter_cfg.c **** 	CY_SET_REG32((void *)CYREG_PERI_DIV_CMD, 0x8000FF40u);
 205              		.loc 1 178 0
 206 0076 164B     		ldr	r3, .L5+44
 207 0078 184A     		ldr	r2, .L5+56
 208 007a 1A60     		str	r2, [r3]
 179:.\Generated_Source\PSoC4/cyfitter_cfg.c **** 
 180:.\Generated_Source\PSoC4/cyfitter_cfg.c **** 	/* CYDEV_CLK_IMO_CONFIG Starting address: CYDEV_CLK_IMO_CONFIG */
 181:.\Generated_Source\PSoC4/cyfitter_cfg.c **** 	CY_SET_XTND_REG32((void CYFAR *)(CYREG_CLK_IMO_CONFIG), 0x82000000u);
 209              		.loc 1 181 0
 210 007c 184B     		ldr	r3, .L5+60
 211 007e 8222     		mov	r2, #130
 212 0080 1206     		lsl	r2, r2, #24
 213 0082 1A60     		str	r2, [r3]
 182:.\Generated_Source\PSoC4/cyfitter_cfg.c **** 
 183:.\Generated_Source\PSoC4/cyfitter_cfg.c **** 	/* CYDEV_CLK_SELECT Starting address: CYDEV_CLK_SELECT */
 184:.\Generated_Source\PSoC4/cyfitter_cfg.c **** 	CY_SET_XTND_REG32((void CYFAR *)(CYREG_CLK_SELECT), 0x00080000u);
 214              		.loc 1 184 0
 215 0084 174B     		ldr	r3, .L5+64
ARM GAS  C:\Users\Henny\AppData\Local\Temp\ccqAuXSJ.s 			page 8


 216 0086 8022     		mov	r2, #128
 217 0088 1203     		lsl	r2, r2, #12
 218 008a 1A60     		str	r2, [r3]
 185:.\Generated_Source\PSoC4/cyfitter_cfg.c **** 
 186:.\Generated_Source\PSoC4/cyfitter_cfg.c **** 	/* CYDEV_PERI_PCLK_CTL6 Starting address: CYDEV_PERI_PCLK_CTL6 */
 187:.\Generated_Source\PSoC4/cyfitter_cfg.c **** 	CY_SET_XTND_REG32((void CYFAR *)(CYREG_PERI_PCLK_CTL6), 0x00000041u);
 219              		.loc 1 187 0
 220 008c 164B     		ldr	r3, .L5+68
 221 008e 4122     		mov	r2, #65
 222 0090 1A60     		str	r2, [r3]
 188:.\Generated_Source\PSoC4/cyfitter_cfg.c **** 
 189:.\Generated_Source\PSoC4/cyfitter_cfg.c **** 	/* CYDEV_PERI_PCLK_CTL1 Starting address: CYDEV_PERI_PCLK_CTL1 */
 190:.\Generated_Source\PSoC4/cyfitter_cfg.c **** 	CY_SET_XTND_REG32((void CYFAR *)(CYREG_PERI_PCLK_CTL1), 0x00000040u);
 223              		.loc 1 190 0
 224 0092 164B     		ldr	r3, .L5+72
 225 0094 4022     		mov	r2, #64
 226 0096 1A60     		str	r2, [r3]
 191:.\Generated_Source\PSoC4/cyfitter_cfg.c **** 
 192:.\Generated_Source\PSoC4/cyfitter_cfg.c **** 	CY_SET_XTND_REG32((void CYFAR *)(CYREG_WDT_CONFIG), 0x40000000u);
 227              		.loc 1 192 0
 228 0098 064B     		ldr	r3, .L5+16
 229 009a 8022     		mov	r2, #128
 230 009c D205     		lsl	r2, r2, #23
 231 009e 1A60     		str	r2, [r3]
 193:.\Generated_Source\PSoC4/cyfitter_cfg.c **** }
 232              		.loc 1 193 0
 233 00a0 BD46     		mov	sp, r7
 234              		@ sp needed
 235 00a2 80BD     		pop	{r7, pc}
 236              	.L6:
 237              		.align	2
 238              	.L5:
 239 00a4 30001040 		.word	1074790448
 240 00a8 001BB700 		.word	12000000
 241 00ac 04010B40 		.word	1074462980
 242 00b0 06000080 		.word	-2147483642
 243 00b4 0C020B40 		.word	1074463244
 244 00b8 78002E40 		.word	1076756600
 245 00bc 7C002E40 		.word	1076756604
 246 00c0 6A2D0000 		.word	11626
 247 00c4 6CF02E40 		.word	1076818028
 248 00c8 DC050000 		.word	1500
 249 00cc 04030140 		.word	1073808132
 250 00d0 00000140 		.word	1073807360
 251 00d4 41FF0080 		.word	-2147418303
 252 00d8 00030140 		.word	1073808128
 253 00dc 40FF0080 		.word	-2147418304
 254 00e0 08010B40 		.word	1074462984
 255 00e4 00010B40 		.word	1074462976
 256 00e8 18010140 		.word	1073807640
 257 00ec 04010140 		.word	1073807620
 258              		.cfi_endproc
 259              	.LFE5:
 260              		.size	ClockSetup, .-ClockSetup
 261              		.section	.text.AnalogSetDefault,"ax",%progbits
 262              		.align	2
 263              		.code	16
ARM GAS  C:\Users\Henny\AppData\Local\Temp\ccqAuXSJ.s 			page 9


 264              		.thumb_func
 265              		.type	AnalogSetDefault, %function
 266              	AnalogSetDefault:
 267              	.LFB6:
 194:.\Generated_Source\PSoC4/cyfitter_cfg.c **** 
 195:.\Generated_Source\PSoC4/cyfitter_cfg.c **** 
 196:.\Generated_Source\PSoC4/cyfitter_cfg.c **** /* Analog API Functions */
 197:.\Generated_Source\PSoC4/cyfitter_cfg.c **** 
 198:.\Generated_Source\PSoC4/cyfitter_cfg.c **** 
 199:.\Generated_Source\PSoC4/cyfitter_cfg.c **** /*******************************************************************************
 200:.\Generated_Source\PSoC4/cyfitter_cfg.c **** * Function Name: AnalogSetDefault
 201:.\Generated_Source\PSoC4/cyfitter_cfg.c **** ********************************************************************************
 202:.\Generated_Source\PSoC4/cyfitter_cfg.c **** *
 203:.\Generated_Source\PSoC4/cyfitter_cfg.c **** * Summary:
 204:.\Generated_Source\PSoC4/cyfitter_cfg.c **** *  Sets up the analog portions of the chip to default values based on chip
 205:.\Generated_Source\PSoC4/cyfitter_cfg.c **** *  configuration options from the project.
 206:.\Generated_Source\PSoC4/cyfitter_cfg.c **** *
 207:.\Generated_Source\PSoC4/cyfitter_cfg.c **** * Parameters:
 208:.\Generated_Source\PSoC4/cyfitter_cfg.c **** *  void
 209:.\Generated_Source\PSoC4/cyfitter_cfg.c **** *
 210:.\Generated_Source\PSoC4/cyfitter_cfg.c **** * Return:
 211:.\Generated_Source\PSoC4/cyfitter_cfg.c **** *  void
 212:.\Generated_Source\PSoC4/cyfitter_cfg.c **** *
 213:.\Generated_Source\PSoC4/cyfitter_cfg.c **** *******************************************************************************/
 214:.\Generated_Source\PSoC4/cyfitter_cfg.c **** static void AnalogSetDefault(void);
 215:.\Generated_Source\PSoC4/cyfitter_cfg.c **** static void AnalogSetDefault(void)
 216:.\Generated_Source\PSoC4/cyfitter_cfg.c **** {
 268              		.loc 1 216 0
 269              		.cfi_startproc
 270 0000 80B5     		push	{r7, lr}
 271              		.cfi_def_cfa_offset 8
 272              		.cfi_offset 7, -8
 273              		.cfi_offset 14, -4
 274 0002 00AF     		add	r7, sp, #0
 275              		.cfi_def_cfa_register 7
 217:.\Generated_Source\PSoC4/cyfitter_cfg.c **** 	CY_SET_XTND_REG32((void CYFAR *)CYREG_CTBM0_DFT_CTRL, 0x00000003u);
 276              		.loc 1 217 0
 277 0004 0B4B     		ldr	r3, .L8
 278 0006 0322     		mov	r2, #3
 279 0008 1A60     		str	r2, [r3]
 218:.\Generated_Source\PSoC4/cyfitter_cfg.c **** 	CY_SET_XTND_REG32((void CYFAR *)CYREG_CTBM1_DFT_CTRL, 0x00000003u);
 280              		.loc 1 218 0
 281 000a 0B4B     		ldr	r3, .L8+4
 282 000c 0322     		mov	r2, #3
 283 000e 1A60     		str	r2, [r3]
 219:.\Generated_Source\PSoC4/cyfitter_cfg.c **** 	CY_SET_XTND_REG32((void CYFAR *)CYREG_SAR_CTRL, 0x80000000u);
 284              		.loc 1 219 0
 285 0010 0A4B     		ldr	r3, .L8+8
 286 0012 8022     		mov	r2, #128
 287 0014 1206     		lsl	r2, r2, #24
 288 0016 1A60     		str	r2, [r3]
 220:.\Generated_Source\PSoC4/cyfitter_cfg.c **** 	CY_SET_XTND_REG32((void CYFAR *)CYREG_SAR_MUX_SWITCH0, 0x00030001u);
 289              		.loc 1 220 0
 290 0018 094B     		ldr	r3, .L8+12
 291 001a 0A4A     		ldr	r2, .L8+16
 292 001c 1A60     		str	r2, [r3]
 221:.\Generated_Source\PSoC4/cyfitter_cfg.c **** 	CY_SET_XTND_REG32((void CYFAR *)CYREG_SAR_MUX_SWITCH_HW_CTRL, 0x00030001u);
ARM GAS  C:\Users\Henny\AppData\Local\Temp\ccqAuXSJ.s 			page 10


 293              		.loc 1 221 0
 294 001e 0A4B     		ldr	r3, .L8+20
 295 0020 084A     		ldr	r2, .L8+16
 296 0022 1A60     		str	r2, [r3]
 222:.\Generated_Source\PSoC4/cyfitter_cfg.c **** 	CY_SET_XTND_REG32((void CYFAR *)CYREG_PASS_DSAB_DSAB_CTRL, 0x00000000u);
 297              		.loc 1 222 0
 298 0024 094B     		ldr	r3, .L8+24
 299 0026 0022     		mov	r2, #0
 300 0028 1A60     		str	r2, [r3]
 223:.\Generated_Source\PSoC4/cyfitter_cfg.c **** 	SetAnalogRoutingPumps(1);
 301              		.loc 1 223 0
 302 002a 0120     		mov	r0, #1
 303 002c FFF7FEFF 		bl	SetAnalogRoutingPumps
 224:.\Generated_Source\PSoC4/cyfitter_cfg.c **** }
 304              		.loc 1 224 0
 305 0030 BD46     		mov	sp, r7
 306              		@ sp needed
 307 0032 80BD     		pop	{r7, pc}
 308              	.L9:
 309              		.align	2
 310              	.L8:
 311 0034 30003040 		.word	1076887600
 312 0038 30003140 		.word	1076953136
 313 003c 00003A40 		.word	1077542912
 314 0040 00033A40 		.word	1077543680
 315 0044 01000300 		.word	196609
 316 0048 40033A40 		.word	1077543744
 317 004c 000E3F40 		.word	1077874176
 318              		.cfi_endproc
 319              	.LFE6:
 320              		.size	AnalogSetDefault, .-AnalogSetDefault
 321              		.section	.text.SetAnalogRoutingPumps,"ax",%progbits
 322              		.align	2
 323              		.global	SetAnalogRoutingPumps
 324              		.code	16
 325              		.thumb_func
 326              		.type	SetAnalogRoutingPumps, %function
 327              	SetAnalogRoutingPumps:
 328              	.LFB7:
 225:.\Generated_Source\PSoC4/cyfitter_cfg.c **** 
 226:.\Generated_Source\PSoC4/cyfitter_cfg.c **** 
 227:.\Generated_Source\PSoC4/cyfitter_cfg.c **** /*******************************************************************************
 228:.\Generated_Source\PSoC4/cyfitter_cfg.c **** * Function Name: SetAnalogRoutingPumps
 229:.\Generated_Source\PSoC4/cyfitter_cfg.c **** ********************************************************************************
 230:.\Generated_Source\PSoC4/cyfitter_cfg.c **** *
 231:.\Generated_Source\PSoC4/cyfitter_cfg.c **** * Summary:
 232:.\Generated_Source\PSoC4/cyfitter_cfg.c **** * Enables or disables the analog pumps feeding analog routing switches.
 233:.\Generated_Source\PSoC4/cyfitter_cfg.c **** * Intended to be called at startup, based on the Vdda system configuration;
 234:.\Generated_Source\PSoC4/cyfitter_cfg.c **** * may be called during operation when the user informs us that the Vdda voltage crossed the pump th
 235:.\Generated_Source\PSoC4/cyfitter_cfg.c **** *
 236:.\Generated_Source\PSoC4/cyfitter_cfg.c **** * Parameters:
 237:.\Generated_Source\PSoC4/cyfitter_cfg.c **** *  enabled - 1 to enable the pumps, 0 to disable the pumps
 238:.\Generated_Source\PSoC4/cyfitter_cfg.c **** *
 239:.\Generated_Source\PSoC4/cyfitter_cfg.c **** * Return:
 240:.\Generated_Source\PSoC4/cyfitter_cfg.c **** *  void
 241:.\Generated_Source\PSoC4/cyfitter_cfg.c **** *
 242:.\Generated_Source\PSoC4/cyfitter_cfg.c **** *******************************************************************************/
ARM GAS  C:\Users\Henny\AppData\Local\Temp\ccqAuXSJ.s 			page 11


 243:.\Generated_Source\PSoC4/cyfitter_cfg.c **** void SetAnalogRoutingPumps(uint8 enabled)
 244:.\Generated_Source\PSoC4/cyfitter_cfg.c **** {
 329              		.loc 1 244 0
 330              		.cfi_startproc
 331 0000 80B5     		push	{r7, lr}
 332              		.cfi_def_cfa_offset 8
 333              		.cfi_offset 7, -8
 334              		.cfi_offset 14, -4
 335 0002 84B0     		sub	sp, sp, #16
 336              		.cfi_def_cfa_offset 24
 337 0004 00AF     		add	r7, sp, #0
 338              		.cfi_def_cfa_register 7
 339 0006 021C     		mov	r2, r0
 340 0008 FB1D     		add	r3, r7, #7
 341 000a 1A70     		strb	r2, [r3]
 245:.\Generated_Source\PSoC4/cyfitter_cfg.c **** 	uint32 regValue = CY_GET_XTND_REG32((void *)(CYREG_SAR_PUMP_CTRL));
 342              		.loc 1 245 0
 343 000c 0B4B     		ldr	r3, .L13
 344 000e 1B68     		ldr	r3, [r3]
 345 0010 FB60     		str	r3, [r7, #12]
 246:.\Generated_Source\PSoC4/cyfitter_cfg.c **** 	if (enabled != 0u)
 346              		.loc 1 246 0
 347 0012 FB1D     		add	r3, r7, #7
 348 0014 1B78     		ldrb	r3, [r3]
 349 0016 002B     		cmp	r3, #0
 350 0018 05D0     		beq	.L11
 247:.\Generated_Source\PSoC4/cyfitter_cfg.c **** 	{
 248:.\Generated_Source\PSoC4/cyfitter_cfg.c **** 		regValue |= 0x80000000u;
 351              		.loc 1 248 0
 352 001a FB68     		ldr	r3, [r7, #12]
 353 001c 8022     		mov	r2, #128
 354 001e 1206     		lsl	r2, r2, #24
 355 0020 1343     		orr	r3, r2
 356 0022 FB60     		str	r3, [r7, #12]
 357 0024 03E0     		b	.L12
 358              	.L11:
 249:.\Generated_Source\PSoC4/cyfitter_cfg.c **** 	}
 250:.\Generated_Source\PSoC4/cyfitter_cfg.c **** 	else
 251:.\Generated_Source\PSoC4/cyfitter_cfg.c **** 	{
 252:.\Generated_Source\PSoC4/cyfitter_cfg.c **** 		regValue &= ~0x80000000u;
 359              		.loc 1 252 0
 360 0026 FB68     		ldr	r3, [r7, #12]
 361 0028 5B00     		lsl	r3, r3, #1
 362 002a 5B08     		lsr	r3, r3, #1
 363 002c FB60     		str	r3, [r7, #12]
 364              	.L12:
 253:.\Generated_Source\PSoC4/cyfitter_cfg.c **** 	}
 254:.\Generated_Source\PSoC4/cyfitter_cfg.c **** 	CY_SET_XTND_REG32((void *)(CYREG_SAR_PUMP_CTRL), regValue);
 365              		.loc 1 254 0
 366 002e 034B     		ldr	r3, .L13
 367 0030 FA68     		ldr	r2, [r7, #12]
 368 0032 1A60     		str	r2, [r3]
 255:.\Generated_Source\PSoC4/cyfitter_cfg.c **** }
 369              		.loc 1 255 0
 370 0034 BD46     		mov	sp, r7
 371 0036 04B0     		add	sp, sp, #16
 372              		@ sp needed
ARM GAS  C:\Users\Henny\AppData\Local\Temp\ccqAuXSJ.s 			page 12


 373 0038 80BD     		pop	{r7, pc}
 374              	.L14:
 375 003a C046     		.align	2
 376              	.L13:
 377 003c 80033A40 		.word	1077543808
 378              		.cfi_endproc
 379              	.LFE7:
 380              		.size	SetAnalogRoutingPumps, .-SetAnalogRoutingPumps
 381              		.section	.psocinit
 382              		.align	2
 383              		.global	cyfitter_cfg
 384              		.code	16
 385              		.thumb_func
 386              		.type	cyfitter_cfg, %function
 387              	cyfitter_cfg:
 388              	.LFB8:
 256:.\Generated_Source\PSoC4/cyfitter_cfg.c **** 
 257:.\Generated_Source\PSoC4/cyfitter_cfg.c **** #define CY_AMUX_UNUSED CYREG_CM0_ROM_DWT
 258:.\Generated_Source\PSoC4/cyfitter_cfg.c **** 
 259:.\Generated_Source\PSoC4/cyfitter_cfg.c **** 
 260:.\Generated_Source\PSoC4/cyfitter_cfg.c **** /*******************************************************************************
 261:.\Generated_Source\PSoC4/cyfitter_cfg.c **** * Function Name: cyfitter_cfg
 262:.\Generated_Source\PSoC4/cyfitter_cfg.c **** ********************************************************************************
 263:.\Generated_Source\PSoC4/cyfitter_cfg.c **** * Summary:
 264:.\Generated_Source\PSoC4/cyfitter_cfg.c **** *  This function is called by the start-up code for the selected device. It
 265:.\Generated_Source\PSoC4/cyfitter_cfg.c **** *  performs all of the necessary device configuration based on the design
 266:.\Generated_Source\PSoC4/cyfitter_cfg.c **** *  settings.  This includes settings from the Design Wide Resources (DWR) such
 267:.\Generated_Source\PSoC4/cyfitter_cfg.c **** *  as Clocks and Pins as well as any component configuration that is necessary.
 268:.\Generated_Source\PSoC4/cyfitter_cfg.c **** *
 269:.\Generated_Source\PSoC4/cyfitter_cfg.c **** * Parameters:  
 270:.\Generated_Source\PSoC4/cyfitter_cfg.c **** *   void
 271:.\Generated_Source\PSoC4/cyfitter_cfg.c **** *
 272:.\Generated_Source\PSoC4/cyfitter_cfg.c **** * Return:
 273:.\Generated_Source\PSoC4/cyfitter_cfg.c **** *   void
 274:.\Generated_Source\PSoC4/cyfitter_cfg.c **** *
 275:.\Generated_Source\PSoC4/cyfitter_cfg.c **** *******************************************************************************/
 276:.\Generated_Source\PSoC4/cyfitter_cfg.c **** CY_CFG_SECTION
 277:.\Generated_Source\PSoC4/cyfitter_cfg.c **** void cyfitter_cfg(void)
 278:.\Generated_Source\PSoC4/cyfitter_cfg.c **** {
 389              		.loc 1 278 0
 390              		.cfi_startproc
 391 00f0 80B5     		push	{r7, lr}
 392              		.cfi_def_cfa_offset 8
 393              		.cfi_offset 7, -8
 394              		.cfi_offset 14, -4
 395 00f2 82B0     		sub	sp, sp, #8
 396              		.cfi_def_cfa_offset 16
 397 00f4 00AF     		add	r7, sp, #0
 398              		.cfi_def_cfa_register 7
 279:.\Generated_Source\PSoC4/cyfitter_cfg.c **** 	/* Disable interrupts by default. Let user enable if/when they want. */
 280:.\Generated_Source\PSoC4/cyfitter_cfg.c **** 	CyGlobalIntDisable;
 399              		.loc 1 280 0
 400              	@ 280 ".\Generated_Source\PSoC4\cyfitter_cfg.c" 1
 401 00f6 72B6     		CPSID   i
 402              	@ 0 "" 2
 281:.\Generated_Source\PSoC4/cyfitter_cfg.c **** 
 282:.\Generated_Source\PSoC4/cyfitter_cfg.c **** 	CY_SET_XTND_REG32((void CYFAR *)(CYREG_BLE_BLESS_LL_DSM_CTRL), 0x00000000u);
ARM GAS  C:\Users\Henny\AppData\Local\Temp\ccqAuXSJ.s 			page 13


 403              		.loc 1 282 0
 404              		.code	16
 405 00f8 454B     		ldr	r3, .L18
 406 00fa 0022     		mov	r2, #0
 407 00fc 1A60     		str	r2, [r3]
 408              	.LBB2:
 283:.\Generated_Source\PSoC4/cyfitter_cfg.c **** 
 284:.\Generated_Source\PSoC4/cyfitter_cfg.c **** 	{
 285:.\Generated_Source\PSoC4/cyfitter_cfg.c **** 
 286:.\Generated_Source\PSoC4/cyfitter_cfg.c **** 		CYPACKED typedef struct {
 287:.\Generated_Source\PSoC4/cyfitter_cfg.c **** 			void CYFAR *address;
 288:.\Generated_Source\PSoC4/cyfitter_cfg.c **** 			uint16 size;
 289:.\Generated_Source\PSoC4/cyfitter_cfg.c **** 		} CYPACKED_ATTR cfg_memset_t;
 290:.\Generated_Source\PSoC4/cyfitter_cfg.c **** 
 291:.\Generated_Source\PSoC4/cyfitter_cfg.c **** 		static const cfg_memset_t CYCODE cfg_memset_list [] = {
 292:.\Generated_Source\PSoC4/cyfitter_cfg.c **** 			/* address, size */
 293:.\Generated_Source\PSoC4/cyfitter_cfg.c **** 			{(void CYFAR *)(CYDEV_UDB_P0_U0_BASE), 1024u},
 294:.\Generated_Source\PSoC4/cyfitter_cfg.c **** 			{(void CYFAR *)(CYDEV_UDB_DSI0_BASE), 1024u},
 295:.\Generated_Source\PSoC4/cyfitter_cfg.c **** 		};
 296:.\Generated_Source\PSoC4/cyfitter_cfg.c **** 
 297:.\Generated_Source\PSoC4/cyfitter_cfg.c **** 		uint8 CYDATA i;
 298:.\Generated_Source\PSoC4/cyfitter_cfg.c **** 
 299:.\Generated_Source\PSoC4/cyfitter_cfg.c **** 		/* Zero out critical memory blocks before beginning configuration */
 300:.\Generated_Source\PSoC4/cyfitter_cfg.c **** 		for (i = 0u; i < (sizeof(cfg_memset_list)/sizeof(cfg_memset_list[0])); i++)
 409              		.loc 1 300 0
 410 00fe FB1D     		add	r3, r7, #7
 411 0100 0022     		mov	r2, #0
 412 0102 1A70     		strb	r2, [r3]
 413 0104 23E0     		b	.L16
 414              	.L17:
 415              	.LBB3:
 301:.\Generated_Source\PSoC4/cyfitter_cfg.c **** 		{
 302:.\Generated_Source\PSoC4/cyfitter_cfg.c **** 			const cfg_memset_t CYCODE * CYDATA ms = &cfg_memset_list[i];
 416              		.loc 1 302 0 discriminator 3
 417 0106 FB1D     		add	r3, r7, #7
 418 0108 1A78     		ldrb	r2, [r3]
 419 010a 131C     		mov	r3, r2
 420 010c 5B00     		lsl	r3, r3, #1
 421 010e 9B18     		add	r3, r3, r2
 422 0110 5B00     		lsl	r3, r3, #1
 423 0112 404A     		ldr	r2, .L18+4
 424 0114 9B18     		add	r3, r3, r2
 425 0116 3B60     		str	r3, [r7]
 303:.\Generated_Source\PSoC4/cyfitter_cfg.c **** 			CYMEMZERO(ms->address, (size_t)(uint32)(ms->size));
 426              		.loc 1 303 0 discriminator 3
 427 0118 3B68     		ldr	r3, [r7]
 428 011a 1A78     		ldrb	r2, [r3]
 429 011c 5978     		ldrb	r1, [r3, #1]
 430 011e 0902     		lsl	r1, r1, #8
 431 0120 0A43     		orr	r2, r1
 432 0122 9978     		ldrb	r1, [r3, #2]
 433 0124 0904     		lsl	r1, r1, #16
 434 0126 0A43     		orr	r2, r1
 435 0128 DB78     		ldrb	r3, [r3, #3]
 436 012a 1B06     		lsl	r3, r3, #24
 437 012c 1343     		orr	r3, r2
 438 012e 191C     		mov	r1, r3
ARM GAS  C:\Users\Henny\AppData\Local\Temp\ccqAuXSJ.s 			page 14


 439 0130 3B68     		ldr	r3, [r7]
 440 0132 1A79     		ldrb	r2, [r3, #4]
 441 0134 5B79     		ldrb	r3, [r3, #5]
 442 0136 1B02     		lsl	r3, r3, #8
 443 0138 1343     		orr	r3, r2
 444 013a 9BB2     		uxth	r3, r3
 445 013c 081C     		mov	r0, r1
 446 013e 191C     		mov	r1, r3
 447 0140 FFF7FEFF 		bl	CYMEMZERO
 448              	.LBE3:
 300:.\Generated_Source\PSoC4/cyfitter_cfg.c **** 		{
 449              		.loc 1 300 0 discriminator 3
 450 0144 FB1D     		add	r3, r7, #7
 451 0146 1A78     		ldrb	r2, [r3]
 452 0148 FB1D     		add	r3, r7, #7
 453 014a 0132     		add	r2, r2, #1
 454 014c 1A70     		strb	r2, [r3]
 455              	.L16:
 300:.\Generated_Source\PSoC4/cyfitter_cfg.c **** 		{
 456              		.loc 1 300 0 is_stmt 0 discriminator 1
 457 014e FB1D     		add	r3, r7, #7
 458 0150 1B78     		ldrb	r3, [r3]
 459 0152 012B     		cmp	r3, #1
 460 0154 D7D9     		bls	.L17
 304:.\Generated_Source\PSoC4/cyfitter_cfg.c **** 		}
 305:.\Generated_Source\PSoC4/cyfitter_cfg.c **** 
 306:.\Generated_Source\PSoC4/cyfitter_cfg.c **** 		/* HSIOM Starting address: CYDEV_HSIOM_BASE */
 307:.\Generated_Source\PSoC4/cyfitter_cfg.c **** 		CY_SET_XTND_REG32((void CYFAR *)(CYDEV_HSIOM_BASE), 0xEE000000u);
 461              		.loc 1 307 0 is_stmt 1
 462 0156 304B     		ldr	r3, .L18+8
 463 0158 EE22     		mov	r2, #238
 464 015a 1206     		lsl	r2, r2, #24
 465 015c 1A60     		str	r2, [r3]
 308:.\Generated_Source\PSoC4/cyfitter_cfg.c **** 		CY_SET_XTND_REG32((void CYFAR *)(CYREG_HSIOM_PORT_SEL1), 0x00990000u);
 466              		.loc 1 308 0
 467 015e 2F4B     		ldr	r3, .L18+12
 468 0160 9922     		mov	r2, #153
 469 0162 1204     		lsl	r2, r2, #16
 470 0164 1A60     		str	r2, [r3]
 309:.\Generated_Source\PSoC4/cyfitter_cfg.c **** 
 310:.\Generated_Source\PSoC4/cyfitter_cfg.c **** 		/* UDB_PA_0 Starting address: CYDEV_UDB_PA0_BASE */
 311:.\Generated_Source\PSoC4/cyfitter_cfg.c **** 		CY_SET_XTND_REG32((void CYFAR *)(CYDEV_UDB_PA0_BASE), 0x00990000u);
 471              		.loc 1 311 0
 472 0166 2E4B     		ldr	r3, .L18+16
 473 0168 9922     		mov	r2, #153
 474 016a 1204     		lsl	r2, r2, #16
 475 016c 1A60     		str	r2, [r3]
 312:.\Generated_Source\PSoC4/cyfitter_cfg.c **** 
 313:.\Generated_Source\PSoC4/cyfitter_cfg.c **** 		/* UDB_PA_1 Starting address: CYDEV_UDB_PA1_BASE */
 314:.\Generated_Source\PSoC4/cyfitter_cfg.c **** 		CY_SET_XTND_REG32((void CYFAR *)(CYDEV_UDB_PA1_BASE), 0x00990000u);
 476              		.loc 1 314 0
 477 016e 2D4B     		ldr	r3, .L18+20
 478 0170 9922     		mov	r2, #153
 479 0172 1204     		lsl	r2, r2, #16
 480 0174 1A60     		str	r2, [r3]
 315:.\Generated_Source\PSoC4/cyfitter_cfg.c **** 
 316:.\Generated_Source\PSoC4/cyfitter_cfg.c **** 		/* UDB_PA_2 Starting address: CYDEV_UDB_PA2_BASE */
ARM GAS  C:\Users\Henny\AppData\Local\Temp\ccqAuXSJ.s 			page 15


 317:.\Generated_Source\PSoC4/cyfitter_cfg.c **** 		CY_SET_XTND_REG32((void CYFAR *)(CYDEV_UDB_PA2_BASE), 0x00990000u);
 481              		.loc 1 317 0
 482 0176 2C4B     		ldr	r3, .L18+24
 483 0178 9922     		mov	r2, #153
 484 017a 1204     		lsl	r2, r2, #16
 485 017c 1A60     		str	r2, [r3]
 318:.\Generated_Source\PSoC4/cyfitter_cfg.c **** 
 319:.\Generated_Source\PSoC4/cyfitter_cfg.c **** 		/* UDB_PA_3 Starting address: CYDEV_UDB_PA3_BASE */
 320:.\Generated_Source\PSoC4/cyfitter_cfg.c **** 		CY_SET_XTND_REG32((void CYFAR *)(CYDEV_UDB_PA3_BASE), 0x00990000u);
 486              		.loc 1 320 0
 487 017e 2B4B     		ldr	r3, .L18+28
 488 0180 9922     		mov	r2, #153
 489 0182 1204     		lsl	r2, r2, #16
 490 0184 1A60     		str	r2, [r3]
 321:.\Generated_Source\PSoC4/cyfitter_cfg.c **** 
 322:.\Generated_Source\PSoC4/cyfitter_cfg.c **** 		/* Enable digital routing */
 323:.\Generated_Source\PSoC4/cyfitter_cfg.c **** 		CY_SET_XTND_REG8((void *)CYREG_UDB_UDBIF_BANK_CTL, CY_GET_XTND_REG8((void *)CYREG_UDB_UDBIF_BANK_
 491              		.loc 1 323 0
 492 0186 2A4A     		ldr	r2, .L18+32
 493 0188 294B     		ldr	r3, .L18+32
 494 018a 1B78     		ldrb	r3, [r3]
 495 018c DBB2     		uxtb	r3, r3
 496 018e 0221     		mov	r1, #2
 497 0190 0B43     		orr	r3, r1
 498 0192 DBB2     		uxtb	r3, r3
 499 0194 1370     		strb	r3, [r2]
 324:.\Generated_Source\PSoC4/cyfitter_cfg.c **** 
 325:.\Generated_Source\PSoC4/cyfitter_cfg.c **** 		/* Enable UDB array */
 326:.\Generated_Source\PSoC4/cyfitter_cfg.c **** 		CY_SET_XTND_REG8((void *)CYREG_UDB_UDBIF_WAIT_CFG, (uint8)((CY_GET_XTND_REG8((void *)CYREG_UDB_UD
 500              		.loc 1 326 0
 501 0196 274A     		ldr	r2, .L18+36
 502 0198 264B     		ldr	r3, .L18+36
 503 019a 1B78     		ldrb	r3, [r3]
 504 019c DBB2     		uxtb	r3, r3
 505 019e 3C21     		mov	r1, #60
 506 01a0 8B43     		bic	r3, r1
 507 01a2 DBB2     		uxtb	r3, r3
 508 01a4 1421     		mov	r1, #20
 509 01a6 0B43     		orr	r3, r1
 510 01a8 DBB2     		uxtb	r3, r3
 511 01aa 1370     		strb	r3, [r2]
 327:.\Generated_Source\PSoC4/cyfitter_cfg.c **** 		CY_SET_XTND_REG8((void *)CYREG_UDB_UDBIF_BANK_CTL, (uint8)(CY_GET_XTND_REG8((void *)CYREG_UDB_UDB
 512              		.loc 1 327 0
 513 01ac 204A     		ldr	r2, .L18+32
 514 01ae 204B     		ldr	r3, .L18+32
 515 01b0 1B78     		ldrb	r3, [r3]
 516 01b2 DBB2     		uxtb	r3, r3
 517 01b4 1621     		mov	r1, #22
 518 01b6 0B43     		orr	r3, r1
 519 01b8 DBB2     		uxtb	r3, r3
 520 01ba 1370     		strb	r3, [r2]
 521              	.LBE2:
 328:.\Generated_Source\PSoC4/cyfitter_cfg.c **** 	}
 329:.\Generated_Source\PSoC4/cyfitter_cfg.c **** 
 330:.\Generated_Source\PSoC4/cyfitter_cfg.c **** 	/* Perform second pass device configuration. These items must be configured in specific order afte
 331:.\Generated_Source\PSoC4/cyfitter_cfg.c **** 	/* IOPINS0_0 Starting address: CYDEV_GPIO_PRT0_BASE */
 332:.\Generated_Source\PSoC4/cyfitter_cfg.c **** 	CY_SET_XTND_REG32((void CYFAR *)(CYREG_GPIO_PRT0_PC), 0x00D80000u);
ARM GAS  C:\Users\Henny\AppData\Local\Temp\ccqAuXSJ.s 			page 16


 522              		.loc 1 332 0
 523 01bc 1E4B     		ldr	r3, .L18+40
 524 01be D822     		mov	r2, #216
 525 01c0 1204     		lsl	r2, r2, #16
 526 01c2 1A60     		str	r2, [r3]
 333:.\Generated_Source\PSoC4/cyfitter_cfg.c **** 
 334:.\Generated_Source\PSoC4/cyfitter_cfg.c **** 	/* IOPINS0_1 Starting address: CYDEV_GPIO_PRT1_BASE */
 335:.\Generated_Source\PSoC4/cyfitter_cfg.c **** 	CY_SET_XTND_REG32((void CYFAR *)(CYDEV_GPIO_PRT1_BASE), 0x00000020u);
 527              		.loc 1 335 0
 528 01c4 1D4B     		ldr	r3, .L18+44
 529 01c6 2022     		mov	r2, #32
 530 01c8 1A60     		str	r2, [r3]
 336:.\Generated_Source\PSoC4/cyfitter_cfg.c **** 	CY_SET_XTND_REG32((void CYFAR *)(CYREG_GPIO_PRT1_PC), 0x00031000u);
 531              		.loc 1 336 0
 532 01ca 1D4B     		ldr	r3, .L18+48
 533 01cc C422     		mov	r2, #196
 534 01ce 9202     		lsl	r2, r2, #10
 535 01d0 1A60     		str	r2, [r3]
 337:.\Generated_Source\PSoC4/cyfitter_cfg.c **** 	CY_SET_XTND_REG32((void CYFAR *)(CYREG_GPIO_PRT1_PC2), 0x00000020u);
 536              		.loc 1 337 0
 537 01d2 1C4B     		ldr	r3, .L18+52
 538 01d4 2022     		mov	r2, #32
 539 01d6 1A60     		str	r2, [r3]
 338:.\Generated_Source\PSoC4/cyfitter_cfg.c **** 
 339:.\Generated_Source\PSoC4/cyfitter_cfg.c **** 	/* IOPINS0_2 Starting address: CYDEV_GPIO_PRT2_BASE */
 340:.\Generated_Source\PSoC4/cyfitter_cfg.c **** 	CY_SET_XTND_REG32((void CYFAR *)(CYDEV_GPIO_PRT2_BASE), 0x000000C0u);
 540              		.loc 1 340 0
 541 01d8 1B4B     		ldr	r3, .L18+56
 542 01da C022     		mov	r2, #192
 543 01dc 1A60     		str	r2, [r3]
 341:.\Generated_Source\PSoC4/cyfitter_cfg.c **** 	CY_SET_XTND_REG32((void CYFAR *)(CYREG_GPIO_PRT2_PC), 0x00580000u);
 544              		.loc 1 341 0
 545 01de 1B4B     		ldr	r3, .L18+60
 546 01e0 B022     		mov	r2, #176
 547 01e2 D203     		lsl	r2, r2, #15
 548 01e4 1A60     		str	r2, [r3]
 342:.\Generated_Source\PSoC4/cyfitter_cfg.c **** 	CY_SET_XTND_REG32((void CYFAR *)(CYREG_GPIO_PRT2_INTR_CFG), 0x00008000u);
 549              		.loc 1 342 0
 550 01e6 1A4B     		ldr	r3, .L18+64
 551 01e8 8022     		mov	r2, #128
 552 01ea 1202     		lsl	r2, r2, #8
 553 01ec 1A60     		str	r2, [r3]
 343:.\Generated_Source\PSoC4/cyfitter_cfg.c **** 
 344:.\Generated_Source\PSoC4/cyfitter_cfg.c **** 	/* IOPINS0_3 Starting address: CYDEV_GPIO_PRT3_BASE */
 345:.\Generated_Source\PSoC4/cyfitter_cfg.c **** 	CY_SET_XTND_REG32((void CYFAR *)(CYDEV_GPIO_PRT3_BASE), 0x000000C1u);
 554              		.loc 1 345 0
 555 01ee 194B     		ldr	r3, .L18+68
 556 01f0 C122     		mov	r2, #193
 557 01f2 1A60     		str	r2, [r3]
 346:.\Generated_Source\PSoC4/cyfitter_cfg.c **** 	CY_SET_XTND_REG32((void CYFAR *)(CYREG_GPIO_PRT3_PC), 0x00D80000u);
 558              		.loc 1 346 0
 559 01f4 184B     		ldr	r3, .L18+72
 560 01f6 D822     		mov	r2, #216
 561 01f8 1204     		lsl	r2, r2, #16
 562 01fa 1A60     		str	r2, [r3]
 347:.\Generated_Source\PSoC4/cyfitter_cfg.c **** 	CY_SET_XTND_REG32((void CYFAR *)(CYREG_GPIO_PRT3_PC2), 0x00000001u);
 563              		.loc 1 347 0
ARM GAS  C:\Users\Henny\AppData\Local\Temp\ccqAuXSJ.s 			page 17


 564 01fc 174B     		ldr	r3, .L18+76
 565 01fe 0122     		mov	r2, #1
 566 0200 1A60     		str	r2, [r3]
 348:.\Generated_Source\PSoC4/cyfitter_cfg.c **** 
 349:.\Generated_Source\PSoC4/cyfitter_cfg.c **** 
 350:.\Generated_Source\PSoC4/cyfitter_cfg.c **** 	/* Setup clocks based on selections from Clock DWR */
 351:.\Generated_Source\PSoC4/cyfitter_cfg.c **** 	ClockSetup();
 567              		.loc 1 351 0
 568 0202 FFF7FDFE 		bl	ClockSetup
 352:.\Generated_Source\PSoC4/cyfitter_cfg.c **** 
 353:.\Generated_Source\PSoC4/cyfitter_cfg.c **** 	/* Perform basic analog initialization to defaults */
 354:.\Generated_Source\PSoC4/cyfitter_cfg.c **** 	AnalogSetDefault();
 569              		.loc 1 354 0
 570 0206 FFF7FEFF 		bl	AnalogSetDefault
 355:.\Generated_Source\PSoC4/cyfitter_cfg.c **** 
 356:.\Generated_Source\PSoC4/cyfitter_cfg.c **** }
 571              		.loc 1 356 0
 572 020a BD46     		mov	sp, r7
 573 020c 02B0     		add	sp, sp, #8
 574              		@ sp needed
 575 020e 80BD     		pop	{r7, pc}
 576              	.L19:
 577              		.align	2
 578              	.L18:
 579 0210 6CF02E40 		.word	1076818028
 580 0214 00000000 		.word	cfg_memset_list.4748
 581 0218 00000240 		.word	1073872896
 582 021c 00010240 		.word	1073873152
 583 0220 00500F40 		.word	1074745344
 584 0224 10500F40 		.word	1074745360
 585 0228 20500F40 		.word	1074745376
 586 022c 30500F40 		.word	1074745392
 587 0230 00700F40 		.word	1074753536
 588 0234 01700F40 		.word	1074753537
 589 0238 08000440 		.word	1074003976
 590 023c 00010440 		.word	1074004224
 591 0240 08010440 		.word	1074004232
 592 0244 18010440 		.word	1074004248
 593 0248 00020440 		.word	1074004480
 594 024c 08020440 		.word	1074004488
 595 0250 0C020440 		.word	1074004492
 596 0254 00030440 		.word	1074004736
 597 0258 08030440 		.word	1074004744
 598 025c 18030440 		.word	1074004760
 599              		.cfi_endproc
 600              	.LFE8:
 601              		.size	cyfitter_cfg, .-cyfitter_cfg
 602              		.section	.rodata
 603              		.align	2
 604              		.type	cfg_memset_list.4748, %object
 605              		.size	cfg_memset_list.4748, 12
 606              	cfg_memset_list.4748:
 607 0000 00300F40 		.word	1074737152
 608 0004 0004     		.short	1024
 609 0006 00400F40 		.4byte	1074741248
 610 000a 0004     		.short	1024
 611              		.text
ARM GAS  C:\Users\Henny\AppData\Local\Temp\ccqAuXSJ.s 			page 18


 612              	.Letext0:
 613              		.file 2 "d:\\programy\\cypress\\psoc creator\\3.3\\psoc creator\\import\\gnu\\arm\\4.9.3\\lib\\gcc
 614              		.file 3 ".\\Generated_Source\\PSoC4\\cytypes.h"
 615              		.section	.debug_info,"",%progbits
 616              	.Ldebug_info0:
 617 0000 80020000 		.4byte	0x280
 618 0004 0400     		.2byte	0x4
 619 0006 00000000 		.4byte	.Ldebug_abbrev0
 620 000a 04       		.byte	0x4
 621 000b 01       		.uleb128 0x1
 622 000c CB000000 		.4byte	.LASF31
 623 0010 01       		.byte	0x1
 624 0011 E7010000 		.4byte	.LASF32
 625 0015 93010000 		.4byte	.LASF33
 626 0019 00000000 		.4byte	.Ldebug_ranges0+0
 627 001d 00000000 		.4byte	0
 628 0021 00000000 		.4byte	.Ldebug_line0
 629 0025 02       		.uleb128 0x2
 630 0026 04       		.byte	0x4
 631 0027 05       		.byte	0x5
 632 0028 696E7400 		.ascii	"int\000"
 633 002c 03       		.uleb128 0x3
 634 002d 16000000 		.4byte	.LASF11
 635 0031 02       		.byte	0x2
 636 0032 D4       		.byte	0xd4
 637 0033 37000000 		.4byte	0x37
 638 0037 04       		.uleb128 0x4
 639 0038 04       		.byte	0x4
 640 0039 07       		.byte	0x7
 641 003a 67010000 		.4byte	.LASF0
 642 003e 04       		.uleb128 0x4
 643 003f 01       		.byte	0x1
 644 0040 06       		.byte	0x6
 645 0041 46020000 		.4byte	.LASF1
 646 0045 04       		.uleb128 0x4
 647 0046 01       		.byte	0x1
 648 0047 08       		.byte	0x8
 649 0048 A9000000 		.4byte	.LASF2
 650 004c 04       		.uleb128 0x4
 651 004d 02       		.byte	0x2
 652 004e 05       		.byte	0x5
 653 004f 2B020000 		.4byte	.LASF3
 654 0053 04       		.uleb128 0x4
 655 0054 02       		.byte	0x2
 656 0055 07       		.byte	0x7
 657 0056 49000000 		.4byte	.LASF4
 658 005a 04       		.uleb128 0x4
 659 005b 04       		.byte	0x4
 660 005c 05       		.byte	0x5
 661 005d 3D020000 		.4byte	.LASF5
 662 0061 04       		.uleb128 0x4
 663 0062 04       		.byte	0x4
 664 0063 07       		.byte	0x7
 665 0064 71000000 		.4byte	.LASF6
 666 0068 04       		.uleb128 0x4
 667 0069 08       		.byte	0x8
 668 006a 05       		.byte	0x5
ARM GAS  C:\Users\Henny\AppData\Local\Temp\ccqAuXSJ.s 			page 19


 669 006b 18020000 		.4byte	.LASF7
 670 006f 04       		.uleb128 0x4
 671 0070 08       		.byte	0x8
 672 0071 07       		.byte	0x7
 673 0072 7C010000 		.4byte	.LASF8
 674 0076 04       		.uleb128 0x4
 675 0077 04       		.byte	0x4
 676 0078 07       		.byte	0x7
 677 0079 0F020000 		.4byte	.LASF9
 678 007d 05       		.uleb128 0x5
 679 007e 04       		.byte	0x4
 680 007f 04       		.uleb128 0x4
 681 0080 01       		.byte	0x1
 682 0081 08       		.byte	0x8
 683 0082 26020000 		.4byte	.LASF10
 684 0086 06       		.uleb128 0x6
 685 0087 83000000 		.4byte	.LASF12
 686 008b 03       		.byte	0x3
 687 008c 3801     		.2byte	0x138
 688 008e 45000000 		.4byte	0x45
 689 0092 06       		.uleb128 0x6
 690 0093 59010000 		.4byte	.LASF13
 691 0097 03       		.byte	0x3
 692 0098 3901     		.2byte	0x139
 693 009a 53000000 		.4byte	0x53
 694 009e 06       		.uleb128 0x6
 695 009f 60010000 		.4byte	.LASF14
 696 00a3 03       		.byte	0x3
 697 00a4 3A01     		.2byte	0x13a
 698 00a6 61000000 		.4byte	0x61
 699 00aa 04       		.uleb128 0x4
 700 00ab 04       		.byte	0x4
 701 00ac 04       		.byte	0x4
 702 00ad 5C000000 		.4byte	.LASF15
 703 00b1 04       		.uleb128 0x4
 704 00b2 08       		.byte	0x8
 705 00b3 04       		.byte	0x4
 706 00b4 B7000000 		.4byte	.LASF16
 707 00b8 06       		.uleb128 0x6
 708 00b9 6C000000 		.4byte	.LASF17
 709 00bd 03       		.byte	0x3
 710 00be E201     		.2byte	0x1e2
 711 00c0 C4000000 		.4byte	0xc4
 712 00c4 07       		.uleb128 0x7
 713 00c5 86000000 		.4byte	0x86
 714 00c9 06       		.uleb128 0x6
 715 00ca 10000000 		.4byte	.LASF18
 716 00ce 03       		.byte	0x3
 717 00cf E401     		.2byte	0x1e4
 718 00d1 D5000000 		.4byte	0xd5
 719 00d5 07       		.uleb128 0x7
 720 00d6 9E000000 		.4byte	0x9e
 721 00da 08       		.uleb128 0x8
 722 00db 89000000 		.4byte	.LASF19
 723 00df 01       		.byte	0x1
 724 00e0 3C       		.byte	0x3c
 725 00e1 00000000 		.4byte	.LFB2
ARM GAS  C:\Users\Henny\AppData\Local\Temp\ccqAuXSJ.s 			page 20


 726 00e5 1E000000 		.4byte	.LFE2-.LFB2
 727 00e9 01       		.uleb128 0x1
 728 00ea 9C       		.byte	0x9c
 729 00eb 08010000 		.4byte	0x108
 730 00ef 09       		.uleb128 0x9
 731 00f0 7300     		.ascii	"s\000"
 732 00f2 01       		.byte	0x1
 733 00f3 3C       		.byte	0x3c
 734 00f4 7D000000 		.4byte	0x7d
 735 00f8 02       		.uleb128 0x2
 736 00f9 91       		.byte	0x91
 737 00fa 74       		.sleb128 -12
 738 00fb 09       		.uleb128 0x9
 739 00fc 6E00     		.ascii	"n\000"
 740 00fe 01       		.byte	0x1
 741 00ff 3C       		.byte	0x3c
 742 0100 2C000000 		.4byte	0x2c
 743 0104 02       		.uleb128 0x2
 744 0105 91       		.byte	0x91
 745 0106 70       		.sleb128 -16
 746 0107 00       		.byte	0
 747 0108 08       		.uleb128 0x8
 748 0109 5B020000 		.4byte	.LASF20
 749 010d 01       		.byte	0x1
 750 010e 43       		.byte	0x43
 751 010f 00000000 		.4byte	.LFB3
 752 0113 22000000 		.4byte	.LFE3-.LFB3
 753 0117 01       		.uleb128 0x1
 754 0118 9C       		.byte	0x9c
 755 0119 46010000 		.4byte	0x146
 756 011d 0A       		.uleb128 0xa
 757 011e 62000000 		.4byte	.LASF21
 758 0122 01       		.byte	0x1
 759 0123 43       		.byte	0x43
 760 0124 7D000000 		.4byte	0x7d
 761 0128 02       		.uleb128 0x2
 762 0129 91       		.byte	0x91
 763 012a 74       		.sleb128 -12
 764 012b 09       		.uleb128 0x9
 765 012c 73726300 		.ascii	"src\000"
 766 0130 01       		.byte	0x1
 767 0131 43       		.byte	0x43
 768 0132 46010000 		.4byte	0x146
 769 0136 02       		.uleb128 0x2
 770 0137 91       		.byte	0x91
 771 0138 70       		.sleb128 -16
 772 0139 09       		.uleb128 0x9
 773 013a 6E00     		.ascii	"n\000"
 774 013c 01       		.byte	0x1
 775 013d 43       		.byte	0x43
 776 013e 2C000000 		.4byte	0x2c
 777 0142 02       		.uleb128 0x2
 778 0143 91       		.byte	0x91
 779 0144 6C       		.sleb128 -20
 780 0145 00       		.byte	0
 781 0146 0B       		.uleb128 0xb
 782 0147 04       		.byte	0x4
ARM GAS  C:\Users\Henny\AppData\Local\Temp\ccqAuXSJ.s 			page 21


 783 0148 4C010000 		.4byte	0x14c
 784 014c 0C       		.uleb128 0xc
 785 014d 08       		.uleb128 0x8
 786 014e 00000000 		.4byte	.LASF22
 787 0152 01       		.byte	0x1
 788 0153 4A       		.byte	0x4a
 789 0154 00000000 		.4byte	.LFB4
 790 0158 22000000 		.4byte	.LFE4-.LFB4
 791 015c 01       		.uleb128 0x1
 792 015d 9C       		.byte	0x9c
 793 015e 8B010000 		.4byte	0x18b
 794 0162 0A       		.uleb128 0xa
 795 0163 62000000 		.4byte	.LASF21
 796 0167 01       		.byte	0x1
 797 0168 4A       		.byte	0x4a
 798 0169 7D000000 		.4byte	0x7d
 799 016d 02       		.uleb128 0x2
 800 016e 91       		.byte	0x91
 801 016f 74       		.sleb128 -12
 802 0170 09       		.uleb128 0x9
 803 0171 73726300 		.ascii	"src\000"
 804 0175 01       		.byte	0x1
 805 0176 4A       		.byte	0x4a
 806 0177 46010000 		.4byte	0x146
 807 017b 02       		.uleb128 0x2
 808 017c 91       		.byte	0x91
 809 017d 70       		.sleb128 -16
 810 017e 09       		.uleb128 0x9
 811 017f 6E00     		.ascii	"n\000"
 812 0181 01       		.byte	0x1
 813 0182 4A       		.byte	0x4a
 814 0183 2C000000 		.4byte	0x2c
 815 0187 02       		.uleb128 0x2
 816 0188 91       		.byte	0x91
 817 0189 6C       		.sleb128 -20
 818 018a 00       		.byte	0
 819 018b 0D       		.uleb128 0xd
 820 018c 3E000000 		.4byte	.LASF23
 821 0190 01       		.byte	0x1
 822 0191 91       		.byte	0x91
 823 0192 00000000 		.4byte	.LFB5
 824 0196 F0000000 		.4byte	.LFE5-.LFB5
 825 019a 01       		.uleb128 0x1
 826 019b 9C       		.byte	0x9c
 827 019c 0D       		.uleb128 0xd
 828 019d 1D000000 		.4byte	.LASF24
 829 01a1 01       		.byte	0x1
 830 01a2 D7       		.byte	0xd7
 831 01a3 00000000 		.4byte	.LFB6
 832 01a7 50000000 		.4byte	.LFE6-.LFB6
 833 01ab 01       		.uleb128 0x1
 834 01ac 9C       		.byte	0x9c
 835 01ad 0E       		.uleb128 0xe
 836 01ae 93000000 		.4byte	.LASF34
 837 01b2 01       		.byte	0x1
 838 01b3 F3       		.byte	0xf3
 839 01b4 00000000 		.4byte	.LFB7
ARM GAS  C:\Users\Henny\AppData\Local\Temp\ccqAuXSJ.s 			page 22


 840 01b8 40000000 		.4byte	.LFE7-.LFB7
 841 01bc 01       		.uleb128 0x1
 842 01bd 9C       		.byte	0x9c
 843 01be DF010000 		.4byte	0x1df
 844 01c2 0A       		.uleb128 0xa
 845 01c3 35020000 		.4byte	.LASF25
 846 01c7 01       		.byte	0x1
 847 01c8 F3       		.byte	0xf3
 848 01c9 86000000 		.4byte	0x86
 849 01cd 02       		.uleb128 0x2
 850 01ce 91       		.byte	0x91
 851 01cf 6F       		.sleb128 -17
 852 01d0 0F       		.uleb128 0xf
 853 01d1 52020000 		.4byte	.LASF29
 854 01d5 01       		.byte	0x1
 855 01d6 F5       		.byte	0xf5
 856 01d7 9E000000 		.4byte	0x9e
 857 01db 02       		.uleb128 0x2
 858 01dc 91       		.byte	0x91
 859 01dd 74       		.sleb128 -12
 860 01de 00       		.byte	0
 861 01df 10       		.uleb128 0x10
 862 01e0 BE000000 		.4byte	.LASF35
 863 01e4 01       		.byte	0x1
 864 01e5 1501     		.2byte	0x115
 865 01e7 F0000000 		.4byte	.LFB8
 866 01eb 70010000 		.4byte	.LFE8-.LFB8
 867 01ef 01       		.uleb128 0x1
 868 01f0 9C       		.byte	0x9c
 869 01f1 11       		.uleb128 0x11
 870 01f2 FE000000 		.4byte	.LBB2
 871 01f6 BE000000 		.4byte	.LBE2-.LBB2
 872 01fa 12       		.uleb128 0x12
 873 01fb 06       		.byte	0x6
 874 01fc 01       		.byte	0x1
 875 01fd 1E01     		.2byte	0x11e
 876 01ff 1E020000 		.4byte	0x21e
 877 0203 13       		.uleb128 0x13
 878 0204 74010000 		.4byte	.LASF26
 879 0208 01       		.byte	0x1
 880 0209 1F01     		.2byte	0x11f
 881 020b 7D000000 		.4byte	0x7d
 882 020f 00       		.byte	0
 883 0210 13       		.uleb128 0x13
 884 0211 67000000 		.4byte	.LASF27
 885 0215 01       		.byte	0x1
 886 0216 2001     		.2byte	0x120
 887 0218 92000000 		.4byte	0x92
 888 021c 04       		.byte	0x4
 889 021d 00       		.byte	0
 890 021e 06       		.uleb128 0x6
 891 021f DA010000 		.4byte	.LASF28
 892 0223 01       		.byte	0x1
 893 0224 2101     		.2byte	0x121
 894 0226 FA010000 		.4byte	0x1fa
 895 022a 14       		.uleb128 0x14
 896 022b 1E020000 		.4byte	0x21e
ARM GAS  C:\Users\Henny\AppData\Local\Temp\ccqAuXSJ.s 			page 23


 897 022f 3A020000 		.4byte	0x23a
 898 0233 15       		.uleb128 0x15
 899 0234 76000000 		.4byte	0x76
 900 0238 01       		.byte	0x1
 901 0239 00       		.byte	0
 902 023a 16       		.uleb128 0x16
 903 023b 2E000000 		.4byte	.LASF30
 904 023f 01       		.byte	0x1
 905 0240 2301     		.2byte	0x123
 906 0242 4C020000 		.4byte	0x24c
 907 0246 05       		.uleb128 0x5
 908 0247 03       		.byte	0x3
 909 0248 00000000 		.4byte	cfg_memset_list.4748
 910 024c 17       		.uleb128 0x17
 911 024d 2A020000 		.4byte	0x22a
 912 0251 18       		.uleb128 0x18
 913 0252 6900     		.ascii	"i\000"
 914 0254 01       		.byte	0x1
 915 0255 2901     		.2byte	0x129
 916 0257 86000000 		.4byte	0x86
 917 025b 02       		.uleb128 0x2
 918 025c 91       		.byte	0x91
 919 025d 77       		.sleb128 -9
 920 025e 11       		.uleb128 0x11
 921 025f 06010000 		.4byte	.LBB3
 922 0263 3E000000 		.4byte	.LBE3-.LBB3
 923 0267 18       		.uleb128 0x18
 924 0268 6D7300   		.ascii	"ms\000"
 925 026b 01       		.byte	0x1
 926 026c 2E01     		.2byte	0x12e
 927 026e 75020000 		.4byte	0x275
 928 0272 02       		.uleb128 0x2
 929 0273 91       		.byte	0x91
 930 0274 70       		.sleb128 -16
 931 0275 0B       		.uleb128 0xb
 932 0276 04       		.byte	0x4
 933 0277 7B020000 		.4byte	0x27b
 934 027b 17       		.uleb128 0x17
 935 027c 1E020000 		.4byte	0x21e
 936 0280 00       		.byte	0
 937 0281 00       		.byte	0
 938 0282 00       		.byte	0
 939 0283 00       		.byte	0
 940              		.section	.debug_abbrev,"",%progbits
 941              	.Ldebug_abbrev0:
 942 0000 01       		.uleb128 0x1
 943 0001 11       		.uleb128 0x11
 944 0002 01       		.byte	0x1
 945 0003 25       		.uleb128 0x25
 946 0004 0E       		.uleb128 0xe
 947 0005 13       		.uleb128 0x13
 948 0006 0B       		.uleb128 0xb
 949 0007 03       		.uleb128 0x3
 950 0008 0E       		.uleb128 0xe
 951 0009 1B       		.uleb128 0x1b
 952 000a 0E       		.uleb128 0xe
 953 000b 55       		.uleb128 0x55
ARM GAS  C:\Users\Henny\AppData\Local\Temp\ccqAuXSJ.s 			page 24


 954 000c 17       		.uleb128 0x17
 955 000d 11       		.uleb128 0x11
 956 000e 01       		.uleb128 0x1
 957 000f 10       		.uleb128 0x10
 958 0010 17       		.uleb128 0x17
 959 0011 00       		.byte	0
 960 0012 00       		.byte	0
 961 0013 02       		.uleb128 0x2
 962 0014 24       		.uleb128 0x24
 963 0015 00       		.byte	0
 964 0016 0B       		.uleb128 0xb
 965 0017 0B       		.uleb128 0xb
 966 0018 3E       		.uleb128 0x3e
 967 0019 0B       		.uleb128 0xb
 968 001a 03       		.uleb128 0x3
 969 001b 08       		.uleb128 0x8
 970 001c 00       		.byte	0
 971 001d 00       		.byte	0
 972 001e 03       		.uleb128 0x3
 973 001f 16       		.uleb128 0x16
 974 0020 00       		.byte	0
 975 0021 03       		.uleb128 0x3
 976 0022 0E       		.uleb128 0xe
 977 0023 3A       		.uleb128 0x3a
 978 0024 0B       		.uleb128 0xb
 979 0025 3B       		.uleb128 0x3b
 980 0026 0B       		.uleb128 0xb
 981 0027 49       		.uleb128 0x49
 982 0028 13       		.uleb128 0x13
 983 0029 00       		.byte	0
 984 002a 00       		.byte	0
 985 002b 04       		.uleb128 0x4
 986 002c 24       		.uleb128 0x24
 987 002d 00       		.byte	0
 988 002e 0B       		.uleb128 0xb
 989 002f 0B       		.uleb128 0xb
 990 0030 3E       		.uleb128 0x3e
 991 0031 0B       		.uleb128 0xb
 992 0032 03       		.uleb128 0x3
 993 0033 0E       		.uleb128 0xe
 994 0034 00       		.byte	0
 995 0035 00       		.byte	0
 996 0036 05       		.uleb128 0x5
 997 0037 0F       		.uleb128 0xf
 998 0038 00       		.byte	0
 999 0039 0B       		.uleb128 0xb
 1000 003a 0B       		.uleb128 0xb
 1001 003b 00       		.byte	0
 1002 003c 00       		.byte	0
 1003 003d 06       		.uleb128 0x6
 1004 003e 16       		.uleb128 0x16
 1005 003f 00       		.byte	0
 1006 0040 03       		.uleb128 0x3
 1007 0041 0E       		.uleb128 0xe
 1008 0042 3A       		.uleb128 0x3a
 1009 0043 0B       		.uleb128 0xb
 1010 0044 3B       		.uleb128 0x3b
ARM GAS  C:\Users\Henny\AppData\Local\Temp\ccqAuXSJ.s 			page 25


 1011 0045 05       		.uleb128 0x5
 1012 0046 49       		.uleb128 0x49
 1013 0047 13       		.uleb128 0x13
 1014 0048 00       		.byte	0
 1015 0049 00       		.byte	0
 1016 004a 07       		.uleb128 0x7
 1017 004b 35       		.uleb128 0x35
 1018 004c 00       		.byte	0
 1019 004d 49       		.uleb128 0x49
 1020 004e 13       		.uleb128 0x13
 1021 004f 00       		.byte	0
 1022 0050 00       		.byte	0
 1023 0051 08       		.uleb128 0x8
 1024 0052 2E       		.uleb128 0x2e
 1025 0053 01       		.byte	0x1
 1026 0054 03       		.uleb128 0x3
 1027 0055 0E       		.uleb128 0xe
 1028 0056 3A       		.uleb128 0x3a
 1029 0057 0B       		.uleb128 0xb
 1030 0058 3B       		.uleb128 0x3b
 1031 0059 0B       		.uleb128 0xb
 1032 005a 27       		.uleb128 0x27
 1033 005b 19       		.uleb128 0x19
 1034 005c 11       		.uleb128 0x11
 1035 005d 01       		.uleb128 0x1
 1036 005e 12       		.uleb128 0x12
 1037 005f 06       		.uleb128 0x6
 1038 0060 40       		.uleb128 0x40
 1039 0061 18       		.uleb128 0x18
 1040 0062 9642     		.uleb128 0x2116
 1041 0064 19       		.uleb128 0x19
 1042 0065 01       		.uleb128 0x1
 1043 0066 13       		.uleb128 0x13
 1044 0067 00       		.byte	0
 1045 0068 00       		.byte	0
 1046 0069 09       		.uleb128 0x9
 1047 006a 05       		.uleb128 0x5
 1048 006b 00       		.byte	0
 1049 006c 03       		.uleb128 0x3
 1050 006d 08       		.uleb128 0x8
 1051 006e 3A       		.uleb128 0x3a
 1052 006f 0B       		.uleb128 0xb
 1053 0070 3B       		.uleb128 0x3b
 1054 0071 0B       		.uleb128 0xb
 1055 0072 49       		.uleb128 0x49
 1056 0073 13       		.uleb128 0x13
 1057 0074 02       		.uleb128 0x2
 1058 0075 18       		.uleb128 0x18
 1059 0076 00       		.byte	0
 1060 0077 00       		.byte	0
 1061 0078 0A       		.uleb128 0xa
 1062 0079 05       		.uleb128 0x5
 1063 007a 00       		.byte	0
 1064 007b 03       		.uleb128 0x3
 1065 007c 0E       		.uleb128 0xe
 1066 007d 3A       		.uleb128 0x3a
 1067 007e 0B       		.uleb128 0xb
ARM GAS  C:\Users\Henny\AppData\Local\Temp\ccqAuXSJ.s 			page 26


 1068 007f 3B       		.uleb128 0x3b
 1069 0080 0B       		.uleb128 0xb
 1070 0081 49       		.uleb128 0x49
 1071 0082 13       		.uleb128 0x13
 1072 0083 02       		.uleb128 0x2
 1073 0084 18       		.uleb128 0x18
 1074 0085 00       		.byte	0
 1075 0086 00       		.byte	0
 1076 0087 0B       		.uleb128 0xb
 1077 0088 0F       		.uleb128 0xf
 1078 0089 00       		.byte	0
 1079 008a 0B       		.uleb128 0xb
 1080 008b 0B       		.uleb128 0xb
 1081 008c 49       		.uleb128 0x49
 1082 008d 13       		.uleb128 0x13
 1083 008e 00       		.byte	0
 1084 008f 00       		.byte	0
 1085 0090 0C       		.uleb128 0xc
 1086 0091 26       		.uleb128 0x26
 1087 0092 00       		.byte	0
 1088 0093 00       		.byte	0
 1089 0094 00       		.byte	0
 1090 0095 0D       		.uleb128 0xd
 1091 0096 2E       		.uleb128 0x2e
 1092 0097 00       		.byte	0
 1093 0098 03       		.uleb128 0x3
 1094 0099 0E       		.uleb128 0xe
 1095 009a 3A       		.uleb128 0x3a
 1096 009b 0B       		.uleb128 0xb
 1097 009c 3B       		.uleb128 0x3b
 1098 009d 0B       		.uleb128 0xb
 1099 009e 27       		.uleb128 0x27
 1100 009f 19       		.uleb128 0x19
 1101 00a0 11       		.uleb128 0x11
 1102 00a1 01       		.uleb128 0x1
 1103 00a2 12       		.uleb128 0x12
 1104 00a3 06       		.uleb128 0x6
 1105 00a4 40       		.uleb128 0x40
 1106 00a5 18       		.uleb128 0x18
 1107 00a6 9642     		.uleb128 0x2116
 1108 00a8 19       		.uleb128 0x19
 1109 00a9 00       		.byte	0
 1110 00aa 00       		.byte	0
 1111 00ab 0E       		.uleb128 0xe
 1112 00ac 2E       		.uleb128 0x2e
 1113 00ad 01       		.byte	0x1
 1114 00ae 3F       		.uleb128 0x3f
 1115 00af 19       		.uleb128 0x19
 1116 00b0 03       		.uleb128 0x3
 1117 00b1 0E       		.uleb128 0xe
 1118 00b2 3A       		.uleb128 0x3a
 1119 00b3 0B       		.uleb128 0xb
 1120 00b4 3B       		.uleb128 0x3b
 1121 00b5 0B       		.uleb128 0xb
 1122 00b6 27       		.uleb128 0x27
 1123 00b7 19       		.uleb128 0x19
 1124 00b8 11       		.uleb128 0x11
ARM GAS  C:\Users\Henny\AppData\Local\Temp\ccqAuXSJ.s 			page 27


 1125 00b9 01       		.uleb128 0x1
 1126 00ba 12       		.uleb128 0x12
 1127 00bb 06       		.uleb128 0x6
 1128 00bc 40       		.uleb128 0x40
 1129 00bd 18       		.uleb128 0x18
 1130 00be 9742     		.uleb128 0x2117
 1131 00c0 19       		.uleb128 0x19
 1132 00c1 01       		.uleb128 0x1
 1133 00c2 13       		.uleb128 0x13
 1134 00c3 00       		.byte	0
 1135 00c4 00       		.byte	0
 1136 00c5 0F       		.uleb128 0xf
 1137 00c6 34       		.uleb128 0x34
 1138 00c7 00       		.byte	0
 1139 00c8 03       		.uleb128 0x3
 1140 00c9 0E       		.uleb128 0xe
 1141 00ca 3A       		.uleb128 0x3a
 1142 00cb 0B       		.uleb128 0xb
 1143 00cc 3B       		.uleb128 0x3b
 1144 00cd 0B       		.uleb128 0xb
 1145 00ce 49       		.uleb128 0x49
 1146 00cf 13       		.uleb128 0x13
 1147 00d0 02       		.uleb128 0x2
 1148 00d1 18       		.uleb128 0x18
 1149 00d2 00       		.byte	0
 1150 00d3 00       		.byte	0
 1151 00d4 10       		.uleb128 0x10
 1152 00d5 2E       		.uleb128 0x2e
 1153 00d6 01       		.byte	0x1
 1154 00d7 3F       		.uleb128 0x3f
 1155 00d8 19       		.uleb128 0x19
 1156 00d9 03       		.uleb128 0x3
 1157 00da 0E       		.uleb128 0xe
 1158 00db 3A       		.uleb128 0x3a
 1159 00dc 0B       		.uleb128 0xb
 1160 00dd 3B       		.uleb128 0x3b
 1161 00de 05       		.uleb128 0x5
 1162 00df 27       		.uleb128 0x27
 1163 00e0 19       		.uleb128 0x19
 1164 00e1 11       		.uleb128 0x11
 1165 00e2 01       		.uleb128 0x1
 1166 00e3 12       		.uleb128 0x12
 1167 00e4 06       		.uleb128 0x6
 1168 00e5 40       		.uleb128 0x40
 1169 00e6 18       		.uleb128 0x18
 1170 00e7 9642     		.uleb128 0x2116
 1171 00e9 19       		.uleb128 0x19
 1172 00ea 00       		.byte	0
 1173 00eb 00       		.byte	0
 1174 00ec 11       		.uleb128 0x11
 1175 00ed 0B       		.uleb128 0xb
 1176 00ee 01       		.byte	0x1
 1177 00ef 11       		.uleb128 0x11
 1178 00f0 01       		.uleb128 0x1
 1179 00f1 12       		.uleb128 0x12
 1180 00f2 06       		.uleb128 0x6
 1181 00f3 00       		.byte	0
ARM GAS  C:\Users\Henny\AppData\Local\Temp\ccqAuXSJ.s 			page 28


 1182 00f4 00       		.byte	0
 1183 00f5 12       		.uleb128 0x12
 1184 00f6 13       		.uleb128 0x13
 1185 00f7 01       		.byte	0x1
 1186 00f8 0B       		.uleb128 0xb
 1187 00f9 0B       		.uleb128 0xb
 1188 00fa 3A       		.uleb128 0x3a
 1189 00fb 0B       		.uleb128 0xb
 1190 00fc 3B       		.uleb128 0x3b
 1191 00fd 05       		.uleb128 0x5
 1192 00fe 01       		.uleb128 0x1
 1193 00ff 13       		.uleb128 0x13
 1194 0100 00       		.byte	0
 1195 0101 00       		.byte	0
 1196 0102 13       		.uleb128 0x13
 1197 0103 0D       		.uleb128 0xd
 1198 0104 00       		.byte	0
 1199 0105 03       		.uleb128 0x3
 1200 0106 0E       		.uleb128 0xe
 1201 0107 3A       		.uleb128 0x3a
 1202 0108 0B       		.uleb128 0xb
 1203 0109 3B       		.uleb128 0x3b
 1204 010a 05       		.uleb128 0x5
 1205 010b 49       		.uleb128 0x49
 1206 010c 13       		.uleb128 0x13
 1207 010d 38       		.uleb128 0x38
 1208 010e 0B       		.uleb128 0xb
 1209 010f 00       		.byte	0
 1210 0110 00       		.byte	0
 1211 0111 14       		.uleb128 0x14
 1212 0112 01       		.uleb128 0x1
 1213 0113 01       		.byte	0x1
 1214 0114 49       		.uleb128 0x49
 1215 0115 13       		.uleb128 0x13
 1216 0116 01       		.uleb128 0x1
 1217 0117 13       		.uleb128 0x13
 1218 0118 00       		.byte	0
 1219 0119 00       		.byte	0
 1220 011a 15       		.uleb128 0x15
 1221 011b 21       		.uleb128 0x21
 1222 011c 00       		.byte	0
 1223 011d 49       		.uleb128 0x49
 1224 011e 13       		.uleb128 0x13
 1225 011f 2F       		.uleb128 0x2f
 1226 0120 0B       		.uleb128 0xb
 1227 0121 00       		.byte	0
 1228 0122 00       		.byte	0
 1229 0123 16       		.uleb128 0x16
 1230 0124 34       		.uleb128 0x34
 1231 0125 00       		.byte	0
 1232 0126 03       		.uleb128 0x3
 1233 0127 0E       		.uleb128 0xe
 1234 0128 3A       		.uleb128 0x3a
 1235 0129 0B       		.uleb128 0xb
 1236 012a 3B       		.uleb128 0x3b
 1237 012b 05       		.uleb128 0x5
 1238 012c 49       		.uleb128 0x49
ARM GAS  C:\Users\Henny\AppData\Local\Temp\ccqAuXSJ.s 			page 29


 1239 012d 13       		.uleb128 0x13
 1240 012e 02       		.uleb128 0x2
 1241 012f 18       		.uleb128 0x18
 1242 0130 00       		.byte	0
 1243 0131 00       		.byte	0
 1244 0132 17       		.uleb128 0x17
 1245 0133 26       		.uleb128 0x26
 1246 0134 00       		.byte	0
 1247 0135 49       		.uleb128 0x49
 1248 0136 13       		.uleb128 0x13
 1249 0137 00       		.byte	0
 1250 0138 00       		.byte	0
 1251 0139 18       		.uleb128 0x18
 1252 013a 34       		.uleb128 0x34
 1253 013b 00       		.byte	0
 1254 013c 03       		.uleb128 0x3
 1255 013d 08       		.uleb128 0x8
 1256 013e 3A       		.uleb128 0x3a
 1257 013f 0B       		.uleb128 0xb
 1258 0140 3B       		.uleb128 0x3b
 1259 0141 05       		.uleb128 0x5
 1260 0142 49       		.uleb128 0x49
 1261 0143 13       		.uleb128 0x13
 1262 0144 02       		.uleb128 0x2
 1263 0145 18       		.uleb128 0x18
 1264 0146 00       		.byte	0
 1265 0147 00       		.byte	0
 1266 0148 00       		.byte	0
 1267              		.section	.debug_aranges,"",%progbits
 1268 0000 4C000000 		.4byte	0x4c
 1269 0004 0200     		.2byte	0x2
 1270 0006 00000000 		.4byte	.Ldebug_info0
 1271 000a 04       		.byte	0x4
 1272 000b 00       		.byte	0
 1273 000c 0000     		.2byte	0
 1274 000e 0000     		.2byte	0
 1275 0010 00000000 		.4byte	.LFB2
 1276 0014 1E000000 		.4byte	.LFE2-.LFB2
 1277 0018 00000000 		.4byte	.LFB3
 1278 001c 22000000 		.4byte	.LFE3-.LFB3
 1279 0020 00000000 		.4byte	.LFB4
 1280 0024 22000000 		.4byte	.LFE4-.LFB4
 1281 0028 00000000 		.4byte	.LFB5
 1282 002c F0000000 		.4byte	.LFE5-.LFB5
 1283 0030 00000000 		.4byte	.LFB6
 1284 0034 50000000 		.4byte	.LFE6-.LFB6
 1285 0038 00000000 		.4byte	.LFB7
 1286 003c 40000000 		.4byte	.LFE7-.LFB7
 1287 0040 F0000000 		.4byte	.LFB8
 1288 0044 70010000 		.4byte	.LFE8-.LFB8
 1289 0048 00000000 		.4byte	0
 1290 004c 00000000 		.4byte	0
 1291              		.section	.debug_ranges,"",%progbits
 1292              	.Ldebug_ranges0:
 1293 0000 00000000 		.4byte	.LFB2
 1294 0004 1E000000 		.4byte	.LFE2
 1295 0008 00000000 		.4byte	.LFB3
ARM GAS  C:\Users\Henny\AppData\Local\Temp\ccqAuXSJ.s 			page 30


 1296 000c 22000000 		.4byte	.LFE3
 1297 0010 00000000 		.4byte	.LFB4
 1298 0014 22000000 		.4byte	.LFE4
 1299 0018 00000000 		.4byte	.LFB5
 1300 001c F0000000 		.4byte	.LFE5
 1301 0020 00000000 		.4byte	.LFB6
 1302 0024 50000000 		.4byte	.LFE6
 1303 0028 00000000 		.4byte	.LFB7
 1304 002c 40000000 		.4byte	.LFE7
 1305 0030 F0000000 		.4byte	.LFB8
 1306 0034 60020000 		.4byte	.LFE8
 1307 0038 00000000 		.4byte	0
 1308 003c 00000000 		.4byte	0
 1309              		.section	.debug_line,"",%progbits
 1310              	.Ldebug_line0:
 1311 0000 89010000 		.section	.debug_str,"MS",%progbits,1
 1311      0200C200 
 1311      00000201 
 1311      FB0E0D00 
 1311      01010101 
 1312              	.LASF22:
 1313 0000 4359434F 		.ascii	"CYCONFIGCPYCODE\000"
 1313      4E464947 
 1313      43505943 
 1313      4F444500 
 1314              	.LASF18:
 1315 0010 72656733 		.ascii	"reg32\000"
 1315      3200
 1316              	.LASF11:
 1317 0016 73697A65 		.ascii	"size_t\000"
 1317      5F7400
 1318              	.LASF24:
 1319 001d 416E616C 		.ascii	"AnalogSetDefault\000"
 1319      6F675365 
 1319      74446566 
 1319      61756C74 
 1319      00
 1320              	.LASF30:
 1321 002e 6366675F 		.ascii	"cfg_memset_list\000"
 1321      6D656D73 
 1321      65745F6C 
 1321      69737400 
 1322              	.LASF23:
 1323 003e 436C6F63 		.ascii	"ClockSetup\000"
 1323      6B536574 
 1323      757000
 1324              	.LASF4:
 1325 0049 73686F72 		.ascii	"short unsigned int\000"
 1325      7420756E 
 1325      7369676E 
 1325      65642069 
 1325      6E7400
 1326              	.LASF15:
 1327 005c 666C6F61 		.ascii	"float\000"
 1327      7400
 1328              	.LASF21:
 1329 0062 64657374 		.ascii	"dest\000"
ARM GAS  C:\Users\Henny\AppData\Local\Temp\ccqAuXSJ.s 			page 31


 1329      00
 1330              	.LASF27:
 1331 0067 73697A65 		.ascii	"size\000"
 1331      00
 1332              	.LASF17:
 1333 006c 72656738 		.ascii	"reg8\000"
 1333      00
 1334              	.LASF6:
 1335 0071 6C6F6E67 		.ascii	"long unsigned int\000"
 1335      20756E73 
 1335      69676E65 
 1335      6420696E 
 1335      7400
 1336              	.LASF12:
 1337 0083 75696E74 		.ascii	"uint8\000"
 1337      3800
 1338              	.LASF19:
 1339 0089 43594D45 		.ascii	"CYMEMZERO\000"
 1339      4D5A4552 
 1339      4F00
 1340              	.LASF34:
 1341 0093 53657441 		.ascii	"SetAnalogRoutingPumps\000"
 1341      6E616C6F 
 1341      67526F75 
 1341      74696E67 
 1341      50756D70 
 1342              	.LASF2:
 1343 00a9 756E7369 		.ascii	"unsigned char\000"
 1343      676E6564 
 1343      20636861 
 1343      7200
 1344              	.LASF16:
 1345 00b7 646F7562 		.ascii	"double\000"
 1345      6C6500
 1346              	.LASF35:
 1347 00be 63796669 		.ascii	"cyfitter_cfg\000"
 1347      74746572 
 1347      5F636667 
 1347      00
 1348              	.LASF31:
 1349 00cb 474E5520 		.ascii	"GNU C 4.9.3 20150303 (release) [ARM/embedded-4_9-br"
 1349      4320342E 
 1349      392E3320 
 1349      32303135 
 1349      30333033 
 1350 00fe 616E6368 		.ascii	"anch revision 221220] -mcpu=cortex-m0 -mthumb -g -O"
 1350      20726576 
 1350      6973696F 
 1350      6E203232 
 1350      31323230 
 1351 0131 30202D66 		.ascii	"0 -ffunction-sections -ffat-lto-objects\000"
 1351      66756E63 
 1351      74696F6E 
 1351      2D736563 
 1351      74696F6E 
 1352              	.LASF13:
 1353 0159 75696E74 		.ascii	"uint16\000"
ARM GAS  C:\Users\Henny\AppData\Local\Temp\ccqAuXSJ.s 			page 32


 1353      313600
 1354              	.LASF14:
 1355 0160 75696E74 		.ascii	"uint32\000"
 1355      333200
 1356              	.LASF0:
 1357 0167 756E7369 		.ascii	"unsigned int\000"
 1357      676E6564 
 1357      20696E74 
 1357      00
 1358              	.LASF26:
 1359 0174 61646472 		.ascii	"address\000"
 1359      65737300 
 1360              	.LASF8:
 1361 017c 6C6F6E67 		.ascii	"long long unsigned int\000"
 1361      206C6F6E 
 1361      6720756E 
 1361      7369676E 
 1361      65642069 
 1362              	.LASF33:
 1363 0193 443A5C48 		.ascii	"D:\\Henny\\magisterka\\CY8KIT\\BLE\\BLE\\BLE_Temper"
 1363      656E6E79 
 1363      5C6D6167 
 1363      69737465 
 1363      726B615C 
 1364 01c0 61747572 		.ascii	"ature_Measurement01.cydsn\000"
 1364      655F4D65 
 1364      61737572 
 1364      656D656E 
 1364      7430312E 
 1365              	.LASF28:
 1366 01da 6366675F 		.ascii	"cfg_memset_t\000"
 1366      6D656D73 
 1366      65745F74 
 1366      00
 1367              	.LASF32:
 1368 01e7 2E5C4765 		.ascii	".\\Generated_Source\\PSoC4\\cyfitter_cfg.c\000"
 1368      6E657261 
 1368      7465645F 
 1368      536F7572 
 1368      63655C50 
 1369              	.LASF9:
 1370 020f 73697A65 		.ascii	"sizetype\000"
 1370      74797065 
 1370      00
 1371              	.LASF7:
 1372 0218 6C6F6E67 		.ascii	"long long int\000"
 1372      206C6F6E 
 1372      6720696E 
 1372      7400
 1373              	.LASF10:
 1374 0226 63686172 		.ascii	"char\000"
 1374      00
 1375              	.LASF3:
 1376 022b 73686F72 		.ascii	"short int\000"
 1376      7420696E 
 1376      7400
 1377              	.LASF25:
ARM GAS  C:\Users\Henny\AppData\Local\Temp\ccqAuXSJ.s 			page 33


 1378 0235 656E6162 		.ascii	"enabled\000"
 1378      6C656400 
 1379              	.LASF5:
 1380 023d 6C6F6E67 		.ascii	"long int\000"
 1380      20696E74 
 1380      00
 1381              	.LASF1:
 1382 0246 7369676E 		.ascii	"signed char\000"
 1382      65642063 
 1382      68617200 
 1383              	.LASF29:
 1384 0252 72656756 		.ascii	"regValue\000"
 1384      616C7565 
 1384      00
 1385              	.LASF20:
 1386 025b 4359434F 		.ascii	"CYCONFIGCPY\000"
 1386      4E464947 
 1386      43505900 
 1387              		.ident	"GCC: (GNU Tools for ARM Embedded Processors) 4.9.3 20150303 (release) [ARM/embedded-4_9-br
