ARM GAS  C:\Users\Henny\AppData\Local\Temp\cccdfNai.s 			page 1


   1              		.cpu cortex-m0
   2              		.fpu softvfp
   3              		.eabi_attribute 20, 1
   4              		.eabi_attribute 21, 1
   5              		.eabi_attribute 23, 3
   6              		.eabi_attribute 24, 1
   7              		.eabi_attribute 25, 1
   8              		.eabi_attribute 26, 1
   9              		.eabi_attribute 30, 1
  10              		.eabi_attribute 34, 0
  11              		.eabi_attribute 18, 4
  12              		.code	16
  13              		.file	"common.c"
  14              		.text
  15              	.Ltext0:
  16              		.cfi_sections	.debug_frame
  17              		.section	.text.debug,"ax",%progbits
  18              		.align	2
  19              		.global	debug
  20              		.code	16
  21              		.thumb_func
  22              		.type	debug, %function
  23              	debug:
  24              	.LFB37:
  25              		.file 1 ".\\common.c"
   1:.\common.c    **** /* ========================================
   2:.\common.c    ****  *
   3:.\common.c    ****  * Copyright YOUR COMPANY, THE YEAR
   4:.\common.c    ****  * All Rights Reserved
   5:.\common.c    ****  * UNPUBLISHED, LICENSED SOFTWARE.
   6:.\common.c    ****  *
   7:.\common.c    ****  * CONFIDENTIAL AND PROPRIETARY INFORMATION
   8:.\common.c    ****  * WHICH IS THE PROPERTY OF your company.
   9:.\common.c    ****  *
  10:.\common.c    ****  * ========================================
  11:.\common.c    **** */
  12:.\common.c    **** #include <project.h>
  13:.\common.c    **** #include <stdio.h>
  14:.\common.c    **** 
  15:.\common.c    **** void debug(char msg[])
  16:.\common.c    **** {
  26              		.loc 1 16 0
  27              		.cfi_startproc
  28              	.LVL0:
  29 0000 08B5     		push	{r3, lr}
  30              		.cfi_def_cfa_offset 8
  31              		.cfi_offset 3, -8
  32              		.cfi_offset 14, -4
  17:.\common.c    ****     UART_UartPutString(msg);
  33              		.loc 1 17 0
  34 0002 FFF7FEFF 		bl	UART_UartPutString
  35              	.LVL1:
  18:.\common.c    ****     UART_UartPutString("\r\n");
  36              		.loc 1 18 0
  37 0006 0248     		ldr	r0, .L2
  38 0008 FFF7FEFF 		bl	UART_UartPutString
  39              	.LVL2:
ARM GAS  C:\Users\Henny\AppData\Local\Temp\cccdfNai.s 			page 2


  19:.\common.c    **** }
  40              		.loc 1 19 0
  41              		@ sp needed
  42 000c 08BD     		pop	{r3, pc}
  43              	.L3:
  44 000e C046     		.align	2
  45              	.L2:
  46 0010 00000000 		.word	.LC0
  47              		.cfi_endproc
  48              	.LFE37:
  49              		.size	debug, .-debug
  50              		.section	.text.debugInt,"ax",%progbits
  51              		.align	2
  52              		.global	debugInt
  53              		.code	16
  54              		.thumb_func
  55              		.type	debugInt, %function
  56              	debugInt:
  57              	.LFB38:
  20:.\common.c    **** 
  21:.\common.c    **** void debugInt(int integer)
  22:.\common.c    **** {
  58              		.loc 1 22 0
  59              		.cfi_startproc
  60              	.LVL3:
  61 0000 00B5     		push	{lr}
  62              		.cfi_def_cfa_offset 4
  63              		.cfi_offset 14, -4
  64 0002 85B0     		sub	sp, sp, #20
  65              		.cfi_def_cfa_offset 24
  66 0004 021C     		mov	r2, r0
  23:.\common.c    ****     char string[16];
  24:.\common.c    ****     sprintf(string, "%d", integer);
  67              		.loc 1 24 0
  68 0006 6846     		mov	r0, sp
  69              	.LVL4:
  70 0008 0349     		ldr	r1, .L5
  71 000a FFF7FEFF 		bl	sprintf
  72              	.LVL5:
  25:.\common.c    ****     debug(string);
  73              		.loc 1 25 0
  74 000e 6846     		mov	r0, sp
  75 0010 FFF7FEFF 		bl	debug
  76              	.LVL6:
  26:.\common.c    **** }
  77              		.loc 1 26 0
  78 0014 05B0     		add	sp, sp, #20
  79              		@ sp needed
  80 0016 00BD     		pop	{pc}
  81              	.L6:
  82              		.align	2
  83              	.L5:
  84 0018 04000000 		.word	.LC2
  85              		.cfi_endproc
  86              	.LFE38:
  87              		.size	debugInt, .-debugInt
  88              		.global	__aeabi_f2d
ARM GAS  C:\Users\Henny\AppData\Local\Temp\cccdfNai.s 			page 3


  89              		.section	.text.debugFloat,"ax",%progbits
  90              		.align	2
  91              		.global	debugFloat
  92              		.code	16
  93              		.thumb_func
  94              		.type	debugFloat, %function
  95              	debugFloat:
  96              	.LFB39:
  27:.\common.c    **** 
  28:.\common.c    **** void debugFloat(float f) 
  29:.\common.c    **** {
  97              		.loc 1 29 0
  98              		.cfi_startproc
  99              	.LVL7:
 100 0000 00B5     		push	{lr}
 101              		.cfi_def_cfa_offset 4
 102              		.cfi_offset 14, -4
 103 0002 85B0     		sub	sp, sp, #20
 104              		.cfi_def_cfa_offset 24
  30:.\common.c    ****     char string[16];
  31:.\common.c    ****     sprintf(string, "%f", f);
 105              		.loc 1 31 0
 106 0004 FFF7FEFF 		bl	__aeabi_f2d
 107              	.LVL8:
 108 0008 021C     		mov	r2, r0
 109 000a 0B1C     		mov	r3, r1
 110 000c 6846     		mov	r0, sp
 111 000e 0449     		ldr	r1, .L8
 112 0010 FFF7FEFF 		bl	sprintf
 113              	.LVL9:
  32:.\common.c    ****     debug(string);
 114              		.loc 1 32 0
 115 0014 6846     		mov	r0, sp
 116 0016 FFF7FEFF 		bl	debug
 117              	.LVL10:
  33:.\common.c    **** }
 118              		.loc 1 33 0
 119 001a 05B0     		add	sp, sp, #20
 120              		@ sp needed
 121 001c 00BD     		pop	{pc}
 122              	.L9:
 123 001e C046     		.align	2
 124              	.L8:
 125 0020 08000000 		.word	.LC4
 126              		.cfi_endproc
 127              	.LFE39:
 128              		.size	debugFloat, .-debugFloat
 129              		.section	.text.debugHex,"ax",%progbits
 130              		.align	2
 131              		.global	debugHex
 132              		.code	16
 133              		.thumb_func
 134              		.type	debugHex, %function
 135              	debugHex:
 136              	.LFB40:
  34:.\common.c    **** 
  35:.\common.c    **** void debugHex(int hex)
ARM GAS  C:\Users\Henny\AppData\Local\Temp\cccdfNai.s 			page 4


  36:.\common.c    **** {
 137              		.loc 1 36 0
 138              		.cfi_startproc
 139              	.LVL11:
 140 0000 00B5     		push	{lr}
 141              		.cfi_def_cfa_offset 4
 142              		.cfi_offset 14, -4
 143 0002 85B0     		sub	sp, sp, #20
 144              		.cfi_def_cfa_offset 24
 145 0004 021C     		mov	r2, r0
  37:.\common.c    ****     char string[16];
  38:.\common.c    ****     sprintf(string, "%x", hex);
 146              		.loc 1 38 0
 147 0006 6846     		mov	r0, sp
 148              	.LVL12:
 149 0008 0349     		ldr	r1, .L11
 150 000a FFF7FEFF 		bl	sprintf
 151              	.LVL13:
  39:.\common.c    ****     debug(string);
 152              		.loc 1 39 0
 153 000e 6846     		mov	r0, sp
 154 0010 FFF7FEFF 		bl	debug
 155              	.LVL14:
  40:.\common.c    **** }
 156              		.loc 1 40 0
 157 0014 05B0     		add	sp, sp, #20
 158              		@ sp needed
 159 0016 00BD     		pop	{pc}
 160              	.L12:
 161              		.align	2
 162              	.L11:
 163 0018 0C000000 		.word	.LC6
 164              		.cfi_endproc
 165              	.LFE40:
 166              		.size	debugHex, .-debugHex
 167              		.section	.rodata.str1.4,"aMS",%progbits,1
 168              		.align	2
 169              	.LC0:
 170 0000 0D0A00   		.ascii	"\015\012\000"
 171 0003 00       		.space	1
 172              	.LC2:
 173 0004 256400   		.ascii	"%d\000"
 174 0007 00       		.space	1
 175              	.LC4:
 176 0008 256600   		.ascii	"%f\000"
 177 000b 00       		.space	1
 178              	.LC6:
 179 000c 257800   		.ascii	"%x\000"
 180 000f 00       		.text
 181              	.Letext0:
 182              		.file 2 "Generated_Source\\PSoC4/UART_SPI_UART.h"
 183              		.file 3 "d:\\programy\\cypress\\psoc creator\\3.3\\psoc creator\\import\\gnu\\arm\\4.9.3\\arm-none
 184              		.file 4 "Generated_Source\\PSoC4/cytypes.h"
 185              		.section	.debug_info,"",%progbits
 186              	.Ldebug_info0:
 187 0000 5E020000 		.4byte	0x25e
 188 0004 0400     		.2byte	0x4
ARM GAS  C:\Users\Henny\AppData\Local\Temp\cccdfNai.s 			page 5


 189 0006 00000000 		.4byte	.Ldebug_abbrev0
 190 000a 04       		.byte	0x4
 191 000b 01       		.uleb128 0x1
 192 000c DC000000 		.4byte	.LASF21
 193 0010 01       		.byte	0x1
 194 0011 9A000000 		.4byte	.LASF22
 195 0015 6A010000 		.4byte	.LASF23
 196 0019 00000000 		.4byte	.Ldebug_ranges0+0
 197 001d 00000000 		.4byte	0
 198 0021 00000000 		.4byte	.Ldebug_line0
 199 0025 02       		.uleb128 0x2
 200 0026 04       		.byte	0x4
 201 0027 04       		.byte	0x4
 202 0028 5B000000 		.4byte	.LASF0
 203 002c 02       		.uleb128 0x2
 204 002d 01       		.byte	0x1
 205 002e 06       		.byte	0x6
 206 002f C8000000 		.4byte	.LASF1
 207 0033 02       		.uleb128 0x2
 208 0034 01       		.byte	0x1
 209 0035 08       		.byte	0x8
 210 0036 61000000 		.4byte	.LASF2
 211 003a 02       		.uleb128 0x2
 212 003b 02       		.byte	0x2
 213 003c 05       		.byte	0x5
 214 003d 90000000 		.4byte	.LASF3
 215 0041 02       		.uleb128 0x2
 216 0042 02       		.byte	0x2
 217 0043 07       		.byte	0x7
 218 0044 B5000000 		.4byte	.LASF4
 219 0048 02       		.uleb128 0x2
 220 0049 04       		.byte	0x4
 221 004a 05       		.byte	0x5
 222 004b 87000000 		.4byte	.LASF5
 223 004f 02       		.uleb128 0x2
 224 0050 04       		.byte	0x4
 225 0051 07       		.byte	0x7
 226 0052 26000000 		.4byte	.LASF6
 227 0056 02       		.uleb128 0x2
 228 0057 08       		.byte	0x8
 229 0058 05       		.byte	0x5
 230 0059 00000000 		.4byte	.LASF7
 231 005d 02       		.uleb128 0x2
 232 005e 08       		.byte	0x8
 233 005f 07       		.byte	0x7
 234 0060 3E000000 		.4byte	.LASF8
 235 0064 03       		.uleb128 0x3
 236 0065 04       		.byte	0x4
 237 0066 05       		.byte	0x5
 238 0067 696E7400 		.ascii	"int\000"
 239 006b 02       		.uleb128 0x2
 240 006c 04       		.byte	0x4
 241 006d 07       		.byte	0x7
 242 006e A6010000 		.4byte	.LASF9
 243 0072 02       		.uleb128 0x2
 244 0073 08       		.byte	0x8
 245 0074 04       		.byte	0x4
ARM GAS  C:\Users\Henny\AppData\Local\Temp\cccdfNai.s 			page 6


 246 0075 A5000000 		.4byte	.LASF10
 247 0079 04       		.uleb128 0x4
 248 007a 55000000 		.4byte	.LASF24
 249 007e 04       		.byte	0x4
 250 007f 4901     		.2byte	0x149
 251 0081 85000000 		.4byte	0x85
 252 0085 02       		.uleb128 0x2
 253 0086 01       		.byte	0x1
 254 0087 08       		.byte	0x8
 255 0088 6F000000 		.4byte	.LASF11
 256 008c 02       		.uleb128 0x2
 257 008d 04       		.byte	0x4
 258 008e 07       		.byte	0x7
 259 008f B3010000 		.4byte	.LASF12
 260 0093 05       		.uleb128 0x5
 261 0094 04       		.byte	0x4
 262 0095 85000000 		.4byte	0x85
 263 0099 05       		.uleb128 0x5
 264 009a 04       		.byte	0x4
 265 009b 9F000000 		.4byte	0x9f
 266 009f 06       		.uleb128 0x6
 267 00a0 85000000 		.4byte	0x85
 268 00a4 07       		.uleb128 0x7
 269 00a5 38000000 		.4byte	.LASF13
 270 00a9 01       		.byte	0x1
 271 00aa 0F       		.byte	0xf
 272 00ab 00000000 		.4byte	.LFB37
 273 00af 14000000 		.4byte	.LFE37-.LFB37
 274 00b3 01       		.uleb128 0x1
 275 00b4 9C       		.byte	0x9c
 276 00b5 F1000000 		.4byte	0xf1
 277 00b9 08       		.uleb128 0x8
 278 00ba 6D736700 		.ascii	"msg\000"
 279 00be 01       		.byte	0x1
 280 00bf 0F       		.byte	0xf
 281 00c0 93000000 		.4byte	0x93
 282 00c4 00000000 		.4byte	.LLST0
 283 00c8 09       		.uleb128 0x9
 284 00c9 06000000 		.4byte	.LVL1
 285 00cd 2D020000 		.4byte	0x22d
 286 00d1 DD000000 		.4byte	0xdd
 287 00d5 0A       		.uleb128 0xa
 288 00d6 01       		.uleb128 0x1
 289 00d7 50       		.byte	0x50
 290 00d8 03       		.uleb128 0x3
 291 00d9 F3       		.byte	0xf3
 292 00da 01       		.uleb128 0x1
 293 00db 50       		.byte	0x50
 294 00dc 00       		.byte	0
 295 00dd 0B       		.uleb128 0xb
 296 00de 0C000000 		.4byte	.LVL2
 297 00e2 2D020000 		.4byte	0x22d
 298 00e6 0A       		.uleb128 0xa
 299 00e7 01       		.uleb128 0x1
 300 00e8 50       		.byte	0x50
 301 00e9 05       		.uleb128 0x5
 302 00ea 03       		.byte	0x3
ARM GAS  C:\Users\Henny\AppData\Local\Temp\cccdfNai.s 			page 7


 303 00eb 00000000 		.4byte	.LC0
 304 00ef 00       		.byte	0
 305 00f0 00       		.byte	0
 306 00f1 07       		.uleb128 0x7
 307 00f2 15000000 		.4byte	.LASF14
 308 00f6 01       		.byte	0x1
 309 00f7 15       		.byte	0x15
 310 00f8 00000000 		.4byte	.LFB38
 311 00fc 1C000000 		.4byte	.LFE38-.LFB38
 312 0100 01       		.uleb128 0x1
 313 0101 9C       		.byte	0x9c
 314 0102 58010000 		.4byte	0x158
 315 0106 0C       		.uleb128 0xc
 316 0107 D4000000 		.4byte	.LASF15
 317 010b 01       		.byte	0x1
 318 010c 15       		.byte	0x15
 319 010d 64000000 		.4byte	0x64
 320 0111 21000000 		.4byte	.LLST1
 321 0115 0D       		.uleb128 0xd
 322 0116 0E000000 		.4byte	.LASF17
 323 011a 01       		.byte	0x1
 324 011b 17       		.byte	0x17
 325 011c 58010000 		.4byte	0x158
 326 0120 02       		.uleb128 0x2
 327 0121 91       		.byte	0x91
 328 0122 68       		.sleb128 -24
 329 0123 09       		.uleb128 0x9
 330 0124 0E000000 		.4byte	.LVL5
 331 0128 4A020000 		.4byte	0x24a
 332 012c 47010000 		.4byte	0x147
 333 0130 0A       		.uleb128 0xa
 334 0131 01       		.uleb128 0x1
 335 0132 52       		.byte	0x52
 336 0133 03       		.uleb128 0x3
 337 0134 F3       		.byte	0xf3
 338 0135 01       		.uleb128 0x1
 339 0136 50       		.byte	0x50
 340 0137 0A       		.uleb128 0xa
 341 0138 01       		.uleb128 0x1
 342 0139 51       		.byte	0x51
 343 013a 05       		.uleb128 0x5
 344 013b 03       		.byte	0x3
 345 013c 04000000 		.4byte	.LC2
 346 0140 0A       		.uleb128 0xa
 347 0141 01       		.uleb128 0x1
 348 0142 50       		.byte	0x50
 349 0143 02       		.uleb128 0x2
 350 0144 7D       		.byte	0x7d
 351 0145 00       		.sleb128 0
 352 0146 00       		.byte	0
 353 0147 0B       		.uleb128 0xb
 354 0148 14000000 		.4byte	.LVL6
 355 014c A4000000 		.4byte	0xa4
 356 0150 0A       		.uleb128 0xa
 357 0151 01       		.uleb128 0x1
 358 0152 50       		.byte	0x50
 359 0153 02       		.uleb128 0x2
ARM GAS  C:\Users\Henny\AppData\Local\Temp\cccdfNai.s 			page 8


 360 0154 7D       		.byte	0x7d
 361 0155 00       		.sleb128 0
 362 0156 00       		.byte	0
 363 0157 00       		.byte	0
 364 0158 0E       		.uleb128 0xe
 365 0159 85000000 		.4byte	0x85
 366 015d 68010000 		.4byte	0x168
 367 0161 0F       		.uleb128 0xf
 368 0162 8C000000 		.4byte	0x8c
 369 0166 0F       		.byte	0xf
 370 0167 00       		.byte	0
 371 0168 10       		.uleb128 0x10
 372 0169 9B010000 		.4byte	.LASF16
 373 016d 01       		.byte	0x1
 374 016e 1C       		.byte	0x1c
 375 016f 00000000 		.4byte	.LFB39
 376 0173 24000000 		.4byte	.LFE39-.LFB39
 377 0177 01       		.uleb128 0x1
 378 0178 9C       		.byte	0x9c
 379 0179 C6010000 		.4byte	0x1c6
 380 017d 08       		.uleb128 0x8
 381 017e 6600     		.ascii	"f\000"
 382 0180 01       		.byte	0x1
 383 0181 1C       		.byte	0x1c
 384 0182 25000000 		.4byte	0x25
 385 0186 4D000000 		.4byte	.LLST2
 386 018a 0D       		.uleb128 0xd
 387 018b 0E000000 		.4byte	.LASF17
 388 018f 01       		.byte	0x1
 389 0190 1E       		.byte	0x1e
 390 0191 58010000 		.4byte	0x158
 391 0195 02       		.uleb128 0x2
 392 0196 91       		.byte	0x91
 393 0197 68       		.sleb128 -24
 394 0198 09       		.uleb128 0x9
 395 0199 14000000 		.4byte	.LVL9
 396 019d 4A020000 		.4byte	0x24a
 397 01a1 B5010000 		.4byte	0x1b5
 398 01a5 0A       		.uleb128 0xa
 399 01a6 01       		.uleb128 0x1
 400 01a7 51       		.byte	0x51
 401 01a8 05       		.uleb128 0x5
 402 01a9 03       		.byte	0x3
 403 01aa 08000000 		.4byte	.LC4
 404 01ae 0A       		.uleb128 0xa
 405 01af 01       		.uleb128 0x1
 406 01b0 50       		.byte	0x50
 407 01b1 02       		.uleb128 0x2
 408 01b2 7D       		.byte	0x7d
 409 01b3 00       		.sleb128 0
 410 01b4 00       		.byte	0
 411 01b5 0B       		.uleb128 0xb
 412 01b6 1A000000 		.4byte	.LVL10
 413 01ba A4000000 		.4byte	0xa4
 414 01be 0A       		.uleb128 0xa
 415 01bf 01       		.uleb128 0x1
 416 01c0 50       		.byte	0x50
ARM GAS  C:\Users\Henny\AppData\Local\Temp\cccdfNai.s 			page 9


 417 01c1 02       		.uleb128 0x2
 418 01c2 7D       		.byte	0x7d
 419 01c3 00       		.sleb128 0
 420 01c4 00       		.byte	0
 421 01c5 00       		.byte	0
 422 01c6 07       		.uleb128 0x7
 423 01c7 AC000000 		.4byte	.LASF18
 424 01cb 01       		.byte	0x1
 425 01cc 23       		.byte	0x23
 426 01cd 00000000 		.4byte	.LFB40
 427 01d1 1C000000 		.4byte	.LFE40-.LFB40
 428 01d5 01       		.uleb128 0x1
 429 01d6 9C       		.byte	0x9c
 430 01d7 2D020000 		.4byte	0x22d
 431 01db 08       		.uleb128 0x8
 432 01dc 68657800 		.ascii	"hex\000"
 433 01e0 01       		.byte	0x1
 434 01e1 23       		.byte	0x23
 435 01e2 64000000 		.4byte	0x64
 436 01e6 70000000 		.4byte	.LLST3
 437 01ea 0D       		.uleb128 0xd
 438 01eb 0E000000 		.4byte	.LASF17
 439 01ef 01       		.byte	0x1
 440 01f0 25       		.byte	0x25
 441 01f1 58010000 		.4byte	0x158
 442 01f5 02       		.uleb128 0x2
 443 01f6 91       		.byte	0x91
 444 01f7 68       		.sleb128 -24
 445 01f8 09       		.uleb128 0x9
 446 01f9 0E000000 		.4byte	.LVL13
 447 01fd 4A020000 		.4byte	0x24a
 448 0201 1C020000 		.4byte	0x21c
 449 0205 0A       		.uleb128 0xa
 450 0206 01       		.uleb128 0x1
 451 0207 52       		.byte	0x52
 452 0208 03       		.uleb128 0x3
 453 0209 F3       		.byte	0xf3
 454 020a 01       		.uleb128 0x1
 455 020b 50       		.byte	0x50
 456 020c 0A       		.uleb128 0xa
 457 020d 01       		.uleb128 0x1
 458 020e 51       		.byte	0x51
 459 020f 05       		.uleb128 0x5
 460 0210 03       		.byte	0x3
 461 0211 0C000000 		.4byte	.LC6
 462 0215 0A       		.uleb128 0xa
 463 0216 01       		.uleb128 0x1
 464 0217 50       		.byte	0x50
 465 0218 02       		.uleb128 0x2
 466 0219 7D       		.byte	0x7d
 467 021a 00       		.sleb128 0
 468 021b 00       		.byte	0
 469 021c 0B       		.uleb128 0xb
 470 021d 14000000 		.4byte	.LVL14
 471 0221 A4000000 		.4byte	0xa4
 472 0225 0A       		.uleb128 0xa
 473 0226 01       		.uleb128 0x1
ARM GAS  C:\Users\Henny\AppData\Local\Temp\cccdfNai.s 			page 10


 474 0227 50       		.byte	0x50
 475 0228 02       		.uleb128 0x2
 476 0229 7D       		.byte	0x7d
 477 022a 00       		.sleb128 0
 478 022b 00       		.byte	0
 479 022c 00       		.byte	0
 480 022d 11       		.uleb128 0x11
 481 022e 74000000 		.4byte	.LASF19
 482 0232 02       		.byte	0x2
 483 0233 2103     		.2byte	0x321
 484 0235 3F020000 		.4byte	0x23f
 485 0239 12       		.uleb128 0x12
 486 023a 3F020000 		.4byte	0x23f
 487 023e 00       		.byte	0
 488 023f 05       		.uleb128 0x5
 489 0240 04       		.byte	0x4
 490 0241 45020000 		.4byte	0x245
 491 0245 06       		.uleb128 0x6
 492 0246 79000000 		.4byte	0x79
 493 024a 13       		.uleb128 0x13
 494 024b 1E000000 		.4byte	.LASF20
 495 024f 03       		.byte	0x3
 496 0250 DE       		.byte	0xde
 497 0251 64000000 		.4byte	0x64
 498 0255 12       		.uleb128 0x12
 499 0256 93000000 		.4byte	0x93
 500 025a 12       		.uleb128 0x12
 501 025b 99000000 		.4byte	0x99
 502 025f 14       		.uleb128 0x14
 503 0260 00       		.byte	0
 504 0261 00       		.byte	0
 505              		.section	.debug_abbrev,"",%progbits
 506              	.Ldebug_abbrev0:
 507 0000 01       		.uleb128 0x1
 508 0001 11       		.uleb128 0x11
 509 0002 01       		.byte	0x1
 510 0003 25       		.uleb128 0x25
 511 0004 0E       		.uleb128 0xe
 512 0005 13       		.uleb128 0x13
 513 0006 0B       		.uleb128 0xb
 514 0007 03       		.uleb128 0x3
 515 0008 0E       		.uleb128 0xe
 516 0009 1B       		.uleb128 0x1b
 517 000a 0E       		.uleb128 0xe
 518 000b 55       		.uleb128 0x55
 519 000c 17       		.uleb128 0x17
 520 000d 11       		.uleb128 0x11
 521 000e 01       		.uleb128 0x1
 522 000f 10       		.uleb128 0x10
 523 0010 17       		.uleb128 0x17
 524 0011 00       		.byte	0
 525 0012 00       		.byte	0
 526 0013 02       		.uleb128 0x2
 527 0014 24       		.uleb128 0x24
 528 0015 00       		.byte	0
 529 0016 0B       		.uleb128 0xb
 530 0017 0B       		.uleb128 0xb
ARM GAS  C:\Users\Henny\AppData\Local\Temp\cccdfNai.s 			page 11


 531 0018 3E       		.uleb128 0x3e
 532 0019 0B       		.uleb128 0xb
 533 001a 03       		.uleb128 0x3
 534 001b 0E       		.uleb128 0xe
 535 001c 00       		.byte	0
 536 001d 00       		.byte	0
 537 001e 03       		.uleb128 0x3
 538 001f 24       		.uleb128 0x24
 539 0020 00       		.byte	0
 540 0021 0B       		.uleb128 0xb
 541 0022 0B       		.uleb128 0xb
 542 0023 3E       		.uleb128 0x3e
 543 0024 0B       		.uleb128 0xb
 544 0025 03       		.uleb128 0x3
 545 0026 08       		.uleb128 0x8
 546 0027 00       		.byte	0
 547 0028 00       		.byte	0
 548 0029 04       		.uleb128 0x4
 549 002a 16       		.uleb128 0x16
 550 002b 00       		.byte	0
 551 002c 03       		.uleb128 0x3
 552 002d 0E       		.uleb128 0xe
 553 002e 3A       		.uleb128 0x3a
 554 002f 0B       		.uleb128 0xb
 555 0030 3B       		.uleb128 0x3b
 556 0031 05       		.uleb128 0x5
 557 0032 49       		.uleb128 0x49
 558 0033 13       		.uleb128 0x13
 559 0034 00       		.byte	0
 560 0035 00       		.byte	0
 561 0036 05       		.uleb128 0x5
 562 0037 0F       		.uleb128 0xf
 563 0038 00       		.byte	0
 564 0039 0B       		.uleb128 0xb
 565 003a 0B       		.uleb128 0xb
 566 003b 49       		.uleb128 0x49
 567 003c 13       		.uleb128 0x13
 568 003d 00       		.byte	0
 569 003e 00       		.byte	0
 570 003f 06       		.uleb128 0x6
 571 0040 26       		.uleb128 0x26
 572 0041 00       		.byte	0
 573 0042 49       		.uleb128 0x49
 574 0043 13       		.uleb128 0x13
 575 0044 00       		.byte	0
 576 0045 00       		.byte	0
 577 0046 07       		.uleb128 0x7
 578 0047 2E       		.uleb128 0x2e
 579 0048 01       		.byte	0x1
 580 0049 3F       		.uleb128 0x3f
 581 004a 19       		.uleb128 0x19
 582 004b 03       		.uleb128 0x3
 583 004c 0E       		.uleb128 0xe
 584 004d 3A       		.uleb128 0x3a
 585 004e 0B       		.uleb128 0xb
 586 004f 3B       		.uleb128 0x3b
 587 0050 0B       		.uleb128 0xb
ARM GAS  C:\Users\Henny\AppData\Local\Temp\cccdfNai.s 			page 12


 588 0051 27       		.uleb128 0x27
 589 0052 19       		.uleb128 0x19
 590 0053 11       		.uleb128 0x11
 591 0054 01       		.uleb128 0x1
 592 0055 12       		.uleb128 0x12
 593 0056 06       		.uleb128 0x6
 594 0057 40       		.uleb128 0x40
 595 0058 18       		.uleb128 0x18
 596 0059 9742     		.uleb128 0x2117
 597 005b 19       		.uleb128 0x19
 598 005c 01       		.uleb128 0x1
 599 005d 13       		.uleb128 0x13
 600 005e 00       		.byte	0
 601 005f 00       		.byte	0
 602 0060 08       		.uleb128 0x8
 603 0061 05       		.uleb128 0x5
 604 0062 00       		.byte	0
 605 0063 03       		.uleb128 0x3
 606 0064 08       		.uleb128 0x8
 607 0065 3A       		.uleb128 0x3a
 608 0066 0B       		.uleb128 0xb
 609 0067 3B       		.uleb128 0x3b
 610 0068 0B       		.uleb128 0xb
 611 0069 49       		.uleb128 0x49
 612 006a 13       		.uleb128 0x13
 613 006b 02       		.uleb128 0x2
 614 006c 17       		.uleb128 0x17
 615 006d 00       		.byte	0
 616 006e 00       		.byte	0
 617 006f 09       		.uleb128 0x9
 618 0070 898201   		.uleb128 0x4109
 619 0073 01       		.byte	0x1
 620 0074 11       		.uleb128 0x11
 621 0075 01       		.uleb128 0x1
 622 0076 31       		.uleb128 0x31
 623 0077 13       		.uleb128 0x13
 624 0078 01       		.uleb128 0x1
 625 0079 13       		.uleb128 0x13
 626 007a 00       		.byte	0
 627 007b 00       		.byte	0
 628 007c 0A       		.uleb128 0xa
 629 007d 8A8201   		.uleb128 0x410a
 630 0080 00       		.byte	0
 631 0081 02       		.uleb128 0x2
 632 0082 18       		.uleb128 0x18
 633 0083 9142     		.uleb128 0x2111
 634 0085 18       		.uleb128 0x18
 635 0086 00       		.byte	0
 636 0087 00       		.byte	0
 637 0088 0B       		.uleb128 0xb
 638 0089 898201   		.uleb128 0x4109
 639 008c 01       		.byte	0x1
 640 008d 11       		.uleb128 0x11
 641 008e 01       		.uleb128 0x1
 642 008f 31       		.uleb128 0x31
 643 0090 13       		.uleb128 0x13
 644 0091 00       		.byte	0
ARM GAS  C:\Users\Henny\AppData\Local\Temp\cccdfNai.s 			page 13


 645 0092 00       		.byte	0
 646 0093 0C       		.uleb128 0xc
 647 0094 05       		.uleb128 0x5
 648 0095 00       		.byte	0
 649 0096 03       		.uleb128 0x3
 650 0097 0E       		.uleb128 0xe
 651 0098 3A       		.uleb128 0x3a
 652 0099 0B       		.uleb128 0xb
 653 009a 3B       		.uleb128 0x3b
 654 009b 0B       		.uleb128 0xb
 655 009c 49       		.uleb128 0x49
 656 009d 13       		.uleb128 0x13
 657 009e 02       		.uleb128 0x2
 658 009f 17       		.uleb128 0x17
 659 00a0 00       		.byte	0
 660 00a1 00       		.byte	0
 661 00a2 0D       		.uleb128 0xd
 662 00a3 34       		.uleb128 0x34
 663 00a4 00       		.byte	0
 664 00a5 03       		.uleb128 0x3
 665 00a6 0E       		.uleb128 0xe
 666 00a7 3A       		.uleb128 0x3a
 667 00a8 0B       		.uleb128 0xb
 668 00a9 3B       		.uleb128 0x3b
 669 00aa 0B       		.uleb128 0xb
 670 00ab 49       		.uleb128 0x49
 671 00ac 13       		.uleb128 0x13
 672 00ad 02       		.uleb128 0x2
 673 00ae 18       		.uleb128 0x18
 674 00af 00       		.byte	0
 675 00b0 00       		.byte	0
 676 00b1 0E       		.uleb128 0xe
 677 00b2 01       		.uleb128 0x1
 678 00b3 01       		.byte	0x1
 679 00b4 49       		.uleb128 0x49
 680 00b5 13       		.uleb128 0x13
 681 00b6 01       		.uleb128 0x1
 682 00b7 13       		.uleb128 0x13
 683 00b8 00       		.byte	0
 684 00b9 00       		.byte	0
 685 00ba 0F       		.uleb128 0xf
 686 00bb 21       		.uleb128 0x21
 687 00bc 00       		.byte	0
 688 00bd 49       		.uleb128 0x49
 689 00be 13       		.uleb128 0x13
 690 00bf 2F       		.uleb128 0x2f
 691 00c0 0B       		.uleb128 0xb
 692 00c1 00       		.byte	0
 693 00c2 00       		.byte	0
 694 00c3 10       		.uleb128 0x10
 695 00c4 2E       		.uleb128 0x2e
 696 00c5 01       		.byte	0x1
 697 00c6 3F       		.uleb128 0x3f
 698 00c7 19       		.uleb128 0x19
 699 00c8 03       		.uleb128 0x3
 700 00c9 0E       		.uleb128 0xe
 701 00ca 3A       		.uleb128 0x3a
ARM GAS  C:\Users\Henny\AppData\Local\Temp\cccdfNai.s 			page 14


 702 00cb 0B       		.uleb128 0xb
 703 00cc 3B       		.uleb128 0x3b
 704 00cd 0B       		.uleb128 0xb
 705 00ce 27       		.uleb128 0x27
 706 00cf 19       		.uleb128 0x19
 707 00d0 11       		.uleb128 0x11
 708 00d1 01       		.uleb128 0x1
 709 00d2 12       		.uleb128 0x12
 710 00d3 06       		.uleb128 0x6
 711 00d4 40       		.uleb128 0x40
 712 00d5 18       		.uleb128 0x18
 713 00d6 9642     		.uleb128 0x2116
 714 00d8 19       		.uleb128 0x19
 715 00d9 01       		.uleb128 0x1
 716 00da 13       		.uleb128 0x13
 717 00db 00       		.byte	0
 718 00dc 00       		.byte	0
 719 00dd 11       		.uleb128 0x11
 720 00de 2E       		.uleb128 0x2e
 721 00df 01       		.byte	0x1
 722 00e0 3F       		.uleb128 0x3f
 723 00e1 19       		.uleb128 0x19
 724 00e2 03       		.uleb128 0x3
 725 00e3 0E       		.uleb128 0xe
 726 00e4 3A       		.uleb128 0x3a
 727 00e5 0B       		.uleb128 0xb
 728 00e6 3B       		.uleb128 0x3b
 729 00e7 05       		.uleb128 0x5
 730 00e8 27       		.uleb128 0x27
 731 00e9 19       		.uleb128 0x19
 732 00ea 3C       		.uleb128 0x3c
 733 00eb 19       		.uleb128 0x19
 734 00ec 01       		.uleb128 0x1
 735 00ed 13       		.uleb128 0x13
 736 00ee 00       		.byte	0
 737 00ef 00       		.byte	0
 738 00f0 12       		.uleb128 0x12
 739 00f1 05       		.uleb128 0x5
 740 00f2 00       		.byte	0
 741 00f3 49       		.uleb128 0x49
 742 00f4 13       		.uleb128 0x13
 743 00f5 00       		.byte	0
 744 00f6 00       		.byte	0
 745 00f7 13       		.uleb128 0x13
 746 00f8 2E       		.uleb128 0x2e
 747 00f9 01       		.byte	0x1
 748 00fa 3F       		.uleb128 0x3f
 749 00fb 19       		.uleb128 0x19
 750 00fc 03       		.uleb128 0x3
 751 00fd 0E       		.uleb128 0xe
 752 00fe 3A       		.uleb128 0x3a
 753 00ff 0B       		.uleb128 0xb
 754 0100 3B       		.uleb128 0x3b
 755 0101 0B       		.uleb128 0xb
 756 0102 27       		.uleb128 0x27
 757 0103 19       		.uleb128 0x19
 758 0104 49       		.uleb128 0x49
ARM GAS  C:\Users\Henny\AppData\Local\Temp\cccdfNai.s 			page 15


 759 0105 13       		.uleb128 0x13
 760 0106 3C       		.uleb128 0x3c
 761 0107 19       		.uleb128 0x19
 762 0108 00       		.byte	0
 763 0109 00       		.byte	0
 764 010a 14       		.uleb128 0x14
 765 010b 18       		.uleb128 0x18
 766 010c 00       		.byte	0
 767 010d 00       		.byte	0
 768 010e 00       		.byte	0
 769 010f 00       		.byte	0
 770              		.section	.debug_loc,"",%progbits
 771              	.Ldebug_loc0:
 772              	.LLST0:
 773 0000 00000000 		.4byte	.LVL0
 774 0004 05000000 		.4byte	.LVL1-1
 775 0008 0100     		.2byte	0x1
 776 000a 50       		.byte	0x50
 777 000b 05000000 		.4byte	.LVL1-1
 778 000f 14000000 		.4byte	.LFE37
 779 0013 0400     		.2byte	0x4
 780 0015 F3       		.byte	0xf3
 781 0016 01       		.uleb128 0x1
 782 0017 50       		.byte	0x50
 783 0018 9F       		.byte	0x9f
 784 0019 00000000 		.4byte	0
 785 001d 00000000 		.4byte	0
 786              	.LLST1:
 787 0021 00000000 		.4byte	.LVL3
 788 0025 08000000 		.4byte	.LVL4
 789 0029 0100     		.2byte	0x1
 790 002b 50       		.byte	0x50
 791 002c 08000000 		.4byte	.LVL4
 792 0030 0D000000 		.4byte	.LVL5-1
 793 0034 0100     		.2byte	0x1
 794 0036 52       		.byte	0x52
 795 0037 0D000000 		.4byte	.LVL5-1
 796 003b 1C000000 		.4byte	.LFE38
 797 003f 0400     		.2byte	0x4
 798 0041 F3       		.byte	0xf3
 799 0042 01       		.uleb128 0x1
 800 0043 50       		.byte	0x50
 801 0044 9F       		.byte	0x9f
 802 0045 00000000 		.4byte	0
 803 0049 00000000 		.4byte	0
 804              	.LLST2:
 805 004d 00000000 		.4byte	.LVL7
 806 0051 07000000 		.4byte	.LVL8-1
 807 0055 0100     		.2byte	0x1
 808 0057 50       		.byte	0x50
 809 0058 07000000 		.4byte	.LVL8-1
 810 005c 24000000 		.4byte	.LFE39
 811 0060 0600     		.2byte	0x6
 812 0062 F3       		.byte	0xf3
 813 0063 03       		.uleb128 0x3
 814 0064 F5       		.byte	0xf5
 815 0065 00       		.uleb128 0
ARM GAS  C:\Users\Henny\AppData\Local\Temp\cccdfNai.s 			page 16


 816 0066 25       		.uleb128 0x25
 817 0067 9F       		.byte	0x9f
 818 0068 00000000 		.4byte	0
 819 006c 00000000 		.4byte	0
 820              	.LLST3:
 821 0070 00000000 		.4byte	.LVL11
 822 0074 08000000 		.4byte	.LVL12
 823 0078 0100     		.2byte	0x1
 824 007a 50       		.byte	0x50
 825 007b 08000000 		.4byte	.LVL12
 826 007f 0D000000 		.4byte	.LVL13-1
 827 0083 0100     		.2byte	0x1
 828 0085 52       		.byte	0x52
 829 0086 0D000000 		.4byte	.LVL13-1
 830 008a 1C000000 		.4byte	.LFE40
 831 008e 0400     		.2byte	0x4
 832 0090 F3       		.byte	0xf3
 833 0091 01       		.uleb128 0x1
 834 0092 50       		.byte	0x50
 835 0093 9F       		.byte	0x9f
 836 0094 00000000 		.4byte	0
 837 0098 00000000 		.4byte	0
 838              		.section	.debug_aranges,"",%progbits
 839 0000 34000000 		.4byte	0x34
 840 0004 0200     		.2byte	0x2
 841 0006 00000000 		.4byte	.Ldebug_info0
 842 000a 04       		.byte	0x4
 843 000b 00       		.byte	0
 844 000c 0000     		.2byte	0
 845 000e 0000     		.2byte	0
 846 0010 00000000 		.4byte	.LFB37
 847 0014 14000000 		.4byte	.LFE37-.LFB37
 848 0018 00000000 		.4byte	.LFB38
 849 001c 1C000000 		.4byte	.LFE38-.LFB38
 850 0020 00000000 		.4byte	.LFB39
 851 0024 24000000 		.4byte	.LFE39-.LFB39
 852 0028 00000000 		.4byte	.LFB40
 853 002c 1C000000 		.4byte	.LFE40-.LFB40
 854 0030 00000000 		.4byte	0
 855 0034 00000000 		.4byte	0
 856              		.section	.debug_ranges,"",%progbits
 857              	.Ldebug_ranges0:
 858 0000 00000000 		.4byte	.LFB37
 859 0004 14000000 		.4byte	.LFE37
 860 0008 00000000 		.4byte	.LFB38
 861 000c 1C000000 		.4byte	.LFE38
 862 0010 00000000 		.4byte	.LFB39
 863 0014 24000000 		.4byte	.LFE39
 864 0018 00000000 		.4byte	.LFB40
 865 001c 1C000000 		.4byte	.LFE40
 866 0020 00000000 		.4byte	0
 867 0024 00000000 		.4byte	0
 868              		.section	.debug_line,"",%progbits
 869              	.Ldebug_line0:
 870 0000 0E010000 		.section	.debug_str,"MS",%progbits,1
 870      0200C000 
 870      00000201 
ARM GAS  C:\Users\Henny\AppData\Local\Temp\cccdfNai.s 			page 17


 870      FB0E0D00 
 870      01010101 
 871              	.LASF7:
 872 0000 6C6F6E67 		.ascii	"long long int\000"
 872      206C6F6E 
 872      6720696E 
 872      7400
 873              	.LASF17:
 874 000e 73747269 		.ascii	"string\000"
 874      6E6700
 875              	.LASF14:
 876 0015 64656275 		.ascii	"debugInt\000"
 876      67496E74 
 876      00
 877              	.LASF20:
 878 001e 73707269 		.ascii	"sprintf\000"
 878      6E746600 
 879              	.LASF6:
 880 0026 6C6F6E67 		.ascii	"long unsigned int\000"
 880      20756E73 
 880      69676E65 
 880      6420696E 
 880      7400
 881              	.LASF13:
 882 0038 64656275 		.ascii	"debug\000"
 882      6700
 883              	.LASF8:
 884 003e 6C6F6E67 		.ascii	"long long unsigned int\000"
 884      206C6F6E 
 884      6720756E 
 884      7369676E 
 884      65642069 
 885              	.LASF24:
 886 0055 63686172 		.ascii	"char8\000"
 886      3800
 887              	.LASF0:
 888 005b 666C6F61 		.ascii	"float\000"
 888      7400
 889              	.LASF2:
 890 0061 756E7369 		.ascii	"unsigned char\000"
 890      676E6564 
 890      20636861 
 890      7200
 891              	.LASF11:
 892 006f 63686172 		.ascii	"char\000"
 892      00
 893              	.LASF19:
 894 0074 55415254 		.ascii	"UART_UartPutString\000"
 894      5F556172 
 894      74507574 
 894      53747269 
 894      6E6700
 895              	.LASF5:
 896 0087 6C6F6E67 		.ascii	"long int\000"
 896      20696E74 
 896      00
 897              	.LASF3:
ARM GAS  C:\Users\Henny\AppData\Local\Temp\cccdfNai.s 			page 18


 898 0090 73686F72 		.ascii	"short int\000"
 898      7420696E 
 898      7400
 899              	.LASF22:
 900 009a 2E5C636F 		.ascii	".\\common.c\000"
 900      6D6D6F6E 
 900      2E6300
 901              	.LASF10:
 902 00a5 646F7562 		.ascii	"double\000"
 902      6C6500
 903              	.LASF18:
 904 00ac 64656275 		.ascii	"debugHex\000"
 904      67486578 
 904      00
 905              	.LASF4:
 906 00b5 73686F72 		.ascii	"short unsigned int\000"
 906      7420756E 
 906      7369676E 
 906      65642069 
 906      6E7400
 907              	.LASF1:
 908 00c8 7369676E 		.ascii	"signed char\000"
 908      65642063 
 908      68617200 
 909              	.LASF15:
 910 00d4 696E7465 		.ascii	"integer\000"
 910      67657200 
 911              	.LASF21:
 912 00dc 474E5520 		.ascii	"GNU C 4.9.3 20150303 (release) [ARM/embedded-4_9-br"
 912      4320342E 
 912      392E3320 
 912      32303135 
 912      30333033 
 913 010f 616E6368 		.ascii	"anch revision 221220] -mcpu=cortex-m0 -mthumb -g -O"
 913      20726576 
 913      6973696F 
 913      6E203232 
 913      31323230 
 914 0142 67202D66 		.ascii	"g -ffunction-sections -ffat-lto-objects\000"
 914      66756E63 
 914      74696F6E 
 914      2D736563 
 914      74696F6E 
 915              	.LASF23:
 916 016a 443A5C48 		.ascii	"D:\\Henny\\magisterka\\CY8KIT\\BLE\\BLE\\WaveSim.cy"
 916      656E6E79 
 916      5C6D6167 
 916      69737465 
 916      726B615C 
 917 0197 64736E00 		.ascii	"dsn\000"
 918              	.LASF16:
 919 019b 64656275 		.ascii	"debugFloat\000"
 919      67466C6F 
 919      617400
 920              	.LASF9:
 921 01a6 756E7369 		.ascii	"unsigned int\000"
 921      676E6564 
ARM GAS  C:\Users\Henny\AppData\Local\Temp\cccdfNai.s 			page 19


 921      20696E74 
 921      00
 922              	.LASF12:
 923 01b3 73697A65 		.ascii	"sizetype\000"
 923      74797065 
 923      00
 924              		.ident	"GCC: (GNU Tools for ARM Embedded Processors) 4.9.3 20150303 (release) [ARM/embedded-4_9-br
