ARM GAS  C:\Users\Henny\AppData\Local\Temp\cc1jbfJB.s 			page 1


   1              		.cpu cortex-m0
   2              		.fpu softvfp
   3              		.eabi_attribute 20, 1
   4              		.eabi_attribute 21, 1
   5              		.eabi_attribute 23, 3
   6              		.eabi_attribute 24, 1
   7              		.eabi_attribute 25, 1
   8              		.eabi_attribute 26, 1
   9              		.eabi_attribute 30, 1
  10              		.eabi_attribute 34, 0
  11              		.eabi_attribute 18, 4
  12              		.code	16
  13              		.file	"cyapicallbacks.c"
  14              		.text
  15              	.Ltext0:
  16              		.cfi_sections	.debug_frame
  17              		.section	.text.Stack_Handler,"ax",%progbits
  18              		.align	2
  19              		.global	Stack_Handler
  20              		.code	16
  21              		.thumb_func
  22              		.type	Stack_Handler, %function
  23              	Stack_Handler:
  24              	.LFB37:
  25              		.file 1 ".\\cyapicallbacks.c"
   1:.\cyapicallbacks.c **** /* ========================================
   2:.\cyapicallbacks.c ****  *
   3:.\cyapicallbacks.c ****  * Copyright YOUR COMPANY, THE YEAR
   4:.\cyapicallbacks.c ****  * All Rights Reserved
   5:.\cyapicallbacks.c ****  * UNPUBLISHED, LICENSED SOFTWARE.
   6:.\cyapicallbacks.c ****  *
   7:.\cyapicallbacks.c ****  * CONFIDENTIAL AND PROPRIETARY INFORMATION
   8:.\cyapicallbacks.c ****  * WHICH IS THE PROPERTY OF your company.
   9:.\cyapicallbacks.c ****  *
  10:.\cyapicallbacks.c ****  * ========================================
  11:.\cyapicallbacks.c **** */
  12:.\cyapicallbacks.c **** #include <project.h>
  13:.\cyapicallbacks.c **** #include <common.h>
  14:.\cyapicallbacks.c **** 
  15:.\cyapicallbacks.c **** void Stack_Handler( uint32 eventCode, void *eventParam )
  16:.\cyapicallbacks.c **** {
  26              		.loc 1 16 0
  27              		.cfi_startproc
  28              	.LVL0:
  29 0000 10B5     		push	{r4, lr}
  30              		.cfi_def_cfa_offset 8
  31              		.cfi_offset 4, -8
  32              		.cfi_offset 14, -4
  33 0002 0C1C     		mov	r4, r1
  17:.\cyapicallbacks.c ****     CYBLE_GATTS_WRITE_REQ_PARAM_T *wrReq;
  18:.\cyapicallbacks.c ****     
  19:.\cyapicallbacks.c ****     switch ( eventCode )
  34              		.loc 1 19 0
  35 0004 2728     		cmp	r0, #39
  36 0006 19D0     		beq	.L3
  37 0008 04D8     		bhi	.L4
  38 000a 0128     		cmp	r0, #1
ARM GAS  C:\Users\Henny\AppData\Local\Temp\cc1jbfJB.s 			page 2


  39 000c 07D0     		beq	.L5
  40 000e 2628     		cmp	r0, #38
  41 0010 0CD0     		beq	.L6
  42 0012 44E0     		b	.L1
  43              	.L4:
  44 0014 2828     		cmp	r0, #40
  45 0016 1ED0     		beq	.L7
  46 0018 4C28     		cmp	r0, #76
  47 001a 2CD0     		beq	.L8
  48 001c 3FE0     		b	.L1
  49              	.L5:
  20:.\cyapicallbacks.c ****     {
  21:.\cyapicallbacks.c ****         //** GAP **
  22:.\cyapicallbacks.c ****         case CYBLE_EVT_STACK_ON:
  23:.\cyapicallbacks.c ****             CyBle_GappStartAdvertisement( CYBLE_ADVERTISING_FAST );
  50              		.loc 1 23 0
  51 001e 0020     		mov	r0, #0
  52              	.LVL1:
  53 0020 FFF7FEFF 		bl	CyBle_GappStartAdvertisement
  54              	.LVL2:
  24:.\cyapicallbacks.c ****             AdvLED_Write(LED_ON);
  55              		.loc 1 24 0
  56 0024 0020     		mov	r0, #0
  57 0026 FFF7FEFF 		bl	AdvLED_Write
  58              	.LVL3:
  25:.\cyapicallbacks.c ****             break;
  59              		.loc 1 25 0
  60 002a 38E0     		b	.L1
  61              	.LVL4:
  62              	.L6:
  26:.\cyapicallbacks.c ****         case CYBLE_EVT_GAPP_ADVERTISEMENT_START_STOP:
  27:.\cyapicallbacks.c ****             if(CYBLE_STATE_DISCONNECTED == CyBle_GetState())
  63              		.loc 1 27 0
  64 002c 1C4B     		ldr	r3, .L10
  65 002e 1B78     		ldrb	r3, [r3]
  66 0030 042B     		cmp	r3, #4
  67 0032 34D1     		bne	.L1
  28:.\cyapicallbacks.c ****                 AdvLED_Write(LED_ON);
  68              		.loc 1 28 0
  69 0034 0020     		mov	r0, #0
  70              	.LVL5:
  71 0036 FFF7FEFF 		bl	AdvLED_Write
  72              	.LVL6:
  73 003a 30E0     		b	.L1
  74              	.LVL7:
  75              	.L3:
  29:.\cyapicallbacks.c ****             break;
  30:.\cyapicallbacks.c ****         
  31:.\cyapicallbacks.c ****         case CYBLE_EVT_GAP_DEVICE_CONNECTED:
  32:.\cyapicallbacks.c ****             debug("Connected to device");
  76              		.loc 1 32 0
  77 003c 1948     		ldr	r0, .L10+4
  78              	.LVL8:
  79 003e FFF7FEFF 		bl	debug
  80              	.LVL9:
  33:.\cyapicallbacks.c ****             bleConnected = 1;
  81              		.loc 1 33 0
ARM GAS  C:\Users\Henny\AppData\Local\Temp\cc1jbfJB.s 			page 3


  82 0042 0122     		mov	r2, #1
  83 0044 184B     		ldr	r3, .L10+8
  84 0046 1A60     		str	r2, [r3]
  34:.\cyapicallbacks.c ****             AdvLED_Write(LED_OFF);
  85              		.loc 1 34 0
  86 0048 0120     		mov	r0, #1
  87 004a FFF7FEFF 		bl	AdvLED_Write
  88              	.LVL10:
  35:.\cyapicallbacks.c ****             ConnectedLED_Write(LED_ON);
  89              		.loc 1 35 0
  90 004e 0020     		mov	r0, #0
  91 0050 FFF7FEFF 		bl	ConnectedLED_Write
  92              	.LVL11:
  36:.\cyapicallbacks.c ****             break;
  93              		.loc 1 36 0
  94 0054 23E0     		b	.L1
  95              	.LVL12:
  96              	.L7:
  37:.\cyapicallbacks.c ****             
  38:.\cyapicallbacks.c ****         case CYBLE_EVT_GAP_DEVICE_DISCONNECTED:
  39:.\cyapicallbacks.c ****             debug("Disconnected from device");
  97              		.loc 1 39 0
  98 0056 1548     		ldr	r0, .L10+12
  99              	.LVL13:
 100 0058 FFF7FEFF 		bl	debug
 101              	.LVL14:
  40:.\cyapicallbacks.c ****             bleConnected = 0;
 102              		.loc 1 40 0
 103 005c 0022     		mov	r2, #0
 104 005e 124B     		ldr	r3, .L10+8
 105 0060 1A60     		str	r2, [r3]
  41:.\cyapicallbacks.c ****             ConnectedLED_Write(LED_OFF);
 106              		.loc 1 41 0
 107 0062 0120     		mov	r0, #1
 108 0064 FFF7FEFF 		bl	ConnectedLED_Write
 109              	.LVL15:
  42:.\cyapicallbacks.c ****             AdvLED_Write(LED_ON);
 110              		.loc 1 42 0
 111 0068 0020     		mov	r0, #0
 112 006a FFF7FEFF 		bl	AdvLED_Write
 113              	.LVL16:
  43:.\cyapicallbacks.c ****             CyBle_GappStartAdvertisement( CYBLE_ADVERTISING_FAST );
 114              		.loc 1 43 0
 115 006e 0020     		mov	r0, #0
 116 0070 FFF7FEFF 		bl	CyBle_GappStartAdvertisement
 117              	.LVL17:
  44:.\cyapicallbacks.c ****             break;
 118              		.loc 1 44 0
 119 0074 13E0     		b	.L1
 120              	.LVL18:
 121              	.L8:
  45:.\cyapicallbacks.c ****        
  46:.\cyapicallbacks.c ****             
  47:.\cyapicallbacks.c ****         //** GATT **
  48:.\cyapicallbacks.c ****         case CYBLE_EVT_GATT_CONNECT_IND:
  49:.\cyapicallbacks.c ****             break;
  50:.\cyapicallbacks.c ****             
ARM GAS  C:\Users\Henny\AppData\Local\Temp\cc1jbfJB.s 			page 4


  51:.\cyapicallbacks.c ****         case CYBLE_EVT_GATTS_WRITE_REQ:
  52:.\cyapicallbacks.c ****             wrReq = (CYBLE_GATTS_WRITE_REQ_PARAM_T *) eventParam;
  53:.\cyapicallbacks.c ****             if ( wrReq->handleValPair.attrHandle == CYBLE_SENSOR_SENSOR_SENSORCCCD_DESC_HANDLE )
 122              		.loc 1 53 0
 123 0076 8B89     		ldrh	r3, [r1, #12]
 124 0078 112B     		cmp	r3, #17
 125 007a 09D1     		bne	.L9
  54:.\cyapicallbacks.c ****             {
  55:.\cyapicallbacks.c ****                 CyBle_GattsWriteAttributeValue( &wrReq->handleValPair, 0, &cyBle_connHandle, CYBLE_
 126              		.loc 1 55 0
 127 007c 081D     		add	r0, r1, #4
 128              	.LVL19:
 129 007e 0021     		mov	r1, #0
 130              	.LVL20:
 131 0080 0B4A     		ldr	r2, .L10+16
 132 0082 0023     		mov	r3, #0
 133 0084 FFF7FEFF 		bl	CyBle_GattsWriteAttributeValue
 134              	.LVL21:
  56:.\cyapicallbacks.c ****                 notifyOn = wrReq->handleValPair.value.val[0];
 135              		.loc 1 56 0
 136 0088 6368     		ldr	r3, [r4, #4]
 137 008a 1A78     		ldrb	r2, [r3]
 138 008c 094B     		ldr	r3, .L10+20
 139 008e 1A60     		str	r2, [r3]
 140              	.L9:
  57:.\cyapicallbacks.c ****                 
  58:.\cyapicallbacks.c ****             }
  59:.\cyapicallbacks.c ****             CyBle_GattsWriteRsp( cyBle_connHandle );
 141              		.loc 1 59 0
 142 0090 074A     		ldr	r2, .L10+16
 143 0092 1378     		ldrb	r3, [r2]
 144 0094 5078     		ldrb	r0, [r2, #1]
 145 0096 0002     		lsl	r0, r0, #8
 146 0098 1843     		orr	r0, r3
 147 009a FFF7FEFF 		bl	CyBle_GattsWriteRsp
 148              	.LVL22:
 149              	.L1:
  60:.\cyapicallbacks.c ****             break;
  61:.\cyapicallbacks.c ****            
  62:.\cyapicallbacks.c ****         default:
  63:.\cyapicallbacks.c ****             break;
  64:.\cyapicallbacks.c ****            
  65:.\cyapicallbacks.c ****             
  66:.\cyapicallbacks.c ****     }
  67:.\cyapicallbacks.c **** }
 150              		.loc 1 67 0
 151              		@ sp needed
 152              	.LVL23:
 153 009e 10BD     		pop	{r4, pc}
 154              	.L11:
 155              		.align	2
 156              	.L10:
 157 00a0 00000000 		.word	cyBle_state
 158 00a4 00000000 		.word	.LC1
 159 00a8 00000000 		.word	bleConnected
 160 00ac 14000000 		.word	.LC4
 161 00b0 00000000 		.word	cyBle_connHandle
ARM GAS  C:\Users\Henny\AppData\Local\Temp\cc1jbfJB.s 			page 5


 162 00b4 00000000 		.word	notifyOn
 163              		.cfi_endproc
 164              	.LFE37:
 165              		.size	Stack_Handler, .-Stack_Handler
 166              		.comm	bleConnected,4,4
 167              		.comm	notifyOn,4,4
 168              		.section	.rodata.str1.4,"aMS",%progbits,1
 169              		.align	2
 170              	.LC1:
 171 0000 436F6E6E 		.ascii	"Connected to device\000"
 171      65637465 
 171      6420746F 
 171      20646576 
 171      69636500 
 172              	.LC4:
 173 0014 44697363 		.ascii	"Disconnected from device\000"
 173      6F6E6E65 
 173      63746564 
 173      2066726F 
 173      6D206465 
 174 002d 000000   		.text
 175              	.Letext0:
 176              		.file 2 "Generated_Source\\PSoC4/cytypes.h"
 177              		.file 3 "Generated_Source\\PSoC4/BLE_Stack.h"
 178              		.file 4 "Generated_Source\\PSoC4/BLE_StackGatt.h"
 179              		.file 5 "Generated_Source\\PSoC4/BLE_StackGattServer.h"
 180              		.file 6 "Generated_Source\\PSoC4/BLE_eventHandler.h"
 181              		.file 7 "./common.h"
 182              		.file 8 "Generated_Source\\PSoC4/AdvLED.h"
 183              		.file 9 "Generated_Source\\PSoC4/ConnectedLED.h"
 184              		.file 10 "Generated_Source\\PSoC4/BLE.h"
 185              		.file 11 "Generated_Source\\PSoC4/BLE_StackGattDb.h"
 186              		.section	.debug_info,"",%progbits
 187              	.Ldebug_info0:
 188 0000 61070000 		.4byte	0x761
 189 0004 0400     		.2byte	0x4
 190 0006 00000000 		.4byte	.Ldebug_abbrev0
 191 000a 04       		.byte	0x4
 192 000b 01       		.uleb128 0x1
 193 000c D50E0000 		.4byte	.LASF184
 194 0010 01       		.byte	0x1
 195 0011 28010000 		.4byte	.LASF185
 196 0015 32040000 		.4byte	.LASF186
 197 0019 00000000 		.4byte	.Ldebug_ranges0+0
 198 001d 00000000 		.4byte	0
 199 0021 00000000 		.4byte	.Ldebug_line0
 200 0025 02       		.uleb128 0x2
 201 0026 01       		.byte	0x1
 202 0027 06       		.byte	0x6
 203 0028 71040000 		.4byte	.LASF0
 204 002c 02       		.uleb128 0x2
 205 002d 01       		.byte	0x1
 206 002e 08       		.byte	0x8
 207 002f 4D0E0000 		.4byte	.LASF1
 208 0033 02       		.uleb128 0x2
 209 0034 02       		.byte	0x2
 210 0035 05       		.byte	0x5
ARM GAS  C:\Users\Henny\AppData\Local\Temp\cc1jbfJB.s 			page 6


 211 0036 630F0000 		.4byte	.LASF2
 212 003a 02       		.uleb128 0x2
 213 003b 02       		.byte	0x2
 214 003c 07       		.byte	0x7
 215 003d 50120000 		.4byte	.LASF3
 216 0041 02       		.uleb128 0x2
 217 0042 04       		.byte	0x4
 218 0043 05       		.byte	0x5
 219 0044 AB020000 		.4byte	.LASF4
 220 0048 02       		.uleb128 0x2
 221 0049 04       		.byte	0x4
 222 004a 07       		.byte	0x7
 223 004b 70080000 		.4byte	.LASF5
 224 004f 02       		.uleb128 0x2
 225 0050 08       		.byte	0x8
 226 0051 05       		.byte	0x5
 227 0052 63040000 		.4byte	.LASF6
 228 0056 02       		.uleb128 0x2
 229 0057 08       		.byte	0x8
 230 0058 07       		.byte	0x7
 231 0059 63070000 		.4byte	.LASF7
 232 005d 03       		.uleb128 0x3
 233 005e 04       		.byte	0x4
 234 005f 05       		.byte	0x5
 235 0060 696E7400 		.ascii	"int\000"
 236 0064 02       		.uleb128 0x2
 237 0065 04       		.byte	0x4
 238 0066 07       		.byte	0x7
 239 0067 1E110000 		.4byte	.LASF8
 240 006b 04       		.uleb128 0x4
 241 006c CD050000 		.4byte	.LASF9
 242 0070 02       		.byte	0x2
 243 0071 3801     		.2byte	0x138
 244 0073 2C000000 		.4byte	0x2c
 245 0077 04       		.uleb128 0x4
 246 0078 0F070000 		.4byte	.LASF10
 247 007c 02       		.byte	0x2
 248 007d 3901     		.2byte	0x139
 249 007f 3A000000 		.4byte	0x3a
 250 0083 04       		.uleb128 0x4
 251 0084 6C060000 		.4byte	.LASF11
 252 0088 02       		.byte	0x2
 253 0089 3A01     		.2byte	0x13a
 254 008b 48000000 		.4byte	0x48
 255 008f 02       		.uleb128 0x2
 256 0090 04       		.byte	0x4
 257 0091 04       		.byte	0x4
 258 0092 880D0000 		.4byte	.LASF12
 259 0096 02       		.uleb128 0x2
 260 0097 08       		.byte	0x8
 261 0098 04       		.byte	0x4
 262 0099 F2050000 		.4byte	.LASF13
 263 009d 02       		.uleb128 0x2
 264 009e 01       		.byte	0x1
 265 009f 08       		.byte	0x8
 266 00a0 D7100000 		.4byte	.LASF14
 267 00a4 02       		.uleb128 0x2
ARM GAS  C:\Users\Henny\AppData\Local\Temp\cc1jbfJB.s 			page 7


 268 00a5 04       		.byte	0x4
 269 00a6 07       		.byte	0x7
 270 00a7 7F0B0000 		.4byte	.LASF15
 271 00ab 05       		.uleb128 0x5
 272 00ac 04       		.byte	0x4
 273 00ad 06       		.uleb128 0x6
 274 00ae 04       		.byte	0x4
 275 00af 9D000000 		.4byte	0x9d
 276 00b3 07       		.uleb128 0x7
 277 00b4 01       		.byte	0x1
 278 00b5 03       		.byte	0x3
 279 00b6 4201     		.2byte	0x142
 280 00b8 70020000 		.4byte	0x270
 281 00bc 08       		.uleb128 0x8
 282 00bd 6A090000 		.4byte	.LASF16
 283 00c1 00       		.sleb128 0
 284 00c2 08       		.uleb128 0x8
 285 00c3 7D040000 		.4byte	.LASF17
 286 00c7 01       		.sleb128 1
 287 00c8 08       		.uleb128 0x8
 288 00c9 99020000 		.4byte	.LASF18
 289 00cd 02       		.sleb128 2
 290 00ce 08       		.uleb128 0x8
 291 00cf 37120000 		.4byte	.LASF19
 292 00d3 03       		.sleb128 3
 293 00d4 08       		.uleb128 0x8
 294 00d5 09030000 		.4byte	.LASF20
 295 00d9 04       		.sleb128 4
 296 00da 08       		.uleb128 0x8
 297 00db 23000000 		.4byte	.LASF21
 298 00df 05       		.sleb128 5
 299 00e0 08       		.uleb128 0x8
 300 00e1 9F090000 		.4byte	.LASF22
 301 00e5 06       		.sleb128 6
 302 00e6 08       		.uleb128 0x8
 303 00e7 FB0A0000 		.4byte	.LASF23
 304 00eb 20       		.sleb128 32
 305 00ec 08       		.uleb128 0x8
 306 00ed D9040000 		.4byte	.LASF24
 307 00f1 21       		.sleb128 33
 308 00f2 08       		.uleb128 0x8
 309 00f3 DC090000 		.4byte	.LASF25
 310 00f7 22       		.sleb128 34
 311 00f8 08       		.uleb128 0x8
 312 00f9 610A0000 		.4byte	.LASF26
 313 00fd 23       		.sleb128 35
 314 00fe 08       		.uleb128 0x8
 315 00ff 950C0000 		.4byte	.LASF27
 316 0103 24       		.sleb128 36
 317 0104 08       		.uleb128 0x8
 318 0105 E40B0000 		.4byte	.LASF28
 319 0109 25       		.sleb128 37
 320 010a 08       		.uleb128 0x8
 321 010b 82050000 		.4byte	.LASF29
 322 010f 26       		.sleb128 38
 323 0110 08       		.uleb128 0x8
 324 0111 000A0000 		.4byte	.LASF30
ARM GAS  C:\Users\Henny\AppData\Local\Temp\cc1jbfJB.s 			page 8


 325 0115 27       		.sleb128 39
 326 0116 08       		.uleb128 0x8
 327 0117 FC100000 		.4byte	.LASF31
 328 011b 28       		.sleb128 40
 329 011c 08       		.uleb128 0x8
 330 011d 84030000 		.4byte	.LASF32
 331 0121 29       		.sleb128 41
 332 0122 08       		.uleb128 0x8
 333 0123 59010000 		.4byte	.LASF33
 334 0127 2A       		.sleb128 42
 335 0128 08       		.uleb128 0x8
 336 0129 D6010000 		.4byte	.LASF34
 337 012d 2B       		.sleb128 43
 338 012e 08       		.uleb128 0x8
 339 012f 2C140000 		.4byte	.LASF35
 340 0133 2C       		.sleb128 44
 341 0134 08       		.uleb128 0x8
 342 0135 A1030000 		.4byte	.LASF36
 343 0139 2D       		.sleb128 45
 344 013a 08       		.uleb128 0x8
 345 013b 610E0000 		.4byte	.LASF37
 346 013f 2E       		.sleb128 46
 347 0140 08       		.uleb128 0x8
 348 0141 F5010000 		.4byte	.LASF38
 349 0145 2F       		.sleb128 47
 350 0146 08       		.uleb128 0x8
 351 0147 4A0C0000 		.4byte	.LASF39
 352 014b 30       		.sleb128 48
 353 014c 08       		.uleb128 0x8
 354 014d 9D140000 		.4byte	.LASF40
 355 0151 31       		.sleb128 49
 356 0152 08       		.uleb128 0x8
 357 0153 290C0000 		.4byte	.LASF41
 358 0157 32       		.sleb128 50
 359 0158 08       		.uleb128 0x8
 360 0159 67100000 		.4byte	.LASF42
 361 015d 33       		.sleb128 51
 362 015e 08       		.uleb128 0x8
 363 015f 63120000 		.4byte	.LASF43
 364 0163 C000     		.sleb128 64
 365 0165 08       		.uleb128 0x8
 366 0166 870A0000 		.4byte	.LASF44
 367 016a C100     		.sleb128 65
 368 016c 08       		.uleb128 0x8
 369 016d DD140000 		.4byte	.LASF45
 370 0171 C200     		.sleb128 66
 371 0173 08       		.uleb128 0x8
 372 0174 F0120000 		.4byte	.LASF46
 373 0178 C300     		.sleb128 67
 374 017a 08       		.uleb128 0x8
 375 017b BF080000 		.4byte	.LASF47
 376 017f C400     		.sleb128 68
 377 0181 08       		.uleb128 0x8
 378 0182 610D0000 		.4byte	.LASF48
 379 0186 C500     		.sleb128 69
 380 0188 08       		.uleb128 0x8
 381 0189 550B0000 		.4byte	.LASF49
ARM GAS  C:\Users\Henny\AppData\Local\Temp\cc1jbfJB.s 			page 9


 382 018d C600     		.sleb128 70
 383 018f 08       		.uleb128 0x8
 384 0190 81090000 		.4byte	.LASF50
 385 0194 C700     		.sleb128 71
 386 0196 08       		.uleb128 0x8
 387 0197 F0130000 		.4byte	.LASF51
 388 019b C800     		.sleb128 72
 389 019d 08       		.uleb128 0x8
 390 019e F0040000 		.4byte	.LASF52
 391 01a2 C900     		.sleb128 73
 392 01a4 08       		.uleb128 0x8
 393 01a5 4A130000 		.4byte	.LASF53
 394 01a9 CA00     		.sleb128 74
 395 01ab 08       		.uleb128 0x8
 396 01ac 1E020000 		.4byte	.LASF54
 397 01b0 CB00     		.sleb128 75
 398 01b2 08       		.uleb128 0x8
 399 01b3 A5080000 		.4byte	.LASF55
 400 01b7 CC00     		.sleb128 76
 401 01b9 08       		.uleb128 0x8
 402 01ba 0F0C0000 		.4byte	.LASF56
 403 01be CD00     		.sleb128 77
 404 01c0 08       		.uleb128 0x8
 405 01c1 3E050000 		.4byte	.LASF57
 406 01c5 CE00     		.sleb128 78
 407 01c7 08       		.uleb128 0x8
 408 01c8 11100000 		.4byte	.LASF58
 409 01cc CF00     		.sleb128 79
 410 01ce 08       		.uleb128 0x8
 411 01cf 3D020000 		.4byte	.LASF59
 412 01d3 D000     		.sleb128 80
 413 01d5 08       		.uleb128 0x8
 414 01d6 D3050000 		.4byte	.LASF60
 415 01da D100     		.sleb128 81
 416 01dc 08       		.uleb128 0x8
 417 01dd C40C0000 		.4byte	.LASF61
 418 01e1 D200     		.sleb128 82
 419 01e3 08       		.uleb128 0x8
 420 01e4 6D0F0000 		.4byte	.LASF62
 421 01e8 D300     		.sleb128 83
 422 01ea 08       		.uleb128 0x8
 423 01eb 8E0D0000 		.4byte	.LASF63
 424 01ef D400     		.sleb128 84
 425 01f1 08       		.uleb128 0x8
 426 01f2 DD080000 		.4byte	.LASF64
 427 01f6 D500     		.sleb128 85
 428 01f8 08       		.uleb128 0x8
 429 01f9 9F070000 		.4byte	.LASF65
 430 01fd D600     		.sleb128 86
 431 01ff 08       		.uleb128 0x8
 432 0200 2B110000 		.4byte	.LASF66
 433 0204 D700     		.sleb128 87
 434 0206 08       		.uleb128 0x8
 435 0207 01090000 		.4byte	.LASF67
 436 020b D800     		.sleb128 88
 437 020d 08       		.uleb128 0x8
 438 020e C7060000 		.4byte	.LASF68
ARM GAS  C:\Users\Henny\AppData\Local\Temp\cc1jbfJB.s 			page 10


 439 0212 F000     		.sleb128 112
 440 0214 08       		.uleb128 0x8
 441 0215 77140000 		.4byte	.LASF69
 442 0219 F100     		.sleb128 113
 443 021b 08       		.uleb128 0x8
 444 021c A80A0000 		.4byte	.LASF70
 445 0220 F200     		.sleb128 114
 446 0222 08       		.uleb128 0x8
 447 0223 5C020000 		.4byte	.LASF71
 448 0227 F300     		.sleb128 115
 449 0229 08       		.uleb128 0x8
 450 022a 1D0D0000 		.4byte	.LASF72
 451 022e F400     		.sleb128 116
 452 0230 08       		.uleb128 0x8
 453 0231 F9050000 		.4byte	.LASF73
 454 0235 F500     		.sleb128 117
 455 0237 08       		.uleb128 0x8
 456 0238 82010000 		.4byte	.LASF74
 457 023c F600     		.sleb128 118
 458 023e 08       		.uleb128 0x8
 459 023f 77000000 		.4byte	.LASF75
 460 0243 F700     		.sleb128 119
 461 0245 08       		.uleb128 0x8
 462 0246 00000000 		.4byte	.LASF76
 463 024a F800     		.sleb128 120
 464 024c 08       		.uleb128 0x8
 465 024d 54110000 		.4byte	.LASF77
 466 0251 F900     		.sleb128 121
 467 0253 08       		.uleb128 0x8
 468 0254 16070000 		.4byte	.LASF78
 469 0258 FA00     		.sleb128 122
 470 025a 08       		.uleb128 0x8
 471 025b 59140000 		.4byte	.LASF79
 472 025f FA01     		.sleb128 250
 473 0261 08       		.uleb128 0x8
 474 0262 DF070000 		.4byte	.LASF80
 475 0266 FB01     		.sleb128 251
 476 0268 08       		.uleb128 0x8
 477 0269 96060000 		.4byte	.LASF81
 478 026d FF01     		.sleb128 255
 479 026f 00       		.byte	0
 480 0270 07       		.uleb128 0x7
 481 0271 02       		.byte	0x2
 482 0272 03       		.byte	0x3
 483 0273 FF02     		.2byte	0x2ff
 484 0275 40030000 		.4byte	0x340
 485 0279 08       		.uleb128 0x8
 486 027a A4060000 		.4byte	.LASF82
 487 027e 00       		.sleb128 0
 488 027f 08       		.uleb128 0x8
 489 0280 1A060000 		.4byte	.LASF83
 490 0284 01       		.sleb128 1
 491 0285 08       		.uleb128 0x8
 492 0286 7D120000 		.4byte	.LASF84
 493 028a 02       		.sleb128 2
 494 028b 08       		.uleb128 0x8
 495 028c DE000000 		.4byte	.LASF85
ARM GAS  C:\Users\Henny\AppData\Local\Temp\cc1jbfJB.s 			page 11


 496 0290 03       		.sleb128 3
 497 0291 08       		.uleb128 0x8
 498 0292 19130000 		.4byte	.LASF86
 499 0296 04       		.sleb128 4
 500 0297 08       		.uleb128 0x8
 501 0298 C1070000 		.4byte	.LASF87
 502 029c 05       		.sleb128 5
 503 029d 08       		.uleb128 0x8
 504 029e CE0F0000 		.4byte	.LASF88
 505 02a2 06       		.sleb128 6
 506 02a3 08       		.uleb128 0x8
 507 02a4 B2040000 		.4byte	.LASF89
 508 02a8 07       		.sleb128 7
 509 02a9 08       		.uleb128 0x8
 510 02aa 23150000 		.4byte	.LASF90
 511 02ae 08       		.sleb128 8
 512 02af 08       		.uleb128 0x8
 513 02b0 17140000 		.4byte	.LASF91
 514 02b4 09       		.sleb128 9
 515 02b5 08       		.uleb128 0x8
 516 02b6 F40D0000 		.4byte	.LASF92
 517 02ba 0A       		.sleb128 10
 518 02bb 08       		.uleb128 0x8
 519 02bc DC100000 		.4byte	.LASF93
 520 02c0 0B       		.sleb128 11
 521 02c1 08       		.uleb128 0x8
 522 02c2 6D030000 		.4byte	.LASF94
 523 02c6 0C       		.sleb128 12
 524 02c7 08       		.uleb128 0x8
 525 02c8 D1020000 		.4byte	.LASF95
 526 02cc 0D       		.sleb128 13
 527 02cd 08       		.uleb128 0x8
 528 02ce 47080000 		.4byte	.LASF96
 529 02d2 0E       		.sleb128 14
 530 02d3 08       		.uleb128 0x8
 531 02d4 A90F0000 		.4byte	.LASF97
 532 02d8 0F       		.sleb128 15
 533 02d9 08       		.uleb128 0x8
 534 02da DC110000 		.4byte	.LASF98
 535 02de 10       		.sleb128 16
 536 02df 08       		.uleb128 0x8
 537 02e0 24090000 		.4byte	.LASF99
 538 02e4 11       		.sleb128 17
 539 02e5 08       		.uleb128 0x8
 540 02e6 AA050000 		.4byte	.LASF100
 541 02ea 12       		.sleb128 18
 542 02eb 08       		.uleb128 0x8
 543 02ec FB140000 		.4byte	.LASF101
 544 02f0 13       		.sleb128 19
 545 02f1 08       		.uleb128 0x8
 546 02f2 90040000 		.4byte	.LASF102
 547 02f6 27       		.sleb128 39
 548 02f7 08       		.uleb128 0x8
 549 02f8 B7110000 		.4byte	.LASF103
 550 02fc 28       		.sleb128 40
 551 02fd 08       		.uleb128 0x8
 552 02fe 84130000 		.4byte	.LASF104
ARM GAS  C:\Users\Henny\AppData\Local\Temp\cc1jbfJB.s 			page 12


 553 0302 29       		.sleb128 41
 554 0303 08       		.uleb128 0x8
 555 0304 B4020000 		.4byte	.LASF105
 556 0308 2A       		.sleb128 42
 557 0309 08       		.uleb128 0x8
 558 030a A3010000 		.4byte	.LASF106
 559 030e 2B       		.sleb128 43
 560 030f 08       		.uleb128 0x8
 561 0310 3D0B0000 		.4byte	.LASF107
 562 0314 2C       		.sleb128 44
 563 0315 08       		.uleb128 0x8
 564 0316 68130000 		.4byte	.LASF108
 565 031a FE01     		.sleb128 254
 566 031c 08       		.uleb128 0x8
 567 031d 2D0B0000 		.4byte	.LASF109
 568 0321 FF01     		.sleb128 255
 569 0323 08       		.uleb128 0x8
 570 0324 80020000 		.4byte	.LASF110
 571 0328 8002     		.sleb128 256
 572 032a 08       		.uleb128 0x8
 573 032b E50C0000 		.4byte	.LASF111
 574 032f 8102     		.sleb128 257
 575 0331 08       		.uleb128 0x8
 576 0332 0E0E0000 		.4byte	.LASF112
 577 0336 8202     		.sleb128 258
 578 0338 08       		.uleb128 0x8
 579 0339 24050000 		.4byte	.LASF113
 580 033d 8302     		.sleb128 259
 581 033f 00       		.byte	0
 582 0340 04       		.uleb128 0x4
 583 0341 B10C0000 		.4byte	.LASF114
 584 0345 03       		.byte	0x3
 585 0346 6B03     		.2byte	0x36b
 586 0348 70020000 		.4byte	0x270
 587 034c 06       		.uleb128 0x6
 588 034d 04       		.byte	0x4
 589 034e 6B000000 		.4byte	0x6b
 590 0352 09       		.uleb128 0x9
 591 0353 01       		.byte	0x1
 592 0354 04       		.byte	0x4
 593 0355 AB       		.byte	0xab
 594 0356 53040000 		.4byte	0x453
 595 035a 08       		.uleb128 0x8
 596 035b B3060000 		.4byte	.LASF115
 597 035f 00       		.sleb128 0
 598 0360 08       		.uleb128 0x8
 599 0361 3B010000 		.4byte	.LASF116
 600 0365 01       		.sleb128 1
 601 0366 08       		.uleb128 0x8
 602 0367 ED060000 		.4byte	.LASF117
 603 036b 02       		.sleb128 2
 604 036c 08       		.uleb128 0x8
 605 036d 73060000 		.4byte	.LASF118
 606 0371 03       		.sleb128 3
 607 0372 08       		.uleb128 0x8
 608 0373 09050000 		.4byte	.LASF119
 609 0377 04       		.sleb128 4
ARM GAS  C:\Users\Henny\AppData\Local\Temp\cc1jbfJB.s 			page 13


 610 0378 08       		.uleb128 0x8
 611 0379 EF030000 		.4byte	.LASF120
 612 037d 05       		.sleb128 5
 613 037e 08       		.uleb128 0x8
 614 037f 03010000 		.4byte	.LASF121
 615 0383 06       		.sleb128 6
 616 0384 08       		.uleb128 0x8
 617 0385 3A070000 		.4byte	.LASF122
 618 0389 07       		.sleb128 7
 619 038a 08       		.uleb128 0x8
 620 038b 6B0C0000 		.4byte	.LASF123
 621 038f 08       		.sleb128 8
 622 0390 08       		.uleb128 0x8
 623 0391 AF0D0000 		.4byte	.LASF124
 624 0395 09       		.sleb128 9
 625 0396 08       		.uleb128 0x8
 626 0397 82080000 		.4byte	.LASF125
 627 039b 0A       		.sleb128 10
 628 039c 08       		.uleb128 0x8
 629 039d 48090000 		.4byte	.LASF126
 630 03a1 0B       		.sleb128 11
 631 03a2 08       		.uleb128 0x8
 632 03a3 AA000000 		.4byte	.LASF127
 633 03a7 0C       		.sleb128 12
 634 03a8 08       		.uleb128 0x8
 635 03a9 850E0000 		.4byte	.LASF128
 636 03ad 0D       		.sleb128 13
 637 03ae 08       		.uleb128 0x8
 638 03af 77110000 		.4byte	.LASF129
 639 03b3 0E       		.sleb128 14
 640 03b4 08       		.uleb128 0x8
 641 03b5 C9120000 		.4byte	.LASF130
 642 03b9 0F       		.sleb128 15
 643 03ba 08       		.uleb128 0x8
 644 03bb 38060000 		.4byte	.LASF131
 645 03bf 10       		.sleb128 16
 646 03c0 08       		.uleb128 0x8
 647 03c1 880B0000 		.4byte	.LASF132
 648 03c5 11       		.sleb128 17
 649 03c6 08       		.uleb128 0x8
 650 03c7 8E100000 		.4byte	.LASF133
 651 03cb 8001     		.sleb128 128
 652 03cd 08       		.uleb128 0x8
 653 03ce 9B120000 		.4byte	.LASF134
 654 03d2 8001     		.sleb128 128
 655 03d4 08       		.uleb128 0x8
 656 03d5 C40A0000 		.4byte	.LASF135
 657 03d9 8001     		.sleb128 128
 658 03db 08       		.uleb128 0x8
 659 03dc 350A0000 		.4byte	.LASF136
 660 03e0 8001     		.sleb128 128
 661 03e2 08       		.uleb128 0x8
 662 03e3 19080000 		.4byte	.LASF137
 663 03e7 8001     		.sleb128 128
 664 03e9 08       		.uleb128 0x8
 665 03ea CA030000 		.4byte	.LASF138
 666 03ee 8001     		.sleb128 128
ARM GAS  C:\Users\Henny\AppData\Local\Temp\cc1jbfJB.s 			page 14


 667 03f0 08       		.uleb128 0x8
 668 03f1 8E0F0000 		.4byte	.LASF139
 669 03f5 8001     		.sleb128 128
 670 03f7 08       		.uleb128 0x8
 671 03f8 AA0E0000 		.4byte	.LASF140
 672 03fc 8101     		.sleb128 129
 673 03fe 08       		.uleb128 0x8
 674 03ff 1E030000 		.4byte	.LASF141
 675 0403 8101     		.sleb128 129
 676 0405 08       		.uleb128 0x8
 677 0406 FE070000 		.4byte	.LASF142
 678 040a 8101     		.sleb128 129
 679 040c 08       		.uleb128 0x8
 680 040d 53000000 		.4byte	.LASF143
 681 0411 8101     		.sleb128 129
 682 0413 08       		.uleb128 0x8
 683 0414 A0130000 		.4byte	.LASF144
 684 0418 8201     		.sleb128 130
 685 041a 08       		.uleb128 0x8
 686 041b E80F0000 		.4byte	.LASF145
 687 041f A001     		.sleb128 160
 688 0421 08       		.uleb128 0x8
 689 0422 B8090000 		.4byte	.LASF146
 690 0426 A001     		.sleb128 160
 691 0428 08       		.uleb128 0x8
 692 0429 3F030000 		.4byte	.LASF147
 693 042d A101     		.sleb128 161
 694 042f 08       		.uleb128 0x8
 695 0430 3B0D0000 		.4byte	.LASF148
 696 0434 A201     		.sleb128 162
 697 0436 08       		.uleb128 0x8
 698 0437 95110000 		.4byte	.LASF149
 699 043b A301     		.sleb128 163
 700 043d 08       		.uleb128 0x8
 701 043e 3D100000 		.4byte	.LASF150
 702 0442 FD01     		.sleb128 253
 703 0444 08       		.uleb128 0x8
 704 0445 0A120000 		.4byte	.LASF151
 705 0449 FE01     		.sleb128 254
 706 044b 08       		.uleb128 0x8
 707 044c 310E0000 		.4byte	.LASF152
 708 0450 FF01     		.sleb128 255
 709 0452 00       		.byte	0
 710 0453 04       		.uleb128 0x4
 711 0454 1F0A0000 		.4byte	.LASF153
 712 0458 04       		.byte	0x4
 713 0459 6201     		.2byte	0x162
 714 045b 52030000 		.4byte	0x352
 715 045f 04       		.uleb128 0x4
 716 0460 C1140000 		.4byte	.LASF154
 717 0464 04       		.byte	0x4
 718 0465 9201     		.2byte	0x192
 719 0467 77000000 		.4byte	0x77
 720 046b 0A       		.uleb128 0xa
 721 046c 02       		.byte	0x2
 722 046d 04       		.byte	0x4
 723 046e 9C01     		.2byte	0x19c
ARM GAS  C:\Users\Henny\AppData\Local\Temp\cc1jbfJB.s 			page 15


 724 0470 8F040000 		.4byte	0x48f
 725 0474 0B       		.uleb128 0xb
 726 0475 50140000 		.4byte	.LASF155
 727 0479 04       		.byte	0x4
 728 047a A301     		.2byte	0x1a3
 729 047c 6B000000 		.4byte	0x6b
 730 0480 00       		.byte	0
 731 0481 0B       		.uleb128 0xb
 732 0482 A20A0000 		.4byte	.LASF156
 733 0486 04       		.byte	0x4
 734 0487 A901     		.2byte	0x1a9
 735 0489 6B000000 		.4byte	0x6b
 736 048d 01       		.byte	0x1
 737 048e 00       		.byte	0
 738 048f 04       		.uleb128 0x4
 739 0490 96000000 		.4byte	.LASF157
 740 0494 04       		.byte	0x4
 741 0495 AB01     		.2byte	0x1ab
 742 0497 6B040000 		.4byte	0x46b
 743 049b 0A       		.uleb128 0xa
 744 049c 08       		.byte	0x8
 745 049d 04       		.byte	0x4
 746 049e C701     		.2byte	0x1c7
 747 04a0 CC040000 		.4byte	0x4cc
 748 04a4 0C       		.uleb128 0xc
 749 04a5 76616C00 		.ascii	"val\000"
 750 04a9 04       		.byte	0x4
 751 04aa CA01     		.2byte	0x1ca
 752 04ac 4C030000 		.4byte	0x34c
 753 04b0 00       		.byte	0
 754 04b1 0C       		.uleb128 0xc
 755 04b2 6C656E00 		.ascii	"len\000"
 756 04b6 04       		.byte	0x4
 757 04b7 CD01     		.2byte	0x1cd
 758 04b9 77000000 		.4byte	0x77
 759 04bd 04       		.byte	0x4
 760 04be 0B       		.uleb128 0xb
 761 04bf CF040000 		.4byte	.LASF158
 762 04c3 04       		.byte	0x4
 763 04c4 D401     		.2byte	0x1d4
 764 04c6 77000000 		.4byte	0x77
 765 04ca 06       		.byte	0x6
 766 04cb 00       		.byte	0
 767 04cc 04       		.uleb128 0x4
 768 04cd F6020000 		.4byte	.LASF159
 769 04d1 04       		.byte	0x4
 770 04d2 D601     		.2byte	0x1d6
 771 04d4 9B040000 		.4byte	0x49b
 772 04d8 0A       		.uleb128 0xa
 773 04d9 0C       		.byte	0xc
 774 04da 04       		.byte	0x4
 775 04db D901     		.2byte	0x1d9
 776 04dd FC040000 		.4byte	0x4fc
 777 04e1 0B       		.uleb128 0xb
 778 04e2 7A070000 		.4byte	.LASF160
 779 04e6 04       		.byte	0x4
 780 04e7 DC01     		.2byte	0x1dc
ARM GAS  C:\Users\Henny\AppData\Local\Temp\cc1jbfJB.s 			page 16


 781 04e9 CC040000 		.4byte	0x4cc
 782 04ed 00       		.byte	0
 783 04ee 0B       		.uleb128 0xb
 784 04ef 58070000 		.4byte	.LASF161
 785 04f3 04       		.byte	0x4
 786 04f4 DF01     		.2byte	0x1df
 787 04f6 5F040000 		.4byte	0x45f
 788 04fa 08       		.byte	0x8
 789 04fb 00       		.byte	0
 790 04fc 04       		.uleb128 0x4
 791 04fd FE0C0000 		.4byte	.LASF162
 792 0501 04       		.byte	0x4
 793 0502 E101     		.2byte	0x1e1
 794 0504 D8040000 		.4byte	0x4d8
 795 0508 0D       		.uleb128 0xd
 796 0509 10       		.byte	0x10
 797 050a 05       		.byte	0x5
 798 050b 8A       		.byte	0x8a
 799 050c 29050000 		.4byte	0x529
 800 0510 0E       		.uleb128 0xe
 801 0511 D3000000 		.4byte	.LASF163
 802 0515 05       		.byte	0x5
 803 0516 8D       		.byte	0x8d
 804 0517 8F040000 		.4byte	0x48f
 805 051b 00       		.byte	0
 806 051c 0E       		.uleb128 0xe
 807 051d 1F0B0000 		.4byte	.LASF164
 808 0521 05       		.byte	0x5
 809 0522 90       		.byte	0x90
 810 0523 FC040000 		.4byte	0x4fc
 811 0527 04       		.byte	0x4
 812 0528 00       		.byte	0
 813 0529 0F       		.uleb128 0xf
 814 052a AD0B0000 		.4byte	.LASF165
 815 052e 05       		.byte	0x5
 816 052f 92       		.byte	0x92
 817 0530 08050000 		.4byte	0x508
 818 0534 07       		.uleb128 0x7
 819 0535 01       		.byte	0x1
 820 0536 06       		.byte	0x6
 821 0537 BF07     		.2byte	0x7bf
 822 0539 5C050000 		.4byte	0x55c
 823 053d 08       		.uleb128 0x8
 824 053e 3F000000 		.4byte	.LASF166
 825 0542 00       		.sleb128 0
 826 0543 08       		.uleb128 0x8
 827 0544 CB0B0000 		.4byte	.LASF167
 828 0548 01       		.sleb128 1
 829 0549 08       		.uleb128 0x8
 830 054a C6130000 		.4byte	.LASF168
 831 054e 02       		.sleb128 2
 832 054f 08       		.uleb128 0x8
 833 0550 1A040000 		.4byte	.LASF169
 834 0554 03       		.sleb128 3
 835 0555 08       		.uleb128 0x8
 836 0556 5C050000 		.4byte	.LASF170
 837 055a 04       		.sleb128 4
ARM GAS  C:\Users\Henny\AppData\Local\Temp\cc1jbfJB.s 			page 17


 838 055b 00       		.byte	0
 839 055c 04       		.uleb128 0x4
 840 055d 3C130000 		.4byte	.LASF171
 841 0561 06       		.byte	0x6
 842 0562 CD07     		.2byte	0x7cd
 843 0564 34050000 		.4byte	0x534
 844 0568 10       		.uleb128 0x10
 845 0569 5E060000 		.4byte	.LASF187
 846 056d 01       		.byte	0x1
 847 056e 0F       		.byte	0xf
 848 056f 00000000 		.4byte	.LFB37
 849 0573 B8000000 		.4byte	.LFE37-.LFB37
 850 0577 01       		.uleb128 0x1
 851 0578 9C       		.byte	0x9c
 852 0579 98060000 		.4byte	0x698
 853 057d 11       		.uleb128 0x11
 854 057e 63030000 		.4byte	.LASF172
 855 0582 01       		.byte	0x1
 856 0583 0F       		.byte	0xf
 857 0584 83000000 		.4byte	0x83
 858 0588 00000000 		.4byte	.LLST0
 859 058c 11       		.uleb128 0x11
 860 058d 0E130000 		.4byte	.LASF173
 861 0591 01       		.byte	0x1
 862 0592 0F       		.byte	0xf
 863 0593 AB000000 		.4byte	0xab
 864 0597 85000000 		.4byte	.LLST1
 865 059b 12       		.uleb128 0x12
 866 059c 5B0E0000 		.4byte	.LASF188
 867 05a0 01       		.byte	0x1
 868 05a1 11       		.byte	0x11
 869 05a2 98060000 		.4byte	0x698
 870 05a6 09010000 		.4byte	.LLST2
 871 05aa 13       		.uleb128 0x13
 872 05ab 24000000 		.4byte	.LVL2
 873 05af D8060000 		.4byte	0x6d8
 874 05b3 BD050000 		.4byte	0x5bd
 875 05b7 14       		.uleb128 0x14
 876 05b8 01       		.uleb128 0x1
 877 05b9 50       		.byte	0x50
 878 05ba 01       		.uleb128 0x1
 879 05bb 30       		.byte	0x30
 880 05bc 00       		.byte	0
 881 05bd 13       		.uleb128 0x13
 882 05be 2A000000 		.4byte	.LVL3
 883 05c2 EE060000 		.4byte	0x6ee
 884 05c6 D0050000 		.4byte	0x5d0
 885 05ca 14       		.uleb128 0x14
 886 05cb 01       		.uleb128 0x1
 887 05cc 50       		.byte	0x50
 888 05cd 01       		.uleb128 0x1
 889 05ce 30       		.byte	0x30
 890 05cf 00       		.byte	0
 891 05d0 13       		.uleb128 0x13
 892 05d1 3A000000 		.4byte	.LVL6
 893 05d5 EE060000 		.4byte	0x6ee
 894 05d9 E3050000 		.4byte	0x5e3
ARM GAS  C:\Users\Henny\AppData\Local\Temp\cc1jbfJB.s 			page 18


 895 05dd 14       		.uleb128 0x14
 896 05de 01       		.uleb128 0x1
 897 05df 50       		.byte	0x50
 898 05e0 01       		.uleb128 0x1
 899 05e1 30       		.byte	0x30
 900 05e2 00       		.byte	0
 901 05e3 13       		.uleb128 0x13
 902 05e4 42000000 		.4byte	.LVL9
 903 05e8 FF060000 		.4byte	0x6ff
 904 05ec FA050000 		.4byte	0x5fa
 905 05f0 14       		.uleb128 0x14
 906 05f1 01       		.uleb128 0x1
 907 05f2 50       		.byte	0x50
 908 05f3 05       		.uleb128 0x5
 909 05f4 03       		.byte	0x3
 910 05f5 00000000 		.4byte	.LC1
 911 05f9 00       		.byte	0
 912 05fa 13       		.uleb128 0x13
 913 05fb 4E000000 		.4byte	.LVL10
 914 05ff EE060000 		.4byte	0x6ee
 915 0603 0D060000 		.4byte	0x60d
 916 0607 14       		.uleb128 0x14
 917 0608 01       		.uleb128 0x1
 918 0609 50       		.byte	0x50
 919 060a 01       		.uleb128 0x1
 920 060b 31       		.byte	0x31
 921 060c 00       		.byte	0
 922 060d 13       		.uleb128 0x13
 923 060e 54000000 		.4byte	.LVL11
 924 0612 10070000 		.4byte	0x710
 925 0616 20060000 		.4byte	0x620
 926 061a 14       		.uleb128 0x14
 927 061b 01       		.uleb128 0x1
 928 061c 50       		.byte	0x50
 929 061d 01       		.uleb128 0x1
 930 061e 30       		.byte	0x30
 931 061f 00       		.byte	0
 932 0620 13       		.uleb128 0x13
 933 0621 5C000000 		.4byte	.LVL14
 934 0625 FF060000 		.4byte	0x6ff
 935 0629 37060000 		.4byte	0x637
 936 062d 14       		.uleb128 0x14
 937 062e 01       		.uleb128 0x1
 938 062f 50       		.byte	0x50
 939 0630 05       		.uleb128 0x5
 940 0631 03       		.byte	0x3
 941 0632 14000000 		.4byte	.LC4
 942 0636 00       		.byte	0
 943 0637 13       		.uleb128 0x13
 944 0638 68000000 		.4byte	.LVL15
 945 063c 10070000 		.4byte	0x710
 946 0640 4A060000 		.4byte	0x64a
 947 0644 14       		.uleb128 0x14
 948 0645 01       		.uleb128 0x1
 949 0646 50       		.byte	0x50
 950 0647 01       		.uleb128 0x1
 951 0648 31       		.byte	0x31
ARM GAS  C:\Users\Henny\AppData\Local\Temp\cc1jbfJB.s 			page 19


 952 0649 00       		.byte	0
 953 064a 13       		.uleb128 0x13
 954 064b 6E000000 		.4byte	.LVL16
 955 064f EE060000 		.4byte	0x6ee
 956 0653 5D060000 		.4byte	0x65d
 957 0657 14       		.uleb128 0x14
 958 0658 01       		.uleb128 0x1
 959 0659 50       		.byte	0x50
 960 065a 01       		.uleb128 0x1
 961 065b 30       		.byte	0x30
 962 065c 00       		.byte	0
 963 065d 13       		.uleb128 0x13
 964 065e 74000000 		.4byte	.LVL17
 965 0662 D8060000 		.4byte	0x6d8
 966 0666 70060000 		.4byte	0x670
 967 066a 14       		.uleb128 0x14
 968 066b 01       		.uleb128 0x1
 969 066c 50       		.byte	0x50
 970 066d 01       		.uleb128 0x1
 971 066e 30       		.byte	0x30
 972 066f 00       		.byte	0
 973 0670 13       		.uleb128 0x13
 974 0671 88000000 		.4byte	.LVL21
 975 0675 21070000 		.4byte	0x721
 976 0679 8E060000 		.4byte	0x68e
 977 067d 14       		.uleb128 0x14
 978 067e 01       		.uleb128 0x1
 979 067f 53       		.byte	0x53
 980 0680 01       		.uleb128 0x1
 981 0681 30       		.byte	0x30
 982 0682 14       		.uleb128 0x14
 983 0683 01       		.uleb128 0x1
 984 0684 51       		.byte	0x51
 985 0685 01       		.uleb128 0x1
 986 0686 30       		.byte	0x30
 987 0687 14       		.uleb128 0x14
 988 0688 01       		.uleb128 0x1
 989 0689 50       		.byte	0x50
 990 068a 02       		.uleb128 0x2
 991 068b 74       		.byte	0x74
 992 068c 04       		.sleb128 4
 993 068d 00       		.byte	0
 994 068e 15       		.uleb128 0x15
 995 068f 9E000000 		.4byte	.LVL22
 996 0693 52070000 		.4byte	0x752
 997 0697 00       		.byte	0
 998 0698 06       		.uleb128 0x6
 999 0699 04       		.byte	0x4
 1000 069a 29050000 		.4byte	0x529
 1001 069e 16       		.uleb128 0x16
 1002 069f 550A0000 		.4byte	.LASF174
 1003 06a3 06       		.byte	0x6
 1004 06a4 DA09     		.2byte	0x9da
 1005 06a6 5C050000 		.4byte	0x55c
 1006 06aa 16       		.uleb128 0x16
 1007 06ab FE0B0000 		.4byte	.LASF175
 1008 06af 06       		.byte	0x6
ARM GAS  C:\Users\Henny\AppData\Local\Temp\cc1jbfJB.s 			page 20


 1009 06b0 DB09     		.2byte	0x9db
 1010 06b2 8F040000 		.4byte	0x48f
 1011 06b6 17       		.uleb128 0x17
 1012 06b7 760B0000 		.4byte	.LASF176
 1013 06bb 07       		.byte	0x7
 1014 06bc 16       		.byte	0x16
 1015 06bd 5D000000 		.4byte	0x5d
 1016 06c1 05       		.uleb128 0x5
 1017 06c2 03       		.byte	0x3
 1018 06c3 00000000 		.4byte	notifyOn
 1019 06c7 17       		.uleb128 0x17
 1020 06c8 75050000 		.4byte	.LASF177
 1021 06cc 07       		.byte	0x7
 1022 06cd 17       		.byte	0x17
 1023 06ce 5D000000 		.4byte	0x5d
 1024 06d2 05       		.uleb128 0x5
 1025 06d3 03       		.byte	0x3
 1026 06d4 00000000 		.4byte	bleConnected
 1027 06d8 18       		.uleb128 0x18
 1028 06d9 D70D0000 		.4byte	.LASF181
 1029 06dd 0A       		.byte	0xa
 1030 06de 6302     		.2byte	0x263
 1031 06e0 40030000 		.4byte	0x340
 1032 06e4 EE060000 		.4byte	0x6ee
 1033 06e8 19       		.uleb128 0x19
 1034 06e9 6B000000 		.4byte	0x6b
 1035 06ed 00       		.byte	0
 1036 06ee 1A       		.uleb128 0x1a
 1037 06ef 30100000 		.4byte	.LASF178
 1038 06f3 08       		.byte	0x8
 1039 06f4 33       		.byte	0x33
 1040 06f5 FF060000 		.4byte	0x6ff
 1041 06f9 19       		.uleb128 0x19
 1042 06fa 6B000000 		.4byte	0x6b
 1043 06fe 00       		.byte	0
 1044 06ff 1A       		.uleb128 0x1a
 1045 0700 7A020000 		.4byte	.LASF179
 1046 0704 07       		.byte	0x7
 1047 0705 19       		.byte	0x19
 1048 0706 10070000 		.4byte	0x710
 1049 070a 19       		.uleb128 0x19
 1050 070b AD000000 		.4byte	0xad
 1051 070f 00       		.byte	0
 1052 0710 1A       		.uleb128 0x1a
 1053 0711 C4100000 		.4byte	.LASF180
 1054 0715 09       		.byte	0x9
 1055 0716 33       		.byte	0x33
 1056 0717 21070000 		.4byte	0x721
 1057 071b 19       		.uleb128 0x19
 1058 071c 6B000000 		.4byte	0x6b
 1059 0720 00       		.byte	0
 1060 0721 18       		.uleb128 0x18
 1061 0722 80070000 		.4byte	.LASF182
 1062 0726 0B       		.byte	0xb
 1063 0727 7801     		.2byte	0x178
 1064 0729 53040000 		.4byte	0x453
 1065 072d 46070000 		.4byte	0x746
ARM GAS  C:\Users\Henny\AppData\Local\Temp\cc1jbfJB.s 			page 21


 1066 0731 19       		.uleb128 0x19
 1067 0732 46070000 		.4byte	0x746
 1068 0736 19       		.uleb128 0x19
 1069 0737 77000000 		.4byte	0x77
 1070 073b 19       		.uleb128 0x19
 1071 073c 4C070000 		.4byte	0x74c
 1072 0740 19       		.uleb128 0x19
 1073 0741 6B000000 		.4byte	0x6b
 1074 0745 00       		.byte	0
 1075 0746 06       		.uleb128 0x6
 1076 0747 04       		.byte	0x4
 1077 0748 FC040000 		.4byte	0x4fc
 1078 074c 06       		.uleb128 0x6
 1079 074d 04       		.byte	0x4
 1080 074e 8F040000 		.4byte	0x48f
 1081 0752 1B       		.uleb128 0x1b
 1082 0753 DC130000 		.4byte	.LASF183
 1083 0757 05       		.byte	0x5
 1084 0758 C601     		.2byte	0x1c6
 1085 075a 40030000 		.4byte	0x340
 1086 075e 19       		.uleb128 0x19
 1087 075f 8F040000 		.4byte	0x48f
 1088 0763 00       		.byte	0
 1089 0764 00       		.byte	0
 1090              		.section	.debug_abbrev,"",%progbits
 1091              	.Ldebug_abbrev0:
 1092 0000 01       		.uleb128 0x1
 1093 0001 11       		.uleb128 0x11
 1094 0002 01       		.byte	0x1
 1095 0003 25       		.uleb128 0x25
 1096 0004 0E       		.uleb128 0xe
 1097 0005 13       		.uleb128 0x13
 1098 0006 0B       		.uleb128 0xb
 1099 0007 03       		.uleb128 0x3
 1100 0008 0E       		.uleb128 0xe
 1101 0009 1B       		.uleb128 0x1b
 1102 000a 0E       		.uleb128 0xe
 1103 000b 55       		.uleb128 0x55
 1104 000c 17       		.uleb128 0x17
 1105 000d 11       		.uleb128 0x11
 1106 000e 01       		.uleb128 0x1
 1107 000f 10       		.uleb128 0x10
 1108 0010 17       		.uleb128 0x17
 1109 0011 00       		.byte	0
 1110 0012 00       		.byte	0
 1111 0013 02       		.uleb128 0x2
 1112 0014 24       		.uleb128 0x24
 1113 0015 00       		.byte	0
 1114 0016 0B       		.uleb128 0xb
 1115 0017 0B       		.uleb128 0xb
 1116 0018 3E       		.uleb128 0x3e
 1117 0019 0B       		.uleb128 0xb
 1118 001a 03       		.uleb128 0x3
 1119 001b 0E       		.uleb128 0xe
 1120 001c 00       		.byte	0
 1121 001d 00       		.byte	0
 1122 001e 03       		.uleb128 0x3
ARM GAS  C:\Users\Henny\AppData\Local\Temp\cc1jbfJB.s 			page 22


 1123 001f 24       		.uleb128 0x24
 1124 0020 00       		.byte	0
 1125 0021 0B       		.uleb128 0xb
 1126 0022 0B       		.uleb128 0xb
 1127 0023 3E       		.uleb128 0x3e
 1128 0024 0B       		.uleb128 0xb
 1129 0025 03       		.uleb128 0x3
 1130 0026 08       		.uleb128 0x8
 1131 0027 00       		.byte	0
 1132 0028 00       		.byte	0
 1133 0029 04       		.uleb128 0x4
 1134 002a 16       		.uleb128 0x16
 1135 002b 00       		.byte	0
 1136 002c 03       		.uleb128 0x3
 1137 002d 0E       		.uleb128 0xe
 1138 002e 3A       		.uleb128 0x3a
 1139 002f 0B       		.uleb128 0xb
 1140 0030 3B       		.uleb128 0x3b
 1141 0031 05       		.uleb128 0x5
 1142 0032 49       		.uleb128 0x49
 1143 0033 13       		.uleb128 0x13
 1144 0034 00       		.byte	0
 1145 0035 00       		.byte	0
 1146 0036 05       		.uleb128 0x5
 1147 0037 0F       		.uleb128 0xf
 1148 0038 00       		.byte	0
 1149 0039 0B       		.uleb128 0xb
 1150 003a 0B       		.uleb128 0xb
 1151 003b 00       		.byte	0
 1152 003c 00       		.byte	0
 1153 003d 06       		.uleb128 0x6
 1154 003e 0F       		.uleb128 0xf
 1155 003f 00       		.byte	0
 1156 0040 0B       		.uleb128 0xb
 1157 0041 0B       		.uleb128 0xb
 1158 0042 49       		.uleb128 0x49
 1159 0043 13       		.uleb128 0x13
 1160 0044 00       		.byte	0
 1161 0045 00       		.byte	0
 1162 0046 07       		.uleb128 0x7
 1163 0047 04       		.uleb128 0x4
 1164 0048 01       		.byte	0x1
 1165 0049 0B       		.uleb128 0xb
 1166 004a 0B       		.uleb128 0xb
 1167 004b 3A       		.uleb128 0x3a
 1168 004c 0B       		.uleb128 0xb
 1169 004d 3B       		.uleb128 0x3b
 1170 004e 05       		.uleb128 0x5
 1171 004f 01       		.uleb128 0x1
 1172 0050 13       		.uleb128 0x13
 1173 0051 00       		.byte	0
 1174 0052 00       		.byte	0
 1175 0053 08       		.uleb128 0x8
 1176 0054 28       		.uleb128 0x28
 1177 0055 00       		.byte	0
 1178 0056 03       		.uleb128 0x3
 1179 0057 0E       		.uleb128 0xe
ARM GAS  C:\Users\Henny\AppData\Local\Temp\cc1jbfJB.s 			page 23


 1180 0058 1C       		.uleb128 0x1c
 1181 0059 0D       		.uleb128 0xd
 1182 005a 00       		.byte	0
 1183 005b 00       		.byte	0
 1184 005c 09       		.uleb128 0x9
 1185 005d 04       		.uleb128 0x4
 1186 005e 01       		.byte	0x1
 1187 005f 0B       		.uleb128 0xb
 1188 0060 0B       		.uleb128 0xb
 1189 0061 3A       		.uleb128 0x3a
 1190 0062 0B       		.uleb128 0xb
 1191 0063 3B       		.uleb128 0x3b
 1192 0064 0B       		.uleb128 0xb
 1193 0065 01       		.uleb128 0x1
 1194 0066 13       		.uleb128 0x13
 1195 0067 00       		.byte	0
 1196 0068 00       		.byte	0
 1197 0069 0A       		.uleb128 0xa
 1198 006a 13       		.uleb128 0x13
 1199 006b 01       		.byte	0x1
 1200 006c 0B       		.uleb128 0xb
 1201 006d 0B       		.uleb128 0xb
 1202 006e 3A       		.uleb128 0x3a
 1203 006f 0B       		.uleb128 0xb
 1204 0070 3B       		.uleb128 0x3b
 1205 0071 05       		.uleb128 0x5
 1206 0072 01       		.uleb128 0x1
 1207 0073 13       		.uleb128 0x13
 1208 0074 00       		.byte	0
 1209 0075 00       		.byte	0
 1210 0076 0B       		.uleb128 0xb
 1211 0077 0D       		.uleb128 0xd
 1212 0078 00       		.byte	0
 1213 0079 03       		.uleb128 0x3
 1214 007a 0E       		.uleb128 0xe
 1215 007b 3A       		.uleb128 0x3a
 1216 007c 0B       		.uleb128 0xb
 1217 007d 3B       		.uleb128 0x3b
 1218 007e 05       		.uleb128 0x5
 1219 007f 49       		.uleb128 0x49
 1220 0080 13       		.uleb128 0x13
 1221 0081 38       		.uleb128 0x38
 1222 0082 0B       		.uleb128 0xb
 1223 0083 00       		.byte	0
 1224 0084 00       		.byte	0
 1225 0085 0C       		.uleb128 0xc
 1226 0086 0D       		.uleb128 0xd
 1227 0087 00       		.byte	0
 1228 0088 03       		.uleb128 0x3
 1229 0089 08       		.uleb128 0x8
 1230 008a 3A       		.uleb128 0x3a
 1231 008b 0B       		.uleb128 0xb
 1232 008c 3B       		.uleb128 0x3b
 1233 008d 05       		.uleb128 0x5
 1234 008e 49       		.uleb128 0x49
 1235 008f 13       		.uleb128 0x13
 1236 0090 38       		.uleb128 0x38
ARM GAS  C:\Users\Henny\AppData\Local\Temp\cc1jbfJB.s 			page 24


 1237 0091 0B       		.uleb128 0xb
 1238 0092 00       		.byte	0
 1239 0093 00       		.byte	0
 1240 0094 0D       		.uleb128 0xd
 1241 0095 13       		.uleb128 0x13
 1242 0096 01       		.byte	0x1
 1243 0097 0B       		.uleb128 0xb
 1244 0098 0B       		.uleb128 0xb
 1245 0099 3A       		.uleb128 0x3a
 1246 009a 0B       		.uleb128 0xb
 1247 009b 3B       		.uleb128 0x3b
 1248 009c 0B       		.uleb128 0xb
 1249 009d 01       		.uleb128 0x1
 1250 009e 13       		.uleb128 0x13
 1251 009f 00       		.byte	0
 1252 00a0 00       		.byte	0
 1253 00a1 0E       		.uleb128 0xe
 1254 00a2 0D       		.uleb128 0xd
 1255 00a3 00       		.byte	0
 1256 00a4 03       		.uleb128 0x3
 1257 00a5 0E       		.uleb128 0xe
 1258 00a6 3A       		.uleb128 0x3a
 1259 00a7 0B       		.uleb128 0xb
 1260 00a8 3B       		.uleb128 0x3b
 1261 00a9 0B       		.uleb128 0xb
 1262 00aa 49       		.uleb128 0x49
 1263 00ab 13       		.uleb128 0x13
 1264 00ac 38       		.uleb128 0x38
 1265 00ad 0B       		.uleb128 0xb
 1266 00ae 00       		.byte	0
 1267 00af 00       		.byte	0
 1268 00b0 0F       		.uleb128 0xf
 1269 00b1 16       		.uleb128 0x16
 1270 00b2 00       		.byte	0
 1271 00b3 03       		.uleb128 0x3
 1272 00b4 0E       		.uleb128 0xe
 1273 00b5 3A       		.uleb128 0x3a
 1274 00b6 0B       		.uleb128 0xb
 1275 00b7 3B       		.uleb128 0x3b
 1276 00b8 0B       		.uleb128 0xb
 1277 00b9 49       		.uleb128 0x49
 1278 00ba 13       		.uleb128 0x13
 1279 00bb 00       		.byte	0
 1280 00bc 00       		.byte	0
 1281 00bd 10       		.uleb128 0x10
 1282 00be 2E       		.uleb128 0x2e
 1283 00bf 01       		.byte	0x1
 1284 00c0 3F       		.uleb128 0x3f
 1285 00c1 19       		.uleb128 0x19
 1286 00c2 03       		.uleb128 0x3
 1287 00c3 0E       		.uleb128 0xe
 1288 00c4 3A       		.uleb128 0x3a
 1289 00c5 0B       		.uleb128 0xb
 1290 00c6 3B       		.uleb128 0x3b
 1291 00c7 0B       		.uleb128 0xb
 1292 00c8 27       		.uleb128 0x27
 1293 00c9 19       		.uleb128 0x19
ARM GAS  C:\Users\Henny\AppData\Local\Temp\cc1jbfJB.s 			page 25


 1294 00ca 11       		.uleb128 0x11
 1295 00cb 01       		.uleb128 0x1
 1296 00cc 12       		.uleb128 0x12
 1297 00cd 06       		.uleb128 0x6
 1298 00ce 40       		.uleb128 0x40
 1299 00cf 18       		.uleb128 0x18
 1300 00d0 9742     		.uleb128 0x2117
 1301 00d2 19       		.uleb128 0x19
 1302 00d3 01       		.uleb128 0x1
 1303 00d4 13       		.uleb128 0x13
 1304 00d5 00       		.byte	0
 1305 00d6 00       		.byte	0
 1306 00d7 11       		.uleb128 0x11
 1307 00d8 05       		.uleb128 0x5
 1308 00d9 00       		.byte	0
 1309 00da 03       		.uleb128 0x3
 1310 00db 0E       		.uleb128 0xe
 1311 00dc 3A       		.uleb128 0x3a
 1312 00dd 0B       		.uleb128 0xb
 1313 00de 3B       		.uleb128 0x3b
 1314 00df 0B       		.uleb128 0xb
 1315 00e0 49       		.uleb128 0x49
 1316 00e1 13       		.uleb128 0x13
 1317 00e2 02       		.uleb128 0x2
 1318 00e3 17       		.uleb128 0x17
 1319 00e4 00       		.byte	0
 1320 00e5 00       		.byte	0
 1321 00e6 12       		.uleb128 0x12
 1322 00e7 34       		.uleb128 0x34
 1323 00e8 00       		.byte	0
 1324 00e9 03       		.uleb128 0x3
 1325 00ea 0E       		.uleb128 0xe
 1326 00eb 3A       		.uleb128 0x3a
 1327 00ec 0B       		.uleb128 0xb
 1328 00ed 3B       		.uleb128 0x3b
 1329 00ee 0B       		.uleb128 0xb
 1330 00ef 49       		.uleb128 0x49
 1331 00f0 13       		.uleb128 0x13
 1332 00f1 02       		.uleb128 0x2
 1333 00f2 17       		.uleb128 0x17
 1334 00f3 00       		.byte	0
 1335 00f4 00       		.byte	0
 1336 00f5 13       		.uleb128 0x13
 1337 00f6 898201   		.uleb128 0x4109
 1338 00f9 01       		.byte	0x1
 1339 00fa 11       		.uleb128 0x11
 1340 00fb 01       		.uleb128 0x1
 1341 00fc 31       		.uleb128 0x31
 1342 00fd 13       		.uleb128 0x13
 1343 00fe 01       		.uleb128 0x1
 1344 00ff 13       		.uleb128 0x13
 1345 0100 00       		.byte	0
 1346 0101 00       		.byte	0
 1347 0102 14       		.uleb128 0x14
 1348 0103 8A8201   		.uleb128 0x410a
 1349 0106 00       		.byte	0
 1350 0107 02       		.uleb128 0x2
ARM GAS  C:\Users\Henny\AppData\Local\Temp\cc1jbfJB.s 			page 26


 1351 0108 18       		.uleb128 0x18
 1352 0109 9142     		.uleb128 0x2111
 1353 010b 18       		.uleb128 0x18
 1354 010c 00       		.byte	0
 1355 010d 00       		.byte	0
 1356 010e 15       		.uleb128 0x15
 1357 010f 898201   		.uleb128 0x4109
 1358 0112 00       		.byte	0
 1359 0113 11       		.uleb128 0x11
 1360 0114 01       		.uleb128 0x1
 1361 0115 31       		.uleb128 0x31
 1362 0116 13       		.uleb128 0x13
 1363 0117 00       		.byte	0
 1364 0118 00       		.byte	0
 1365 0119 16       		.uleb128 0x16
 1366 011a 34       		.uleb128 0x34
 1367 011b 00       		.byte	0
 1368 011c 03       		.uleb128 0x3
 1369 011d 0E       		.uleb128 0xe
 1370 011e 3A       		.uleb128 0x3a
 1371 011f 0B       		.uleb128 0xb
 1372 0120 3B       		.uleb128 0x3b
 1373 0121 05       		.uleb128 0x5
 1374 0122 49       		.uleb128 0x49
 1375 0123 13       		.uleb128 0x13
 1376 0124 3F       		.uleb128 0x3f
 1377 0125 19       		.uleb128 0x19
 1378 0126 3C       		.uleb128 0x3c
 1379 0127 19       		.uleb128 0x19
 1380 0128 00       		.byte	0
 1381 0129 00       		.byte	0
 1382 012a 17       		.uleb128 0x17
 1383 012b 34       		.uleb128 0x34
 1384 012c 00       		.byte	0
 1385 012d 03       		.uleb128 0x3
 1386 012e 0E       		.uleb128 0xe
 1387 012f 3A       		.uleb128 0x3a
 1388 0130 0B       		.uleb128 0xb
 1389 0131 3B       		.uleb128 0x3b
 1390 0132 0B       		.uleb128 0xb
 1391 0133 49       		.uleb128 0x49
 1392 0134 13       		.uleb128 0x13
 1393 0135 3F       		.uleb128 0x3f
 1394 0136 19       		.uleb128 0x19
 1395 0137 02       		.uleb128 0x2
 1396 0138 18       		.uleb128 0x18
 1397 0139 00       		.byte	0
 1398 013a 00       		.byte	0
 1399 013b 18       		.uleb128 0x18
 1400 013c 2E       		.uleb128 0x2e
 1401 013d 01       		.byte	0x1
 1402 013e 3F       		.uleb128 0x3f
 1403 013f 19       		.uleb128 0x19
 1404 0140 03       		.uleb128 0x3
 1405 0141 0E       		.uleb128 0xe
 1406 0142 3A       		.uleb128 0x3a
 1407 0143 0B       		.uleb128 0xb
ARM GAS  C:\Users\Henny\AppData\Local\Temp\cc1jbfJB.s 			page 27


 1408 0144 3B       		.uleb128 0x3b
 1409 0145 05       		.uleb128 0x5
 1410 0146 27       		.uleb128 0x27
 1411 0147 19       		.uleb128 0x19
 1412 0148 49       		.uleb128 0x49
 1413 0149 13       		.uleb128 0x13
 1414 014a 3C       		.uleb128 0x3c
 1415 014b 19       		.uleb128 0x19
 1416 014c 01       		.uleb128 0x1
 1417 014d 13       		.uleb128 0x13
 1418 014e 00       		.byte	0
 1419 014f 00       		.byte	0
 1420 0150 19       		.uleb128 0x19
 1421 0151 05       		.uleb128 0x5
 1422 0152 00       		.byte	0
 1423 0153 49       		.uleb128 0x49
 1424 0154 13       		.uleb128 0x13
 1425 0155 00       		.byte	0
 1426 0156 00       		.byte	0
 1427 0157 1A       		.uleb128 0x1a
 1428 0158 2E       		.uleb128 0x2e
 1429 0159 01       		.byte	0x1
 1430 015a 3F       		.uleb128 0x3f
 1431 015b 19       		.uleb128 0x19
 1432 015c 03       		.uleb128 0x3
 1433 015d 0E       		.uleb128 0xe
 1434 015e 3A       		.uleb128 0x3a
 1435 015f 0B       		.uleb128 0xb
 1436 0160 3B       		.uleb128 0x3b
 1437 0161 0B       		.uleb128 0xb
 1438 0162 27       		.uleb128 0x27
 1439 0163 19       		.uleb128 0x19
 1440 0164 3C       		.uleb128 0x3c
 1441 0165 19       		.uleb128 0x19
 1442 0166 01       		.uleb128 0x1
 1443 0167 13       		.uleb128 0x13
 1444 0168 00       		.byte	0
 1445 0169 00       		.byte	0
 1446 016a 1B       		.uleb128 0x1b
 1447 016b 2E       		.uleb128 0x2e
 1448 016c 01       		.byte	0x1
 1449 016d 3F       		.uleb128 0x3f
 1450 016e 19       		.uleb128 0x19
 1451 016f 03       		.uleb128 0x3
 1452 0170 0E       		.uleb128 0xe
 1453 0171 3A       		.uleb128 0x3a
 1454 0172 0B       		.uleb128 0xb
 1455 0173 3B       		.uleb128 0x3b
 1456 0174 05       		.uleb128 0x5
 1457 0175 27       		.uleb128 0x27
 1458 0176 19       		.uleb128 0x19
 1459 0177 49       		.uleb128 0x49
 1460 0178 13       		.uleb128 0x13
 1461 0179 3C       		.uleb128 0x3c
 1462 017a 19       		.uleb128 0x19
 1463 017b 00       		.byte	0
 1464 017c 00       		.byte	0
ARM GAS  C:\Users\Henny\AppData\Local\Temp\cc1jbfJB.s 			page 28


 1465 017d 00       		.byte	0
 1466              		.section	.debug_loc,"",%progbits
 1467              	.Ldebug_loc0:
 1468              	.LLST0:
 1469 0000 00000000 		.4byte	.LVL0
 1470 0004 20000000 		.4byte	.LVL1
 1471 0008 0100     		.2byte	0x1
 1472 000a 50       		.byte	0x50
 1473 000b 20000000 		.4byte	.LVL1
 1474 000f 2C000000 		.4byte	.LVL4
 1475 0013 0400     		.2byte	0x4
 1476 0015 F3       		.byte	0xf3
 1477 0016 01       		.uleb128 0x1
 1478 0017 50       		.byte	0x50
 1479 0018 9F       		.byte	0x9f
 1480 0019 2C000000 		.4byte	.LVL4
 1481 001d 36000000 		.4byte	.LVL5
 1482 0021 0100     		.2byte	0x1
 1483 0023 50       		.byte	0x50
 1484 0024 36000000 		.4byte	.LVL5
 1485 0028 3C000000 		.4byte	.LVL7
 1486 002c 0400     		.2byte	0x4
 1487 002e F3       		.byte	0xf3
 1488 002f 01       		.uleb128 0x1
 1489 0030 50       		.byte	0x50
 1490 0031 9F       		.byte	0x9f
 1491 0032 3C000000 		.4byte	.LVL7
 1492 0036 3E000000 		.4byte	.LVL8
 1493 003a 0100     		.2byte	0x1
 1494 003c 50       		.byte	0x50
 1495 003d 3E000000 		.4byte	.LVL8
 1496 0041 56000000 		.4byte	.LVL12
 1497 0045 0400     		.2byte	0x4
 1498 0047 F3       		.byte	0xf3
 1499 0048 01       		.uleb128 0x1
 1500 0049 50       		.byte	0x50
 1501 004a 9F       		.byte	0x9f
 1502 004b 56000000 		.4byte	.LVL12
 1503 004f 58000000 		.4byte	.LVL13
 1504 0053 0100     		.2byte	0x1
 1505 0055 50       		.byte	0x50
 1506 0056 58000000 		.4byte	.LVL13
 1507 005a 76000000 		.4byte	.LVL18
 1508 005e 0400     		.2byte	0x4
 1509 0060 F3       		.byte	0xf3
 1510 0061 01       		.uleb128 0x1
 1511 0062 50       		.byte	0x50
 1512 0063 9F       		.byte	0x9f
 1513 0064 76000000 		.4byte	.LVL18
 1514 0068 7E000000 		.4byte	.LVL19
 1515 006c 0100     		.2byte	0x1
 1516 006e 50       		.byte	0x50
 1517 006f 7E000000 		.4byte	.LVL19
 1518 0073 B8000000 		.4byte	.LFE37
 1519 0077 0400     		.2byte	0x4
 1520 0079 F3       		.byte	0xf3
 1521 007a 01       		.uleb128 0x1
ARM GAS  C:\Users\Henny\AppData\Local\Temp\cc1jbfJB.s 			page 29


 1522 007b 50       		.byte	0x50
 1523 007c 9F       		.byte	0x9f
 1524 007d 00000000 		.4byte	0
 1525 0081 00000000 		.4byte	0
 1526              	.LLST1:
 1527 0085 00000000 		.4byte	.LVL0
 1528 0089 23000000 		.4byte	.LVL2-1
 1529 008d 0100     		.2byte	0x1
 1530 008f 51       		.byte	0x51
 1531 0090 23000000 		.4byte	.LVL2-1
 1532 0094 2C000000 		.4byte	.LVL4
 1533 0098 0100     		.2byte	0x1
 1534 009a 54       		.byte	0x54
 1535 009b 2C000000 		.4byte	.LVL4
 1536 009f 39000000 		.4byte	.LVL6-1
 1537 00a3 0100     		.2byte	0x1
 1538 00a5 51       		.byte	0x51
 1539 00a6 39000000 		.4byte	.LVL6-1
 1540 00aa 3C000000 		.4byte	.LVL7
 1541 00ae 0100     		.2byte	0x1
 1542 00b0 54       		.byte	0x54
 1543 00b1 3C000000 		.4byte	.LVL7
 1544 00b5 41000000 		.4byte	.LVL9-1
 1545 00b9 0100     		.2byte	0x1
 1546 00bb 51       		.byte	0x51
 1547 00bc 41000000 		.4byte	.LVL9-1
 1548 00c0 56000000 		.4byte	.LVL12
 1549 00c4 0100     		.2byte	0x1
 1550 00c6 54       		.byte	0x54
 1551 00c7 56000000 		.4byte	.LVL12
 1552 00cb 5B000000 		.4byte	.LVL14-1
 1553 00cf 0100     		.2byte	0x1
 1554 00d1 51       		.byte	0x51
 1555 00d2 5B000000 		.4byte	.LVL14-1
 1556 00d6 76000000 		.4byte	.LVL18
 1557 00da 0100     		.2byte	0x1
 1558 00dc 54       		.byte	0x54
 1559 00dd 76000000 		.4byte	.LVL18
 1560 00e1 80000000 		.4byte	.LVL20
 1561 00e5 0100     		.2byte	0x1
 1562 00e7 51       		.byte	0x51
 1563 00e8 80000000 		.4byte	.LVL20
 1564 00ec 9E000000 		.4byte	.LVL23
 1565 00f0 0100     		.2byte	0x1
 1566 00f2 54       		.byte	0x54
 1567 00f3 9E000000 		.4byte	.LVL23
 1568 00f7 B8000000 		.4byte	.LFE37
 1569 00fb 0400     		.2byte	0x4
 1570 00fd F3       		.byte	0xf3
 1571 00fe 01       		.uleb128 0x1
 1572 00ff 51       		.byte	0x51
 1573 0100 9F       		.byte	0x9f
 1574 0101 00000000 		.4byte	0
 1575 0105 00000000 		.4byte	0
 1576              	.LLST2:
 1577 0109 76000000 		.4byte	.LVL18
 1578 010d 80000000 		.4byte	.LVL20
ARM GAS  C:\Users\Henny\AppData\Local\Temp\cc1jbfJB.s 			page 30


 1579 0111 0100     		.2byte	0x1
 1580 0113 51       		.byte	0x51
 1581 0114 80000000 		.4byte	.LVL20
 1582 0118 9E000000 		.4byte	.LVL22
 1583 011c 0100     		.2byte	0x1
 1584 011e 54       		.byte	0x54
 1585 011f 00000000 		.4byte	0
 1586 0123 00000000 		.4byte	0
 1587              		.section	.debug_aranges,"",%progbits
 1588 0000 1C000000 		.4byte	0x1c
 1589 0004 0200     		.2byte	0x2
 1590 0006 00000000 		.4byte	.Ldebug_info0
 1591 000a 04       		.byte	0x4
 1592 000b 00       		.byte	0
 1593 000c 0000     		.2byte	0
 1594 000e 0000     		.2byte	0
 1595 0010 00000000 		.4byte	.LFB37
 1596 0014 B8000000 		.4byte	.LFE37-.LFB37
 1597 0018 00000000 		.4byte	0
 1598 001c 00000000 		.4byte	0
 1599              		.section	.debug_ranges,"",%progbits
 1600              	.Ldebug_ranges0:
 1601 0000 00000000 		.4byte	.LFB37
 1602 0004 B8000000 		.4byte	.LFE37
 1603 0008 00000000 		.4byte	0
 1604 000c 00000000 		.4byte	0
 1605              		.section	.debug_line,"",%progbits
 1606              	.Ldebug_line0:
 1607 0000 15010000 		.section	.debug_str,"MS",%progbits,1
 1607      0200E800 
 1607      00000201 
 1607      FB0E0D00 
 1607      01010101 
 1608              	.LASF76:
 1609 0000 4359424C 		.ascii	"CYBLE_EVT_L2CAP_CBFC_RX_CREDIT_IND\000"
 1609      455F4556 
 1609      545F4C32 
 1609      4341505F 
 1609      43424643 
 1610              	.LASF21:
 1611 0023 4359424C 		.ascii	"CYBLE_EVT_STACK_BUSY_STATUS\000"
 1611      455F4556 
 1611      545F5354 
 1611      41434B5F 
 1611      42555359 
 1612              	.LASF166:
 1613 003f 4359424C 		.ascii	"CYBLE_STATE_STOPPED\000"
 1613      455F5354 
 1613      4154455F 
 1613      53544F50 
 1613      50454400 
 1614              	.LASF143:
 1615 0053 4359424C 		.ascii	"CYBLE_GATTS_ERR_HPS_INVALID_REQUEST\000"
 1615      455F4741 
 1615      5454535F 
 1615      4552525F 
 1615      4850535F 
ARM GAS  C:\Users\Henny\AppData\Local\Temp\cc1jbfJB.s 			page 31


 1616              	.LASF75:
 1617 0077 4359424C 		.ascii	"CYBLE_EVT_L2CAP_CBFC_DATA_READ\000"
 1617      455F4556 
 1617      545F4C32 
 1617      4341505F 
 1617      43424643 
 1618              	.LASF157:
 1619 0096 4359424C 		.ascii	"CYBLE_CONN_HANDLE_T\000"
 1619      455F434F 
 1619      4E4E5F48 
 1619      414E444C 
 1619      455F5400 
 1620              	.LASF127:
 1621 00aa 4359424C 		.ascii	"CYBLE_GATT_ERR_INSUFFICIENT_ENC_KEY_SIZE\000"
 1621      455F4741 
 1621      54545F45 
 1621      52525F49 
 1621      4E535546 
 1622              	.LASF163:
 1623 00d3 636F6E6E 		.ascii	"connHandle\000"
 1623      48616E64 
 1623      6C6500
 1624              	.LASF85:
 1625 00de 4359424C 		.ascii	"CYBLE_ERROR_MEMORY_ALLOCATION_FAILED\000"
 1625      455F4552 
 1625      524F525F 
 1625      4D454D4F 
 1625      52595F41 
 1626              	.LASF121:
 1627 0103 4359424C 		.ascii	"CYBLE_GATT_ERR_REQUEST_NOT_SUPPORTED\000"
 1627      455F4741 
 1627      54545F45 
 1627      52525F52 
 1627      45515545 
 1628              	.LASF185:
 1629 0128 2E5C6379 		.ascii	".\\cyapicallbacks.c\000"
 1629      61706963 
 1629      616C6C62 
 1629      61636B73 
 1629      2E6300
 1630              	.LASF116:
 1631 013b 4359424C 		.ascii	"CYBLE_GATT_ERR_INVALID_HANDLE\000"
 1631      455F4741 
 1631      54545F45 
 1631      52525F49 
 1631      4E56414C 
 1632              	.LASF33:
 1633 0159 4359424C 		.ascii	"CYBLE_EVT_GAP_CONNECTION_UPDATE_COMPLETE\000"
 1633      455F4556 
 1633      545F4741 
 1633      505F434F 
 1633      4E4E4543 
 1634              	.LASF74:
 1635 0182 4359424C 		.ascii	"CYBLE_EVT_L2CAP_CBFC_DISCONN_CNF\000"
 1635      455F4556 
 1635      545F4C32 
 1635      4341505F 
ARM GAS  C:\Users\Henny\AppData\Local\Temp\cc1jbfJB.s 			page 32


 1635      43424643 
 1636              	.LASF106:
 1637 01a3 4359424C 		.ascii	"CYBLE_ERROR_UNSUPPORTED_FEATURE_OR_PARAMETER_VALUE\000"
 1637      455F4552 
 1637      524F525F 
 1637      554E5355 
 1637      50504F52 
 1638              	.LASF34:
 1639 01d6 4359424C 		.ascii	"CYBLE_EVT_GAPC_SCAN_START_STOP\000"
 1639      455F4556 
 1639      545F4741 
 1639      50435F53 
 1639      43414E5F 
 1640              	.LASF38:
 1641 01f5 4359424C 		.ascii	"CYBLE_EVT_GAP_OOB_GENERATED_NOTIFICATION\000"
 1641      455F4556 
 1641      545F4741 
 1641      505F4F4F 
 1641      425F4745 
 1642              	.LASF54:
 1643 021e 4359424C 		.ascii	"CYBLE_EVT_GATTC_READ_MULTI_RSP\000"
 1643      455F4556 
 1643      545F4741 
 1643      5454435F 
 1643      52454144 
 1644              	.LASF59:
 1645 023d 4359424C 		.ascii	"CYBLE_EVT_GATTS_EXEC_WRITE_REQ\000"
 1645      455F4556 
 1645      545F4741 
 1645      5454535F 
 1645      45584543 
 1646              	.LASF71:
 1647 025c 4359424C 		.ascii	"CYBLE_EVT_L2CAP_CBFC_CONN_IND\000"
 1647      455F4556 
 1647      545F4C32 
 1647      4341505F 
 1647      43424643 
 1648              	.LASF179:
 1649 027a 64656275 		.ascii	"debug\000"
 1649      6700
 1650              	.LASF110:
 1651 0280 4359424C 		.ascii	"CYBLE_ERROR_NTF_DISABLED\000"
 1651      455F4552 
 1651      524F525F 
 1651      4E54465F 
 1651      44495341 
 1652              	.LASF18:
 1653 0299 4359424C 		.ascii	"CYBLE_EVT_TIMEOUT\000"
 1653      455F4556 
 1653      545F5449 
 1653      4D454F55 
 1653      5400
 1654              	.LASF4:
 1655 02ab 6C6F6E67 		.ascii	"long int\000"
 1655      20696E74 
 1655      00
 1656              	.LASF105:
ARM GAS  C:\Users\Henny\AppData\Local\Temp\cc1jbfJB.s 			page 33


 1657 02b4 4359424C 		.ascii	"CYBLE_ERROR_HARDWARE_FAILURE\000"
 1657      455F4552 
 1657      524F525F 
 1657      48415244 
 1657      57415245 
 1658              	.LASF95:
 1659 02d1 4359424C 		.ascii	"CYBLE_ERROR_L2CAP_PSM_WRONG_ENCODING\000"
 1659      455F4552 
 1659      524F525F 
 1659      4C324341 
 1659      505F5053 
 1660              	.LASF159:
 1661 02f6 4359424C 		.ascii	"CYBLE_GATT_VALUE_T\000"
 1661      455F4741 
 1661      54545F56 
 1661      414C5545 
 1661      5F5400
 1662              	.LASF20:
 1663 0309 4359424C 		.ascii	"CYBLE_EVT_HCI_STATUS\000"
 1663      455F4556 
 1663      545F4843 
 1663      495F5354 
 1663      41545553 
 1664              	.LASF141:
 1665 031e 4359424C 		.ascii	"CYBLE_GATTS_ERR_OPERATION_FAILED\000"
 1665      455F4741 
 1665      5454535F 
 1665      4552525F 
 1665      4F504552 
 1666              	.LASF147:
 1667 033f 4359424C 		.ascii	"CYBLE_GATT_ERR_ANCS_INVALID_COMMAND\000"
 1667      455F4741 
 1667      54545F45 
 1667      52525F41 
 1667      4E43535F 
 1668              	.LASF172:
 1669 0363 6576656E 		.ascii	"eventCode\000"
 1669      74436F64 
 1669      6500
 1670              	.LASF94:
 1671 036d 4359424C 		.ascii	"CYBLE_ERROR_SEC_FAILED\000"
 1671      455F4552 
 1671      524F525F 
 1671      5345435F 
 1671      4641494C 
 1672              	.LASF32:
 1673 0384 4359424C 		.ascii	"CYBLE_EVT_GAP_ENCRYPT_CHANGE\000"
 1673      455F4556 
 1673      545F4741 
 1673      505F454E 
 1673      43525950 
 1674              	.LASF36:
 1675 03a1 4359424C 		.ascii	"CYBLE_EVT_GAP_NUMERIC_COMPARISON_REQUEST\000"
 1675      455F4556 
 1675      545F4741 
 1675      505F4E55 
 1675      4D455249 
ARM GAS  C:\Users\Henny\AppData\Local\Temp\cc1jbfJB.s 			page 34


 1676              	.LASF138:
 1677 03ca 4359424C 		.ascii	"CYBLE_GATT_ERR_OP_CODE_NOT_SUPPORTED\000"
 1677      455F4741 
 1677      54545F45 
 1677      52525F4F 
 1677      505F434F 
 1678              	.LASF120:
 1679 03ef 4359424C 		.ascii	"CYBLE_GATT_ERR_INSUFFICIENT_AUTHENTICATION\000"
 1679      455F4741 
 1679      54545F45 
 1679      52525F49 
 1679      4E535546 
 1680              	.LASF169:
 1681 041a 4359424C 		.ascii	"CYBLE_STATE_ADVERTISING\000"
 1681      455F5354 
 1681      4154455F 
 1681      41445645 
 1681      52544953 
 1682              	.LASF186:
 1683 0432 443A5C48 		.ascii	"D:\\Henny\\magisterka\\CY8KIT\\BLE\\BLE\\WaveSim.cy"
 1683      656E6E79 
 1683      5C6D6167 
 1683      69737465 
 1683      726B615C 
 1684 045f 64736E00 		.ascii	"dsn\000"
 1685              	.LASF6:
 1686 0463 6C6F6E67 		.ascii	"long long int\000"
 1686      206C6F6E 
 1686      6720696E 
 1686      7400
 1687              	.LASF0:
 1688 0471 7369676E 		.ascii	"signed char\000"
 1688      65642063 
 1688      68617200 
 1689              	.LASF17:
 1690 047d 4359424C 		.ascii	"CYBLE_EVT_STACK_ON\000"
 1690      455F4556 
 1690      545F5354 
 1690      41434B5F 
 1690      4F4E00
 1691              	.LASF102:
 1692 0490 4359424C 		.ascii	"CYBLE_ERROR_DEVICE_ALREADY_EXISTS\000"
 1692      455F4552 
 1692      524F525F 
 1692      44455649 
 1692      43455F41 
 1693              	.LASF89:
 1694 04b2 4359424C 		.ascii	"CYBLE_ERROR_NO_DEVICE_ENTITY\000"
 1694      455F4552 
 1694      524F525F 
 1694      4E4F5F44 
 1694      45564943 
 1695              	.LASF158:
 1696 04cf 61637475 		.ascii	"actualLen\000"
 1696      616C4C65 
 1696      6E00
 1697              	.LASF24:
ARM GAS  C:\Users\Henny\AppData\Local\Temp\cc1jbfJB.s 			page 35


 1698 04d9 4359424C 		.ascii	"CYBLE_EVT_GAP_AUTH_REQ\000"
 1698      455F4556 
 1698      545F4741 
 1698      505F4155 
 1698      54485F52 
 1699              	.LASF52:
 1700 04f0 4359424C 		.ascii	"CYBLE_EVT_GATTC_READ_RSP\000"
 1700      455F4556 
 1700      545F4741 
 1700      5454435F 
 1700      52454144 
 1701              	.LASF119:
 1702 0509 4359424C 		.ascii	"CYBLE_GATT_ERR_INVALID_PDU\000"
 1702      455F4741 
 1702      54545F45 
 1702      52525F49 
 1702      4E56414C 
 1703              	.LASF113:
 1704 0524 4359424C 		.ascii	"CYBLE_ERROR_INVALID_STATE\000"
 1704      455F4552 
 1704      524F525F 
 1704      494E5641 
 1704      4C49445F 
 1705              	.LASF57:
 1706 053e 4359424C 		.ascii	"CYBLE_EVT_GATTS_WRITE_CMD_REQ\000"
 1706      455F4556 
 1706      545F4741 
 1706      5454535F 
 1706      57524954 
 1707              	.LASF170:
 1708 055c 4359424C 		.ascii	"CYBLE_STATE_DISCONNECTED\000"
 1708      455F5354 
 1708      4154455F 
 1708      44495343 
 1708      4F4E4E45 
 1709              	.LASF177:
 1710 0575 626C6543 		.ascii	"bleConnected\000"
 1710      6F6E6E65 
 1710      63746564 
 1710      00
 1711              	.LASF29:
 1712 0582 4359424C 		.ascii	"CYBLE_EVT_GAPP_ADVERTISEMENT_START_STOP\000"
 1712      455F4556 
 1712      545F4741 
 1712      50505F41 
 1712      44564552 
 1713              	.LASF100:
 1714 05aa 4359424C 		.ascii	"CYBLE_ERROR_L2CAP_PSM_NOT_IN_RANGE\000"
 1714      455F4552 
 1714      524F525F 
 1714      4C324341 
 1714      505F5053 
 1715              	.LASF9:
 1716 05cd 75696E74 		.ascii	"uint8\000"
 1716      3800
 1717              	.LASF60:
 1718 05d3 4359424C 		.ascii	"CYBLE_EVT_GATTC_EXEC_WRITE_RSP\000"
ARM GAS  C:\Users\Henny\AppData\Local\Temp\cc1jbfJB.s 			page 36


 1718      455F4556 
 1718      545F4741 
 1718      5454435F 
 1718      45584543 
 1719              	.LASF13:
 1720 05f2 646F7562 		.ascii	"double\000"
 1720      6C6500
 1721              	.LASF73:
 1722 05f9 4359424C 		.ascii	"CYBLE_EVT_L2CAP_CBFC_DISCONN_IND\000"
 1722      455F4556 
 1722      545F4C32 
 1722      4341505F 
 1722      43424643 
 1723              	.LASF83:
 1724 061a 4359424C 		.ascii	"CYBLE_ERROR_INVALID_PARAMETER\000"
 1724      455F4552 
 1724      524F525F 
 1724      494E5641 
 1724      4C49445F 
 1725              	.LASF131:
 1726 0638 4359424C 		.ascii	"CYBLE_GATT_ERR_UNSUPPORTED_GROUP_TYPE\000"
 1726      455F4741 
 1726      54545F45 
 1726      52525F55 
 1726      4E535550 
 1727              	.LASF187:
 1728 065e 53746163 		.ascii	"Stack_Handler\000"
 1728      6B5F4861 
 1728      6E646C65 
 1728      7200
 1729              	.LASF11:
 1730 066c 75696E74 		.ascii	"uint32\000"
 1730      333200
 1731              	.LASF118:
 1732 0673 4359424C 		.ascii	"CYBLE_GATT_ERR_WRITE_NOT_PERMITTED\000"
 1732      455F4741 
 1732      54545F45 
 1732      52525F57 
 1732      52495445 
 1733              	.LASF81:
 1734 0696 4359424C 		.ascii	"CYBLE_EVT_MAX\000"
 1734      455F4556 
 1734      545F4D41 
 1734      5800
 1735              	.LASF82:
 1736 06a4 4359424C 		.ascii	"CYBLE_ERROR_OK\000"
 1736      455F4552 
 1736      524F525F 
 1736      4F4B00
 1737              	.LASF115:
 1738 06b3 4359424C 		.ascii	"CYBLE_GATT_ERR_NONE\000"
 1738      455F4741 
 1738      54545F45 
 1738      52525F4E 
 1738      4F4E4500 
 1739              	.LASF68:
 1740 06c7 4359424C 		.ascii	"CYBLE_EVT_L2CAP_CONN_PARAM_UPDATE_REQ\000"
ARM GAS  C:\Users\Henny\AppData\Local\Temp\cc1jbfJB.s 			page 37


 1740      455F4556 
 1740      545F4C32 
 1740      4341505F 
 1740      434F4E4E 
 1741              	.LASF117:
 1742 06ed 4359424C 		.ascii	"CYBLE_GATT_ERR_READ_NOT_PERMITTED\000"
 1742      455F4741 
 1742      54545F45 
 1742      52525F52 
 1742      4541445F 
 1743              	.LASF10:
 1744 070f 75696E74 		.ascii	"uint16\000"
 1744      313600
 1745              	.LASF78:
 1746 0716 4359424C 		.ascii	"CYBLE_EVT_L2CAP_CBFC_DATA_WRITE_IND\000"
 1746      455F4556 
 1746      545F4C32 
 1746      4341505F 
 1746      43424643 
 1747              	.LASF122:
 1748 073a 4359424C 		.ascii	"CYBLE_GATT_ERR_INVALID_OFFSET\000"
 1748      455F4741 
 1748      54545F45 
 1748      52525F49 
 1748      4E56414C 
 1749              	.LASF161:
 1750 0758 61747472 		.ascii	"attrHandle\000"
 1750      48616E64 
 1750      6C6500
 1751              	.LASF7:
 1752 0763 6C6F6E67 		.ascii	"long long unsigned int\000"
 1752      206C6F6E 
 1752      6720756E 
 1752      7369676E 
 1752      65642069 
 1753              	.LASF160:
 1754 077a 76616C75 		.ascii	"value\000"
 1754      6500
 1755              	.LASF182:
 1756 0780 4379426C 		.ascii	"CyBle_GattsWriteAttributeValue\000"
 1756      655F4761 
 1756      74747357 
 1756      72697465 
 1756      41747472 
 1757              	.LASF65:
 1758 079f 4359424C 		.ascii	"CYBLE_EVT_GATTC_STOP_CMD_COMPLETE\000"
 1758      455F4556 
 1758      545F4741 
 1758      5454435F 
 1758      53544F50 
 1759              	.LASF87:
 1760 07c1 4359424C 		.ascii	"CYBLE_ERROR_OOB_NOT_AVAILABLE\000"
 1760      455F4552 
 1760      524F525F 
 1760      4F4F425F 
 1760      4E4F545F 
 1761              	.LASF80:
ARM GAS  C:\Users\Henny\AppData\Local\Temp\cc1jbfJB.s 			page 38


 1762 07df 4359424C 		.ascii	"CYBLE_EVT_LE_PING_AUTH_TIMEOUT\000"
 1762      455F4556 
 1762      545F4C45 
 1762      5F50494E 
 1762      475F4155 
 1763              	.LASF142:
 1764 07fe 4359424C 		.ascii	"CYBLE_GATT_ERR_INVALID_CRC\000"
 1764      455F4741 
 1764      54545F45 
 1764      52525F49 
 1764      4E56414C 
 1765              	.LASF137:
 1766 0819 4359424C 		.ascii	"CYBLE_GATTS_ERR_PROCEDURE_ALREADY_IN_PROGRESS\000"
 1766      455F4741 
 1766      5454535F 
 1766      4552525F 
 1766      50524F43 
 1767              	.LASF96:
 1768 0847 4359424C 		.ascii	"CYBLE_ERROR_L2CAP_PSM_ALREADY_REGISTERED\000"
 1768      455F4552 
 1768      524F525F 
 1768      4C324341 
 1768      505F5053 
 1769              	.LASF5:
 1770 0870 6C6F6E67 		.ascii	"long unsigned int\000"
 1770      20756E73 
 1770      69676E65 
 1770      6420696E 
 1770      7400
 1771              	.LASF125:
 1772 0882 4359424C 		.ascii	"CYBLE_GATT_ERR_ATTRIBUTE_NOT_FOUND\000"
 1772      455F4741 
 1772      54545F45 
 1772      52525F41 
 1772      54545249 
 1773              	.LASF55:
 1774 08a5 4359424C 		.ascii	"CYBLE_EVT_GATTS_WRITE_REQ\000"
 1774      455F4556 
 1774      545F4741 
 1774      5454535F 
 1774      57524954 
 1775              	.LASF47:
 1776 08bf 4359424C 		.ascii	"CYBLE_EVT_GATTC_XCHNG_MTU_RSP\000"
 1776      455F4556 
 1776      545F4741 
 1776      5454435F 
 1776      5843484E 
 1777              	.LASF64:
 1778 08dd 4359424C 		.ascii	"CYBLE_EVT_GATTS_DATA_SIGNED_CMD_REQ\000"
 1778      455F4556 
 1778      545F4741 
 1778      5454535F 
 1778      44415441 
 1779              	.LASF67:
 1780 0901 4359424C 		.ascii	"CYBLE_EVT_GATTC_LONG_PROCEDURE_END\000"
 1780      455F4556 
 1780      545F4741 
ARM GAS  C:\Users\Henny\AppData\Local\Temp\cc1jbfJB.s 			page 39


 1780      5454435F 
 1780      4C4F4E47 
 1781              	.LASF99:
 1782 0924 4359424C 		.ascii	"CYBLE_ERROR_L2CAP_CHANNEL_NOT_FOUND\000"
 1782      455F4552 
 1782      524F525F 
 1782      4C324341 
 1782      505F4348 
 1783              	.LASF126:
 1784 0948 4359424C 		.ascii	"CYBLE_GATT_ERR_ATTRIBUTE_NOT_LONG\000"
 1784      455F4741 
 1784      54545F45 
 1784      52525F41 
 1784      54545249 
 1785              	.LASF16:
 1786 096a 4359424C 		.ascii	"CYBLE_EVT_HOST_INVALID\000"
 1786      455F4556 
 1786      545F484F 
 1786      53545F49 
 1786      4E56414C 
 1787              	.LASF50:
 1788 0981 4359424C 		.ascii	"CYBLE_EVT_GATTC_FIND_INFO_RSP\000"
 1788      455F4556 
 1788      545F4741 
 1788      5454435F 
 1788      46494E44 
 1789              	.LASF22:
 1790 099f 4359424C 		.ascii	"CYBLE_EVT_MEMORY_REQUEST\000"
 1790      455F4556 
 1790      545F4D45 
 1790      4D4F5259 
 1790      5F524551 
 1791              	.LASF146:
 1792 09b8 4359424C 		.ascii	"CYBLE_GATT_ERR_ANCS_UNKNOWN_COMMAND\000"
 1792      455F4741 
 1792      54545F45 
 1792      52525F41 
 1792      4E43535F 
 1793              	.LASF25:
 1794 09dc 4359424C 		.ascii	"CYBLE_EVT_GAP_PASSKEY_ENTRY_REQUEST\000"
 1794      455F4556 
 1794      545F4741 
 1794      505F5041 
 1794      53534B45 
 1795              	.LASF30:
 1796 0a00 4359424C 		.ascii	"CYBLE_EVT_GAP_DEVICE_CONNECTED\000"
 1796      455F4556 
 1796      545F4741 
 1796      505F4445 
 1796      56494345 
 1797              	.LASF153:
 1798 0a1f 4359424C 		.ascii	"CYBLE_GATT_ERR_CODE_T\000"
 1798      455F4741 
 1798      54545F45 
 1798      52525F43 
 1798      4F44455F 
 1799              	.LASF136:
ARM GAS  C:\Users\Henny\AppData\Local\Temp\cc1jbfJB.s 			page 40


 1800 0a35 4359424C 		.ascii	"CYBLE_GATT_ERR_HTS_OUT_OF_RANGE\000"
 1800      455F4741 
 1800      54545F45 
 1800      52525F48 
 1800      54535F4F 
 1801              	.LASF174:
 1802 0a55 6379426C 		.ascii	"cyBle_state\000"
 1802      655F7374 
 1802      61746500 
 1803              	.LASF26:
 1804 0a61 4359424C 		.ascii	"CYBLE_EVT_GAP_PASSKEY_DISPLAY_REQUEST\000"
 1804      455F4556 
 1804      545F4741 
 1804      505F5041 
 1804      53534B45 
 1805              	.LASF44:
 1806 0a87 4359424C 		.ascii	"CYBLE_EVT_GATT_CONNECT_IND\000"
 1806      455F4556 
 1806      545F4741 
 1806      54545F43 
 1806      4F4E4E45 
 1807              	.LASF156:
 1808 0aa2 61747449 		.ascii	"attId\000"
 1808      6400
 1809              	.LASF70:
 1810 0aa8 4359424C 		.ascii	"CYBLE_EVT_L2CAP_COMMAND_REJ\000"
 1810      455F4556 
 1810      545F4C32 
 1810      4341505F 
 1810      434F4D4D 
 1811              	.LASF135:
 1812 0ac4 4359424C 		.ascii	"CYBLE_GATT_ERR_CPS_INAPPROPRIATE_CONNECTION_PARAMET"
 1812      455F4741 
 1812      54545F45 
 1812      52525F43 
 1812      50535F49 
 1813 0af7 45525300 		.ascii	"ERS\000"
 1814              	.LASF23:
 1815 0afb 4359424C 		.ascii	"CYBLE_EVT_GAPC_SCAN_PROGRESS_RESULT\000"
 1815      455F4556 
 1815      545F4741 
 1815      50435F53 
 1815      43414E5F 
 1816              	.LASF164:
 1817 0b1f 68616E64 		.ascii	"handleValPair\000"
 1817      6C655661 
 1817      6C506169 
 1817      7200
 1818              	.LASF109:
 1819 0b2d 4359424C 		.ascii	"CYBLE_ERROR_MAX\000"
 1819      455F4552 
 1819      524F525F 
 1819      4D415800 
 1820              	.LASF107:
 1821 0b3d 4359424C 		.ascii	"CYBLE_ERROR_FLASH_WRITE\000"
 1821      455F4552 
 1821      524F525F 
ARM GAS  C:\Users\Henny\AppData\Local\Temp\cc1jbfJB.s 			page 41


 1821      464C4153 
 1821      485F5752 
 1822              	.LASF49:
 1823 0b55 4359424C 		.ascii	"CYBLE_EVT_GATTC_READ_BY_TYPE_RSP\000"
 1823      455F4556 
 1823      545F4741 
 1823      5454435F 
 1823      52454144 
 1824              	.LASF176:
 1825 0b76 6E6F7469 		.ascii	"notifyOn\000"
 1825      66794F6E 
 1825      00
 1826              	.LASF15:
 1827 0b7f 73697A65 		.ascii	"sizetype\000"
 1827      74797065 
 1827      00
 1828              	.LASF132:
 1829 0b88 4359424C 		.ascii	"CYBLE_GATT_ERR_INSUFFICIENT_RESOURCE\000"
 1829      455F4741 
 1829      54545F45 
 1829      52525F49 
 1829      4E535546 
 1830              	.LASF165:
 1831 0bad 4359424C 		.ascii	"CYBLE_GATTS_WRITE_REQ_PARAM_T\000"
 1831      455F4741 
 1831      5454535F 
 1831      57524954 
 1831      455F5245 
 1832              	.LASF167:
 1833 0bcb 4359424C 		.ascii	"CYBLE_STATE_INITIALIZING\000"
 1833      455F5354 
 1833      4154455F 
 1833      494E4954 
 1833      49414C49 
 1834              	.LASF28:
 1835 0be4 4359424C 		.ascii	"CYBLE_EVT_GAP_AUTH_FAILED\000"
 1835      455F4556 
 1835      545F4741 
 1835      505F4155 
 1835      54485F46 
 1836              	.LASF175:
 1837 0bfe 6379426C 		.ascii	"cyBle_connHandle\000"
 1837      655F636F 
 1837      6E6E4861 
 1837      6E646C65 
 1837      00
 1838              	.LASF56:
 1839 0c0f 4359424C 		.ascii	"CYBLE_EVT_GATTC_WRITE_RSP\000"
 1839      455F4556 
 1839      545F4741 
 1839      5454435F 
 1839      57524954 
 1840              	.LASF41:
 1841 0c29 4359424C 		.ascii	"CYBLE_EVT_GAPC_DIRECT_ADV_REPORT\000"
 1841      455F4556 
 1841      545F4741 
 1841      50435F44 
ARM GAS  C:\Users\Henny\AppData\Local\Temp\cc1jbfJB.s 			page 42


 1841      49524543 
 1842              	.LASF39:
 1843 0c4a 4359424C 		.ascii	"CYBLE_EVT_GAP_DATA_LENGTH_CHANGE\000"
 1843      455F4556 
 1843      545F4741 
 1843      505F4441 
 1843      54415F4C 
 1844              	.LASF123:
 1845 0c6b 4359424C 		.ascii	"CYBLE_GATT_ERR_INSUFFICIENT_AUTHORIZATION\000"
 1845      455F4741 
 1845      54545F45 
 1845      52525F49 
 1845      4E535546 
 1846              	.LASF27:
 1847 0c95 4359424C 		.ascii	"CYBLE_EVT_GAP_AUTH_COMPLETE\000"
 1847      455F4556 
 1847      545F4741 
 1847      505F4155 
 1847      54485F43 
 1848              	.LASF114:
 1849 0cb1 4359424C 		.ascii	"CYBLE_API_RESULT_T\000"
 1849      455F4150 
 1849      495F5245 
 1849      53554C54 
 1849      5F5400
 1850              	.LASF61:
 1851 0cc4 4359424C 		.ascii	"CYBLE_EVT_GATTC_HANDLE_VALUE_NTF\000"
 1851      455F4556 
 1851      545F4741 
 1851      5454435F 
 1851      48414E44 
 1852              	.LASF111:
 1853 0ce5 4359424C 		.ascii	"CYBLE_ERROR_IND_DISABLED\000"
 1853      455F4552 
 1853      524F525F 
 1853      494E445F 
 1853      44495341 
 1854              	.LASF162:
 1855 0cfe 4359424C 		.ascii	"CYBLE_GATT_HANDLE_VALUE_PAIR_T\000"
 1855      455F4741 
 1855      54545F48 
 1855      414E444C 
 1855      455F5641 
 1856              	.LASF72:
 1857 0d1d 4359424C 		.ascii	"CYBLE_EVT_L2CAP_CBFC_CONN_CNF\000"
 1857      455F4556 
 1857      545F4C32 
 1857      4341505F 
 1857      43424643 
 1858              	.LASF148:
 1859 0d3b 4359424C 		.ascii	"CYBLE_GATT_ERR_ANCS_INVALID_PARAMETER\000"
 1859      455F4741 
 1859      54545F45 
 1859      52525F41 
 1859      4E43535F 
 1860              	.LASF48:
 1861 0d61 4359424C 		.ascii	"CYBLE_EVT_GATTC_READ_BY_GROUP_TYPE_RSP\000"
ARM GAS  C:\Users\Henny\AppData\Local\Temp\cc1jbfJB.s 			page 43


 1861      455F4556 
 1861      545F4741 
 1861      5454435F 
 1861      52454144 
 1862              	.LASF12:
 1863 0d88 666C6F61 		.ascii	"float\000"
 1863      7400
 1864              	.LASF63:
 1865 0d8e 4359424C 		.ascii	"CYBLE_EVT_GATTS_HANDLE_VALUE_CNF\000"
 1865      455F4556 
 1865      545F4741 
 1865      5454535F 
 1865      48414E44 
 1866              	.LASF124:
 1867 0daf 4359424C 		.ascii	"CYBLE_GATT_ERR_PREPARE_WRITE_QUEUE_FULL\000"
 1867      455F4741 
 1867      54545F45 
 1867      52525F50 
 1867      52455041 
 1868              	.LASF181:
 1869 0dd7 4379426C 		.ascii	"CyBle_GappStartAdvertisement\000"
 1869      655F4761 
 1869      70705374 
 1869      61727441 
 1869      64766572 
 1870              	.LASF92:
 1871 0df4 4359424C 		.ascii	"CYBLE_ERROR_TX_POWER_READ\000"
 1871      455F4552 
 1871      524F525F 
 1871      54585F50 
 1871      4F574552 
 1872              	.LASF112:
 1873 0e0e 4359424C 		.ascii	"CYBLE_ERROR_CHAR_IS_NOT_DISCOVERED\000"
 1873      455F4552 
 1873      524F525F 
 1873      43484152 
 1873      5F49535F 
 1874              	.LASF152:
 1875 0e31 4359424C 		.ascii	"CYBLE_GATT_ERR_OUT_OF_RANGE\000"
 1875      455F4741 
 1875      54545F45 
 1875      52525F4F 
 1875      55545F4F 
 1876              	.LASF1:
 1877 0e4d 756E7369 		.ascii	"unsigned char\000"
 1877      676E6564 
 1877      20636861 
 1877      7200
 1878              	.LASF188:
 1879 0e5b 77725265 		.ascii	"wrReq\000"
 1879      7100
 1880              	.LASF37:
 1881 0e61 4359424C 		.ascii	"CYBLE_EVT_GAP_KEYPRESS_NOTIFICATION\000"
 1881      455F4556 
 1881      545F4741 
 1881      505F4B45 
 1881      59505245 
ARM GAS  C:\Users\Henny\AppData\Local\Temp\cc1jbfJB.s 			page 44


 1882              	.LASF128:
 1883 0e85 4359424C 		.ascii	"CYBLE_GATT_ERR_INVALID_ATTRIBUTE_LEN\000"
 1883      455F4741 
 1883      54545F45 
 1883      52525F49 
 1883      4E56414C 
 1884              	.LASF140:
 1885 0eaa 4359424C 		.ascii	"CYBLE_GATTS_ERR_CCCD_IMPROPERLY_CONFIGURED\000"
 1885      455F4741 
 1885      5454535F 
 1885      4552525F 
 1885      43434344 
 1886              	.LASF184:
 1887 0ed5 474E5520 		.ascii	"GNU C 4.9.3 20150303 (release) [ARM/embedded-4_9-br"
 1887      4320342E 
 1887      392E3320 
 1887      32303135 
 1887      30333033 
 1888 0f08 616E6368 		.ascii	"anch revision 221220] -mcpu=cortex-m0 -mthumb -g -O"
 1888      20726576 
 1888      6973696F 
 1888      6E203232 
 1888      31323230 
 1889 0f3b 67202D66 		.ascii	"g -ffunction-sections -ffat-lto-objects\000"
 1889      66756E63 
 1889      74696F6E 
 1889      2D736563 
 1889      74696F6E 
 1890              	.LASF2:
 1891 0f63 73686F72 		.ascii	"short int\000"
 1891      7420696E 
 1891      7400
 1892              	.LASF62:
 1893 0f6d 4359424C 		.ascii	"CYBLE_EVT_GATTC_HANDLE_VALUE_IND\000"
 1893      455F4556 
 1893      545F4741 
 1893      5454435F 
 1893      48414E44 
 1894              	.LASF139:
 1895 0f8e 4359424C 		.ascii	"CYBLE_GATT_ERR_MISSING_CRC\000"
 1895      455F4741 
 1895      54545F45 
 1895      52525F4D 
 1895      49535349 
 1896              	.LASF97:
 1897 0fa9 4359424C 		.ascii	"CYBLE_ERROR_L2CAP_PSM_NOT_REGISTERED\000"
 1897      455F4552 
 1897      524F525F 
 1897      4C324341 
 1897      505F5053 
 1898              	.LASF88:
 1899 0fce 4359424C 		.ascii	"CYBLE_ERROR_NO_CONNECTION\000"
 1899      455F4552 
 1899      524F525F 
 1899      4E4F5F43 
 1899      4F4E4E45 
 1900              	.LASF145:
ARM GAS  C:\Users\Henny\AppData\Local\Temp\cc1jbfJB.s 			page 45


 1901 0fe8 4359424C 		.ascii	"CYBLE_GATT_ERR_ANS_COMMAND_NOT_SUPPORTED\000"
 1901      455F4741 
 1901      54545F45 
 1901      52525F41 
 1901      4E535F43 
 1902              	.LASF58:
 1903 1011 4359424C 		.ascii	"CYBLE_EVT_GATTS_PREP_WRITE_REQ\000"
 1903      455F4556 
 1903      545F4741 
 1903      5454535F 
 1903      50524550 
 1904              	.LASF178:
 1905 1030 4164764C 		.ascii	"AdvLED_Write\000"
 1905      45445F57 
 1905      72697465 
 1905      00
 1906              	.LASF150:
 1907 103d 4359424C 		.ascii	"CYBLE_GATT_ERR_CCCD_IMPROPERLY_CONFIGURED\000"
 1907      455F4741 
 1907      54545F45 
 1907      52525F43 
 1907      4343445F 
 1908              	.LASF42:
 1909 1067 4359424C 		.ascii	"CYBLE_EVT_GAP_SMP_NEGOTIATED_AUTH_INFO\000"
 1909      455F4556 
 1909      545F4741 
 1909      505F534D 
 1909      505F4E45 
 1910              	.LASF133:
 1911 108e 4359424C 		.ascii	"CYBLE_GATT_ERR_HEART_RATE_CONTROL_POINT_NOT_SUPPORT"
 1911      455F4741 
 1911      54545F45 
 1911      52525F48 
 1911      45415254 
 1912 10c1 454400   		.ascii	"ED\000"
 1913              	.LASF180:
 1914 10c4 436F6E6E 		.ascii	"ConnectedLED_Write\000"
 1914      65637465 
 1914      644C4544 
 1914      5F577269 
 1914      746500
 1915              	.LASF14:
 1916 10d7 63686172 		.ascii	"char\000"
 1916      00
 1917              	.LASF93:
 1918 10dc 4359424C 		.ascii	"CYBLE_ERROR_BT_ON_NOT_COMPLETED\000"
 1918      455F4552 
 1918      524F525F 
 1918      42545F4F 
 1918      4E5F4E4F 
 1919              	.LASF31:
 1920 10fc 4359424C 		.ascii	"CYBLE_EVT_GAP_DEVICE_DISCONNECTED\000"
 1920      455F4556 
 1920      545F4741 
 1920      505F4445 
 1920      56494345 
 1921              	.LASF8:
ARM GAS  C:\Users\Henny\AppData\Local\Temp\cc1jbfJB.s 			page 46


 1922 111e 756E7369 		.ascii	"unsigned int\000"
 1922      676E6564 
 1922      20696E74 
 1922      00
 1923              	.LASF66:
 1924 112b 4359424C 		.ascii	"CYBLE_EVT_GATTS_READ_CHAR_VAL_ACCESS_REQ\000"
 1924      455F4556 
 1924      545F4741 
 1924      5454535F 
 1924      52454144 
 1925              	.LASF77:
 1926 1154 4359424C 		.ascii	"CYBLE_EVT_L2CAP_CBFC_TX_CREDIT_IND\000"
 1926      455F4556 
 1926      545F4C32 
 1926      4341505F 
 1926      43424643 
 1927              	.LASF129:
 1928 1177 4359424C 		.ascii	"CYBLE_GATT_ERR_UNLIKELY_ERROR\000"
 1928      455F4741 
 1928      54545F45 
 1928      52525F55 
 1928      4E4C494B 
 1929              	.LASF149:
 1930 1195 4359424C 		.ascii	"CYBLE_GATT_ERR_ANCS_ACTION_FAILED\000"
 1930      455F4741 
 1930      54545F45 
 1930      52525F41 
 1930      4E43535F 
 1931              	.LASF103:
 1932 11b7 4359424C 		.ascii	"CYBLE_ERROR_FLASH_WRITE_NOT_PERMITED\000"
 1932      455F4552 
 1932      524F525F 
 1932      464C4153 
 1932      485F5752 
 1933              	.LASF98:
 1934 11dc 4359424C 		.ascii	"CYBLE_ERROR_L2CAP_CONNECTION_ENTITY_NOT_FOUND\000"
 1934      455F4552 
 1934      524F525F 
 1934      4C324341 
 1934      505F434F 
 1935              	.LASF151:
 1936 120a 4359424C 		.ascii	"CYBLE_GATT_ERR_PROCEDURE_ALREADY_IN_PROGRESS\000"
 1936      455F4741 
 1936      54545F45 
 1936      52525F50 
 1936      524F4345 
 1937              	.LASF19:
 1938 1237 4359424C 		.ascii	"CYBLE_EVT_HARDWARE_ERROR\000"
 1938      455F4556 
 1938      545F4841 
 1938      52445741 
 1938      52455F45 
 1939              	.LASF3:
 1940 1250 73686F72 		.ascii	"short unsigned int\000"
 1940      7420756E 
 1940      7369676E 
 1940      65642069 
ARM GAS  C:\Users\Henny\AppData\Local\Temp\cc1jbfJB.s 			page 47


 1940      6E7400
 1941              	.LASF43:
 1942 1263 4359424C 		.ascii	"CYBLE_EVT_GATTC_ERROR_RSP\000"
 1942      455F4556 
 1942      545F4741 
 1942      5454435F 
 1942      4552524F 
 1943              	.LASF84:
 1944 127d 4359424C 		.ascii	"CYBLE_ERROR_INVALID_OPERATION\000"
 1944      455F4552 
 1944      524F525F 
 1944      494E5641 
 1944      4C49445F 
 1945              	.LASF134:
 1946 129b 4359424C 		.ascii	"CYBLE_GATT_ERR_USER_DATA_ACCESS_NOT_PERMITTED\000"
 1946      455F4741 
 1946      54545F45 
 1946      52525F55 
 1946      5345525F 
 1947              	.LASF130:
 1948 12c9 4359424C 		.ascii	"CYBLE_GATT_ERR_INSUFFICIENT_ENCRYPTION\000"
 1948      455F4741 
 1948      54545F45 
 1948      52525F49 
 1948      4E535546 
 1949              	.LASF46:
 1950 12f0 4359424C 		.ascii	"CYBLE_EVT_GATTS_XCNHG_MTU_REQ\000"
 1950      455F4556 
 1950      545F4741 
 1950      5454535F 
 1950      58434E48 
 1951              	.LASF173:
 1952 130e 6576656E 		.ascii	"eventParam\000"
 1952      74506172 
 1952      616D00
 1953              	.LASF86:
 1954 1319 4359424C 		.ascii	"CYBLE_ERROR_INSUFFICIENT_RESOURCES\000"
 1954      455F4552 
 1954      524F525F 
 1954      494E5355 
 1954      46464943 
 1955              	.LASF171:
 1956 133c 4359424C 		.ascii	"CYBLE_STATE_T\000"
 1956      455F5354 
 1956      4154455F 
 1956      5400
 1957              	.LASF53:
 1958 134a 4359424C 		.ascii	"CYBLE_EVT_GATTC_READ_BLOB_RSP\000"
 1958      455F4556 
 1958      545F4741 
 1958      5454435F 
 1958      52454144 
 1959              	.LASF108:
 1960 1368 4359424C 		.ascii	"CYBLE_ERROR_CONTROLLER_BUSY\000"
 1960      455F4552 
 1960      524F525F 
 1960      434F4E54 
ARM GAS  C:\Users\Henny\AppData\Local\Temp\cc1jbfJB.s 			page 48


 1960      524F4C4C 
 1961              	.LASF104:
 1962 1384 4359424C 		.ascii	"CYBLE_ERROR_MIC_AUTH_FAILED\000"
 1962      455F4552 
 1962      524F525F 
 1962      4D49435F 
 1962      41555448 
 1963              	.LASF144:
 1964 13a0 4359424C 		.ascii	"CYBLE_GATTS_ERR_NETWORK_NOT_AVAILABLE\000"
 1964      455F4741 
 1964      5454535F 
 1964      4552525F 
 1964      4E455457 
 1965              	.LASF168:
 1966 13c6 4359424C 		.ascii	"CYBLE_STATE_CONNECTED\000"
 1966      455F5354 
 1966      4154455F 
 1966      434F4E4E 
 1966      45435445 
 1967              	.LASF183:
 1968 13dc 4379426C 		.ascii	"CyBle_GattsWriteRsp\000"
 1968      655F4761 
 1968      74747357 
 1968      72697465 
 1968      52737000 
 1969              	.LASF51:
 1970 13f0 4359424C 		.ascii	"CYBLE_EVT_GATTC_FIND_BY_TYPE_VALUE_RSP\000"
 1970      455F4556 
 1970      545F4741 
 1970      5454435F 
 1970      46494E44 
 1971              	.LASF91:
 1972 1417 4359424C 		.ascii	"CYBLE_ERROR_GAP_ROLE\000"
 1972      455F4552 
 1972      524F525F 
 1972      4741505F 
 1972      524F4C45 
 1973              	.LASF35:
 1974 142c 4359424C 		.ascii	"CYBLE_EVT_GAP_KEYINFO_EXCHNGE_CMPLT\000"
 1974      455F4556 
 1974      545F4741 
 1974      505F4B45 
 1974      59494E46 
 1975              	.LASF155:
 1976 1450 62644861 		.ascii	"bdHandle\000"
 1976      6E646C65 
 1976      00
 1977              	.LASF79:
 1978 1459 4359424C 		.ascii	"CYBLE_EVT_PENDING_FLASH_WRITE\000"
 1978      455F4556 
 1978      545F5045 
 1978      4E44494E 
 1978      475F464C 
 1979              	.LASF69:
 1980 1477 4359424C 		.ascii	"CYBLE_EVT_L2CAP_CONN_PARAM_UPDATE_RSP\000"
 1980      455F4556 
 1980      545F4C32 
ARM GAS  C:\Users\Henny\AppData\Local\Temp\cc1jbfJB.s 			page 49


 1980      4341505F 
 1980      434F4E4E 
 1981              	.LASF40:
 1982 149d 4359424C 		.ascii	"CYBLE_EVT_GAP_ENHANCE_CONN_COMPLETE\000"
 1982      455F4556 
 1982      545F4741 
 1982      505F454E 
 1982      48414E43 
 1983              	.LASF154:
 1984 14c1 4359424C 		.ascii	"CYBLE_GATT_DB_ATTR_HANDLE_T\000"
 1984      455F4741 
 1984      54545F44 
 1984      425F4154 
 1984      54525F48 
 1985              	.LASF45:
 1986 14dd 4359424C 		.ascii	"CYBLE_EVT_GATT_DISCONNECT_IND\000"
 1986      455F4556 
 1986      545F4741 
 1986      54545F44 
 1986      4953434F 
 1987              	.LASF101:
 1988 14fb 4359424C 		.ascii	"CYBLE_ERROR_GATT_DB_INVALID_ATTR_HANDLE\000"
 1988      455F4552 
 1988      524F525F 
 1988      47415454 
 1988      5F44425F 
 1989              	.LASF90:
 1990 1523 4359424C 		.ascii	"CYBLE_ERROR_REPEATED_ATTEMPTS\000"
 1990      455F4552 
 1990      524F525F 
 1990      52455045 
 1990      41544544 
 1991              		.ident	"GCC: (GNU Tools for ARM Embedded Processors) 4.9.3 20150303 (release) [ARM/embedded-4_9-br
