ARM GAS  C:\Users\Henny\AppData\Local\Temp\cchELfFA.s 			page 1


   1              		.cpu cortex-m0
   2              		.fpu softvfp
   3              		.eabi_attribute 20, 1
   4              		.eabi_attribute 21, 1
   5              		.eabi_attribute 23, 3
   6              		.eabi_attribute 24, 1
   7              		.eabi_attribute 25, 1
   8              		.eabi_attribute 26, 1
   9              		.eabi_attribute 30, 1
  10              		.eabi_attribute 34, 0
  11              		.eabi_attribute 18, 4
  12              		.code	16
  13              		.file	"I2C.c"
  14              		.text
  15              	.Ltext0:
  16              		.cfi_sections	.debug_frame
  17              		.section	.text.I2C_ScbEnableIntr,"ax",%progbits
  18              		.align	2
  19              		.code	16
  20              		.thumb_func
  21              		.type	I2C_ScbEnableIntr, %function
  22              	I2C_ScbEnableIntr:
  23              	.LFB9:
  24              		.file 1 ".\\Generated_Source\\PSoC4\\I2C.c"
   1:.\Generated_Source\PSoC4/I2C.c **** /***************************************************************************//**
   2:.\Generated_Source\PSoC4/I2C.c **** * \file I2C.c
   3:.\Generated_Source\PSoC4/I2C.c **** * \version 3.20
   4:.\Generated_Source\PSoC4/I2C.c **** *
   5:.\Generated_Source\PSoC4/I2C.c **** * \brief
   6:.\Generated_Source\PSoC4/I2C.c **** *  This file provides the source code to the API for the SCB Component.
   7:.\Generated_Source\PSoC4/I2C.c **** *
   8:.\Generated_Source\PSoC4/I2C.c **** * Note:
   9:.\Generated_Source\PSoC4/I2C.c **** *
  10:.\Generated_Source\PSoC4/I2C.c **** *******************************************************************************
  11:.\Generated_Source\PSoC4/I2C.c **** * \copyright
  12:.\Generated_Source\PSoC4/I2C.c **** * Copyright 2013-2016, Cypress Semiconductor Corporation.  All rights reserved.
  13:.\Generated_Source\PSoC4/I2C.c **** * You may use this file only in accordance with the license, terms, conditions,
  14:.\Generated_Source\PSoC4/I2C.c **** * disclaimers, and limitations in the end user license agreement accompanying
  15:.\Generated_Source\PSoC4/I2C.c **** * the software package with which this file was provided.
  16:.\Generated_Source\PSoC4/I2C.c **** *******************************************************************************/
  17:.\Generated_Source\PSoC4/I2C.c **** 
  18:.\Generated_Source\PSoC4/I2C.c **** #include "I2C_PVT.h"
  19:.\Generated_Source\PSoC4/I2C.c **** 
  20:.\Generated_Source\PSoC4/I2C.c **** #if (I2C_SCB_MODE_I2C_INC)
  21:.\Generated_Source\PSoC4/I2C.c ****     #include "I2C_I2C_PVT.h"
  22:.\Generated_Source\PSoC4/I2C.c **** #endif /* (I2C_SCB_MODE_I2C_INC) */
  23:.\Generated_Source\PSoC4/I2C.c **** 
  24:.\Generated_Source\PSoC4/I2C.c **** #if (I2C_SCB_MODE_EZI2C_INC)
  25:.\Generated_Source\PSoC4/I2C.c ****     #include "I2C_EZI2C_PVT.h"
  26:.\Generated_Source\PSoC4/I2C.c **** #endif /* (I2C_SCB_MODE_EZI2C_INC) */
  27:.\Generated_Source\PSoC4/I2C.c **** 
  28:.\Generated_Source\PSoC4/I2C.c **** #if (I2C_SCB_MODE_SPI_INC || I2C_SCB_MODE_UART_INC)
  29:.\Generated_Source\PSoC4/I2C.c ****     #include "I2C_SPI_UART_PVT.h"
  30:.\Generated_Source\PSoC4/I2C.c **** #endif /* (I2C_SCB_MODE_SPI_INC || I2C_SCB_MODE_UART_INC) */
  31:.\Generated_Source\PSoC4/I2C.c **** 
  32:.\Generated_Source\PSoC4/I2C.c **** 
  33:.\Generated_Source\PSoC4/I2C.c **** /***************************************
ARM GAS  C:\Users\Henny\AppData\Local\Temp\cchELfFA.s 			page 2


  34:.\Generated_Source\PSoC4/I2C.c **** *    Run Time Configuration Vars
  35:.\Generated_Source\PSoC4/I2C.c **** ***************************************/
  36:.\Generated_Source\PSoC4/I2C.c **** 
  37:.\Generated_Source\PSoC4/I2C.c **** /* Stores internal component configuration for Unconfigured mode */
  38:.\Generated_Source\PSoC4/I2C.c **** #if (I2C_SCB_MODE_UNCONFIG_CONST_CFG)
  39:.\Generated_Source\PSoC4/I2C.c ****     /* Common configuration variables */
  40:.\Generated_Source\PSoC4/I2C.c ****     uint8 I2C_scbMode = I2C_SCB_MODE_UNCONFIG;
  41:.\Generated_Source\PSoC4/I2C.c ****     uint8 I2C_scbEnableWake;
  42:.\Generated_Source\PSoC4/I2C.c ****     uint8 I2C_scbEnableIntr;
  43:.\Generated_Source\PSoC4/I2C.c **** 
  44:.\Generated_Source\PSoC4/I2C.c ****     /* I2C configuration variables */
  45:.\Generated_Source\PSoC4/I2C.c ****     uint8 I2C_mode;
  46:.\Generated_Source\PSoC4/I2C.c ****     uint8 I2C_acceptAddr;
  47:.\Generated_Source\PSoC4/I2C.c **** 
  48:.\Generated_Source\PSoC4/I2C.c ****     /* SPI/UART configuration variables */
  49:.\Generated_Source\PSoC4/I2C.c ****     volatile uint8 * I2C_rxBuffer;
  50:.\Generated_Source\PSoC4/I2C.c ****     uint8  I2C_rxDataBits;
  51:.\Generated_Source\PSoC4/I2C.c ****     uint32 I2C_rxBufferSize;
  52:.\Generated_Source\PSoC4/I2C.c **** 
  53:.\Generated_Source\PSoC4/I2C.c ****     volatile uint8 * I2C_txBuffer;
  54:.\Generated_Source\PSoC4/I2C.c ****     uint8  I2C_txDataBits;
  55:.\Generated_Source\PSoC4/I2C.c ****     uint32 I2C_txBufferSize;
  56:.\Generated_Source\PSoC4/I2C.c **** 
  57:.\Generated_Source\PSoC4/I2C.c ****     /* EZI2C configuration variables */
  58:.\Generated_Source\PSoC4/I2C.c ****     uint8 I2C_numberOfAddr;
  59:.\Generated_Source\PSoC4/I2C.c ****     uint8 I2C_subAddrSize;
  60:.\Generated_Source\PSoC4/I2C.c **** #endif /* (I2C_SCB_MODE_UNCONFIG_CONST_CFG) */
  61:.\Generated_Source\PSoC4/I2C.c **** 
  62:.\Generated_Source\PSoC4/I2C.c **** 
  63:.\Generated_Source\PSoC4/I2C.c **** /***************************************
  64:.\Generated_Source\PSoC4/I2C.c **** *     Common SCB Vars
  65:.\Generated_Source\PSoC4/I2C.c **** ***************************************/
  66:.\Generated_Source\PSoC4/I2C.c **** /**
  67:.\Generated_Source\PSoC4/I2C.c **** * \addtogroup group_general
  68:.\Generated_Source\PSoC4/I2C.c **** * \{
  69:.\Generated_Source\PSoC4/I2C.c **** */
  70:.\Generated_Source\PSoC4/I2C.c **** 
  71:.\Generated_Source\PSoC4/I2C.c **** /** I2C_initVar indicates whether the I2C 
  72:.\Generated_Source\PSoC4/I2C.c **** *  component has been initialized. The variable is initialized to 0 
  73:.\Generated_Source\PSoC4/I2C.c **** *  and set to 1 the first time SCB_Start() is called. This allows 
  74:.\Generated_Source\PSoC4/I2C.c **** *  the component to restart without reinitialization after the first 
  75:.\Generated_Source\PSoC4/I2C.c **** *  call to the I2C_Start() routine.
  76:.\Generated_Source\PSoC4/I2C.c **** *
  77:.\Generated_Source\PSoC4/I2C.c **** *  If re-initialization of the component is required, then the 
  78:.\Generated_Source\PSoC4/I2C.c **** *  I2C_Init() function can be called before the 
  79:.\Generated_Source\PSoC4/I2C.c **** *  I2C_Start() or I2C_Enable() function.
  80:.\Generated_Source\PSoC4/I2C.c **** */
  81:.\Generated_Source\PSoC4/I2C.c **** uint8 I2C_initVar = 0u;
  82:.\Generated_Source\PSoC4/I2C.c **** 
  83:.\Generated_Source\PSoC4/I2C.c **** 
  84:.\Generated_Source\PSoC4/I2C.c **** #if (! (I2C_SCB_MODE_I2C_CONST_CFG || \
  85:.\Generated_Source\PSoC4/I2C.c ****         I2C_SCB_MODE_EZI2C_CONST_CFG))
  86:.\Generated_Source\PSoC4/I2C.c ****     /** This global variable stores TX interrupt sources after 
  87:.\Generated_Source\PSoC4/I2C.c ****     * I2C_Stop() is called. Only these TX interrupt sources 
  88:.\Generated_Source\PSoC4/I2C.c ****     * will be restored on a subsequent I2C_Enable() call.
  89:.\Generated_Source\PSoC4/I2C.c ****     */
  90:.\Generated_Source\PSoC4/I2C.c ****     uint16 I2C_IntrTxMask = 0u;
ARM GAS  C:\Users\Henny\AppData\Local\Temp\cchELfFA.s 			page 3


  91:.\Generated_Source\PSoC4/I2C.c **** #endif /* (! (I2C_SCB_MODE_I2C_CONST_CFG || \
  92:.\Generated_Source\PSoC4/I2C.c ****               I2C_SCB_MODE_EZI2C_CONST_CFG)) */
  93:.\Generated_Source\PSoC4/I2C.c **** /** \} globals */
  94:.\Generated_Source\PSoC4/I2C.c **** 
  95:.\Generated_Source\PSoC4/I2C.c **** #if (I2C_SCB_IRQ_INTERNAL)
  96:.\Generated_Source\PSoC4/I2C.c **** #if !defined (CY_REMOVE_I2C_CUSTOM_INTR_HANDLER)
  97:.\Generated_Source\PSoC4/I2C.c ****     void (*I2C_customIntrHandler)(void) = NULL;
  98:.\Generated_Source\PSoC4/I2C.c **** #endif /* !defined (CY_REMOVE_I2C_CUSTOM_INTR_HANDLER) */
  99:.\Generated_Source\PSoC4/I2C.c **** #endif /* (I2C_SCB_IRQ_INTERNAL) */
 100:.\Generated_Source\PSoC4/I2C.c **** 
 101:.\Generated_Source\PSoC4/I2C.c **** 
 102:.\Generated_Source\PSoC4/I2C.c **** /***************************************
 103:.\Generated_Source\PSoC4/I2C.c **** *    Private Function Prototypes
 104:.\Generated_Source\PSoC4/I2C.c **** ***************************************/
 105:.\Generated_Source\PSoC4/I2C.c **** 
 106:.\Generated_Source\PSoC4/I2C.c **** static void I2C_ScbEnableIntr(void);
 107:.\Generated_Source\PSoC4/I2C.c **** static void I2C_ScbModeStop(void);
 108:.\Generated_Source\PSoC4/I2C.c **** static void I2C_ScbModePostEnable(void);
 109:.\Generated_Source\PSoC4/I2C.c **** 
 110:.\Generated_Source\PSoC4/I2C.c **** 
 111:.\Generated_Source\PSoC4/I2C.c **** /*******************************************************************************
 112:.\Generated_Source\PSoC4/I2C.c **** * Function Name: I2C_Init
 113:.\Generated_Source\PSoC4/I2C.c **** ****************************************************************************//**
 114:.\Generated_Source\PSoC4/I2C.c **** *
 115:.\Generated_Source\PSoC4/I2C.c **** *  Initializes the I2C component to operate in one of the selected
 116:.\Generated_Source\PSoC4/I2C.c **** *  configurations: I2C, SPI, UART or EZI2C.
 117:.\Generated_Source\PSoC4/I2C.c **** *  When the configuration is set to "Unconfigured SCB", this function does
 118:.\Generated_Source\PSoC4/I2C.c **** *  not do any initialization. Use mode-specific initialization APIs instead:
 119:.\Generated_Source\PSoC4/I2C.c **** *  I2C_I2CInit, I2C_SpiInit, 
 120:.\Generated_Source\PSoC4/I2C.c **** *  I2C_UartInit or I2C_EzI2CInit.
 121:.\Generated_Source\PSoC4/I2C.c **** *
 122:.\Generated_Source\PSoC4/I2C.c **** *******************************************************************************/
 123:.\Generated_Source\PSoC4/I2C.c **** void I2C_Init(void)
 124:.\Generated_Source\PSoC4/I2C.c **** {
 125:.\Generated_Source\PSoC4/I2C.c **** #if (I2C_SCB_MODE_UNCONFIG_CONST_CFG)
 126:.\Generated_Source\PSoC4/I2C.c ****     if (I2C_SCB_MODE_UNCONFIG_RUNTM_CFG)
 127:.\Generated_Source\PSoC4/I2C.c ****     {
 128:.\Generated_Source\PSoC4/I2C.c ****         I2C_initVar = 0u;
 129:.\Generated_Source\PSoC4/I2C.c ****     }
 130:.\Generated_Source\PSoC4/I2C.c ****     else
 131:.\Generated_Source\PSoC4/I2C.c ****     {
 132:.\Generated_Source\PSoC4/I2C.c ****         /* Initialization was done before this function call */
 133:.\Generated_Source\PSoC4/I2C.c ****     }
 134:.\Generated_Source\PSoC4/I2C.c **** 
 135:.\Generated_Source\PSoC4/I2C.c **** #elif (I2C_SCB_MODE_I2C_CONST_CFG)
 136:.\Generated_Source\PSoC4/I2C.c ****     I2C_I2CInit();
 137:.\Generated_Source\PSoC4/I2C.c **** 
 138:.\Generated_Source\PSoC4/I2C.c **** #elif (I2C_SCB_MODE_SPI_CONST_CFG)
 139:.\Generated_Source\PSoC4/I2C.c ****     I2C_SpiInit();
 140:.\Generated_Source\PSoC4/I2C.c **** 
 141:.\Generated_Source\PSoC4/I2C.c **** #elif (I2C_SCB_MODE_UART_CONST_CFG)
 142:.\Generated_Source\PSoC4/I2C.c ****     I2C_UartInit();
 143:.\Generated_Source\PSoC4/I2C.c **** 
 144:.\Generated_Source\PSoC4/I2C.c **** #elif (I2C_SCB_MODE_EZI2C_CONST_CFG)
 145:.\Generated_Source\PSoC4/I2C.c ****     I2C_EzI2CInit();
 146:.\Generated_Source\PSoC4/I2C.c **** 
 147:.\Generated_Source\PSoC4/I2C.c **** #endif /* (I2C_SCB_MODE_UNCONFIG_CONST_CFG) */
ARM GAS  C:\Users\Henny\AppData\Local\Temp\cchELfFA.s 			page 4


 148:.\Generated_Source\PSoC4/I2C.c **** }
 149:.\Generated_Source\PSoC4/I2C.c **** 
 150:.\Generated_Source\PSoC4/I2C.c **** 
 151:.\Generated_Source\PSoC4/I2C.c **** /*******************************************************************************
 152:.\Generated_Source\PSoC4/I2C.c **** * Function Name: I2C_Enable
 153:.\Generated_Source\PSoC4/I2C.c **** ****************************************************************************//**
 154:.\Generated_Source\PSoC4/I2C.c **** *
 155:.\Generated_Source\PSoC4/I2C.c **** *  Enables I2C component operation: activates the hardware and 
 156:.\Generated_Source\PSoC4/I2C.c **** *  internal interrupt. It also restores TX interrupt sources disabled after the 
 157:.\Generated_Source\PSoC4/I2C.c **** *  I2C_Stop() function was called (note that level-triggered TX 
 158:.\Generated_Source\PSoC4/I2C.c **** *  interrupt sources remain disabled to not cause code lock-up).
 159:.\Generated_Source\PSoC4/I2C.c **** *  For I2C and EZI2C modes the interrupt is internal and mandatory for 
 160:.\Generated_Source\PSoC4/I2C.c **** *  operation. For SPI and UART modes the interrupt can be configured as none, 
 161:.\Generated_Source\PSoC4/I2C.c **** *  internal or external.
 162:.\Generated_Source\PSoC4/I2C.c **** *  The I2C configuration should be not changed when the component
 163:.\Generated_Source\PSoC4/I2C.c **** *  is enabled. Any configuration changes should be made after disabling the 
 164:.\Generated_Source\PSoC4/I2C.c **** *  component.
 165:.\Generated_Source\PSoC4/I2C.c **** *  When configuration is set to “Unconfigured I2C”, the component 
 166:.\Generated_Source\PSoC4/I2C.c **** *  must first be initialized to operate in one of the following configurations: 
 167:.\Generated_Source\PSoC4/I2C.c **** *  I2C, SPI, UART or EZ I2C, using the mode-specific initialization API. 
 168:.\Generated_Source\PSoC4/I2C.c **** *  Otherwise this function does not enable the component.
 169:.\Generated_Source\PSoC4/I2C.c **** *
 170:.\Generated_Source\PSoC4/I2C.c **** *******************************************************************************/
 171:.\Generated_Source\PSoC4/I2C.c **** void I2C_Enable(void)
 172:.\Generated_Source\PSoC4/I2C.c **** {
 173:.\Generated_Source\PSoC4/I2C.c **** #if (I2C_SCB_MODE_UNCONFIG_CONST_CFG)
 174:.\Generated_Source\PSoC4/I2C.c ****     /* Enable SCB block, only if it is already configured */
 175:.\Generated_Source\PSoC4/I2C.c ****     if (!I2C_SCB_MODE_UNCONFIG_RUNTM_CFG)
 176:.\Generated_Source\PSoC4/I2C.c ****     {
 177:.\Generated_Source\PSoC4/I2C.c ****         I2C_CTRL_REG |= I2C_CTRL_ENABLED;
 178:.\Generated_Source\PSoC4/I2C.c **** 
 179:.\Generated_Source\PSoC4/I2C.c ****         I2C_ScbEnableIntr();
 180:.\Generated_Source\PSoC4/I2C.c **** 
 181:.\Generated_Source\PSoC4/I2C.c ****         /* Call PostEnable function specific to current operation mode */
 182:.\Generated_Source\PSoC4/I2C.c ****         I2C_ScbModePostEnable();
 183:.\Generated_Source\PSoC4/I2C.c ****     }
 184:.\Generated_Source\PSoC4/I2C.c **** #else
 185:.\Generated_Source\PSoC4/I2C.c ****     I2C_CTRL_REG |= I2C_CTRL_ENABLED;
 186:.\Generated_Source\PSoC4/I2C.c **** 
 187:.\Generated_Source\PSoC4/I2C.c ****     I2C_ScbEnableIntr();
 188:.\Generated_Source\PSoC4/I2C.c **** 
 189:.\Generated_Source\PSoC4/I2C.c ****     /* Call PostEnable function specific to current operation mode */
 190:.\Generated_Source\PSoC4/I2C.c ****     I2C_ScbModePostEnable();
 191:.\Generated_Source\PSoC4/I2C.c **** #endif /* (I2C_SCB_MODE_UNCONFIG_CONST_CFG) */
 192:.\Generated_Source\PSoC4/I2C.c **** }
 193:.\Generated_Source\PSoC4/I2C.c **** 
 194:.\Generated_Source\PSoC4/I2C.c **** 
 195:.\Generated_Source\PSoC4/I2C.c **** /*******************************************************************************
 196:.\Generated_Source\PSoC4/I2C.c **** * Function Name: I2C_Start
 197:.\Generated_Source\PSoC4/I2C.c **** ****************************************************************************//**
 198:.\Generated_Source\PSoC4/I2C.c **** *
 199:.\Generated_Source\PSoC4/I2C.c **** *  Invokes I2C_Init() and I2C_Enable().
 200:.\Generated_Source\PSoC4/I2C.c **** *  After this function call, the component is enabled and ready for operation.
 201:.\Generated_Source\PSoC4/I2C.c **** *  When configuration is set to "Unconfigured SCB", the component must first be
 202:.\Generated_Source\PSoC4/I2C.c **** *  initialized to operate in one of the following configurations: I2C, SPI, UART
 203:.\Generated_Source\PSoC4/I2C.c **** *  or EZI2C. Otherwise this function does not enable the component.
 204:.\Generated_Source\PSoC4/I2C.c **** *
ARM GAS  C:\Users\Henny\AppData\Local\Temp\cchELfFA.s 			page 5


 205:.\Generated_Source\PSoC4/I2C.c **** * \globalvars
 206:.\Generated_Source\PSoC4/I2C.c **** *  I2C_initVar - used to check initial configuration, modified
 207:.\Generated_Source\PSoC4/I2C.c **** *  on first function call.
 208:.\Generated_Source\PSoC4/I2C.c **** *
 209:.\Generated_Source\PSoC4/I2C.c **** *******************************************************************************/
 210:.\Generated_Source\PSoC4/I2C.c **** void I2C_Start(void)
 211:.\Generated_Source\PSoC4/I2C.c **** {
 212:.\Generated_Source\PSoC4/I2C.c ****     if (0u == I2C_initVar)
 213:.\Generated_Source\PSoC4/I2C.c ****     {
 214:.\Generated_Source\PSoC4/I2C.c ****         I2C_Init();
 215:.\Generated_Source\PSoC4/I2C.c ****         I2C_initVar = 1u; /* Component was initialized */
 216:.\Generated_Source\PSoC4/I2C.c ****     }
 217:.\Generated_Source\PSoC4/I2C.c **** 
 218:.\Generated_Source\PSoC4/I2C.c ****     I2C_Enable();
 219:.\Generated_Source\PSoC4/I2C.c **** }
 220:.\Generated_Source\PSoC4/I2C.c **** 
 221:.\Generated_Source\PSoC4/I2C.c **** 
 222:.\Generated_Source\PSoC4/I2C.c **** /*******************************************************************************
 223:.\Generated_Source\PSoC4/I2C.c **** * Function Name: I2C_Stop
 224:.\Generated_Source\PSoC4/I2C.c **** ****************************************************************************//**
 225:.\Generated_Source\PSoC4/I2C.c **** *
 226:.\Generated_Source\PSoC4/I2C.c **** *  Disables the I2C component: disable the hardware and internal 
 227:.\Generated_Source\PSoC4/I2C.c **** *  interrupt. It also disables all TX interrupt sources so as not to cause an 
 228:.\Generated_Source\PSoC4/I2C.c **** *  unexpected interrupt trigger because after the component is enabled, the 
 229:.\Generated_Source\PSoC4/I2C.c **** *  TX FIFO is empty.
 230:.\Generated_Source\PSoC4/I2C.c **** *  Refer to the function I2C_Enable() for the interrupt 
 231:.\Generated_Source\PSoC4/I2C.c **** *  configuration details.
 232:.\Generated_Source\PSoC4/I2C.c **** *  This function disables the SCB component without checking to see if 
 233:.\Generated_Source\PSoC4/I2C.c **** *  communication is in progress. Before calling this function it may be 
 234:.\Generated_Source\PSoC4/I2C.c **** *  necessary to check the status of communication to make sure communication 
 235:.\Generated_Source\PSoC4/I2C.c **** *  is complete. If this is not done then communication could be stopped mid 
 236:.\Generated_Source\PSoC4/I2C.c **** *  byte and corrupted data could result.
 237:.\Generated_Source\PSoC4/I2C.c **** *
 238:.\Generated_Source\PSoC4/I2C.c **** *******************************************************************************/
 239:.\Generated_Source\PSoC4/I2C.c **** void I2C_Stop(void)
 240:.\Generated_Source\PSoC4/I2C.c **** {
 241:.\Generated_Source\PSoC4/I2C.c **** #if (I2C_SCB_IRQ_INTERNAL)
 242:.\Generated_Source\PSoC4/I2C.c ****     I2C_DisableInt();
 243:.\Generated_Source\PSoC4/I2C.c **** #endif /* (I2C_SCB_IRQ_INTERNAL) */
 244:.\Generated_Source\PSoC4/I2C.c **** 
 245:.\Generated_Source\PSoC4/I2C.c ****     /* Call Stop function specific to current operation mode */
 246:.\Generated_Source\PSoC4/I2C.c ****     I2C_ScbModeStop();
 247:.\Generated_Source\PSoC4/I2C.c **** 
 248:.\Generated_Source\PSoC4/I2C.c ****     /* Disable SCB IP */
 249:.\Generated_Source\PSoC4/I2C.c ****     I2C_CTRL_REG &= (uint32) ~I2C_CTRL_ENABLED;
 250:.\Generated_Source\PSoC4/I2C.c **** 
 251:.\Generated_Source\PSoC4/I2C.c ****     /* Disable all TX interrupt sources so as not to cause an unexpected
 252:.\Generated_Source\PSoC4/I2C.c ****     * interrupt trigger after the component will be enabled because the 
 253:.\Generated_Source\PSoC4/I2C.c ****     * TX FIFO is empty.
 254:.\Generated_Source\PSoC4/I2C.c ****     * For SCB IP v0, it is critical as it does not mask-out interrupt
 255:.\Generated_Source\PSoC4/I2C.c ****     * sources when it is disabled. This can cause a code lock-up in the
 256:.\Generated_Source\PSoC4/I2C.c ****     * interrupt handler because TX FIFO cannot be loaded after the block
 257:.\Generated_Source\PSoC4/I2C.c ****     * is disabled.
 258:.\Generated_Source\PSoC4/I2C.c ****     */
 259:.\Generated_Source\PSoC4/I2C.c ****     I2C_SetTxInterruptMode(I2C_NO_INTR_SOURCES);
 260:.\Generated_Source\PSoC4/I2C.c **** 
 261:.\Generated_Source\PSoC4/I2C.c **** #if (I2C_SCB_IRQ_INTERNAL)
ARM GAS  C:\Users\Henny\AppData\Local\Temp\cchELfFA.s 			page 6


 262:.\Generated_Source\PSoC4/I2C.c ****     I2C_ClearPendingInt();
 263:.\Generated_Source\PSoC4/I2C.c **** #endif /* (I2C_SCB_IRQ_INTERNAL) */
 264:.\Generated_Source\PSoC4/I2C.c **** }
 265:.\Generated_Source\PSoC4/I2C.c **** 
 266:.\Generated_Source\PSoC4/I2C.c **** 
 267:.\Generated_Source\PSoC4/I2C.c **** /*******************************************************************************
 268:.\Generated_Source\PSoC4/I2C.c **** * Function Name: I2C_SetRxFifoLevel
 269:.\Generated_Source\PSoC4/I2C.c **** ****************************************************************************//**
 270:.\Generated_Source\PSoC4/I2C.c **** *
 271:.\Generated_Source\PSoC4/I2C.c **** *  Sets level in the RX FIFO to generate a RX level interrupt.
 272:.\Generated_Source\PSoC4/I2C.c **** *  When the RX FIFO has more entries than the RX FIFO level an RX level
 273:.\Generated_Source\PSoC4/I2C.c **** *  interrupt request is generated.
 274:.\Generated_Source\PSoC4/I2C.c **** *
 275:.\Generated_Source\PSoC4/I2C.c **** *  \param level: Level in the RX FIFO to generate RX level interrupt.
 276:.\Generated_Source\PSoC4/I2C.c **** *   The range of valid level values is between 0 and RX FIFO depth - 1.
 277:.\Generated_Source\PSoC4/I2C.c **** *
 278:.\Generated_Source\PSoC4/I2C.c **** *******************************************************************************/
 279:.\Generated_Source\PSoC4/I2C.c **** void I2C_SetRxFifoLevel(uint32 level)
 280:.\Generated_Source\PSoC4/I2C.c **** {
 281:.\Generated_Source\PSoC4/I2C.c ****     uint32 rxFifoCtrl;
 282:.\Generated_Source\PSoC4/I2C.c **** 
 283:.\Generated_Source\PSoC4/I2C.c ****     rxFifoCtrl = I2C_RX_FIFO_CTRL_REG;
 284:.\Generated_Source\PSoC4/I2C.c **** 
 285:.\Generated_Source\PSoC4/I2C.c ****     rxFifoCtrl &= ((uint32) ~I2C_RX_FIFO_CTRL_TRIGGER_LEVEL_MASK); /* Clear level mask bits */
 286:.\Generated_Source\PSoC4/I2C.c ****     rxFifoCtrl |= ((uint32) (I2C_RX_FIFO_CTRL_TRIGGER_LEVEL_MASK & level));
 287:.\Generated_Source\PSoC4/I2C.c **** 
 288:.\Generated_Source\PSoC4/I2C.c ****     I2C_RX_FIFO_CTRL_REG = rxFifoCtrl;
 289:.\Generated_Source\PSoC4/I2C.c **** }
 290:.\Generated_Source\PSoC4/I2C.c **** 
 291:.\Generated_Source\PSoC4/I2C.c **** 
 292:.\Generated_Source\PSoC4/I2C.c **** /*******************************************************************************
 293:.\Generated_Source\PSoC4/I2C.c **** * Function Name: I2C_SetTxFifoLevel
 294:.\Generated_Source\PSoC4/I2C.c **** ****************************************************************************//**
 295:.\Generated_Source\PSoC4/I2C.c **** *
 296:.\Generated_Source\PSoC4/I2C.c **** *  Sets level in the TX FIFO to generate a TX level interrupt.
 297:.\Generated_Source\PSoC4/I2C.c **** *  When the TX FIFO has less entries than the TX FIFO level an TX level
 298:.\Generated_Source\PSoC4/I2C.c **** *  interrupt request is generated.
 299:.\Generated_Source\PSoC4/I2C.c **** *
 300:.\Generated_Source\PSoC4/I2C.c **** *  \param level: Level in the TX FIFO to generate TX level interrupt.
 301:.\Generated_Source\PSoC4/I2C.c **** *   The range of valid level values is between 0 and TX FIFO depth - 1.
 302:.\Generated_Source\PSoC4/I2C.c **** *
 303:.\Generated_Source\PSoC4/I2C.c **** *******************************************************************************/
 304:.\Generated_Source\PSoC4/I2C.c **** void I2C_SetTxFifoLevel(uint32 level)
 305:.\Generated_Source\PSoC4/I2C.c **** {
 306:.\Generated_Source\PSoC4/I2C.c ****     uint32 txFifoCtrl;
 307:.\Generated_Source\PSoC4/I2C.c **** 
 308:.\Generated_Source\PSoC4/I2C.c ****     txFifoCtrl = I2C_TX_FIFO_CTRL_REG;
 309:.\Generated_Source\PSoC4/I2C.c **** 
 310:.\Generated_Source\PSoC4/I2C.c ****     txFifoCtrl &= ((uint32) ~I2C_TX_FIFO_CTRL_TRIGGER_LEVEL_MASK); /* Clear level mask bits */
 311:.\Generated_Source\PSoC4/I2C.c ****     txFifoCtrl |= ((uint32) (I2C_TX_FIFO_CTRL_TRIGGER_LEVEL_MASK & level));
 312:.\Generated_Source\PSoC4/I2C.c **** 
 313:.\Generated_Source\PSoC4/I2C.c ****     I2C_TX_FIFO_CTRL_REG = txFifoCtrl;
 314:.\Generated_Source\PSoC4/I2C.c **** }
 315:.\Generated_Source\PSoC4/I2C.c **** 
 316:.\Generated_Source\PSoC4/I2C.c **** 
 317:.\Generated_Source\PSoC4/I2C.c **** #if (I2C_SCB_IRQ_INTERNAL)
 318:.\Generated_Source\PSoC4/I2C.c ****     /*******************************************************************************
ARM GAS  C:\Users\Henny\AppData\Local\Temp\cchELfFA.s 			page 7


 319:.\Generated_Source\PSoC4/I2C.c ****     * Function Name: I2C_SetCustomInterruptHandler
 320:.\Generated_Source\PSoC4/I2C.c ****     ****************************************************************************//**
 321:.\Generated_Source\PSoC4/I2C.c ****     *
 322:.\Generated_Source\PSoC4/I2C.c ****     *  Registers a function to be called by the internal interrupt handler.
 323:.\Generated_Source\PSoC4/I2C.c ****     *  First the function that is registered is called, then the internal interrupt
 324:.\Generated_Source\PSoC4/I2C.c ****     *  handler performs any operation such as software buffer management functions
 325:.\Generated_Source\PSoC4/I2C.c ****     *  before the interrupt returns.  It is the user's responsibility not to break
 326:.\Generated_Source\PSoC4/I2C.c ****     *  the software buffer operations. Only one custom handler is supported, which
 327:.\Generated_Source\PSoC4/I2C.c ****     *  is the function provided by the most recent call.
 328:.\Generated_Source\PSoC4/I2C.c ****     *  At the initialization time no custom handler is registered.
 329:.\Generated_Source\PSoC4/I2C.c ****     *
 330:.\Generated_Source\PSoC4/I2C.c ****     *  \param func: Pointer to the function to register.
 331:.\Generated_Source\PSoC4/I2C.c ****     *        The value NULL indicates to remove the current custom interrupt
 332:.\Generated_Source\PSoC4/I2C.c ****     *        handler.
 333:.\Generated_Source\PSoC4/I2C.c ****     *
 334:.\Generated_Source\PSoC4/I2C.c ****     *******************************************************************************/
 335:.\Generated_Source\PSoC4/I2C.c ****     void I2C_SetCustomInterruptHandler(void (*func)(void))
 336:.\Generated_Source\PSoC4/I2C.c ****     {
 337:.\Generated_Source\PSoC4/I2C.c ****     #if !defined (CY_REMOVE_I2C_CUSTOM_INTR_HANDLER)
 338:.\Generated_Source\PSoC4/I2C.c ****         I2C_customIntrHandler = func; /* Register interrupt handler */
 339:.\Generated_Source\PSoC4/I2C.c ****     #else
 340:.\Generated_Source\PSoC4/I2C.c ****         if (NULL != func)
 341:.\Generated_Source\PSoC4/I2C.c ****         {
 342:.\Generated_Source\PSoC4/I2C.c ****             /* Suppress compiler warning */
 343:.\Generated_Source\PSoC4/I2C.c ****         }
 344:.\Generated_Source\PSoC4/I2C.c ****     #endif /* !defined (CY_REMOVE_I2C_CUSTOM_INTR_HANDLER) */
 345:.\Generated_Source\PSoC4/I2C.c ****     }
 346:.\Generated_Source\PSoC4/I2C.c **** #endif /* (I2C_SCB_IRQ_INTERNAL) */
 347:.\Generated_Source\PSoC4/I2C.c **** 
 348:.\Generated_Source\PSoC4/I2C.c **** 
 349:.\Generated_Source\PSoC4/I2C.c **** /*******************************************************************************
 350:.\Generated_Source\PSoC4/I2C.c **** * Function Name: I2C_ScbModeEnableIntr
 351:.\Generated_Source\PSoC4/I2C.c **** ****************************************************************************//**
 352:.\Generated_Source\PSoC4/I2C.c **** *
 353:.\Generated_Source\PSoC4/I2C.c **** *  Enables an interrupt for a specific mode.
 354:.\Generated_Source\PSoC4/I2C.c **** *
 355:.\Generated_Source\PSoC4/I2C.c **** *******************************************************************************/
 356:.\Generated_Source\PSoC4/I2C.c **** static void I2C_ScbEnableIntr(void)
 357:.\Generated_Source\PSoC4/I2C.c **** {
  25              		.loc 1 357 0
  26              		.cfi_startproc
  27 0000 08B5     		push	{r3, lr}
  28              		.cfi_def_cfa_offset 8
  29              		.cfi_offset 3, -8
  30              		.cfi_offset 14, -4
 358:.\Generated_Source\PSoC4/I2C.c **** #if (I2C_SCB_IRQ_INTERNAL)
 359:.\Generated_Source\PSoC4/I2C.c ****     /* Enable interrupt in NVIC */
 360:.\Generated_Source\PSoC4/I2C.c ****     #if (I2C_SCB_MODE_UNCONFIG_CONST_CFG)
 361:.\Generated_Source\PSoC4/I2C.c ****         if (0u != I2C_scbEnableIntr)
 362:.\Generated_Source\PSoC4/I2C.c ****         {
 363:.\Generated_Source\PSoC4/I2C.c ****             I2C_EnableInt();
 364:.\Generated_Source\PSoC4/I2C.c ****         }
 365:.\Generated_Source\PSoC4/I2C.c **** 
 366:.\Generated_Source\PSoC4/I2C.c ****     #else
 367:.\Generated_Source\PSoC4/I2C.c ****         I2C_EnableInt();
  31              		.loc 1 367 0
  32 0002 0A20     		mov	r0, #10
ARM GAS  C:\Users\Henny\AppData\Local\Temp\cchELfFA.s 			page 8


  33 0004 FFF7FEFF 		bl	CyIntEnable
  34              	.LVL0:
 368:.\Generated_Source\PSoC4/I2C.c **** 
 369:.\Generated_Source\PSoC4/I2C.c ****     #endif /* (I2C_SCB_MODE_UNCONFIG_CONST_CFG) */
 370:.\Generated_Source\PSoC4/I2C.c **** #endif /* (I2C_SCB_IRQ_INTERNAL) */
 371:.\Generated_Source\PSoC4/I2C.c **** }
  35              		.loc 1 371 0
  36              		@ sp needed
  37 0008 08BD     		pop	{r3, pc}
  38              		.cfi_endproc
  39              	.LFE9:
  40              		.size	I2C_ScbEnableIntr, .-I2C_ScbEnableIntr
  41 000a C046     		.section	.text.I2C_ScbModeStop,"ax",%progbits
  42              		.align	2
  43              		.code	16
  44              		.thumb_func
  45              		.type	I2C_ScbModeStop, %function
  46              	I2C_ScbModeStop:
  47              	.LFB11:
 372:.\Generated_Source\PSoC4/I2C.c **** 
 373:.\Generated_Source\PSoC4/I2C.c **** 
 374:.\Generated_Source\PSoC4/I2C.c **** /*******************************************************************************
 375:.\Generated_Source\PSoC4/I2C.c **** * Function Name: I2C_ScbModePostEnable
 376:.\Generated_Source\PSoC4/I2C.c **** ****************************************************************************//**
 377:.\Generated_Source\PSoC4/I2C.c **** *
 378:.\Generated_Source\PSoC4/I2C.c **** *  Calls the PostEnable function for a specific operation mode.
 379:.\Generated_Source\PSoC4/I2C.c **** *
 380:.\Generated_Source\PSoC4/I2C.c **** *******************************************************************************/
 381:.\Generated_Source\PSoC4/I2C.c **** static void I2C_ScbModePostEnable(void)
 382:.\Generated_Source\PSoC4/I2C.c **** {
 383:.\Generated_Source\PSoC4/I2C.c **** #if (I2C_SCB_MODE_UNCONFIG_CONST_CFG)
 384:.\Generated_Source\PSoC4/I2C.c **** #if (!I2C_CY_SCBIP_V1)
 385:.\Generated_Source\PSoC4/I2C.c ****     if (I2C_SCB_MODE_SPI_RUNTM_CFG)
 386:.\Generated_Source\PSoC4/I2C.c ****     {
 387:.\Generated_Source\PSoC4/I2C.c ****         I2C_SpiPostEnable();
 388:.\Generated_Source\PSoC4/I2C.c ****     }
 389:.\Generated_Source\PSoC4/I2C.c ****     else if (I2C_SCB_MODE_UART_RUNTM_CFG)
 390:.\Generated_Source\PSoC4/I2C.c ****     {
 391:.\Generated_Source\PSoC4/I2C.c ****         I2C_UartPostEnable();
 392:.\Generated_Source\PSoC4/I2C.c ****     }
 393:.\Generated_Source\PSoC4/I2C.c ****     else
 394:.\Generated_Source\PSoC4/I2C.c ****     {
 395:.\Generated_Source\PSoC4/I2C.c ****         /* Unknown mode: do nothing */
 396:.\Generated_Source\PSoC4/I2C.c ****     }
 397:.\Generated_Source\PSoC4/I2C.c **** #endif /* (!I2C_CY_SCBIP_V1) */
 398:.\Generated_Source\PSoC4/I2C.c **** 
 399:.\Generated_Source\PSoC4/I2C.c **** #elif (I2C_SCB_MODE_SPI_CONST_CFG)
 400:.\Generated_Source\PSoC4/I2C.c ****     I2C_SpiPostEnable();
 401:.\Generated_Source\PSoC4/I2C.c **** 
 402:.\Generated_Source\PSoC4/I2C.c **** #elif (I2C_SCB_MODE_UART_CONST_CFG)
 403:.\Generated_Source\PSoC4/I2C.c ****     I2C_UartPostEnable();
 404:.\Generated_Source\PSoC4/I2C.c **** 
 405:.\Generated_Source\PSoC4/I2C.c **** #else
 406:.\Generated_Source\PSoC4/I2C.c ****     /* Unknown mode: do nothing */
 407:.\Generated_Source\PSoC4/I2C.c **** #endif /* (I2C_SCB_MODE_UNCONFIG_CONST_CFG) */
 408:.\Generated_Source\PSoC4/I2C.c **** }
 409:.\Generated_Source\PSoC4/I2C.c **** 
ARM GAS  C:\Users\Henny\AppData\Local\Temp\cchELfFA.s 			page 9


 410:.\Generated_Source\PSoC4/I2C.c **** 
 411:.\Generated_Source\PSoC4/I2C.c **** /*******************************************************************************
 412:.\Generated_Source\PSoC4/I2C.c **** * Function Name: I2C_ScbModeStop
 413:.\Generated_Source\PSoC4/I2C.c **** ****************************************************************************//**
 414:.\Generated_Source\PSoC4/I2C.c **** *
 415:.\Generated_Source\PSoC4/I2C.c **** *  Calls the Stop function for a specific operation mode.
 416:.\Generated_Source\PSoC4/I2C.c **** *
 417:.\Generated_Source\PSoC4/I2C.c **** *******************************************************************************/
 418:.\Generated_Source\PSoC4/I2C.c **** static void I2C_ScbModeStop(void)
 419:.\Generated_Source\PSoC4/I2C.c **** {
  48              		.loc 1 419 0
  49              		.cfi_startproc
  50 0000 08B5     		push	{r3, lr}
  51              		.cfi_def_cfa_offset 8
  52              		.cfi_offset 3, -8
  53              		.cfi_offset 14, -4
 420:.\Generated_Source\PSoC4/I2C.c **** #if (I2C_SCB_MODE_UNCONFIG_CONST_CFG)
 421:.\Generated_Source\PSoC4/I2C.c ****     if (I2C_SCB_MODE_I2C_RUNTM_CFG)
 422:.\Generated_Source\PSoC4/I2C.c ****     {
 423:.\Generated_Source\PSoC4/I2C.c ****         I2C_I2CStop();
 424:.\Generated_Source\PSoC4/I2C.c ****     }
 425:.\Generated_Source\PSoC4/I2C.c ****     else if (I2C_SCB_MODE_EZI2C_RUNTM_CFG)
 426:.\Generated_Source\PSoC4/I2C.c ****     {
 427:.\Generated_Source\PSoC4/I2C.c ****         I2C_EzI2CStop();
 428:.\Generated_Source\PSoC4/I2C.c ****     }
 429:.\Generated_Source\PSoC4/I2C.c **** #if (!I2C_CY_SCBIP_V1)
 430:.\Generated_Source\PSoC4/I2C.c ****     else if (I2C_SCB_MODE_SPI_RUNTM_CFG)
 431:.\Generated_Source\PSoC4/I2C.c ****     {
 432:.\Generated_Source\PSoC4/I2C.c ****         I2C_SpiStop();
 433:.\Generated_Source\PSoC4/I2C.c ****     }
 434:.\Generated_Source\PSoC4/I2C.c ****     else if (I2C_SCB_MODE_UART_RUNTM_CFG)
 435:.\Generated_Source\PSoC4/I2C.c ****     {
 436:.\Generated_Source\PSoC4/I2C.c ****         I2C_UartStop();
 437:.\Generated_Source\PSoC4/I2C.c ****     }
 438:.\Generated_Source\PSoC4/I2C.c **** #endif /* (!I2C_CY_SCBIP_V1) */
 439:.\Generated_Source\PSoC4/I2C.c ****     else
 440:.\Generated_Source\PSoC4/I2C.c ****     {
 441:.\Generated_Source\PSoC4/I2C.c ****         /* Unknown mode: do nothing */
 442:.\Generated_Source\PSoC4/I2C.c ****     }
 443:.\Generated_Source\PSoC4/I2C.c **** #elif (I2C_SCB_MODE_I2C_CONST_CFG)
 444:.\Generated_Source\PSoC4/I2C.c ****     I2C_I2CStop();
  54              		.loc 1 444 0
  55 0002 FFF7FEFF 		bl	I2C_I2CStop
  56              	.LVL1:
 445:.\Generated_Source\PSoC4/I2C.c **** 
 446:.\Generated_Source\PSoC4/I2C.c **** #elif (I2C_SCB_MODE_EZI2C_CONST_CFG)
 447:.\Generated_Source\PSoC4/I2C.c ****     I2C_EzI2CStop();
 448:.\Generated_Source\PSoC4/I2C.c **** 
 449:.\Generated_Source\PSoC4/I2C.c **** #elif (I2C_SCB_MODE_SPI_CONST_CFG)
 450:.\Generated_Source\PSoC4/I2C.c ****     I2C_SpiStop();
 451:.\Generated_Source\PSoC4/I2C.c **** 
 452:.\Generated_Source\PSoC4/I2C.c **** #elif (I2C_SCB_MODE_UART_CONST_CFG)
 453:.\Generated_Source\PSoC4/I2C.c ****     I2C_UartStop();
 454:.\Generated_Source\PSoC4/I2C.c **** 
 455:.\Generated_Source\PSoC4/I2C.c **** #else
 456:.\Generated_Source\PSoC4/I2C.c ****     /* Unknown mode: do nothing */
 457:.\Generated_Source\PSoC4/I2C.c **** #endif /* (I2C_SCB_MODE_UNCONFIG_CONST_CFG) */
ARM GAS  C:\Users\Henny\AppData\Local\Temp\cchELfFA.s 			page 10


 458:.\Generated_Source\PSoC4/I2C.c **** }
  57              		.loc 1 458 0
  58              		@ sp needed
  59 0006 08BD     		pop	{r3, pc}
  60              		.cfi_endproc
  61              	.LFE11:
  62              		.size	I2C_ScbModeStop, .-I2C_ScbModeStop
  63              		.section	.text.I2C_Init,"ax",%progbits
  64              		.align	2
  65              		.global	I2C_Init
  66              		.code	16
  67              		.thumb_func
  68              		.type	I2C_Init, %function
  69              	I2C_Init:
  70              	.LFB2:
 124:.\Generated_Source\PSoC4/I2C.c **** #if (I2C_SCB_MODE_UNCONFIG_CONST_CFG)
  71              		.loc 1 124 0
  72              		.cfi_startproc
  73 0000 08B5     		push	{r3, lr}
  74              		.cfi_def_cfa_offset 8
  75              		.cfi_offset 3, -8
  76              		.cfi_offset 14, -4
 136:.\Generated_Source\PSoC4/I2C.c **** 
  77              		.loc 1 136 0
  78 0002 FFF7FEFF 		bl	I2C_I2CInit
  79              	.LVL2:
 148:.\Generated_Source\PSoC4/I2C.c **** 
  80              		.loc 1 148 0
  81              		@ sp needed
  82 0006 08BD     		pop	{r3, pc}
  83              		.cfi_endproc
  84              	.LFE2:
  85              		.size	I2C_Init, .-I2C_Init
  86              		.section	.text.I2C_Enable,"ax",%progbits
  87              		.align	2
  88              		.global	I2C_Enable
  89              		.code	16
  90              		.thumb_func
  91              		.type	I2C_Enable, %function
  92              	I2C_Enable:
  93              	.LFB3:
 172:.\Generated_Source\PSoC4/I2C.c **** #if (I2C_SCB_MODE_UNCONFIG_CONST_CFG)
  94              		.loc 1 172 0
  95              		.cfi_startproc
  96 0000 08B5     		push	{r3, lr}
  97              		.cfi_def_cfa_offset 8
  98              		.cfi_offset 3, -8
  99              		.cfi_offset 14, -4
 185:.\Generated_Source\PSoC4/I2C.c **** 
 100              		.loc 1 185 0
 101 0002 044A     		ldr	r2, .L5
 102 0004 1368     		ldr	r3, [r2]
 103 0006 8021     		mov	r1, #128
 104 0008 0906     		lsl	r1, r1, #24
 105 000a 0B43     		orr	r3, r1
 106 000c 1360     		str	r3, [r2]
 187:.\Generated_Source\PSoC4/I2C.c **** 
ARM GAS  C:\Users\Henny\AppData\Local\Temp\cchELfFA.s 			page 11


 107              		.loc 1 187 0
 108 000e FFF7FEFF 		bl	I2C_ScbEnableIntr
 109              	.LVL3:
 192:.\Generated_Source\PSoC4/I2C.c **** 
 110              		.loc 1 192 0
 111              		@ sp needed
 112 0012 08BD     		pop	{r3, pc}
 113              	.L6:
 114              		.align	2
 115              	.L5:
 116 0014 00002540 		.word	1076166656
 117              		.cfi_endproc
 118              	.LFE3:
 119              		.size	I2C_Enable, .-I2C_Enable
 120              		.section	.text.I2C_Start,"ax",%progbits
 121              		.align	2
 122              		.global	I2C_Start
 123              		.code	16
 124              		.thumb_func
 125              		.type	I2C_Start, %function
 126              	I2C_Start:
 127              	.LFB4:
 211:.\Generated_Source\PSoC4/I2C.c ****     if (0u == I2C_initVar)
 128              		.loc 1 211 0
 129              		.cfi_startproc
 130 0000 08B5     		push	{r3, lr}
 131              		.cfi_def_cfa_offset 8
 132              		.cfi_offset 3, -8
 133              		.cfi_offset 14, -4
 212:.\Generated_Source\PSoC4/I2C.c ****     {
 134              		.loc 1 212 0
 135 0002 064B     		ldr	r3, .L9
 136 0004 1B78     		ldrb	r3, [r3]
 137 0006 002B     		cmp	r3, #0
 138 0008 04D1     		bne	.L8
 214:.\Generated_Source\PSoC4/I2C.c ****         I2C_initVar = 1u; /* Component was initialized */
 139              		.loc 1 214 0
 140 000a FFF7FEFF 		bl	I2C_Init
 141              	.LVL4:
 215:.\Generated_Source\PSoC4/I2C.c ****     }
 142              		.loc 1 215 0
 143 000e 0122     		mov	r2, #1
 144 0010 024B     		ldr	r3, .L9
 145 0012 1A70     		strb	r2, [r3]
 146              	.L8:
 218:.\Generated_Source\PSoC4/I2C.c **** }
 147              		.loc 1 218 0
 148 0014 FFF7FEFF 		bl	I2C_Enable
 149              	.LVL5:
 219:.\Generated_Source\PSoC4/I2C.c **** 
 150              		.loc 1 219 0
 151              		@ sp needed
 152 0018 08BD     		pop	{r3, pc}
 153              	.L10:
 154 001a C046     		.align	2
 155              	.L9:
 156 001c 00000000 		.word	.LANCHOR0
ARM GAS  C:\Users\Henny\AppData\Local\Temp\cchELfFA.s 			page 12


 157              		.cfi_endproc
 158              	.LFE4:
 159              		.size	I2C_Start, .-I2C_Start
 160              		.section	.text.I2C_Stop,"ax",%progbits
 161              		.align	2
 162              		.global	I2C_Stop
 163              		.code	16
 164              		.thumb_func
 165              		.type	I2C_Stop, %function
 166              	I2C_Stop:
 167              	.LFB5:
 240:.\Generated_Source\PSoC4/I2C.c **** #if (I2C_SCB_IRQ_INTERNAL)
 168              		.loc 1 240 0
 169              		.cfi_startproc
 170 0000 08B5     		push	{r3, lr}
 171              		.cfi_def_cfa_offset 8
 172              		.cfi_offset 3, -8
 173              		.cfi_offset 14, -4
 242:.\Generated_Source\PSoC4/I2C.c **** #endif /* (I2C_SCB_IRQ_INTERNAL) */
 174              		.loc 1 242 0
 175 0002 0A20     		mov	r0, #10
 176 0004 FFF7FEFF 		bl	CyIntDisable
 177              	.LVL6:
 246:.\Generated_Source\PSoC4/I2C.c **** 
 178              		.loc 1 246 0
 179 0008 FFF7FEFF 		bl	I2C_ScbModeStop
 180              	.LVL7:
 249:.\Generated_Source\PSoC4/I2C.c **** 
 181              		.loc 1 249 0
 182 000c 054A     		ldr	r2, .L12
 183 000e 1368     		ldr	r3, [r2]
 184 0010 5B00     		lsl	r3, r3, #1
 185 0012 5B08     		lsr	r3, r3, #1
 186 0014 1360     		str	r3, [r2]
 259:.\Generated_Source\PSoC4/I2C.c **** 
 187              		.loc 1 259 0
 188 0016 0022     		mov	r2, #0
 189 0018 034B     		ldr	r3, .L12+4
 190 001a 1A60     		str	r2, [r3]
 262:.\Generated_Source\PSoC4/I2C.c **** #endif /* (I2C_SCB_IRQ_INTERNAL) */
 191              		.loc 1 262 0
 192 001c 0A20     		mov	r0, #10
 193 001e FFF7FEFF 		bl	CyIntClearPending
 194              	.LVL8:
 264:.\Generated_Source\PSoC4/I2C.c **** 
 195              		.loc 1 264 0
 196              		@ sp needed
 197 0022 08BD     		pop	{r3, pc}
 198              	.L13:
 199              		.align	2
 200              	.L12:
 201 0024 00002540 		.word	1076166656
 202 0028 880F2540 		.word	1076170632
 203              		.cfi_endproc
 204              	.LFE5:
 205              		.size	I2C_Stop, .-I2C_Stop
 206              		.section	.text.I2C_SetRxFifoLevel,"ax",%progbits
ARM GAS  C:\Users\Henny\AppData\Local\Temp\cchELfFA.s 			page 13


 207              		.align	2
 208              		.global	I2C_SetRxFifoLevel
 209              		.code	16
 210              		.thumb_func
 211              		.type	I2C_SetRxFifoLevel, %function
 212              	I2C_SetRxFifoLevel:
 213              	.LFB6:
 280:.\Generated_Source\PSoC4/I2C.c ****     uint32 rxFifoCtrl;
 214              		.loc 1 280 0
 215              		.cfi_startproc
 216              	.LVL9:
 283:.\Generated_Source\PSoC4/I2C.c **** 
 217              		.loc 1 283 0
 218 0000 034A     		ldr	r2, .L15
 219 0002 1368     		ldr	r3, [r2]
 220              	.LVL10:
 285:.\Generated_Source\PSoC4/I2C.c ****     rxFifoCtrl |= ((uint32) (I2C_RX_FIFO_CTRL_TRIGGER_LEVEL_MASK & level));
 221              		.loc 1 285 0
 222 0004 0F21     		mov	r1, #15
 223 0006 8B43     		bic	r3, r1
 224              	.LVL11:
 286:.\Generated_Source\PSoC4/I2C.c **** 
 225              		.loc 1 286 0
 226 0008 0840     		and	r0, r1
 227              	.LVL12:
 228 000a 1843     		orr	r0, r3
 229              	.LVL13:
 288:.\Generated_Source\PSoC4/I2C.c **** }
 230              		.loc 1 288 0
 231 000c 1060     		str	r0, [r2]
 289:.\Generated_Source\PSoC4/I2C.c **** 
 232              		.loc 1 289 0
 233              		@ sp needed
 234 000e 7047     		bx	lr
 235              	.L16:
 236              		.align	2
 237              	.L15:
 238 0010 04032540 		.word	1076167428
 239              		.cfi_endproc
 240              	.LFE6:
 241              		.size	I2C_SetRxFifoLevel, .-I2C_SetRxFifoLevel
 242              		.section	.text.I2C_SetTxFifoLevel,"ax",%progbits
 243              		.align	2
 244              		.global	I2C_SetTxFifoLevel
 245              		.code	16
 246              		.thumb_func
 247              		.type	I2C_SetTxFifoLevel, %function
 248              	I2C_SetTxFifoLevel:
 249              	.LFB7:
 305:.\Generated_Source\PSoC4/I2C.c ****     uint32 txFifoCtrl;
 250              		.loc 1 305 0
 251              		.cfi_startproc
 252              	.LVL14:
 308:.\Generated_Source\PSoC4/I2C.c **** 
 253              		.loc 1 308 0
 254 0000 034A     		ldr	r2, .L18
 255 0002 1368     		ldr	r3, [r2]
ARM GAS  C:\Users\Henny\AppData\Local\Temp\cchELfFA.s 			page 14


 256              	.LVL15:
 310:.\Generated_Source\PSoC4/I2C.c ****     txFifoCtrl |= ((uint32) (I2C_TX_FIFO_CTRL_TRIGGER_LEVEL_MASK & level));
 257              		.loc 1 310 0
 258 0004 0F21     		mov	r1, #15
 259 0006 8B43     		bic	r3, r1
 260              	.LVL16:
 311:.\Generated_Source\PSoC4/I2C.c **** 
 261              		.loc 1 311 0
 262 0008 0840     		and	r0, r1
 263              	.LVL17:
 264 000a 1843     		orr	r0, r3
 265              	.LVL18:
 313:.\Generated_Source\PSoC4/I2C.c **** }
 266              		.loc 1 313 0
 267 000c 1060     		str	r0, [r2]
 314:.\Generated_Source\PSoC4/I2C.c **** 
 268              		.loc 1 314 0
 269              		@ sp needed
 270 000e 7047     		bx	lr
 271              	.L19:
 272              		.align	2
 273              	.L18:
 274 0010 04022540 		.word	1076167172
 275              		.cfi_endproc
 276              	.LFE7:
 277              		.size	I2C_SetTxFifoLevel, .-I2C_SetTxFifoLevel
 278              		.section	.text.I2C_SetCustomInterruptHandler,"ax",%progbits
 279              		.align	2
 280              		.global	I2C_SetCustomInterruptHandler
 281              		.code	16
 282              		.thumb_func
 283              		.type	I2C_SetCustomInterruptHandler, %function
 284              	I2C_SetCustomInterruptHandler:
 285              	.LFB8:
 336:.\Generated_Source\PSoC4/I2C.c ****     #if !defined (CY_REMOVE_I2C_CUSTOM_INTR_HANDLER)
 286              		.loc 1 336 0
 287              		.cfi_startproc
 288              	.LVL19:
 338:.\Generated_Source\PSoC4/I2C.c ****     #else
 289              		.loc 1 338 0
 290 0000 014B     		ldr	r3, .L21
 291 0002 5860     		str	r0, [r3, #4]
 345:.\Generated_Source\PSoC4/I2C.c **** #endif /* (I2C_SCB_IRQ_INTERNAL) */
 292              		.loc 1 345 0
 293              		@ sp needed
 294 0004 7047     		bx	lr
 295              	.L22:
 296 0006 C046     		.align	2
 297              	.L21:
 298 0008 00000000 		.word	.LANCHOR0
 299              		.cfi_endproc
 300              	.LFE8:
 301              		.size	I2C_SetCustomInterruptHandler, .-I2C_SetCustomInterruptHandler
 302              		.global	I2C_customIntrHandler
 303              		.global	I2C_initVar
 304              		.bss
 305              		.align	2
ARM GAS  C:\Users\Henny\AppData\Local\Temp\cchELfFA.s 			page 15


 306              		.set	.LANCHOR0,. + 0
 307              		.type	I2C_initVar, %object
 308              		.size	I2C_initVar, 1
 309              	I2C_initVar:
 310 0000 00       		.space	1
 311 0001 000000   		.space	3
 312              		.type	I2C_customIntrHandler, %object
 313              		.size	I2C_customIntrHandler, 4
 314              	I2C_customIntrHandler:
 315 0004 00000000 		.space	4
 316              		.text
 317              	.Letext0:
 318              		.file 2 "Generated_Source\\PSoC4/cytypes.h"
 319              		.file 3 ".\\Generated_Source\\PSoC4\\I2C_I2C_PVT.h"
 320              		.file 4 "Generated_Source\\PSoC4/CyLib.h"
 321              		.section	.debug_info,"",%progbits
 322              	.Ldebug_info0:
 323 0000 93020000 		.4byte	0x293
 324 0004 0400     		.2byte	0x4
 325 0006 00000000 		.4byte	.Ldebug_abbrev0
 326 000a 04       		.byte	0x4
 327 000b 01       		.uleb128 0x1
 328 000c 9B010000 		.4byte	.LASF35
 329 0010 01       		.byte	0x1
 330 0011 50000000 		.4byte	.LASF36
 331 0015 06000000 		.4byte	.LASF37
 332 0019 00000000 		.4byte	.Ldebug_ranges0+0
 333 001d 00000000 		.4byte	0
 334 0021 00000000 		.4byte	.Ldebug_line0
 335 0025 02       		.uleb128 0x2
 336 0026 01       		.byte	0x1
 337 0027 06       		.byte	0x6
 338 0028 75020000 		.4byte	.LASF0
 339 002c 02       		.uleb128 0x2
 340 002d 01       		.byte	0x1
 341 002e 08       		.byte	0x8
 342 002f 91000000 		.4byte	.LASF1
 343 0033 02       		.uleb128 0x2
 344 0034 02       		.byte	0x2
 345 0035 05       		.byte	0x5
 346 0036 06010000 		.4byte	.LASF2
 347 003a 02       		.uleb128 0x2
 348 003b 02       		.byte	0x2
 349 003c 07       		.byte	0x7
 350 003d 3D000000 		.4byte	.LASF3
 351 0041 02       		.uleb128 0x2
 352 0042 04       		.byte	0x4
 353 0043 05       		.byte	0x5
 354 0044 60020000 		.4byte	.LASF4
 355 0048 02       		.uleb128 0x2
 356 0049 04       		.byte	0x4
 357 004a 07       		.byte	0x7
 358 004b CB000000 		.4byte	.LASF5
 359 004f 02       		.uleb128 0x2
 360 0050 08       		.byte	0x8
 361 0051 05       		.byte	0x5
 362 0052 88010000 		.4byte	.LASF6
ARM GAS  C:\Users\Henny\AppData\Local\Temp\cchELfFA.s 			page 16


 363 0056 02       		.uleb128 0x2
 364 0057 08       		.byte	0x8
 365 0058 07       		.byte	0x7
 366 0059 4D010000 		.4byte	.LASF7
 367 005d 03       		.uleb128 0x3
 368 005e 04       		.byte	0x4
 369 005f 05       		.byte	0x5
 370 0060 696E7400 		.ascii	"int\000"
 371 0064 02       		.uleb128 0x2
 372 0065 04       		.byte	0x4
 373 0066 07       		.byte	0x7
 374 0067 40010000 		.4byte	.LASF8
 375 006b 04       		.uleb128 0x4
 376 006c DD000000 		.4byte	.LASF9
 377 0070 02       		.byte	0x2
 378 0071 3801     		.2byte	0x138
 379 0073 2C000000 		.4byte	0x2c
 380 0077 04       		.uleb128 0x4
 381 0078 39010000 		.4byte	.LASF10
 382 007c 02       		.byte	0x2
 383 007d 3A01     		.2byte	0x13a
 384 007f 48000000 		.4byte	0x48
 385 0083 02       		.uleb128 0x2
 386 0084 04       		.byte	0x4
 387 0085 04       		.byte	0x4
 388 0086 8B000000 		.4byte	.LASF11
 389 008a 02       		.uleb128 0x2
 390 008b 08       		.byte	0x8
 391 008c 04       		.byte	0x4
 392 008d EE000000 		.4byte	.LASF12
 393 0091 02       		.uleb128 0x2
 394 0092 01       		.byte	0x1
 395 0093 08       		.byte	0x8
 396 0094 96010000 		.4byte	.LASF13
 397 0098 04       		.uleb128 0x4
 398 0099 00000000 		.4byte	.LASF14
 399 009d 02       		.byte	0x2
 400 009e E401     		.2byte	0x1e4
 401 00a0 A4000000 		.4byte	0xa4
 402 00a4 05       		.uleb128 0x5
 403 00a5 77000000 		.4byte	0x77
 404 00a9 06       		.uleb128 0x6
 405 00aa 04       		.byte	0x4
 406 00ab AF000000 		.4byte	0xaf
 407 00af 07       		.uleb128 0x7
 408 00b0 02       		.uleb128 0x2
 409 00b1 04       		.byte	0x4
 410 00b2 07       		.byte	0x7
 411 00b3 7F010000 		.4byte	.LASF15
 412 00b7 08       		.uleb128 0x8
 413 00b8 6F000000 		.4byte	.LASF16
 414 00bc 01       		.byte	0x1
 415 00bd 6401     		.2byte	0x164
 416 00bf 00000000 		.4byte	.LFB9
 417 00c3 0A000000 		.4byte	.LFE9-.LFB9
 418 00c7 01       		.uleb128 0x1
 419 00c8 9C       		.byte	0x9c
ARM GAS  C:\Users\Henny\AppData\Local\Temp\cchELfFA.s 			page 17


 420 00c9 DD000000 		.4byte	0xdd
 421 00cd 09       		.uleb128 0x9
 422 00ce 08000000 		.4byte	.LVL0
 423 00d2 59020000 		.4byte	0x259
 424 00d6 0A       		.uleb128 0xa
 425 00d7 01       		.uleb128 0x1
 426 00d8 50       		.byte	0x50
 427 00d9 01       		.uleb128 0x1
 428 00da 3A       		.byte	0x3a
 429 00db 00       		.byte	0
 430 00dc 00       		.byte	0
 431 00dd 08       		.uleb128 0x8
 432 00de B2000000 		.4byte	.LASF17
 433 00e2 01       		.byte	0x1
 434 00e3 A201     		.2byte	0x1a2
 435 00e5 00000000 		.4byte	.LFB11
 436 00e9 08000000 		.4byte	.LFE11-.LFB11
 437 00ed 01       		.uleb128 0x1
 438 00ee 9C       		.byte	0x9c
 439 00ef FD000000 		.4byte	0xfd
 440 00f3 0B       		.uleb128 0xb
 441 00f4 06000000 		.4byte	.LVL1
 442 00f8 6A020000 		.4byte	0x26a
 443 00fc 00       		.byte	0
 444 00fd 0C       		.uleb128 0xc
 445 00fe 76010000 		.4byte	.LASF18
 446 0102 01       		.byte	0x1
 447 0103 7B       		.byte	0x7b
 448 0104 00000000 		.4byte	.LFB2
 449 0108 08000000 		.4byte	.LFE2-.LFB2
 450 010c 01       		.uleb128 0x1
 451 010d 9C       		.byte	0x9c
 452 010e 1C010000 		.4byte	0x11c
 453 0112 0B       		.uleb128 0xb
 454 0113 06000000 		.4byte	.LVL2
 455 0117 71020000 		.4byte	0x271
 456 011b 00       		.byte	0
 457 011c 0C       		.uleb128 0xc
 458 011d E3000000 		.4byte	.LASF19
 459 0121 01       		.byte	0x1
 460 0122 AB       		.byte	0xab
 461 0123 00000000 		.4byte	.LFB3
 462 0127 18000000 		.4byte	.LFE3-.LFB3
 463 012b 01       		.uleb128 0x1
 464 012c 9C       		.byte	0x9c
 465 012d 3B010000 		.4byte	0x13b
 466 0131 0B       		.uleb128 0xb
 467 0132 12000000 		.4byte	.LVL3
 468 0136 B7000000 		.4byte	0xb7
 469 013a 00       		.byte	0
 470 013b 0C       		.uleb128 0xc
 471 013c 81000000 		.4byte	.LASF20
 472 0140 01       		.byte	0x1
 473 0141 D2       		.byte	0xd2
 474 0142 00000000 		.4byte	.LFB4
 475 0146 20000000 		.4byte	.LFE4-.LFB4
 476 014a 01       		.uleb128 0x1
ARM GAS  C:\Users\Henny\AppData\Local\Temp\cchELfFA.s 			page 18


 477 014b 9C       		.byte	0x9c
 478 014c 63010000 		.4byte	0x163
 479 0150 0B       		.uleb128 0xb
 480 0151 0E000000 		.4byte	.LVL4
 481 0155 FD000000 		.4byte	0xfd
 482 0159 0B       		.uleb128 0xb
 483 015a 18000000 		.4byte	.LVL5
 484 015e 1C010000 		.4byte	0x11c
 485 0162 00       		.byte	0
 486 0163 0C       		.uleb128 0xc
 487 0164 C2000000 		.4byte	.LASF21
 488 0168 01       		.byte	0x1
 489 0169 EF       		.byte	0xef
 490 016a 00000000 		.4byte	.LFB5
 491 016e 2C000000 		.4byte	.LFE5-.LFB5
 492 0172 01       		.uleb128 0x1
 493 0173 9C       		.byte	0x9c
 494 0174 A4010000 		.4byte	0x1a4
 495 0178 0D       		.uleb128 0xd
 496 0179 08000000 		.4byte	.LVL6
 497 017d 78020000 		.4byte	0x278
 498 0181 8B010000 		.4byte	0x18b
 499 0185 0A       		.uleb128 0xa
 500 0186 01       		.uleb128 0x1
 501 0187 50       		.byte	0x50
 502 0188 01       		.uleb128 0x1
 503 0189 3A       		.byte	0x3a
 504 018a 00       		.byte	0
 505 018b 0B       		.uleb128 0xb
 506 018c 0C000000 		.4byte	.LVL7
 507 0190 DD000000 		.4byte	0xdd
 508 0194 09       		.uleb128 0x9
 509 0195 22000000 		.4byte	.LVL8
 510 0199 89020000 		.4byte	0x289
 511 019d 0A       		.uleb128 0xa
 512 019e 01       		.uleb128 0x1
 513 019f 50       		.byte	0x50
 514 01a0 01       		.uleb128 0x1
 515 01a1 3A       		.byte	0x3a
 516 01a2 00       		.byte	0
 517 01a3 00       		.byte	0
 518 01a4 0E       		.uleb128 0xe
 519 01a5 42020000 		.4byte	.LASF22
 520 01a9 01       		.byte	0x1
 521 01aa 1701     		.2byte	0x117
 522 01ac 00000000 		.4byte	.LFB6
 523 01b0 14000000 		.4byte	.LFE6-.LFB6
 524 01b4 01       		.uleb128 0x1
 525 01b5 9C       		.byte	0x9c
 526 01b6 DB010000 		.4byte	0x1db
 527 01ba 0F       		.uleb128 0xf
 528 01bb 37000000 		.4byte	.LASF24
 529 01bf 01       		.byte	0x1
 530 01c0 1701     		.2byte	0x117
 531 01c2 77000000 		.4byte	0x77
 532 01c6 00000000 		.4byte	.LLST0
 533 01ca 10       		.uleb128 0x10
ARM GAS  C:\Users\Henny\AppData\Local\Temp\cchELfFA.s 			page 19


 534 01cb 55020000 		.4byte	.LASF25
 535 01cf 01       		.byte	0x1
 536 01d0 1901     		.2byte	0x119
 537 01d2 77000000 		.4byte	0x77
 538 01d6 21000000 		.4byte	.LLST1
 539 01da 00       		.byte	0
 540 01db 0E       		.uleb128 0xe
 541 01dc 9F000000 		.4byte	.LASF23
 542 01e0 01       		.byte	0x1
 543 01e1 3001     		.2byte	0x130
 544 01e3 00000000 		.4byte	.LFB7
 545 01e7 14000000 		.4byte	.LFE7-.LFB7
 546 01eb 01       		.uleb128 0x1
 547 01ec 9C       		.byte	0x9c
 548 01ed 12020000 		.4byte	0x212
 549 01f1 0F       		.uleb128 0xf
 550 01f2 37000000 		.4byte	.LASF24
 551 01f6 01       		.byte	0x1
 552 01f7 3001     		.2byte	0x130
 553 01f9 77000000 		.4byte	0x77
 554 01fd 3F000000 		.4byte	.LLST2
 555 0201 10       		.uleb128 0x10
 556 0202 2E010000 		.4byte	.LASF26
 557 0206 01       		.byte	0x1
 558 0207 3201     		.2byte	0x132
 559 0209 77000000 		.4byte	0x77
 560 020d 60000000 		.4byte	.LLST3
 561 0211 00       		.byte	0
 562 0212 0E       		.uleb128 0xe
 563 0213 10010000 		.4byte	.LASF27
 564 0217 01       		.byte	0x1
 565 0218 4F01     		.2byte	0x14f
 566 021a 00000000 		.4byte	.LFB8
 567 021e 0C000000 		.4byte	.LFE8-.LFB8
 568 0222 01       		.uleb128 0x1
 569 0223 9C       		.byte	0x9c
 570 0224 37020000 		.4byte	0x237
 571 0228 11       		.uleb128 0x11
 572 0229 01010000 		.4byte	.LASF28
 573 022d 01       		.byte	0x1
 574 022e 4F01     		.2byte	0x14f
 575 0230 A9000000 		.4byte	0xa9
 576 0234 01       		.uleb128 0x1
 577 0235 50       		.byte	0x50
 578 0236 00       		.byte	0
 579 0237 12       		.uleb128 0x12
 580 0238 97020000 		.4byte	.LASF29
 581 023c 01       		.byte	0x1
 582 023d 51       		.byte	0x51
 583 023e 6B000000 		.4byte	0x6b
 584 0242 05       		.uleb128 0x5
 585 0243 03       		.byte	0x3
 586 0244 00000000 		.4byte	I2C_initVar
 587 0248 12       		.uleb128 0x12
 588 0249 81020000 		.4byte	.LASF30
 589 024d 01       		.byte	0x1
 590 024e 61       		.byte	0x61
ARM GAS  C:\Users\Henny\AppData\Local\Temp\cchELfFA.s 			page 20


 591 024f A9000000 		.4byte	0xa9
 592 0253 05       		.uleb128 0x5
 593 0254 03       		.byte	0x3
 594 0255 00000000 		.4byte	I2C_customIntrHandler
 595 0259 13       		.uleb128 0x13
 596 025a 69020000 		.4byte	.LASF33
 597 025e 04       		.byte	0x4
 598 025f 4F       		.byte	0x4f
 599 0260 6A020000 		.4byte	0x26a
 600 0264 14       		.uleb128 0x14
 601 0265 6B000000 		.4byte	0x6b
 602 0269 00       		.byte	0
 603 026a 15       		.uleb128 0x15
 604 026b 36020000 		.4byte	.LASF31
 605 026f 03       		.byte	0x3
 606 0270 4C       		.byte	0x4c
 607 0271 15       		.uleb128 0x15
 608 0272 F5000000 		.4byte	.LASF32
 609 0276 03       		.byte	0x3
 610 0277 49       		.byte	0x49
 611 0278 13       		.uleb128 0x13
 612 0279 29020000 		.4byte	.LASF34
 613 027d 04       		.byte	0x4
 614 027e 51       		.byte	0x51
 615 027f 89020000 		.4byte	0x289
 616 0283 14       		.uleb128 0x14
 617 0284 6B000000 		.4byte	0x6b
 618 0288 00       		.byte	0
 619 0289 16       		.uleb128 0x16
 620 028a 64010000 		.4byte	.LASF38
 621 028e 04       		.byte	0x4
 622 028f 54       		.byte	0x54
 623 0290 14       		.uleb128 0x14
 624 0291 6B000000 		.4byte	0x6b
 625 0295 00       		.byte	0
 626 0296 00       		.byte	0
 627              		.section	.debug_abbrev,"",%progbits
 628              	.Ldebug_abbrev0:
 629 0000 01       		.uleb128 0x1
 630 0001 11       		.uleb128 0x11
 631 0002 01       		.byte	0x1
 632 0003 25       		.uleb128 0x25
 633 0004 0E       		.uleb128 0xe
 634 0005 13       		.uleb128 0x13
 635 0006 0B       		.uleb128 0xb
 636 0007 03       		.uleb128 0x3
 637 0008 0E       		.uleb128 0xe
 638 0009 1B       		.uleb128 0x1b
 639 000a 0E       		.uleb128 0xe
 640 000b 55       		.uleb128 0x55
 641 000c 17       		.uleb128 0x17
 642 000d 11       		.uleb128 0x11
 643 000e 01       		.uleb128 0x1
 644 000f 10       		.uleb128 0x10
 645 0010 17       		.uleb128 0x17
 646 0011 00       		.byte	0
 647 0012 00       		.byte	0
ARM GAS  C:\Users\Henny\AppData\Local\Temp\cchELfFA.s 			page 21


 648 0013 02       		.uleb128 0x2
 649 0014 24       		.uleb128 0x24
 650 0015 00       		.byte	0
 651 0016 0B       		.uleb128 0xb
 652 0017 0B       		.uleb128 0xb
 653 0018 3E       		.uleb128 0x3e
 654 0019 0B       		.uleb128 0xb
 655 001a 03       		.uleb128 0x3
 656 001b 0E       		.uleb128 0xe
 657 001c 00       		.byte	0
 658 001d 00       		.byte	0
 659 001e 03       		.uleb128 0x3
 660 001f 24       		.uleb128 0x24
 661 0020 00       		.byte	0
 662 0021 0B       		.uleb128 0xb
 663 0022 0B       		.uleb128 0xb
 664 0023 3E       		.uleb128 0x3e
 665 0024 0B       		.uleb128 0xb
 666 0025 03       		.uleb128 0x3
 667 0026 08       		.uleb128 0x8
 668 0027 00       		.byte	0
 669 0028 00       		.byte	0
 670 0029 04       		.uleb128 0x4
 671 002a 16       		.uleb128 0x16
 672 002b 00       		.byte	0
 673 002c 03       		.uleb128 0x3
 674 002d 0E       		.uleb128 0xe
 675 002e 3A       		.uleb128 0x3a
 676 002f 0B       		.uleb128 0xb
 677 0030 3B       		.uleb128 0x3b
 678 0031 05       		.uleb128 0x5
 679 0032 49       		.uleb128 0x49
 680 0033 13       		.uleb128 0x13
 681 0034 00       		.byte	0
 682 0035 00       		.byte	0
 683 0036 05       		.uleb128 0x5
 684 0037 35       		.uleb128 0x35
 685 0038 00       		.byte	0
 686 0039 49       		.uleb128 0x49
 687 003a 13       		.uleb128 0x13
 688 003b 00       		.byte	0
 689 003c 00       		.byte	0
 690 003d 06       		.uleb128 0x6
 691 003e 0F       		.uleb128 0xf
 692 003f 00       		.byte	0
 693 0040 0B       		.uleb128 0xb
 694 0041 0B       		.uleb128 0xb
 695 0042 49       		.uleb128 0x49
 696 0043 13       		.uleb128 0x13
 697 0044 00       		.byte	0
 698 0045 00       		.byte	0
 699 0046 07       		.uleb128 0x7
 700 0047 15       		.uleb128 0x15
 701 0048 00       		.byte	0
 702 0049 27       		.uleb128 0x27
 703 004a 19       		.uleb128 0x19
 704 004b 00       		.byte	0
ARM GAS  C:\Users\Henny\AppData\Local\Temp\cchELfFA.s 			page 22


 705 004c 00       		.byte	0
 706 004d 08       		.uleb128 0x8
 707 004e 2E       		.uleb128 0x2e
 708 004f 01       		.byte	0x1
 709 0050 03       		.uleb128 0x3
 710 0051 0E       		.uleb128 0xe
 711 0052 3A       		.uleb128 0x3a
 712 0053 0B       		.uleb128 0xb
 713 0054 3B       		.uleb128 0x3b
 714 0055 05       		.uleb128 0x5
 715 0056 27       		.uleb128 0x27
 716 0057 19       		.uleb128 0x19
 717 0058 11       		.uleb128 0x11
 718 0059 01       		.uleb128 0x1
 719 005a 12       		.uleb128 0x12
 720 005b 06       		.uleb128 0x6
 721 005c 40       		.uleb128 0x40
 722 005d 18       		.uleb128 0x18
 723 005e 9742     		.uleb128 0x2117
 724 0060 19       		.uleb128 0x19
 725 0061 01       		.uleb128 0x1
 726 0062 13       		.uleb128 0x13
 727 0063 00       		.byte	0
 728 0064 00       		.byte	0
 729 0065 09       		.uleb128 0x9
 730 0066 898201   		.uleb128 0x4109
 731 0069 01       		.byte	0x1
 732 006a 11       		.uleb128 0x11
 733 006b 01       		.uleb128 0x1
 734 006c 31       		.uleb128 0x31
 735 006d 13       		.uleb128 0x13
 736 006e 00       		.byte	0
 737 006f 00       		.byte	0
 738 0070 0A       		.uleb128 0xa
 739 0071 8A8201   		.uleb128 0x410a
 740 0074 00       		.byte	0
 741 0075 02       		.uleb128 0x2
 742 0076 18       		.uleb128 0x18
 743 0077 9142     		.uleb128 0x2111
 744 0079 18       		.uleb128 0x18
 745 007a 00       		.byte	0
 746 007b 00       		.byte	0
 747 007c 0B       		.uleb128 0xb
 748 007d 898201   		.uleb128 0x4109
 749 0080 00       		.byte	0
 750 0081 11       		.uleb128 0x11
 751 0082 01       		.uleb128 0x1
 752 0083 31       		.uleb128 0x31
 753 0084 13       		.uleb128 0x13
 754 0085 00       		.byte	0
 755 0086 00       		.byte	0
 756 0087 0C       		.uleb128 0xc
 757 0088 2E       		.uleb128 0x2e
 758 0089 01       		.byte	0x1
 759 008a 3F       		.uleb128 0x3f
 760 008b 19       		.uleb128 0x19
 761 008c 03       		.uleb128 0x3
ARM GAS  C:\Users\Henny\AppData\Local\Temp\cchELfFA.s 			page 23


 762 008d 0E       		.uleb128 0xe
 763 008e 3A       		.uleb128 0x3a
 764 008f 0B       		.uleb128 0xb
 765 0090 3B       		.uleb128 0x3b
 766 0091 0B       		.uleb128 0xb
 767 0092 27       		.uleb128 0x27
 768 0093 19       		.uleb128 0x19
 769 0094 11       		.uleb128 0x11
 770 0095 01       		.uleb128 0x1
 771 0096 12       		.uleb128 0x12
 772 0097 06       		.uleb128 0x6
 773 0098 40       		.uleb128 0x40
 774 0099 18       		.uleb128 0x18
 775 009a 9742     		.uleb128 0x2117
 776 009c 19       		.uleb128 0x19
 777 009d 01       		.uleb128 0x1
 778 009e 13       		.uleb128 0x13
 779 009f 00       		.byte	0
 780 00a0 00       		.byte	0
 781 00a1 0D       		.uleb128 0xd
 782 00a2 898201   		.uleb128 0x4109
 783 00a5 01       		.byte	0x1
 784 00a6 11       		.uleb128 0x11
 785 00a7 01       		.uleb128 0x1
 786 00a8 31       		.uleb128 0x31
 787 00a9 13       		.uleb128 0x13
 788 00aa 01       		.uleb128 0x1
 789 00ab 13       		.uleb128 0x13
 790 00ac 00       		.byte	0
 791 00ad 00       		.byte	0
 792 00ae 0E       		.uleb128 0xe
 793 00af 2E       		.uleb128 0x2e
 794 00b0 01       		.byte	0x1
 795 00b1 3F       		.uleb128 0x3f
 796 00b2 19       		.uleb128 0x19
 797 00b3 03       		.uleb128 0x3
 798 00b4 0E       		.uleb128 0xe
 799 00b5 3A       		.uleb128 0x3a
 800 00b6 0B       		.uleb128 0xb
 801 00b7 3B       		.uleb128 0x3b
 802 00b8 05       		.uleb128 0x5
 803 00b9 27       		.uleb128 0x27
 804 00ba 19       		.uleb128 0x19
 805 00bb 11       		.uleb128 0x11
 806 00bc 01       		.uleb128 0x1
 807 00bd 12       		.uleb128 0x12
 808 00be 06       		.uleb128 0x6
 809 00bf 40       		.uleb128 0x40
 810 00c0 18       		.uleb128 0x18
 811 00c1 9742     		.uleb128 0x2117
 812 00c3 19       		.uleb128 0x19
 813 00c4 01       		.uleb128 0x1
 814 00c5 13       		.uleb128 0x13
 815 00c6 00       		.byte	0
 816 00c7 00       		.byte	0
 817 00c8 0F       		.uleb128 0xf
 818 00c9 05       		.uleb128 0x5
ARM GAS  C:\Users\Henny\AppData\Local\Temp\cchELfFA.s 			page 24


 819 00ca 00       		.byte	0
 820 00cb 03       		.uleb128 0x3
 821 00cc 0E       		.uleb128 0xe
 822 00cd 3A       		.uleb128 0x3a
 823 00ce 0B       		.uleb128 0xb
 824 00cf 3B       		.uleb128 0x3b
 825 00d0 05       		.uleb128 0x5
 826 00d1 49       		.uleb128 0x49
 827 00d2 13       		.uleb128 0x13
 828 00d3 02       		.uleb128 0x2
 829 00d4 17       		.uleb128 0x17
 830 00d5 00       		.byte	0
 831 00d6 00       		.byte	0
 832 00d7 10       		.uleb128 0x10
 833 00d8 34       		.uleb128 0x34
 834 00d9 00       		.byte	0
 835 00da 03       		.uleb128 0x3
 836 00db 0E       		.uleb128 0xe
 837 00dc 3A       		.uleb128 0x3a
 838 00dd 0B       		.uleb128 0xb
 839 00de 3B       		.uleb128 0x3b
 840 00df 05       		.uleb128 0x5
 841 00e0 49       		.uleb128 0x49
 842 00e1 13       		.uleb128 0x13
 843 00e2 02       		.uleb128 0x2
 844 00e3 17       		.uleb128 0x17
 845 00e4 00       		.byte	0
 846 00e5 00       		.byte	0
 847 00e6 11       		.uleb128 0x11
 848 00e7 05       		.uleb128 0x5
 849 00e8 00       		.byte	0
 850 00e9 03       		.uleb128 0x3
 851 00ea 0E       		.uleb128 0xe
 852 00eb 3A       		.uleb128 0x3a
 853 00ec 0B       		.uleb128 0xb
 854 00ed 3B       		.uleb128 0x3b
 855 00ee 05       		.uleb128 0x5
 856 00ef 49       		.uleb128 0x49
 857 00f0 13       		.uleb128 0x13
 858 00f1 02       		.uleb128 0x2
 859 00f2 18       		.uleb128 0x18
 860 00f3 00       		.byte	0
 861 00f4 00       		.byte	0
 862 00f5 12       		.uleb128 0x12
 863 00f6 34       		.uleb128 0x34
 864 00f7 00       		.byte	0
 865 00f8 03       		.uleb128 0x3
 866 00f9 0E       		.uleb128 0xe
 867 00fa 3A       		.uleb128 0x3a
 868 00fb 0B       		.uleb128 0xb
 869 00fc 3B       		.uleb128 0x3b
 870 00fd 0B       		.uleb128 0xb
 871 00fe 49       		.uleb128 0x49
 872 00ff 13       		.uleb128 0x13
 873 0100 3F       		.uleb128 0x3f
 874 0101 19       		.uleb128 0x19
 875 0102 02       		.uleb128 0x2
ARM GAS  C:\Users\Henny\AppData\Local\Temp\cchELfFA.s 			page 25


 876 0103 18       		.uleb128 0x18
 877 0104 00       		.byte	0
 878 0105 00       		.byte	0
 879 0106 13       		.uleb128 0x13
 880 0107 2E       		.uleb128 0x2e
 881 0108 01       		.byte	0x1
 882 0109 3F       		.uleb128 0x3f
 883 010a 19       		.uleb128 0x19
 884 010b 03       		.uleb128 0x3
 885 010c 0E       		.uleb128 0xe
 886 010d 3A       		.uleb128 0x3a
 887 010e 0B       		.uleb128 0xb
 888 010f 3B       		.uleb128 0x3b
 889 0110 0B       		.uleb128 0xb
 890 0111 27       		.uleb128 0x27
 891 0112 19       		.uleb128 0x19
 892 0113 3C       		.uleb128 0x3c
 893 0114 19       		.uleb128 0x19
 894 0115 01       		.uleb128 0x1
 895 0116 13       		.uleb128 0x13
 896 0117 00       		.byte	0
 897 0118 00       		.byte	0
 898 0119 14       		.uleb128 0x14
 899 011a 05       		.uleb128 0x5
 900 011b 00       		.byte	0
 901 011c 49       		.uleb128 0x49
 902 011d 13       		.uleb128 0x13
 903 011e 00       		.byte	0
 904 011f 00       		.byte	0
 905 0120 15       		.uleb128 0x15
 906 0121 2E       		.uleb128 0x2e
 907 0122 00       		.byte	0
 908 0123 3F       		.uleb128 0x3f
 909 0124 19       		.uleb128 0x19
 910 0125 03       		.uleb128 0x3
 911 0126 0E       		.uleb128 0xe
 912 0127 3A       		.uleb128 0x3a
 913 0128 0B       		.uleb128 0xb
 914 0129 3B       		.uleb128 0x3b
 915 012a 0B       		.uleb128 0xb
 916 012b 27       		.uleb128 0x27
 917 012c 19       		.uleb128 0x19
 918 012d 3C       		.uleb128 0x3c
 919 012e 19       		.uleb128 0x19
 920 012f 00       		.byte	0
 921 0130 00       		.byte	0
 922 0131 16       		.uleb128 0x16
 923 0132 2E       		.uleb128 0x2e
 924 0133 01       		.byte	0x1
 925 0134 3F       		.uleb128 0x3f
 926 0135 19       		.uleb128 0x19
 927 0136 03       		.uleb128 0x3
 928 0137 0E       		.uleb128 0xe
 929 0138 3A       		.uleb128 0x3a
 930 0139 0B       		.uleb128 0xb
 931 013a 3B       		.uleb128 0x3b
 932 013b 0B       		.uleb128 0xb
ARM GAS  C:\Users\Henny\AppData\Local\Temp\cchELfFA.s 			page 26


 933 013c 27       		.uleb128 0x27
 934 013d 19       		.uleb128 0x19
 935 013e 3C       		.uleb128 0x3c
 936 013f 19       		.uleb128 0x19
 937 0140 00       		.byte	0
 938 0141 00       		.byte	0
 939 0142 00       		.byte	0
 940              		.section	.debug_loc,"",%progbits
 941              	.Ldebug_loc0:
 942              	.LLST0:
 943 0000 00000000 		.4byte	.LVL9
 944 0004 0A000000 		.4byte	.LVL12
 945 0008 0100     		.2byte	0x1
 946 000a 50       		.byte	0x50
 947 000b 0A000000 		.4byte	.LVL12
 948 000f 14000000 		.4byte	.LFE6
 949 0013 0400     		.2byte	0x4
 950 0015 F3       		.byte	0xf3
 951 0016 01       		.uleb128 0x1
 952 0017 50       		.byte	0x50
 953 0018 9F       		.byte	0x9f
 954 0019 00000000 		.4byte	0
 955 001d 00000000 		.4byte	0
 956              	.LLST1:
 957 0021 04000000 		.4byte	.LVL10
 958 0025 0C000000 		.4byte	.LVL13
 959 0029 0100     		.2byte	0x1
 960 002b 53       		.byte	0x53
 961 002c 0C000000 		.4byte	.LVL13
 962 0030 14000000 		.4byte	.LFE6
 963 0034 0100     		.2byte	0x1
 964 0036 50       		.byte	0x50
 965 0037 00000000 		.4byte	0
 966 003b 00000000 		.4byte	0
 967              	.LLST2:
 968 003f 00000000 		.4byte	.LVL14
 969 0043 0A000000 		.4byte	.LVL17
 970 0047 0100     		.2byte	0x1
 971 0049 50       		.byte	0x50
 972 004a 0A000000 		.4byte	.LVL17
 973 004e 14000000 		.4byte	.LFE7
 974 0052 0400     		.2byte	0x4
 975 0054 F3       		.byte	0xf3
 976 0055 01       		.uleb128 0x1
 977 0056 50       		.byte	0x50
 978 0057 9F       		.byte	0x9f
 979 0058 00000000 		.4byte	0
 980 005c 00000000 		.4byte	0
 981              	.LLST3:
 982 0060 04000000 		.4byte	.LVL15
 983 0064 0C000000 		.4byte	.LVL18
 984 0068 0100     		.2byte	0x1
 985 006a 53       		.byte	0x53
 986 006b 0C000000 		.4byte	.LVL18
 987 006f 14000000 		.4byte	.LFE7
 988 0073 0100     		.2byte	0x1
 989 0075 50       		.byte	0x50
ARM GAS  C:\Users\Henny\AppData\Local\Temp\cchELfFA.s 			page 27


 990 0076 00000000 		.4byte	0
 991 007a 00000000 		.4byte	0
 992              		.section	.debug_aranges,"",%progbits
 993 0000 5C000000 		.4byte	0x5c
 994 0004 0200     		.2byte	0x2
 995 0006 00000000 		.4byte	.Ldebug_info0
 996 000a 04       		.byte	0x4
 997 000b 00       		.byte	0
 998 000c 0000     		.2byte	0
 999 000e 0000     		.2byte	0
 1000 0010 00000000 		.4byte	.LFB9
 1001 0014 0A000000 		.4byte	.LFE9-.LFB9
 1002 0018 00000000 		.4byte	.LFB11
 1003 001c 08000000 		.4byte	.LFE11-.LFB11
 1004 0020 00000000 		.4byte	.LFB2
 1005 0024 08000000 		.4byte	.LFE2-.LFB2
 1006 0028 00000000 		.4byte	.LFB3
 1007 002c 18000000 		.4byte	.LFE3-.LFB3
 1008 0030 00000000 		.4byte	.LFB4
 1009 0034 20000000 		.4byte	.LFE4-.LFB4
 1010 0038 00000000 		.4byte	.LFB5
 1011 003c 2C000000 		.4byte	.LFE5-.LFB5
 1012 0040 00000000 		.4byte	.LFB6
 1013 0044 14000000 		.4byte	.LFE6-.LFB6
 1014 0048 00000000 		.4byte	.LFB7
 1015 004c 14000000 		.4byte	.LFE7-.LFB7
 1016 0050 00000000 		.4byte	.LFB8
 1017 0054 0C000000 		.4byte	.LFE8-.LFB8
 1018 0058 00000000 		.4byte	0
 1019 005c 00000000 		.4byte	0
 1020              		.section	.debug_ranges,"",%progbits
 1021              	.Ldebug_ranges0:
 1022 0000 00000000 		.4byte	.LFB9
 1023 0004 0A000000 		.4byte	.LFE9
 1024 0008 00000000 		.4byte	.LFB11
 1025 000c 08000000 		.4byte	.LFE11
 1026 0010 00000000 		.4byte	.LFB2
 1027 0014 08000000 		.4byte	.LFE2
 1028 0018 00000000 		.4byte	.LFB3
 1029 001c 18000000 		.4byte	.LFE3
 1030 0020 00000000 		.4byte	.LFB4
 1031 0024 20000000 		.4byte	.LFE4
 1032 0028 00000000 		.4byte	.LFB5
 1033 002c 2C000000 		.4byte	.LFE5
 1034 0030 00000000 		.4byte	.LFB6
 1035 0034 14000000 		.4byte	.LFE6
 1036 0038 00000000 		.4byte	.LFB7
 1037 003c 14000000 		.4byte	.LFE7
 1038 0040 00000000 		.4byte	.LFB8
 1039 0044 0C000000 		.4byte	.LFE8
 1040 0048 00000000 		.4byte	0
 1041 004c 00000000 		.4byte	0
 1042              		.section	.debug_line,"",%progbits
 1043              	.Ldebug_line0:
 1044 0000 39010000 		.section	.debug_str,"MS",%progbits,1
 1044      02007500 
 1044      00000201 
ARM GAS  C:\Users\Henny\AppData\Local\Temp\cchELfFA.s 			page 28


 1044      FB0E0D00 
 1044      01010101 
 1045              	.LASF14:
 1046 0000 72656733 		.ascii	"reg32\000"
 1046      3200
 1047              	.LASF37:
 1048 0006 443A5C48 		.ascii	"D:\\Henny\\magisterka\\CY8KIT\\BLE\\BLE\\WaveSim.cy"
 1048      656E6E79 
 1048      5C6D6167 
 1048      69737465 
 1048      726B615C 
 1049 0033 64736E00 		.ascii	"dsn\000"
 1050              	.LASF24:
 1051 0037 6C657665 		.ascii	"level\000"
 1051      6C00
 1052              	.LASF3:
 1053 003d 73686F72 		.ascii	"short unsigned int\000"
 1053      7420756E 
 1053      7369676E 
 1053      65642069 
 1053      6E7400
 1054              	.LASF36:
 1055 0050 2E5C4765 		.ascii	".\\Generated_Source\\PSoC4\\I2C.c\000"
 1055      6E657261 
 1055      7465645F 
 1055      536F7572 
 1055      63655C50 
 1056              	.LASF16:
 1057 006f 4932435F 		.ascii	"I2C_ScbEnableIntr\000"
 1057      53636245 
 1057      6E61626C 
 1057      65496E74 
 1057      7200
 1058              	.LASF20:
 1059 0081 4932435F 		.ascii	"I2C_Start\000"
 1059      53746172 
 1059      7400
 1060              	.LASF11:
 1061 008b 666C6F61 		.ascii	"float\000"
 1061      7400
 1062              	.LASF1:
 1063 0091 756E7369 		.ascii	"unsigned char\000"
 1063      676E6564 
 1063      20636861 
 1063      7200
 1064              	.LASF23:
 1065 009f 4932435F 		.ascii	"I2C_SetTxFifoLevel\000"
 1065      53657454 
 1065      78466966 
 1065      6F4C6576 
 1065      656C00
 1066              	.LASF17:
 1067 00b2 4932435F 		.ascii	"I2C_ScbModeStop\000"
 1067      5363624D 
 1067      6F646553 
 1067      746F7000 
 1068              	.LASF21:
ARM GAS  C:\Users\Henny\AppData\Local\Temp\cchELfFA.s 			page 29


 1069 00c2 4932435F 		.ascii	"I2C_Stop\000"
 1069      53746F70 
 1069      00
 1070              	.LASF5:
 1071 00cb 6C6F6E67 		.ascii	"long unsigned int\000"
 1071      20756E73 
 1071      69676E65 
 1071      6420696E 
 1071      7400
 1072              	.LASF9:
 1073 00dd 75696E74 		.ascii	"uint8\000"
 1073      3800
 1074              	.LASF19:
 1075 00e3 4932435F 		.ascii	"I2C_Enable\000"
 1075      456E6162 
 1075      6C6500
 1076              	.LASF12:
 1077 00ee 646F7562 		.ascii	"double\000"
 1077      6C6500
 1078              	.LASF32:
 1079 00f5 4932435F 		.ascii	"I2C_I2CInit\000"
 1079      49324349 
 1079      6E697400 
 1080              	.LASF28:
 1081 0101 66756E63 		.ascii	"func\000"
 1081      00
 1082              	.LASF2:
 1083 0106 73686F72 		.ascii	"short int\000"
 1083      7420696E 
 1083      7400
 1084              	.LASF27:
 1085 0110 4932435F 		.ascii	"I2C_SetCustomInterruptHandler\000"
 1085      53657443 
 1085      7573746F 
 1085      6D496E74 
 1085      65727275 
 1086              	.LASF26:
 1087 012e 74784669 		.ascii	"txFifoCtrl\000"
 1087      666F4374 
 1087      726C00
 1088              	.LASF10:
 1089 0139 75696E74 		.ascii	"uint32\000"
 1089      333200
 1090              	.LASF8:
 1091 0140 756E7369 		.ascii	"unsigned int\000"
 1091      676E6564 
 1091      20696E74 
 1091      00
 1092              	.LASF7:
 1093 014d 6C6F6E67 		.ascii	"long long unsigned int\000"
 1093      206C6F6E 
 1093      6720756E 
 1093      7369676E 
 1093      65642069 
 1094              	.LASF38:
 1095 0164 4379496E 		.ascii	"CyIntClearPending\000"
 1095      74436C65 
ARM GAS  C:\Users\Henny\AppData\Local\Temp\cchELfFA.s 			page 30


 1095      61725065 
 1095      6E64696E 
 1095      6700
 1096              	.LASF18:
 1097 0176 4932435F 		.ascii	"I2C_Init\000"
 1097      496E6974 
 1097      00
 1098              	.LASF15:
 1099 017f 73697A65 		.ascii	"sizetype\000"
 1099      74797065 
 1099      00
 1100              	.LASF6:
 1101 0188 6C6F6E67 		.ascii	"long long int\000"
 1101      206C6F6E 
 1101      6720696E 
 1101      7400
 1102              	.LASF13:
 1103 0196 63686172 		.ascii	"char\000"
 1103      00
 1104              	.LASF35:
 1105 019b 474E5520 		.ascii	"GNU C 4.9.3 20150303 (release) [ARM/embedded-4_9-br"
 1105      4320342E 
 1105      392E3320 
 1105      32303135 
 1105      30333033 
 1106 01ce 616E6368 		.ascii	"anch revision 221220] -mcpu=cortex-m0 -mthumb -g -O"
 1106      20726576 
 1106      6973696F 
 1106      6E203232 
 1106      31323230 
 1107 0201 67202D66 		.ascii	"g -ffunction-sections -ffat-lto-objects\000"
 1107      66756E63 
 1107      74696F6E 
 1107      2D736563 
 1107      74696F6E 
 1108              	.LASF34:
 1109 0229 4379496E 		.ascii	"CyIntDisable\000"
 1109      74446973 
 1109      61626C65 
 1109      00
 1110              	.LASF31:
 1111 0236 4932435F 		.ascii	"I2C_I2CStop\000"
 1111      49324353 
 1111      746F7000 
 1112              	.LASF22:
 1113 0242 4932435F 		.ascii	"I2C_SetRxFifoLevel\000"
 1113      53657452 
 1113      78466966 
 1113      6F4C6576 
 1113      656C00
 1114              	.LASF25:
 1115 0255 72784669 		.ascii	"rxFifoCtrl\000"
 1115      666F4374 
 1115      726C00
 1116              	.LASF4:
 1117 0260 6C6F6E67 		.ascii	"long int\000"
 1117      20696E74 
ARM GAS  C:\Users\Henny\AppData\Local\Temp\cchELfFA.s 			page 31


 1117      00
 1118              	.LASF33:
 1119 0269 4379496E 		.ascii	"CyIntEnable\000"
 1119      74456E61 
 1119      626C6500 
 1120              	.LASF0:
 1121 0275 7369676E 		.ascii	"signed char\000"
 1121      65642063 
 1121      68617200 
 1122              	.LASF30:
 1123 0281 4932435F 		.ascii	"I2C_customIntrHandler\000"
 1123      63757374 
 1123      6F6D496E 
 1123      74724861 
 1123      6E646C65 
 1124              	.LASF29:
 1125 0297 4932435F 		.ascii	"I2C_initVar\000"
 1125      696E6974 
 1125      56617200 
 1126              		.ident	"GCC: (GNU Tools for ARM Embedded Processors) 4.9.3 20150303 (release) [ARM/embedded-4_9-br
