ARM GAS  C:\Users\Henny\AppData\Local\Temp\ccVqTI9X.s 			page 1


   1              		.cpu cortex-m0
   2              		.fpu softvfp
   3              		.eabi_attribute 20, 1
   4              		.eabi_attribute 21, 1
   5              		.eabi_attribute 23, 3
   6              		.eabi_attribute 24, 1
   7              		.eabi_attribute 25, 1
   8              		.eabi_attribute 26, 1
   9              		.eabi_attribute 30, 1
  10              		.eabi_attribute 34, 0
  11              		.eabi_attribute 18, 4
  12              		.code	16
  13              		.file	"main.c"
  14              		.text
  15              	.Ltext0:
  16              		.cfi_sections	.debug_frame
  17              		.section	.text.main,"ax",%progbits
  18              		.align	2
  19              		.global	main
  20              		.code	16
  21              		.thumb_func
  22              		.type	main, %function
  23              	main:
  24              	.LFB37:
  25              		.file 1 ".\\main.c"
   1:.\main.c      **** /* ========================================
   2:.\main.c      ****  *
   3:.\main.c      ****  * Copyright YOUR COMPANY, THE YEAR
   4:.\main.c      ****  * All Rights Reserved
   5:.\main.c      ****  * UNPUBLISHED, LICENSED SOFTWARE.
   6:.\main.c      ****  *
   7:.\main.c      ****  * CONFIDENTIAL AND PROPRIETARY INFORMATION
   8:.\main.c      ****  * WHICH IS THE PROPERTY OF your company.
   9:.\main.c      ****  *
  10:.\main.c      ****  * ========================================
  11:.\main.c      **** */
  12:.\main.c      **** #include <project.h>
  13:.\main.c      **** #include <stdio.h>
  14:.\main.c      **** #include <common.h>
  15:.\main.c      **** #include <ADXL345.h>
  16:.\main.c      **** #include <BLEControl.h>
  17:.\main.c      **** 
  18:.\main.c      **** extern int bleConnected;
  19:.\main.c      **** extern int notifyOn;
  20:.\main.c      **** 
  21:.\main.c      **** void convertSensorDataToArrays();
  22:.\main.c      **** 
  23:.\main.c      **** 
  24:.\main.c      **** int main()
  25:.\main.c      **** {
  26              		.loc 1 25 0
  27              		.cfi_startproc
  28 0000 08B5     		push	{r3, lr}
  29              		.cfi_def_cfa_offset 8
  30              		.cfi_offset 3, -8
  31              		.cfi_offset 14, -4
  26:.\main.c      ****     CyGlobalIntEnable; /* Enable global interrupts. */
ARM GAS  C:\Users\Henny\AppData\Local\Temp\ccVqTI9X.s 			page 2


  32              		.loc 1 26 0
  33              	@ 26 ".\main.c" 1
  34 0002 62B6     		CPSIE   i
  35              	@ 0 "" 2
  27:.\main.c      ****     
  28:.\main.c      ****     BlueLED_Write(LED_OFF);
  36              		.loc 1 28 0
  37              		.code	16
  38 0004 0120     		mov	r0, #1
  39 0006 FFF7FEFF 		bl	BlueLED_Write
  40              	.LVL0:
  29:.\main.c      ****     AdvLED_Write(LED_OFF);
  41              		.loc 1 29 0
  42 000a 0120     		mov	r0, #1
  43 000c FFF7FEFF 		bl	AdvLED_Write
  44              	.LVL1:
  30:.\main.c      ****     ConnectedLED_Write(LED_OFF);
  45              		.loc 1 30 0
  46 0010 0120     		mov	r0, #1
  47 0012 FFF7FEFF 		bl	ConnectedLED_Write
  48              	.LVL2:
  31:.\main.c      ****     CyBle_Start(Stack_Handler);
  49              		.loc 1 31 0
  50 0016 0D48     		ldr	r0, .L4
  51 0018 FFF7FEFF 		bl	CyBle_Start
  52              	.LVL3:
  32:.\main.c      ****     
  33:.\main.c      ****     // Start components
  34:.\main.c      ****     UART_Start();
  53              		.loc 1 34 0
  54 001c FFF7FEFF 		bl	UART_Start
  55              	.LVL4:
  35:.\main.c      ****     I2C_Start();
  56              		.loc 1 35 0
  57 0020 FFF7FEFF 		bl	I2C_Start
  58              	.LVL5:
  36:.\main.c      ****     
  37:.\main.c      ****     debug("\r\n--- START ---");
  59              		.loc 1 37 0
  60 0024 0A48     		ldr	r0, .L4+4
  61 0026 FFF7FEFF 		bl	debug
  62              	.LVL6:
  38:.\main.c      ****     
  39:.\main.c      ****     startAccConnection();
  63              		.loc 1 39 0
  64 002a FFF7FEFF 		bl	startAccConnection
  65              	.LVL7:
  66              	.L2:
  40:.\main.c      **** 
  41:.\main.c      ****     for(;;)
  42:.\main.c      ****     {
  43:.\main.c      ****         /* Process all the generated events. */
  44:.\main.c      ****         CyBle_ProcessEvents();
  67              		.loc 1 44 0
  68 002e FFF7FEFF 		bl	CyBle_ProcessEvents
  69              	.LVL8:
  45:.\main.c      ****         
ARM GAS  C:\Users\Henny\AppData\Local\Temp\ccVqTI9X.s 			page 3


  46:.\main.c      ****         getSensorData();
  70              		.loc 1 46 0
  71 0032 FFF7FEFF 		bl	getSensorData
  72              	.LVL9:
  47:.\main.c      ****         
  48:.\main.c      ****         if (bleConnected && notifyOn) 
  73              		.loc 1 48 0
  74 0036 074B     		ldr	r3, .L4+8
  75 0038 1B68     		ldr	r3, [r3]
  76 003a 002B     		cmp	r3, #0
  77 003c F7D0     		beq	.L2
  78              		.loc 1 48 0 is_stmt 0 discriminator 1
  79 003e 064B     		ldr	r3, .L4+12
  80 0040 1B68     		ldr	r3, [r3]
  81 0042 002B     		cmp	r3, #0
  82 0044 F3D0     		beq	.L2
  49:.\main.c      ****         {   
  50:.\main.c      ****             sendNotifications();                
  83              		.loc 1 50 0 is_stmt 1
  84 0046 FFF7FEFF 		bl	sendNotifications
  85              	.LVL10:
  86 004a F0E7     		b	.L2
  87              	.L5:
  88              		.align	2
  89              	.L4:
  90 004c 00000000 		.word	Stack_Handler
  91 0050 00000000 		.word	.LC1
  92 0054 00000000 		.word	bleConnected
  93 0058 00000000 		.word	notifyOn
  94              		.cfi_endproc
  95              	.LFE37:
  96              		.size	main, .-main
  97              		.comm	zData,4,4
  98              		.comm	yData,4,4
  99              		.comm	xData,4,4
 100              		.comm	bleConnected,4,4
 101              		.comm	notifyOn,4,4
 102              		.section	.rodata.str1.4,"aMS",%progbits,1
 103              		.align	2
 104              	.LC1:
 105 0000 0D0A2D2D 		.ascii	"\015\012--- START ---\000"
 105      2D205354 
 105      41525420 
 105      2D2D2D00 
 106              		.text
 107              	.Letext0:
 108              		.file 2 "Generated_Source\\PSoC4/cytypes.h"
 109              		.file 3 "Generated_Source\\PSoC4/BLE_Stack.h"
 110              		.file 4 "Generated_Source\\PSoC4/BLE.h"
 111              		.file 5 "./common.h"
 112              		.file 6 "./ADXL345.h"
 113              		.file 7 "Generated_Source\\PSoC4/BlueLED.h"
 114              		.file 8 "Generated_Source\\PSoC4/AdvLED.h"
 115              		.file 9 "Generated_Source\\PSoC4/ConnectedLED.h"
 116              		.file 10 "Generated_Source\\PSoC4/UART.h"
 117              		.file 11 "Generated_Source\\PSoC4/I2C.h"
 118              		.file 12 "./BLEControl.h"
ARM GAS  C:\Users\Henny\AppData\Local\Temp\ccVqTI9X.s 			page 4


 119              		.section	.debug_info,"",%progbits
 120              	.Ldebug_info0:
 121 0000 2E050000 		.4byte	0x52e
 122 0004 0400     		.2byte	0x4
 123 0006 00000000 		.4byte	.Ldebug_abbrev0
 124 000a 04       		.byte	0x4
 125 000b 01       		.uleb128 0x1
 126 000c 050A0000 		.4byte	.LASF131
 127 0010 01       		.byte	0x1
 128 0011 510B0000 		.4byte	.LASF132
 129 0015 D7020000 		.4byte	.LASF133
 130 0019 00000000 		.4byte	.Ldebug_ranges0+0
 131 001d 00000000 		.4byte	0
 132 0021 00000000 		.4byte	.Ldebug_line0
 133 0025 02       		.uleb128 0x2
 134 0026 01       		.byte	0x1
 135 0027 06       		.byte	0x6
 136 0028 16030000 		.4byte	.LASF0
 137 002c 02       		.uleb128 0x2
 138 002d 01       		.byte	0x1
 139 002e 08       		.byte	0x8
 140 002f D3090000 		.4byte	.LASF1
 141 0033 02       		.uleb128 0x2
 142 0034 02       		.byte	0x2
 143 0035 05       		.byte	0x5
 144 0036 930A0000 		.4byte	.LASF2
 145 003a 02       		.uleb128 0x2
 146 003b 02       		.byte	0x2
 147 003c 07       		.byte	0x7
 148 003d 790C0000 		.4byte	.LASF3
 149 0041 02       		.uleb128 0x2
 150 0042 04       		.byte	0x4
 151 0043 05       		.byte	0x5
 152 0044 9D010000 		.4byte	.LASF4
 153 0048 02       		.uleb128 0x2
 154 0049 04       		.byte	0x4
 155 004a 07       		.byte	0x7
 156 004b C2050000 		.4byte	.LASF5
 157 004f 02       		.uleb128 0x2
 158 0050 08       		.byte	0x8
 159 0051 05       		.byte	0x5
 160 0052 08030000 		.4byte	.LASF6
 161 0056 02       		.uleb128 0x2
 162 0057 08       		.byte	0x8
 163 0058 07       		.byte	0x7
 164 0059 19050000 		.4byte	.LASF7
 165 005d 03       		.uleb128 0x3
 166 005e 04       		.byte	0x4
 167 005f 05       		.byte	0x5
 168 0060 696E7400 		.ascii	"int\000"
 169 0064 02       		.uleb128 0x2
 170 0065 04       		.byte	0x4
 171 0066 07       		.byte	0x7
 172 0067 B40B0000 		.4byte	.LASF8
 173 006b 04       		.uleb128 0x4
 174 006c 47040000 		.4byte	.LASF9
 175 0070 02       		.byte	0x2
ARM GAS  C:\Users\Henny\AppData\Local\Temp\ccVqTI9X.s 			page 5


 176 0071 3801     		.2byte	0x138
 177 0073 2C000000 		.4byte	0x2c
 178 0077 04       		.uleb128 0x4
 179 0078 91040000 		.4byte	.LASF10
 180 007c 02       		.byte	0x2
 181 007d 3A01     		.2byte	0x13a
 182 007f 48000000 		.4byte	0x48
 183 0083 02       		.uleb128 0x2
 184 0084 04       		.byte	0x4
 185 0085 04       		.byte	0x4
 186 0086 55090000 		.4byte	.LASF11
 187 008a 02       		.uleb128 0x2
 188 008b 08       		.byte	0x8
 189 008c 04       		.byte	0x4
 190 008d 6C040000 		.4byte	.LASF12
 191 0091 02       		.uleb128 0x2
 192 0092 01       		.byte	0x1
 193 0093 08       		.byte	0x8
 194 0094 6D0B0000 		.4byte	.LASF13
 195 0098 02       		.uleb128 0x2
 196 0099 04       		.byte	0x4
 197 009a 07       		.byte	0x7
 198 009b 14080000 		.4byte	.LASF14
 199 009f 05       		.uleb128 0x5
 200 00a0 04       		.byte	0x4
 201 00a1 06       		.uleb128 0x6
 202 00a2 04       		.byte	0x4
 203 00a3 91000000 		.4byte	0x91
 204 00a7 07       		.uleb128 0x7
 205 00a8 01       		.byte	0x1
 206 00a9 03       		.byte	0x3
 207 00aa 4201     		.2byte	0x142
 208 00ac 64020000 		.4byte	0x264
 209 00b0 08       		.uleb128 0x8
 210 00b1 90060000 		.4byte	.LASF15
 211 00b5 00       		.sleb128 0
 212 00b6 08       		.uleb128 0x8
 213 00b7 22030000 		.4byte	.LASF16
 214 00bb 01       		.sleb128 1
 215 00bc 08       		.uleb128 0x8
 216 00bd 8B010000 		.4byte	.LASF17
 217 00c1 02       		.sleb128 2
 218 00c2 08       		.uleb128 0x8
 219 00c3 600C0000 		.4byte	.LASF18
 220 00c7 03       		.sleb128 3
 221 00c8 08       		.uleb128 0x8
 222 00c9 0B020000 		.4byte	.LASF19
 223 00cd 04       		.sleb128 4
 224 00ce 08       		.uleb128 0x8
 225 00cf 23000000 		.4byte	.LASF20
 226 00d3 05       		.sleb128 5
 227 00d4 08       		.uleb128 0x8
 228 00d5 C5060000 		.4byte	.LASF21
 229 00d9 06       		.sleb128 6
 230 00da 08       		.uleb128 0x8
 231 00db 9E070000 		.4byte	.LASF22
 232 00df 20       		.sleb128 32
ARM GAS  C:\Users\Henny\AppData\Local\Temp\ccVqTI9X.s 			page 6


 233 00e0 08       		.uleb128 0x8
 234 00e1 74030000 		.4byte	.LASF23
 235 00e5 21       		.sleb128 33
 236 00e6 08       		.uleb128 0x8
 237 00e7 F2060000 		.4byte	.LASF24
 238 00eb 22       		.sleb128 34
 239 00ec 08       		.uleb128 0x8
 240 00ed 41070000 		.4byte	.LASF25
 241 00f1 23       		.sleb128 35
 242 00f2 08       		.uleb128 0x8
 243 00f3 A7080000 		.4byte	.LASF26
 244 00f7 24       		.sleb128 36
 245 00f8 08       		.uleb128 0x8
 246 00f9 1D080000 		.4byte	.LASF27
 247 00fd 25       		.sleb128 37
 248 00fe 08       		.uleb128 0x8
 249 00ff FC030000 		.4byte	.LASF28
 250 0103 26       		.sleb128 38
 251 0104 08       		.uleb128 0x8
 252 0105 16070000 		.4byte	.LASF29
 253 0109 27       		.sleb128 39
 254 010a 08       		.uleb128 0x8
 255 010b 920B0000 		.4byte	.LASF30
 256 010f 28       		.sleb128 40
 257 0110 08       		.uleb128 0x8
 258 0111 91020000 		.4byte	.LASF31
 259 0115 29       		.sleb128 41
 260 0116 08       		.uleb128 0x8
 261 0117 83000000 		.4byte	.LASF32
 262 011b 2A       		.sleb128 42
 263 011c 08       		.uleb128 0x8
 264 011d 3D020000 		.4byte	.LASF33
 265 0121 2B       		.sleb128 43
 266 0122 08       		.uleb128 0x8
 267 0123 A00D0000 		.4byte	.LASF34
 268 0127 2C       		.sleb128 44
 269 0128 08       		.uleb128 0x8
 270 0129 AE020000 		.4byte	.LASF35
 271 012d 2D       		.sleb128 45
 272 012e 08       		.uleb128 0x8
 273 012f E1090000 		.4byte	.LASF36
 274 0133 2E       		.sleb128 46
 275 0134 08       		.uleb128 0x8
 276 0135 00010000 		.4byte	.LASF37
 277 0139 2F       		.sleb128 47
 278 013a 08       		.uleb128 0x8
 279 013b 72080000 		.4byte	.LASF38
 280 013f 30       		.sleb128 48
 281 0140 08       		.uleb128 0x8
 282 0141 100E0000 		.4byte	.LASF39
 283 0145 31       		.sleb128 49
 284 0146 08       		.uleb128 0x8
 285 0147 51080000 		.4byte	.LASF40
 286 014b 32       		.sleb128 50
 287 014c 08       		.uleb128 0x8
 288 014d 2A0B0000 		.4byte	.LASF41
 289 0151 33       		.sleb128 51
ARM GAS  C:\Users\Henny\AppData\Local\Temp\ccVqTI9X.s 			page 7


 290 0152 08       		.uleb128 0x8
 291 0153 B5040000 		.4byte	.LASF42
 292 0157 C000     		.sleb128 64
 293 0159 08       		.uleb128 0x8
 294 015a 67070000 		.4byte	.LASF43
 295 015e C100     		.sleb128 65
 296 0160 08       		.uleb128 0x8
 297 0161 3D0E0000 		.4byte	.LASF44
 298 0165 C200     		.sleb128 66
 299 0167 08       		.uleb128 0x8
 300 0168 BB0C0000 		.4byte	.LASF45
 301 016c C300     		.sleb128 67
 302 016e 08       		.uleb128 0x8
 303 016f EE050000 		.4byte	.LASF46
 304 0173 C400     		.sleb128 68
 305 0175 08       		.uleb128 0x8
 306 0176 2E090000 		.4byte	.LASF47
 307 017a C500     		.sleb128 69
 308 017c 08       		.uleb128 0x8
 309 017d EA070000 		.4byte	.LASF48
 310 0181 C600     		.sleb128 70
 311 0183 08       		.uleb128 0x8
 312 0184 A7060000 		.4byte	.LASF49
 313 0188 C700     		.sleb128 71
 314 018a 08       		.uleb128 0x8
 315 018b 640D0000 		.4byte	.LASF50
 316 018f C800     		.sleb128 72
 317 0191 08       		.uleb128 0x8
 318 0192 8B030000 		.4byte	.LASF51
 319 0196 C900     		.sleb128 73
 320 0198 08       		.uleb128 0x8
 321 0199 DF0C0000 		.4byte	.LASF52
 322 019d CA00     		.sleb128 74
 323 019f 08       		.uleb128 0x8
 324 01a0 29010000 		.4byte	.LASF53
 325 01a4 CB00     		.sleb128 75
 326 01a6 08       		.uleb128 0x8
 327 01a7 D4050000 		.4byte	.LASF54
 328 01ab CC00     		.sleb128 76
 329 01ad 08       		.uleb128 0x8
 330 01ae 37080000 		.4byte	.LASF55
 331 01b2 CD00     		.sleb128 77
 332 01b4 08       		.uleb128 0x8
 333 01b5 D1030000 		.4byte	.LASF56
 334 01b9 CE00     		.sleb128 78
 335 01bb 08       		.uleb128 0x8
 336 01bc D80A0000 		.4byte	.LASF57
 337 01c0 CF00     		.sleb128 79
 338 01c2 08       		.uleb128 0x8
 339 01c3 48010000 		.4byte	.LASF58
 340 01c7 D000     		.sleb128 80
 341 01c9 08       		.uleb128 0x8
 342 01ca 4D040000 		.4byte	.LASF59
 343 01ce D100     		.sleb128 81
 344 01d0 08       		.uleb128 0x8
 345 01d1 D6080000 		.4byte	.LASF60
 346 01d5 D200     		.sleb128 82
ARM GAS  C:\Users\Henny\AppData\Local\Temp\ccVqTI9X.s 			page 8


 347 01d7 08       		.uleb128 0x8
 348 01d8 9D0A0000 		.4byte	.LASF61
 349 01dc D300     		.sleb128 83
 350 01de 08       		.uleb128 0x8
 351 01df 5B090000 		.4byte	.LASF62
 352 01e3 D400     		.sleb128 84
 353 01e5 08       		.uleb128 0x8
 354 01e6 0C060000 		.4byte	.LASF63
 355 01ea D500     		.sleb128 85
 356 01ec 08       		.uleb128 0x8
 357 01ed 30050000 		.4byte	.LASF64
 358 01f1 D600     		.sleb128 86
 359 01f3 08       		.uleb128 0x8
 360 01f4 C10B0000 		.4byte	.LASF65
 361 01f8 D700     		.sleb128 87
 362 01fa 08       		.uleb128 0x8
 363 01fb 30060000 		.4byte	.LASF66
 364 01ff D800     		.sleb128 88
 365 0201 08       		.uleb128 0x8
 366 0202 CF040000 		.4byte	.LASF67
 367 0206 F000     		.sleb128 112
 368 0208 08       		.uleb128 0x8
 369 0209 E50D0000 		.4byte	.LASF68
 370 020d F100     		.sleb128 113
 371 020f 08       		.uleb128 0x8
 372 0210 82070000 		.4byte	.LASF69
 373 0214 F200     		.sleb128 114
 374 0216 08       		.uleb128 0x8
 375 0217 67010000 		.4byte	.LASF70
 376 021b F300     		.sleb128 115
 377 021d 08       		.uleb128 0x8
 378 021e 10090000 		.4byte	.LASF71
 379 0222 F400     		.sleb128 116
 380 0224 08       		.uleb128 0x8
 381 0225 C40D0000 		.4byte	.LASF72
 382 0229 F500     		.sleb128 117
 383 022b 08       		.uleb128 0x8
 384 022c AC000000 		.4byte	.LASF73
 385 0230 F600     		.sleb128 118
 386 0232 08       		.uleb128 0x8
 387 0233 3F000000 		.4byte	.LASF74
 388 0237 F700     		.sleb128 119
 389 0239 08       		.uleb128 0x8
 390 023a 00000000 		.4byte	.LASF75
 391 023e F800     		.sleb128 120
 392 0240 08       		.uleb128 0x8
 393 0241 EA0B0000 		.4byte	.LASF76
 394 0245 F900     		.sleb128 121
 395 0247 08       		.uleb128 0x8
 396 0248 F5040000 		.4byte	.LASF77
 397 024c FA00     		.sleb128 122
 398 024e 08       		.uleb128 0x8
 399 024f 5C020000 		.4byte	.LASF78
 400 0253 FA01     		.sleb128 250
 401 0255 08       		.uleb128 0x8
 402 0256 7A050000 		.4byte	.LASF79
 403 025a FB01     		.sleb128 251
ARM GAS  C:\Users\Henny\AppData\Local\Temp\ccVqTI9X.s 			page 9


 404 025c 08       		.uleb128 0x8
 405 025d 98040000 		.4byte	.LASF80
 406 0261 FF01     		.sleb128 255
 407 0263 00       		.byte	0
 408 0264 07       		.uleb128 0x7
 409 0265 02       		.byte	0x2
 410 0266 03       		.byte	0x3
 411 0267 FF02     		.2byte	0x2ff
 412 0269 34030000 		.4byte	0x334
 413 026d 08       		.uleb128 0x8
 414 026e A6040000 		.4byte	.LASF81
 415 0272 00       		.sleb128 0
 416 0273 08       		.uleb128 0x8
 417 0274 73040000 		.4byte	.LASF82
 418 0278 01       		.sleb128 1
 419 0279 08       		.uleb128 0x8
 420 027a 8C0C0000 		.4byte	.LASF83
 421 027e 02       		.sleb128 2
 422 027f 08       		.uleb128 0x8
 423 0280 5E000000 		.4byte	.LASF84
 424 0284 03       		.sleb128 3
 425 0285 08       		.uleb128 0x8
 426 0286 E8010000 		.4byte	.LASF85
 427 028a 04       		.sleb128 4
 428 028b 08       		.uleb128 0x8
 429 028c 52050000 		.4byte	.LASF86
 430 0290 05       		.sleb128 5
 431 0291 08       		.uleb128 0x8
 432 0292 BE0A0000 		.4byte	.LASF87
 433 0296 06       		.sleb128 6
 434 0297 08       		.uleb128 0x8
 435 0298 57030000 		.4byte	.LASF88
 436 029c 07       		.sleb128 7
 437 029d 08       		.uleb128 0x8
 438 029e 0C0B0000 		.4byte	.LASF89
 439 02a2 08       		.sleb128 8
 440 02a3 08       		.uleb128 0x8
 441 02a4 8B0D0000 		.4byte	.LASF90
 442 02a8 09       		.sleb128 9
 443 02a9 08       		.uleb128 0x8
 444 02aa 90090000 		.4byte	.LASF91
 445 02ae 0A       		.sleb128 10
 446 02af 08       		.uleb128 0x8
 447 02b0 720B0000 		.4byte	.LASF92
 448 02b4 0B       		.sleb128 11
 449 02b5 08       		.uleb128 0x8
 450 02b6 7A020000 		.4byte	.LASF93
 451 02ba 0C       		.sleb128 12
 452 02bb 08       		.uleb128 0x8
 453 02bc C3010000 		.4byte	.LASF94
 454 02c0 0D       		.sleb128 13
 455 02c1 08       		.uleb128 0x8
 456 02c2 99050000 		.4byte	.LASF95
 457 02c6 0E       		.sleb128 14
 458 02c7 08       		.uleb128 0x8
 459 02c8 3F0D0000 		.4byte	.LASF96
 460 02cc 0F       		.sleb128 15
ARM GAS  C:\Users\Henny\AppData\Local\Temp\ccVqTI9X.s 			page 10


 461 02cd 08       		.uleb128 0x8
 462 02ce 320C0000 		.4byte	.LASF97
 463 02d2 10       		.sleb128 16
 464 02d3 08       		.uleb128 0x8
 465 02d4 53060000 		.4byte	.LASF98
 466 02d8 11       		.sleb128 17
 467 02d9 08       		.uleb128 0x8
 468 02da 24040000 		.4byte	.LASF99
 469 02de 12       		.sleb128 18
 470 02df 08       		.uleb128 0x8
 471 02e0 5B0E0000 		.4byte	.LASF100
 472 02e4 13       		.sleb128 19
 473 02e5 08       		.uleb128 0x8
 474 02e6 35030000 		.4byte	.LASF101
 475 02ea 27       		.sleb128 39
 476 02eb 08       		.uleb128 0x8
 477 02ec 0D0C0000 		.4byte	.LASF102
 478 02f0 28       		.sleb128 40
 479 02f1 08       		.uleb128 0x8
 480 02f2 230D0000 		.4byte	.LASF103
 481 02f6 29       		.sleb128 41
 482 02f7 08       		.uleb128 0x8
 483 02f8 A6010000 		.4byte	.LASF104
 484 02fc 2A       		.sleb128 42
 485 02fd 08       		.uleb128 0x8
 486 02fe CD000000 		.4byte	.LASF105
 487 0302 2B       		.sleb128 43
 488 0303 08       		.uleb128 0x8
 489 0304 D2070000 		.4byte	.LASF106
 490 0308 2C       		.sleb128 44
 491 0309 08       		.uleb128 0x8
 492 030a FD0C0000 		.4byte	.LASF107
 493 030e FE01     		.sleb128 254
 494 0310 08       		.uleb128 0x8
 495 0311 C2070000 		.4byte	.LASF108
 496 0315 FF01     		.sleb128 255
 497 0317 08       		.uleb128 0x8
 498 0318 77060000 		.4byte	.LASF109
 499 031c 8002     		.sleb128 256
 500 031e 08       		.uleb128 0x8
 501 031f F7080000 		.4byte	.LASF110
 502 0323 8102     		.sleb128 257
 503 0325 08       		.uleb128 0x8
 504 0326 AA090000 		.4byte	.LASF111
 505 032a 8202     		.sleb128 258
 506 032c 08       		.uleb128 0x8
 507 032d A4030000 		.4byte	.LASF112
 508 0331 8302     		.sleb128 259
 509 0333 00       		.byte	0
 510 0334 04       		.uleb128 0x4
 511 0335 C3080000 		.4byte	.LASF113
 512 0339 03       		.byte	0x3
 513 033a 6B03     		.2byte	0x36b
 514 033c 64020000 		.4byte	0x264
 515 0340 04       		.uleb128 0x4
 516 0341 AA0C0000 		.4byte	.LASF114
 517 0345 04       		.byte	0x4
ARM GAS  C:\Users\Henny\AppData\Local\Temp\ccVqTI9X.s 			page 11


 518 0346 E601     		.2byte	0x1e6
 519 0348 4C030000 		.4byte	0x34c
 520 034c 06       		.uleb128 0x6
 521 034d 04       		.byte	0x4
 522 034e 52030000 		.4byte	0x352
 523 0352 09       		.uleb128 0x9
 524 0353 62030000 		.4byte	0x362
 525 0357 0A       		.uleb128 0xa
 526 0358 77000000 		.4byte	0x77
 527 035c 0A       		.uleb128 0xa
 528 035d 9F000000 		.4byte	0x9f
 529 0361 00       		.byte	0
 530 0362 0B       		.uleb128 0xb
 531 0363 70050000 		.4byte	.LASF134
 532 0367 04       		.byte	0x4
 533 0368 05       		.byte	0x5
 534 0369 1E       		.byte	0x1e
 535 036a 85030000 		.4byte	0x385
 536 036e 0C       		.uleb128 0xc
 537 036f 340E0000 		.4byte	.LASF115
 538 0373 05       		.byte	0x5
 539 0374 1F       		.byte	0x1f
 540 0375 83000000 		.4byte	0x83
 541 0379 0C       		.uleb128 0xc
 542 037a F70A0000 		.4byte	.LASF116
 543 037e 05       		.byte	0x5
 544 037f 20       		.byte	0x20
 545 0380 85030000 		.4byte	0x385
 546 0384 00       		.byte	0
 547 0385 0D       		.uleb128 0xd
 548 0386 6B000000 		.4byte	0x6b
 549 038a 95030000 		.4byte	0x395
 550 038e 0E       		.uleb128 0xe
 551 038f 98000000 		.4byte	0x98
 552 0393 03       		.byte	0x3
 553 0394 00       		.byte	0
 554 0395 0F       		.uleb128 0xf
 555 0396 0B0E0000 		.4byte	.LASF135
 556 039a 01       		.byte	0x1
 557 039b 18       		.byte	0x18
 558 039c 5D000000 		.4byte	0x5d
 559 03a0 00000000 		.4byte	.LFB37
 560 03a4 5C000000 		.4byte	.LFE37-.LFB37
 561 03a8 01       		.uleb128 0x1
 562 03a9 9C       		.byte	0x9c
 563 03aa 3E040000 		.4byte	0x43e
 564 03ae 10       		.uleb128 0x10
 565 03af 0A000000 		.4byte	.LVL0
 566 03b3 93040000 		.4byte	0x493
 567 03b7 C1030000 		.4byte	0x3c1
 568 03bb 11       		.uleb128 0x11
 569 03bc 01       		.uleb128 0x1
 570 03bd 50       		.byte	0x50
 571 03be 01       		.uleb128 0x1
 572 03bf 31       		.byte	0x31
 573 03c0 00       		.byte	0
 574 03c1 10       		.uleb128 0x10
ARM GAS  C:\Users\Henny\AppData\Local\Temp\ccVqTI9X.s 			page 12


 575 03c2 10000000 		.4byte	.LVL1
 576 03c6 A4040000 		.4byte	0x4a4
 577 03ca D4030000 		.4byte	0x3d4
 578 03ce 11       		.uleb128 0x11
 579 03cf 01       		.uleb128 0x1
 580 03d0 50       		.byte	0x50
 581 03d1 01       		.uleb128 0x1
 582 03d2 31       		.byte	0x31
 583 03d3 00       		.byte	0
 584 03d4 10       		.uleb128 0x10
 585 03d5 16000000 		.4byte	.LVL2
 586 03d9 B5040000 		.4byte	0x4b5
 587 03dd E7030000 		.4byte	0x3e7
 588 03e1 11       		.uleb128 0x11
 589 03e2 01       		.uleb128 0x1
 590 03e3 50       		.byte	0x50
 591 03e4 01       		.uleb128 0x1
 592 03e5 31       		.byte	0x31
 593 03e6 00       		.byte	0
 594 03e7 12       		.uleb128 0x12
 595 03e8 1C000000 		.4byte	.LVL3
 596 03ec C6040000 		.4byte	0x4c6
 597 03f0 12       		.uleb128 0x12
 598 03f1 20000000 		.4byte	.LVL4
 599 03f5 DC040000 		.4byte	0x4dc
 600 03f9 12       		.uleb128 0x12
 601 03fa 24000000 		.4byte	.LVL5
 602 03fe E3040000 		.4byte	0x4e3
 603 0402 10       		.uleb128 0x10
 604 0403 2A000000 		.4byte	.LVL6
 605 0407 EA040000 		.4byte	0x4ea
 606 040b 19040000 		.4byte	0x419
 607 040f 11       		.uleb128 0x11
 608 0410 01       		.uleb128 0x1
 609 0411 50       		.byte	0x50
 610 0412 05       		.uleb128 0x5
 611 0413 03       		.byte	0x3
 612 0414 00000000 		.4byte	.LC1
 613 0418 00       		.byte	0
 614 0419 12       		.uleb128 0x12
 615 041a 2E000000 		.4byte	.LVL7
 616 041e FB040000 		.4byte	0x4fb
 617 0422 12       		.uleb128 0x12
 618 0423 32000000 		.4byte	.LVL8
 619 0427 13050000 		.4byte	0x513
 620 042b 12       		.uleb128 0x12
 621 042c 36000000 		.4byte	.LVL9
 622 0430 1B050000 		.4byte	0x51b
 623 0434 12       		.uleb128 0x12
 624 0435 4A000000 		.4byte	.LVL10
 625 0439 28050000 		.4byte	0x528
 626 043d 00       		.byte	0
 627 043e 13       		.uleb128 0x13
 628 043f 0B080000 		.4byte	.LASF117
 629 0443 01       		.byte	0x1
 630 0444 13       		.byte	0x13
 631 0445 5D000000 		.4byte	0x5d
ARM GAS  C:\Users\Henny\AppData\Local\Temp\ccVqTI9X.s 			page 13


 632 0449 05       		.uleb128 0x5
 633 044a 03       		.byte	0x3
 634 044b 00000000 		.4byte	notifyOn
 635 044f 13       		.uleb128 0x13
 636 0450 EF030000 		.4byte	.LASF118
 637 0454 01       		.byte	0x1
 638 0455 12       		.byte	0x12
 639 0456 5D000000 		.4byte	0x5d
 640 045a 05       		.uleb128 0x5
 641 045b 03       		.byte	0x3
 642 045c 00000000 		.4byte	bleConnected
 643 0460 13       		.uleb128 0x13
 644 0461 8A090000 		.4byte	.LASF119
 645 0465 06       		.byte	0x6
 646 0466 13       		.byte	0x13
 647 0467 62030000 		.4byte	0x362
 648 046b 05       		.uleb128 0x5
 649 046c 03       		.byte	0x3
 650 046d 00000000 		.4byte	xData
 651 0471 13       		.uleb128 0x13
 652 0472 DE060000 		.4byte	.LASF120
 653 0476 06       		.byte	0x6
 654 0477 13       		.byte	0x13
 655 0478 62030000 		.4byte	0x362
 656 047c 05       		.uleb128 0x5
 657 047d 03       		.byte	0x3
 658 047e 00000000 		.4byte	yData
 659 0482 13       		.uleb128 0x13
 660 0483 D90C0000 		.4byte	.LASF121
 661 0487 06       		.byte	0x6
 662 0488 13       		.byte	0x13
 663 0489 62030000 		.4byte	0x362
 664 048d 05       		.uleb128 0x5
 665 048e 03       		.byte	0x3
 666 048f 00000000 		.4byte	zData
 667 0493 14       		.uleb128 0x14
 668 0494 7C090000 		.4byte	.LASF122
 669 0498 07       		.byte	0x7
 670 0499 33       		.byte	0x33
 671 049a A4040000 		.4byte	0x4a4
 672 049e 0A       		.uleb128 0xa
 673 049f 6B000000 		.4byte	0x6b
 674 04a3 00       		.byte	0
 675 04a4 14       		.uleb128 0x14
 676 04a5 FF0A0000 		.4byte	.LASF123
 677 04a9 08       		.byte	0x8
 678 04aa 33       		.byte	0x33
 679 04ab B5040000 		.4byte	0x4b5
 680 04af 0A       		.uleb128 0xa
 681 04b0 6B000000 		.4byte	0x6b
 682 04b4 00       		.byte	0
 683 04b5 14       		.uleb128 0x14
 684 04b6 5A0B0000 		.4byte	.LASF124
 685 04ba 09       		.byte	0x9
 686 04bb 33       		.byte	0x33
 687 04bc C6040000 		.4byte	0x4c6
 688 04c0 0A       		.uleb128 0xa
ARM GAS  C:\Users\Henny\AppData\Local\Temp\ccVqTI9X.s 			page 14


 689 04c1 6B000000 		.4byte	0x6b
 690 04c5 00       		.byte	0
 691 04c6 15       		.uleb128 0x15
 692 04c7 35070000 		.4byte	.LASF136
 693 04cb 04       		.byte	0x4
 694 04cc 5302     		.2byte	0x253
 695 04ce 34030000 		.4byte	0x334
 696 04d2 DC040000 		.4byte	0x4dc
 697 04d6 0A       		.uleb128 0xa
 698 04d7 40030000 		.4byte	0x340
 699 04db 00       		.byte	0
 700 04dc 16       		.uleb128 0x16
 701 04dd 20020000 		.4byte	.LASF125
 702 04e1 0A       		.byte	0xa
 703 04e2 6E       		.byte	0x6e
 704 04e3 16       		.uleb128 0x16
 705 04e4 190D0000 		.4byte	.LASF126
 706 04e8 0B       		.byte	0xb
 707 04e9 6E       		.byte	0x6e
 708 04ea 14       		.uleb128 0x14
 709 04eb 85010000 		.4byte	.LASF127
 710 04ef 05       		.byte	0x5
 711 04f0 25       		.byte	0x25
 712 04f1 FB040000 		.4byte	0x4fb
 713 04f5 0A       		.uleb128 0xa
 714 04f6 A1000000 		.4byte	0xa1
 715 04fa 00       		.byte	0
 716 04fb 17       		.uleb128 0x17
 717 04fc BE030000 		.4byte	.LASF128
 718 0500 06       		.byte	0x6
 719 0501 4B       		.byte	0x4b
 720 0502 0C050000 		.4byte	0x50c
 721 0506 0C050000 		.4byte	0x50c
 722 050a 18       		.uleb128 0x18
 723 050b 00       		.byte	0
 724 050c 02       		.uleb128 0x2
 725 050d 01       		.byte	0x1
 726 050e 02       		.byte	0x2
 727 050f CD090000 		.4byte	.LASF129
 728 0513 19       		.uleb128 0x19
 729 0514 93080000 		.4byte	.LASF130
 730 0518 03       		.byte	0x3
 731 0519 4C06     		.2byte	0x64c
 732 051b 1A       		.uleb128 0x1a
 733 051c E4060000 		.4byte	.LASF137
 734 0520 06       		.byte	0x6
 735 0521 54       		.byte	0x54
 736 0522 28050000 		.4byte	0x528
 737 0526 18       		.uleb128 0x18
 738 0527 00       		.byte	0
 739 0528 1B       		.uleb128 0x1b
 740 0529 2B020000 		.4byte	.LASF138
 741 052d 0C       		.byte	0xc
 742 052e 19       		.byte	0x19
 743 052f 18       		.uleb128 0x18
 744 0530 00       		.byte	0
 745 0531 00       		.byte	0
ARM GAS  C:\Users\Henny\AppData\Local\Temp\ccVqTI9X.s 			page 15


 746              		.section	.debug_abbrev,"",%progbits
 747              	.Ldebug_abbrev0:
 748 0000 01       		.uleb128 0x1
 749 0001 11       		.uleb128 0x11
 750 0002 01       		.byte	0x1
 751 0003 25       		.uleb128 0x25
 752 0004 0E       		.uleb128 0xe
 753 0005 13       		.uleb128 0x13
 754 0006 0B       		.uleb128 0xb
 755 0007 03       		.uleb128 0x3
 756 0008 0E       		.uleb128 0xe
 757 0009 1B       		.uleb128 0x1b
 758 000a 0E       		.uleb128 0xe
 759 000b 55       		.uleb128 0x55
 760 000c 17       		.uleb128 0x17
 761 000d 11       		.uleb128 0x11
 762 000e 01       		.uleb128 0x1
 763 000f 10       		.uleb128 0x10
 764 0010 17       		.uleb128 0x17
 765 0011 00       		.byte	0
 766 0012 00       		.byte	0
 767 0013 02       		.uleb128 0x2
 768 0014 24       		.uleb128 0x24
 769 0015 00       		.byte	0
 770 0016 0B       		.uleb128 0xb
 771 0017 0B       		.uleb128 0xb
 772 0018 3E       		.uleb128 0x3e
 773 0019 0B       		.uleb128 0xb
 774 001a 03       		.uleb128 0x3
 775 001b 0E       		.uleb128 0xe
 776 001c 00       		.byte	0
 777 001d 00       		.byte	0
 778 001e 03       		.uleb128 0x3
 779 001f 24       		.uleb128 0x24
 780 0020 00       		.byte	0
 781 0021 0B       		.uleb128 0xb
 782 0022 0B       		.uleb128 0xb
 783 0023 3E       		.uleb128 0x3e
 784 0024 0B       		.uleb128 0xb
 785 0025 03       		.uleb128 0x3
 786 0026 08       		.uleb128 0x8
 787 0027 00       		.byte	0
 788 0028 00       		.byte	0
 789 0029 04       		.uleb128 0x4
 790 002a 16       		.uleb128 0x16
 791 002b 00       		.byte	0
 792 002c 03       		.uleb128 0x3
 793 002d 0E       		.uleb128 0xe
 794 002e 3A       		.uleb128 0x3a
 795 002f 0B       		.uleb128 0xb
 796 0030 3B       		.uleb128 0x3b
 797 0031 05       		.uleb128 0x5
 798 0032 49       		.uleb128 0x49
 799 0033 13       		.uleb128 0x13
 800 0034 00       		.byte	0
 801 0035 00       		.byte	0
 802 0036 05       		.uleb128 0x5
ARM GAS  C:\Users\Henny\AppData\Local\Temp\ccVqTI9X.s 			page 16


 803 0037 0F       		.uleb128 0xf
 804 0038 00       		.byte	0
 805 0039 0B       		.uleb128 0xb
 806 003a 0B       		.uleb128 0xb
 807 003b 00       		.byte	0
 808 003c 00       		.byte	0
 809 003d 06       		.uleb128 0x6
 810 003e 0F       		.uleb128 0xf
 811 003f 00       		.byte	0
 812 0040 0B       		.uleb128 0xb
 813 0041 0B       		.uleb128 0xb
 814 0042 49       		.uleb128 0x49
 815 0043 13       		.uleb128 0x13
 816 0044 00       		.byte	0
 817 0045 00       		.byte	0
 818 0046 07       		.uleb128 0x7
 819 0047 04       		.uleb128 0x4
 820 0048 01       		.byte	0x1
 821 0049 0B       		.uleb128 0xb
 822 004a 0B       		.uleb128 0xb
 823 004b 3A       		.uleb128 0x3a
 824 004c 0B       		.uleb128 0xb
 825 004d 3B       		.uleb128 0x3b
 826 004e 05       		.uleb128 0x5
 827 004f 01       		.uleb128 0x1
 828 0050 13       		.uleb128 0x13
 829 0051 00       		.byte	0
 830 0052 00       		.byte	0
 831 0053 08       		.uleb128 0x8
 832 0054 28       		.uleb128 0x28
 833 0055 00       		.byte	0
 834 0056 03       		.uleb128 0x3
 835 0057 0E       		.uleb128 0xe
 836 0058 1C       		.uleb128 0x1c
 837 0059 0D       		.uleb128 0xd
 838 005a 00       		.byte	0
 839 005b 00       		.byte	0
 840 005c 09       		.uleb128 0x9
 841 005d 15       		.uleb128 0x15
 842 005e 01       		.byte	0x1
 843 005f 27       		.uleb128 0x27
 844 0060 19       		.uleb128 0x19
 845 0061 01       		.uleb128 0x1
 846 0062 13       		.uleb128 0x13
 847 0063 00       		.byte	0
 848 0064 00       		.byte	0
 849 0065 0A       		.uleb128 0xa
 850 0066 05       		.uleb128 0x5
 851 0067 00       		.byte	0
 852 0068 49       		.uleb128 0x49
 853 0069 13       		.uleb128 0x13
 854 006a 00       		.byte	0
 855 006b 00       		.byte	0
 856 006c 0B       		.uleb128 0xb
 857 006d 17       		.uleb128 0x17
 858 006e 01       		.byte	0x1
 859 006f 03       		.uleb128 0x3
ARM GAS  C:\Users\Henny\AppData\Local\Temp\ccVqTI9X.s 			page 17


 860 0070 0E       		.uleb128 0xe
 861 0071 0B       		.uleb128 0xb
 862 0072 0B       		.uleb128 0xb
 863 0073 3A       		.uleb128 0x3a
 864 0074 0B       		.uleb128 0xb
 865 0075 3B       		.uleb128 0x3b
 866 0076 0B       		.uleb128 0xb
 867 0077 01       		.uleb128 0x1
 868 0078 13       		.uleb128 0x13
 869 0079 00       		.byte	0
 870 007a 00       		.byte	0
 871 007b 0C       		.uleb128 0xc
 872 007c 0D       		.uleb128 0xd
 873 007d 00       		.byte	0
 874 007e 03       		.uleb128 0x3
 875 007f 0E       		.uleb128 0xe
 876 0080 3A       		.uleb128 0x3a
 877 0081 0B       		.uleb128 0xb
 878 0082 3B       		.uleb128 0x3b
 879 0083 0B       		.uleb128 0xb
 880 0084 49       		.uleb128 0x49
 881 0085 13       		.uleb128 0x13
 882 0086 00       		.byte	0
 883 0087 00       		.byte	0
 884 0088 0D       		.uleb128 0xd
 885 0089 01       		.uleb128 0x1
 886 008a 01       		.byte	0x1
 887 008b 49       		.uleb128 0x49
 888 008c 13       		.uleb128 0x13
 889 008d 01       		.uleb128 0x1
 890 008e 13       		.uleb128 0x13
 891 008f 00       		.byte	0
 892 0090 00       		.byte	0
 893 0091 0E       		.uleb128 0xe
 894 0092 21       		.uleb128 0x21
 895 0093 00       		.byte	0
 896 0094 49       		.uleb128 0x49
 897 0095 13       		.uleb128 0x13
 898 0096 2F       		.uleb128 0x2f
 899 0097 0B       		.uleb128 0xb
 900 0098 00       		.byte	0
 901 0099 00       		.byte	0
 902 009a 0F       		.uleb128 0xf
 903 009b 2E       		.uleb128 0x2e
 904 009c 01       		.byte	0x1
 905 009d 3F       		.uleb128 0x3f
 906 009e 19       		.uleb128 0x19
 907 009f 03       		.uleb128 0x3
 908 00a0 0E       		.uleb128 0xe
 909 00a1 3A       		.uleb128 0x3a
 910 00a2 0B       		.uleb128 0xb
 911 00a3 3B       		.uleb128 0x3b
 912 00a4 0B       		.uleb128 0xb
 913 00a5 49       		.uleb128 0x49
 914 00a6 13       		.uleb128 0x13
 915 00a7 11       		.uleb128 0x11
 916 00a8 01       		.uleb128 0x1
ARM GAS  C:\Users\Henny\AppData\Local\Temp\ccVqTI9X.s 			page 18


 917 00a9 12       		.uleb128 0x12
 918 00aa 06       		.uleb128 0x6
 919 00ab 40       		.uleb128 0x40
 920 00ac 18       		.uleb128 0x18
 921 00ad 9742     		.uleb128 0x2117
 922 00af 19       		.uleb128 0x19
 923 00b0 01       		.uleb128 0x1
 924 00b1 13       		.uleb128 0x13
 925 00b2 00       		.byte	0
 926 00b3 00       		.byte	0
 927 00b4 10       		.uleb128 0x10
 928 00b5 898201   		.uleb128 0x4109
 929 00b8 01       		.byte	0x1
 930 00b9 11       		.uleb128 0x11
 931 00ba 01       		.uleb128 0x1
 932 00bb 31       		.uleb128 0x31
 933 00bc 13       		.uleb128 0x13
 934 00bd 01       		.uleb128 0x1
 935 00be 13       		.uleb128 0x13
 936 00bf 00       		.byte	0
 937 00c0 00       		.byte	0
 938 00c1 11       		.uleb128 0x11
 939 00c2 8A8201   		.uleb128 0x410a
 940 00c5 00       		.byte	0
 941 00c6 02       		.uleb128 0x2
 942 00c7 18       		.uleb128 0x18
 943 00c8 9142     		.uleb128 0x2111
 944 00ca 18       		.uleb128 0x18
 945 00cb 00       		.byte	0
 946 00cc 00       		.byte	0
 947 00cd 12       		.uleb128 0x12
 948 00ce 898201   		.uleb128 0x4109
 949 00d1 00       		.byte	0
 950 00d2 11       		.uleb128 0x11
 951 00d3 01       		.uleb128 0x1
 952 00d4 31       		.uleb128 0x31
 953 00d5 13       		.uleb128 0x13
 954 00d6 00       		.byte	0
 955 00d7 00       		.byte	0
 956 00d8 13       		.uleb128 0x13
 957 00d9 34       		.uleb128 0x34
 958 00da 00       		.byte	0
 959 00db 03       		.uleb128 0x3
 960 00dc 0E       		.uleb128 0xe
 961 00dd 3A       		.uleb128 0x3a
 962 00de 0B       		.uleb128 0xb
 963 00df 3B       		.uleb128 0x3b
 964 00e0 0B       		.uleb128 0xb
 965 00e1 49       		.uleb128 0x49
 966 00e2 13       		.uleb128 0x13
 967 00e3 3F       		.uleb128 0x3f
 968 00e4 19       		.uleb128 0x19
 969 00e5 02       		.uleb128 0x2
 970 00e6 18       		.uleb128 0x18
 971 00e7 00       		.byte	0
 972 00e8 00       		.byte	0
 973 00e9 14       		.uleb128 0x14
ARM GAS  C:\Users\Henny\AppData\Local\Temp\ccVqTI9X.s 			page 19


 974 00ea 2E       		.uleb128 0x2e
 975 00eb 01       		.byte	0x1
 976 00ec 3F       		.uleb128 0x3f
 977 00ed 19       		.uleb128 0x19
 978 00ee 03       		.uleb128 0x3
 979 00ef 0E       		.uleb128 0xe
 980 00f0 3A       		.uleb128 0x3a
 981 00f1 0B       		.uleb128 0xb
 982 00f2 3B       		.uleb128 0x3b
 983 00f3 0B       		.uleb128 0xb
 984 00f4 27       		.uleb128 0x27
 985 00f5 19       		.uleb128 0x19
 986 00f6 3C       		.uleb128 0x3c
 987 00f7 19       		.uleb128 0x19
 988 00f8 01       		.uleb128 0x1
 989 00f9 13       		.uleb128 0x13
 990 00fa 00       		.byte	0
 991 00fb 00       		.byte	0
 992 00fc 15       		.uleb128 0x15
 993 00fd 2E       		.uleb128 0x2e
 994 00fe 01       		.byte	0x1
 995 00ff 3F       		.uleb128 0x3f
 996 0100 19       		.uleb128 0x19
 997 0101 03       		.uleb128 0x3
 998 0102 0E       		.uleb128 0xe
 999 0103 3A       		.uleb128 0x3a
 1000 0104 0B       		.uleb128 0xb
 1001 0105 3B       		.uleb128 0x3b
 1002 0106 05       		.uleb128 0x5
 1003 0107 27       		.uleb128 0x27
 1004 0108 19       		.uleb128 0x19
 1005 0109 49       		.uleb128 0x49
 1006 010a 13       		.uleb128 0x13
 1007 010b 3C       		.uleb128 0x3c
 1008 010c 19       		.uleb128 0x19
 1009 010d 01       		.uleb128 0x1
 1010 010e 13       		.uleb128 0x13
 1011 010f 00       		.byte	0
 1012 0110 00       		.byte	0
 1013 0111 16       		.uleb128 0x16
 1014 0112 2E       		.uleb128 0x2e
 1015 0113 00       		.byte	0
 1016 0114 3F       		.uleb128 0x3f
 1017 0115 19       		.uleb128 0x19
 1018 0116 03       		.uleb128 0x3
 1019 0117 0E       		.uleb128 0xe
 1020 0118 3A       		.uleb128 0x3a
 1021 0119 0B       		.uleb128 0xb
 1022 011a 3B       		.uleb128 0x3b
 1023 011b 0B       		.uleb128 0xb
 1024 011c 27       		.uleb128 0x27
 1025 011d 19       		.uleb128 0x19
 1026 011e 3C       		.uleb128 0x3c
 1027 011f 19       		.uleb128 0x19
 1028 0120 00       		.byte	0
 1029 0121 00       		.byte	0
 1030 0122 17       		.uleb128 0x17
ARM GAS  C:\Users\Henny\AppData\Local\Temp\ccVqTI9X.s 			page 20


 1031 0123 2E       		.uleb128 0x2e
 1032 0124 01       		.byte	0x1
 1033 0125 3F       		.uleb128 0x3f
 1034 0126 19       		.uleb128 0x19
 1035 0127 03       		.uleb128 0x3
 1036 0128 0E       		.uleb128 0xe
 1037 0129 3A       		.uleb128 0x3a
 1038 012a 0B       		.uleb128 0xb
 1039 012b 3B       		.uleb128 0x3b
 1040 012c 0B       		.uleb128 0xb
 1041 012d 49       		.uleb128 0x49
 1042 012e 13       		.uleb128 0x13
 1043 012f 3C       		.uleb128 0x3c
 1044 0130 19       		.uleb128 0x19
 1045 0131 01       		.uleb128 0x1
 1046 0132 13       		.uleb128 0x13
 1047 0133 00       		.byte	0
 1048 0134 00       		.byte	0
 1049 0135 18       		.uleb128 0x18
 1050 0136 18       		.uleb128 0x18
 1051 0137 00       		.byte	0
 1052 0138 00       		.byte	0
 1053 0139 00       		.byte	0
 1054 013a 19       		.uleb128 0x19
 1055 013b 2E       		.uleb128 0x2e
 1056 013c 00       		.byte	0
 1057 013d 3F       		.uleb128 0x3f
 1058 013e 19       		.uleb128 0x19
 1059 013f 03       		.uleb128 0x3
 1060 0140 0E       		.uleb128 0xe
 1061 0141 3A       		.uleb128 0x3a
 1062 0142 0B       		.uleb128 0xb
 1063 0143 3B       		.uleb128 0x3b
 1064 0144 05       		.uleb128 0x5
 1065 0145 27       		.uleb128 0x27
 1066 0146 19       		.uleb128 0x19
 1067 0147 3C       		.uleb128 0x3c
 1068 0148 19       		.uleb128 0x19
 1069 0149 00       		.byte	0
 1070 014a 00       		.byte	0
 1071 014b 1A       		.uleb128 0x1a
 1072 014c 2E       		.uleb128 0x2e
 1073 014d 01       		.byte	0x1
 1074 014e 3F       		.uleb128 0x3f
 1075 014f 19       		.uleb128 0x19
 1076 0150 03       		.uleb128 0x3
 1077 0151 0E       		.uleb128 0xe
 1078 0152 3A       		.uleb128 0x3a
 1079 0153 0B       		.uleb128 0xb
 1080 0154 3B       		.uleb128 0x3b
 1081 0155 0B       		.uleb128 0xb
 1082 0156 3C       		.uleb128 0x3c
 1083 0157 19       		.uleb128 0x19
 1084 0158 01       		.uleb128 0x1
 1085 0159 13       		.uleb128 0x13
 1086 015a 00       		.byte	0
 1087 015b 00       		.byte	0
ARM GAS  C:\Users\Henny\AppData\Local\Temp\ccVqTI9X.s 			page 21


 1088 015c 1B       		.uleb128 0x1b
 1089 015d 2E       		.uleb128 0x2e
 1090 015e 01       		.byte	0x1
 1091 015f 3F       		.uleb128 0x3f
 1092 0160 19       		.uleb128 0x19
 1093 0161 03       		.uleb128 0x3
 1094 0162 0E       		.uleb128 0xe
 1095 0163 3A       		.uleb128 0x3a
 1096 0164 0B       		.uleb128 0xb
 1097 0165 3B       		.uleb128 0x3b
 1098 0166 0B       		.uleb128 0xb
 1099 0167 3C       		.uleb128 0x3c
 1100 0168 19       		.uleb128 0x19
 1101 0169 00       		.byte	0
 1102 016a 00       		.byte	0
 1103 016b 00       		.byte	0
 1104              		.section	.debug_aranges,"",%progbits
 1105 0000 1C000000 		.4byte	0x1c
 1106 0004 0200     		.2byte	0x2
 1107 0006 00000000 		.4byte	.Ldebug_info0
 1108 000a 04       		.byte	0x4
 1109 000b 00       		.byte	0
 1110 000c 0000     		.2byte	0
 1111 000e 0000     		.2byte	0
 1112 0010 00000000 		.4byte	.LFB37
 1113 0014 5C000000 		.4byte	.LFE37-.LFB37
 1114 0018 00000000 		.4byte	0
 1115 001c 00000000 		.4byte	0
 1116              		.section	.debug_ranges,"",%progbits
 1117              	.Ldebug_ranges0:
 1118 0000 00000000 		.4byte	.LFB37
 1119 0004 5C000000 		.4byte	.LFE37
 1120 0008 00000000 		.4byte	0
 1121 000c 00000000 		.4byte	0
 1122              		.section	.debug_line,"",%progbits
 1123              	.Ldebug_line0:
 1124 0000 F1000000 		.section	.debug_str,"MS",%progbits,1
 1124      0200C800 
 1124      00000201 
 1124      FB0E0D00 
 1124      01010101 
 1125              	.LASF75:
 1126 0000 4359424C 		.ascii	"CYBLE_EVT_L2CAP_CBFC_RX_CREDIT_IND\000"
 1126      455F4556 
 1126      545F4C32 
 1126      4341505F 
 1126      43424643 
 1127              	.LASF20:
 1128 0023 4359424C 		.ascii	"CYBLE_EVT_STACK_BUSY_STATUS\000"
 1128      455F4556 
 1128      545F5354 
 1128      41434B5F 
 1128      42555359 
 1129              	.LASF74:
 1130 003f 4359424C 		.ascii	"CYBLE_EVT_L2CAP_CBFC_DATA_READ\000"
 1130      455F4556 
 1130      545F4C32 
ARM GAS  C:\Users\Henny\AppData\Local\Temp\ccVqTI9X.s 			page 22


 1130      4341505F 
 1130      43424643 
 1131              	.LASF84:
 1132 005e 4359424C 		.ascii	"CYBLE_ERROR_MEMORY_ALLOCATION_FAILED\000"
 1132      455F4552 
 1132      524F525F 
 1132      4D454D4F 
 1132      52595F41 
 1133              	.LASF32:
 1134 0083 4359424C 		.ascii	"CYBLE_EVT_GAP_CONNECTION_UPDATE_COMPLETE\000"
 1134      455F4556 
 1134      545F4741 
 1134      505F434F 
 1134      4E4E4543 
 1135              	.LASF73:
 1136 00ac 4359424C 		.ascii	"CYBLE_EVT_L2CAP_CBFC_DISCONN_CNF\000"
 1136      455F4556 
 1136      545F4C32 
 1136      4341505F 
 1136      43424643 
 1137              	.LASF105:
 1138 00cd 4359424C 		.ascii	"CYBLE_ERROR_UNSUPPORTED_FEATURE_OR_PARAMETER_VALUE\000"
 1138      455F4552 
 1138      524F525F 
 1138      554E5355 
 1138      50504F52 
 1139              	.LASF37:
 1140 0100 4359424C 		.ascii	"CYBLE_EVT_GAP_OOB_GENERATED_NOTIFICATION\000"
 1140      455F4556 
 1140      545F4741 
 1140      505F4F4F 
 1140      425F4745 
 1141              	.LASF53:
 1142 0129 4359424C 		.ascii	"CYBLE_EVT_GATTC_READ_MULTI_RSP\000"
 1142      455F4556 
 1142      545F4741 
 1142      5454435F 
 1142      52454144 
 1143              	.LASF58:
 1144 0148 4359424C 		.ascii	"CYBLE_EVT_GATTS_EXEC_WRITE_REQ\000"
 1144      455F4556 
 1144      545F4741 
 1144      5454535F 
 1144      45584543 
 1145              	.LASF70:
 1146 0167 4359424C 		.ascii	"CYBLE_EVT_L2CAP_CBFC_CONN_IND\000"
 1146      455F4556 
 1146      545F4C32 
 1146      4341505F 
 1146      43424643 
 1147              	.LASF127:
 1148 0185 64656275 		.ascii	"debug\000"
 1148      6700
 1149              	.LASF17:
 1150 018b 4359424C 		.ascii	"CYBLE_EVT_TIMEOUT\000"
 1150      455F4556 
 1150      545F5449 
ARM GAS  C:\Users\Henny\AppData\Local\Temp\ccVqTI9X.s 			page 23


 1150      4D454F55 
 1150      5400
 1151              	.LASF4:
 1152 019d 6C6F6E67 		.ascii	"long int\000"
 1152      20696E74 
 1152      00
 1153              	.LASF104:
 1154 01a6 4359424C 		.ascii	"CYBLE_ERROR_HARDWARE_FAILURE\000"
 1154      455F4552 
 1154      524F525F 
 1154      48415244 
 1154      57415245 
 1155              	.LASF94:
 1156 01c3 4359424C 		.ascii	"CYBLE_ERROR_L2CAP_PSM_WRONG_ENCODING\000"
 1156      455F4552 
 1156      524F525F 
 1156      4C324341 
 1156      505F5053 
 1157              	.LASF85:
 1158 01e8 4359424C 		.ascii	"CYBLE_ERROR_INSUFFICIENT_RESOURCES\000"
 1158      455F4552 
 1158      524F525F 
 1158      494E5355 
 1158      46464943 
 1159              	.LASF19:
 1160 020b 4359424C 		.ascii	"CYBLE_EVT_HCI_STATUS\000"
 1160      455F4556 
 1160      545F4843 
 1160      495F5354 
 1160      41545553 
 1161              	.LASF125:
 1162 0220 55415254 		.ascii	"UART_Start\000"
 1162      5F537461 
 1162      727400
 1163              	.LASF138:
 1164 022b 73656E64 		.ascii	"sendNotifications\000"
 1164      4E6F7469 
 1164      66696361 
 1164      74696F6E 
 1164      7300
 1165              	.LASF33:
 1166 023d 4359424C 		.ascii	"CYBLE_EVT_GAPC_SCAN_START_STOP\000"
 1166      455F4556 
 1166      545F4741 
 1166      50435F53 
 1166      43414E5F 
 1167              	.LASF78:
 1168 025c 4359424C 		.ascii	"CYBLE_EVT_PENDING_FLASH_WRITE\000"
 1168      455F4556 
 1168      545F5045 
 1168      4E44494E 
 1168      475F464C 
 1169              	.LASF93:
 1170 027a 4359424C 		.ascii	"CYBLE_ERROR_SEC_FAILED\000"
 1170      455F4552 
 1170      524F525F 
 1170      5345435F 
ARM GAS  C:\Users\Henny\AppData\Local\Temp\ccVqTI9X.s 			page 24


 1170      4641494C 
 1171              	.LASF31:
 1172 0291 4359424C 		.ascii	"CYBLE_EVT_GAP_ENCRYPT_CHANGE\000"
 1172      455F4556 
 1172      545F4741 
 1172      505F454E 
 1172      43525950 
 1173              	.LASF35:
 1174 02ae 4359424C 		.ascii	"CYBLE_EVT_GAP_NUMERIC_COMPARISON_REQUEST\000"
 1174      455F4556 
 1174      545F4741 
 1174      505F4E55 
 1174      4D455249 
 1175              	.LASF133:
 1176 02d7 443A5C48 		.ascii	"D:\\Henny\\magisterka\\CY8KIT\\BLE\\BLE\\WaveSim.cy"
 1176      656E6E79 
 1176      5C6D6167 
 1176      69737465 
 1176      726B615C 
 1177 0304 64736E00 		.ascii	"dsn\000"
 1178              	.LASF6:
 1179 0308 6C6F6E67 		.ascii	"long long int\000"
 1179      206C6F6E 
 1179      6720696E 
 1179      7400
 1180              	.LASF0:
 1181 0316 7369676E 		.ascii	"signed char\000"
 1181      65642063 
 1181      68617200 
 1182              	.LASF16:
 1183 0322 4359424C 		.ascii	"CYBLE_EVT_STACK_ON\000"
 1183      455F4556 
 1183      545F5354 
 1183      41434B5F 
 1183      4F4E00
 1184              	.LASF101:
 1185 0335 4359424C 		.ascii	"CYBLE_ERROR_DEVICE_ALREADY_EXISTS\000"
 1185      455F4552 
 1185      524F525F 
 1185      44455649 
 1185      43455F41 
 1186              	.LASF88:
 1187 0357 4359424C 		.ascii	"CYBLE_ERROR_NO_DEVICE_ENTITY\000"
 1187      455F4552 
 1187      524F525F 
 1187      4E4F5F44 
 1187      45564943 
 1188              	.LASF23:
 1189 0374 4359424C 		.ascii	"CYBLE_EVT_GAP_AUTH_REQ\000"
 1189      455F4556 
 1189      545F4741 
 1189      505F4155 
 1189      54485F52 
 1190              	.LASF51:
 1191 038b 4359424C 		.ascii	"CYBLE_EVT_GATTC_READ_RSP\000"
 1191      455F4556 
 1191      545F4741 
ARM GAS  C:\Users\Henny\AppData\Local\Temp\ccVqTI9X.s 			page 25


 1191      5454435F 
 1191      52454144 
 1192              	.LASF112:
 1193 03a4 4359424C 		.ascii	"CYBLE_ERROR_INVALID_STATE\000"
 1193      455F4552 
 1193      524F525F 
 1193      494E5641 
 1193      4C49445F 
 1194              	.LASF128:
 1195 03be 73746172 		.ascii	"startAccConnection\000"
 1195      74416363 
 1195      436F6E6E 
 1195      65637469 
 1195      6F6E00
 1196              	.LASF56:
 1197 03d1 4359424C 		.ascii	"CYBLE_EVT_GATTS_WRITE_CMD_REQ\000"
 1197      455F4556 
 1197      545F4741 
 1197      5454535F 
 1197      57524954 
 1198              	.LASF118:
 1199 03ef 626C6543 		.ascii	"bleConnected\000"
 1199      6F6E6E65 
 1199      63746564 
 1199      00
 1200              	.LASF28:
 1201 03fc 4359424C 		.ascii	"CYBLE_EVT_GAPP_ADVERTISEMENT_START_STOP\000"
 1201      455F4556 
 1201      545F4741 
 1201      50505F41 
 1201      44564552 
 1202              	.LASF99:
 1203 0424 4359424C 		.ascii	"CYBLE_ERROR_L2CAP_PSM_NOT_IN_RANGE\000"
 1203      455F4552 
 1203      524F525F 
 1203      4C324341 
 1203      505F5053 
 1204              	.LASF9:
 1205 0447 75696E74 		.ascii	"uint8\000"
 1205      3800
 1206              	.LASF59:
 1207 044d 4359424C 		.ascii	"CYBLE_EVT_GATTC_EXEC_WRITE_RSP\000"
 1207      455F4556 
 1207      545F4741 
 1207      5454435F 
 1207      45584543 
 1208              	.LASF12:
 1209 046c 646F7562 		.ascii	"double\000"
 1209      6C6500
 1210              	.LASF82:
 1211 0473 4359424C 		.ascii	"CYBLE_ERROR_INVALID_PARAMETER\000"
 1211      455F4552 
 1211      524F525F 
 1211      494E5641 
 1211      4C49445F 
 1212              	.LASF10:
 1213 0491 75696E74 		.ascii	"uint32\000"
ARM GAS  C:\Users\Henny\AppData\Local\Temp\ccVqTI9X.s 			page 26


 1213      333200
 1214              	.LASF80:
 1215 0498 4359424C 		.ascii	"CYBLE_EVT_MAX\000"
 1215      455F4556 
 1215      545F4D41 
 1215      5800
 1216              	.LASF81:
 1217 04a6 4359424C 		.ascii	"CYBLE_ERROR_OK\000"
 1217      455F4552 
 1217      524F525F 
 1217      4F4B00
 1218              	.LASF42:
 1219 04b5 4359424C 		.ascii	"CYBLE_EVT_GATTC_ERROR_RSP\000"
 1219      455F4556 
 1219      545F4741 
 1219      5454435F 
 1219      4552524F 
 1220              	.LASF67:
 1221 04cf 4359424C 		.ascii	"CYBLE_EVT_L2CAP_CONN_PARAM_UPDATE_REQ\000"
 1221      455F4556 
 1221      545F4C32 
 1221      4341505F 
 1221      434F4E4E 
 1222              	.LASF77:
 1223 04f5 4359424C 		.ascii	"CYBLE_EVT_L2CAP_CBFC_DATA_WRITE_IND\000"
 1223      455F4556 
 1223      545F4C32 
 1223      4341505F 
 1223      43424643 
 1224              	.LASF7:
 1225 0519 6C6F6E67 		.ascii	"long long unsigned int\000"
 1225      206C6F6E 
 1225      6720756E 
 1225      7369676E 
 1225      65642069 
 1226              	.LASF64:
 1227 0530 4359424C 		.ascii	"CYBLE_EVT_GATTC_STOP_CMD_COMPLETE\000"
 1227      455F4556 
 1227      545F4741 
 1227      5454435F 
 1227      53544F50 
 1228              	.LASF86:
 1229 0552 4359424C 		.ascii	"CYBLE_ERROR_OOB_NOT_AVAILABLE\000"
 1229      455F4552 
 1229      524F525F 
 1229      4F4F425F 
 1229      4E4F545F 
 1230              	.LASF134:
 1231 0570 43686172 		.ascii	"CharValue\000"
 1231      56616C75 
 1231      6500
 1232              	.LASF79:
 1233 057a 4359424C 		.ascii	"CYBLE_EVT_LE_PING_AUTH_TIMEOUT\000"
 1233      455F4556 
 1233      545F4C45 
 1233      5F50494E 
 1233      475F4155 
ARM GAS  C:\Users\Henny\AppData\Local\Temp\ccVqTI9X.s 			page 27


 1234              	.LASF95:
 1235 0599 4359424C 		.ascii	"CYBLE_ERROR_L2CAP_PSM_ALREADY_REGISTERED\000"
 1235      455F4552 
 1235      524F525F 
 1235      4C324341 
 1235      505F5053 
 1236              	.LASF5:
 1237 05c2 6C6F6E67 		.ascii	"long unsigned int\000"
 1237      20756E73 
 1237      69676E65 
 1237      6420696E 
 1237      7400
 1238              	.LASF54:
 1239 05d4 4359424C 		.ascii	"CYBLE_EVT_GATTS_WRITE_REQ\000"
 1239      455F4556 
 1239      545F4741 
 1239      5454535F 
 1239      57524954 
 1240              	.LASF46:
 1241 05ee 4359424C 		.ascii	"CYBLE_EVT_GATTC_XCHNG_MTU_RSP\000"
 1241      455F4556 
 1241      545F4741 
 1241      5454435F 
 1241      5843484E 
 1242              	.LASF63:
 1243 060c 4359424C 		.ascii	"CYBLE_EVT_GATTS_DATA_SIGNED_CMD_REQ\000"
 1243      455F4556 
 1243      545F4741 
 1243      5454535F 
 1243      44415441 
 1244              	.LASF66:
 1245 0630 4359424C 		.ascii	"CYBLE_EVT_GATTC_LONG_PROCEDURE_END\000"
 1245      455F4556 
 1245      545F4741 
 1245      5454435F 
 1245      4C4F4E47 
 1246              	.LASF98:
 1247 0653 4359424C 		.ascii	"CYBLE_ERROR_L2CAP_CHANNEL_NOT_FOUND\000"
 1247      455F4552 
 1247      524F525F 
 1247      4C324341 
 1247      505F4348 
 1248              	.LASF109:
 1249 0677 4359424C 		.ascii	"CYBLE_ERROR_NTF_DISABLED\000"
 1249      455F4552 
 1249      524F525F 
 1249      4E54465F 
 1249      44495341 
 1250              	.LASF15:
 1251 0690 4359424C 		.ascii	"CYBLE_EVT_HOST_INVALID\000"
 1251      455F4556 
 1251      545F484F 
 1251      53545F49 
 1251      4E56414C 
 1252              	.LASF49:
 1253 06a7 4359424C 		.ascii	"CYBLE_EVT_GATTC_FIND_INFO_RSP\000"
 1253      455F4556 
ARM GAS  C:\Users\Henny\AppData\Local\Temp\ccVqTI9X.s 			page 28


 1253      545F4741 
 1253      5454435F 
 1253      46494E44 
 1254              	.LASF21:
 1255 06c5 4359424C 		.ascii	"CYBLE_EVT_MEMORY_REQUEST\000"
 1255      455F4556 
 1255      545F4D45 
 1255      4D4F5259 
 1255      5F524551 
 1256              	.LASF120:
 1257 06de 79446174 		.ascii	"yData\000"
 1257      6100
 1258              	.LASF137:
 1259 06e4 67657453 		.ascii	"getSensorData\000"
 1259      656E736F 
 1259      72446174 
 1259      6100
 1260              	.LASF24:
 1261 06f2 4359424C 		.ascii	"CYBLE_EVT_GAP_PASSKEY_ENTRY_REQUEST\000"
 1261      455F4556 
 1261      545F4741 
 1261      505F5041 
 1261      53534B45 
 1262              	.LASF29:
 1263 0716 4359424C 		.ascii	"CYBLE_EVT_GAP_DEVICE_CONNECTED\000"
 1263      455F4556 
 1263      545F4741 
 1263      505F4445 
 1263      56494345 
 1264              	.LASF136:
 1265 0735 4379426C 		.ascii	"CyBle_Start\000"
 1265      655F5374 
 1265      61727400 
 1266              	.LASF25:
 1267 0741 4359424C 		.ascii	"CYBLE_EVT_GAP_PASSKEY_DISPLAY_REQUEST\000"
 1267      455F4556 
 1267      545F4741 
 1267      505F5041 
 1267      53534B45 
 1268              	.LASF43:
 1269 0767 4359424C 		.ascii	"CYBLE_EVT_GATT_CONNECT_IND\000"
 1269      455F4556 
 1269      545F4741 
 1269      54545F43 
 1269      4F4E4E45 
 1270              	.LASF69:
 1271 0782 4359424C 		.ascii	"CYBLE_EVT_L2CAP_COMMAND_REJ\000"
 1271      455F4556 
 1271      545F4C32 
 1271      4341505F 
 1271      434F4D4D 
 1272              	.LASF22:
 1273 079e 4359424C 		.ascii	"CYBLE_EVT_GAPC_SCAN_PROGRESS_RESULT\000"
 1273      455F4556 
 1273      545F4741 
 1273      50435F53 
 1273      43414E5F 
ARM GAS  C:\Users\Henny\AppData\Local\Temp\ccVqTI9X.s 			page 29


 1274              	.LASF108:
 1275 07c2 4359424C 		.ascii	"CYBLE_ERROR_MAX\000"
 1275      455F4552 
 1275      524F525F 
 1275      4D415800 
 1276              	.LASF106:
 1277 07d2 4359424C 		.ascii	"CYBLE_ERROR_FLASH_WRITE\000"
 1277      455F4552 
 1277      524F525F 
 1277      464C4153 
 1277      485F5752 
 1278              	.LASF48:
 1279 07ea 4359424C 		.ascii	"CYBLE_EVT_GATTC_READ_BY_TYPE_RSP\000"
 1279      455F4556 
 1279      545F4741 
 1279      5454435F 
 1279      52454144 
 1280              	.LASF117:
 1281 080b 6E6F7469 		.ascii	"notifyOn\000"
 1281      66794F6E 
 1281      00
 1282              	.LASF14:
 1283 0814 73697A65 		.ascii	"sizetype\000"
 1283      74797065 
 1283      00
 1284              	.LASF27:
 1285 081d 4359424C 		.ascii	"CYBLE_EVT_GAP_AUTH_FAILED\000"
 1285      455F4556 
 1285      545F4741 
 1285      505F4155 
 1285      54485F46 
 1286              	.LASF55:
 1287 0837 4359424C 		.ascii	"CYBLE_EVT_GATTC_WRITE_RSP\000"
 1287      455F4556 
 1287      545F4741 
 1287      5454435F 
 1287      57524954 
 1288              	.LASF40:
 1289 0851 4359424C 		.ascii	"CYBLE_EVT_GAPC_DIRECT_ADV_REPORT\000"
 1289      455F4556 
 1289      545F4741 
 1289      50435F44 
 1289      49524543 
 1290              	.LASF38:
 1291 0872 4359424C 		.ascii	"CYBLE_EVT_GAP_DATA_LENGTH_CHANGE\000"
 1291      455F4556 
 1291      545F4741 
 1291      505F4441 
 1291      54415F4C 
 1292              	.LASF130:
 1293 0893 4379426C 		.ascii	"CyBle_ProcessEvents\000"
 1293      655F5072 
 1293      6F636573 
 1293      73457665 
 1293      6E747300 
 1294              	.LASF26:
 1295 08a7 4359424C 		.ascii	"CYBLE_EVT_GAP_AUTH_COMPLETE\000"
ARM GAS  C:\Users\Henny\AppData\Local\Temp\ccVqTI9X.s 			page 30


 1295      455F4556 
 1295      545F4741 
 1295      505F4155 
 1295      54485F43 
 1296              	.LASF113:
 1297 08c3 4359424C 		.ascii	"CYBLE_API_RESULT_T\000"
 1297      455F4150 
 1297      495F5245 
 1297      53554C54 
 1297      5F5400
 1298              	.LASF60:
 1299 08d6 4359424C 		.ascii	"CYBLE_EVT_GATTC_HANDLE_VALUE_NTF\000"
 1299      455F4556 
 1299      545F4741 
 1299      5454435F 
 1299      48414E44 
 1300              	.LASF110:
 1301 08f7 4359424C 		.ascii	"CYBLE_ERROR_IND_DISABLED\000"
 1301      455F4552 
 1301      524F525F 
 1301      494E445F 
 1301      44495341 
 1302              	.LASF71:
 1303 0910 4359424C 		.ascii	"CYBLE_EVT_L2CAP_CBFC_CONN_CNF\000"
 1303      455F4556 
 1303      545F4C32 
 1303      4341505F 
 1303      43424643 
 1304              	.LASF47:
 1305 092e 4359424C 		.ascii	"CYBLE_EVT_GATTC_READ_BY_GROUP_TYPE_RSP\000"
 1305      455F4556 
 1305      545F4741 
 1305      5454435F 
 1305      52454144 
 1306              	.LASF11:
 1307 0955 666C6F61 		.ascii	"float\000"
 1307      7400
 1308              	.LASF62:
 1309 095b 4359424C 		.ascii	"CYBLE_EVT_GATTS_HANDLE_VALUE_CNF\000"
 1309      455F4556 
 1309      545F4741 
 1309      5454535F 
 1309      48414E44 
 1310              	.LASF122:
 1311 097c 426C7565 		.ascii	"BlueLED_Write\000"
 1311      4C45445F 
 1311      57726974 
 1311      6500
 1312              	.LASF119:
 1313 098a 78446174 		.ascii	"xData\000"
 1313      6100
 1314              	.LASF91:
 1315 0990 4359424C 		.ascii	"CYBLE_ERROR_TX_POWER_READ\000"
 1315      455F4552 
 1315      524F525F 
 1315      54585F50 
 1315      4F574552 
ARM GAS  C:\Users\Henny\AppData\Local\Temp\ccVqTI9X.s 			page 31


 1316              	.LASF111:
 1317 09aa 4359424C 		.ascii	"CYBLE_ERROR_CHAR_IS_NOT_DISCOVERED\000"
 1317      455F4552 
 1317      524F525F 
 1317      43484152 
 1317      5F49535F 
 1318              	.LASF129:
 1319 09cd 5F426F6F 		.ascii	"_Bool\000"
 1319      6C00
 1320              	.LASF1:
 1321 09d3 756E7369 		.ascii	"unsigned char\000"
 1321      676E6564 
 1321      20636861 
 1321      7200
 1322              	.LASF36:
 1323 09e1 4359424C 		.ascii	"CYBLE_EVT_GAP_KEYPRESS_NOTIFICATION\000"
 1323      455F4556 
 1323      545F4741 
 1323      505F4B45 
 1323      59505245 
 1324              	.LASF131:
 1325 0a05 474E5520 		.ascii	"GNU C 4.9.3 20150303 (release) [ARM/embedded-4_9-br"
 1325      4320342E 
 1325      392E3320 
 1325      32303135 
 1325      30333033 
 1326 0a38 616E6368 		.ascii	"anch revision 221220] -mcpu=cortex-m0 -mthumb -g -O"
 1326      20726576 
 1326      6973696F 
 1326      6E203232 
 1326      31323230 
 1327 0a6b 67202D66 		.ascii	"g -ffunction-sections -ffat-lto-objects\000"
 1327      66756E63 
 1327      74696F6E 
 1327      2D736563 
 1327      74696F6E 
 1328              	.LASF2:
 1329 0a93 73686F72 		.ascii	"short int\000"
 1329      7420696E 
 1329      7400
 1330              	.LASF61:
 1331 0a9d 4359424C 		.ascii	"CYBLE_EVT_GATTC_HANDLE_VALUE_IND\000"
 1331      455F4556 
 1331      545F4741 
 1331      5454435F 
 1331      48414E44 
 1332              	.LASF87:
 1333 0abe 4359424C 		.ascii	"CYBLE_ERROR_NO_CONNECTION\000"
 1333      455F4552 
 1333      524F525F 
 1333      4E4F5F43 
 1333      4F4E4E45 
 1334              	.LASF57:
 1335 0ad8 4359424C 		.ascii	"CYBLE_EVT_GATTS_PREP_WRITE_REQ\000"
 1335      455F4556 
 1335      545F4741 
 1335      5454535F 
ARM GAS  C:\Users\Henny\AppData\Local\Temp\ccVqTI9X.s 			page 32


 1335      50524550 
 1336              	.LASF116:
 1337 0af7 75696E74 		.ascii	"uintVal\000"
 1337      56616C00 
 1338              	.LASF123:
 1339 0aff 4164764C 		.ascii	"AdvLED_Write\000"
 1339      45445F57 
 1339      72697465 
 1339      00
 1340              	.LASF89:
 1341 0b0c 4359424C 		.ascii	"CYBLE_ERROR_REPEATED_ATTEMPTS\000"
 1341      455F4552 
 1341      524F525F 
 1341      52455045 
 1341      41544544 
 1342              	.LASF41:
 1343 0b2a 4359424C 		.ascii	"CYBLE_EVT_GAP_SMP_NEGOTIATED_AUTH_INFO\000"
 1343      455F4556 
 1343      545F4741 
 1343      505F534D 
 1343      505F4E45 
 1344              	.LASF132:
 1345 0b51 2E5C6D61 		.ascii	".\\main.c\000"
 1345      696E2E63 
 1345      00
 1346              	.LASF124:
 1347 0b5a 436F6E6E 		.ascii	"ConnectedLED_Write\000"
 1347      65637465 
 1347      644C4544 
 1347      5F577269 
 1347      746500
 1348              	.LASF13:
 1349 0b6d 63686172 		.ascii	"char\000"
 1349      00
 1350              	.LASF92:
 1351 0b72 4359424C 		.ascii	"CYBLE_ERROR_BT_ON_NOT_COMPLETED\000"
 1351      455F4552 
 1351      524F525F 
 1351      42545F4F 
 1351      4E5F4E4F 
 1352              	.LASF30:
 1353 0b92 4359424C 		.ascii	"CYBLE_EVT_GAP_DEVICE_DISCONNECTED\000"
 1353      455F4556 
 1353      545F4741 
 1353      505F4445 
 1353      56494345 
 1354              	.LASF8:
 1355 0bb4 756E7369 		.ascii	"unsigned int\000"
 1355      676E6564 
 1355      20696E74 
 1355      00
 1356              	.LASF65:
 1357 0bc1 4359424C 		.ascii	"CYBLE_EVT_GATTS_READ_CHAR_VAL_ACCESS_REQ\000"
 1357      455F4556 
 1357      545F4741 
 1357      5454535F 
 1357      52454144 
ARM GAS  C:\Users\Henny\AppData\Local\Temp\ccVqTI9X.s 			page 33


 1358              	.LASF76:
 1359 0bea 4359424C 		.ascii	"CYBLE_EVT_L2CAP_CBFC_TX_CREDIT_IND\000"
 1359      455F4556 
 1359      545F4C32 
 1359      4341505F 
 1359      43424643 
 1360              	.LASF102:
 1361 0c0d 4359424C 		.ascii	"CYBLE_ERROR_FLASH_WRITE_NOT_PERMITED\000"
 1361      455F4552 
 1361      524F525F 
 1361      464C4153 
 1361      485F5752 
 1362              	.LASF97:
 1363 0c32 4359424C 		.ascii	"CYBLE_ERROR_L2CAP_CONNECTION_ENTITY_NOT_FOUND\000"
 1363      455F4552 
 1363      524F525F 
 1363      4C324341 
 1363      505F434F 
 1364              	.LASF18:
 1365 0c60 4359424C 		.ascii	"CYBLE_EVT_HARDWARE_ERROR\000"
 1365      455F4556 
 1365      545F4841 
 1365      52445741 
 1365      52455F45 
 1366              	.LASF3:
 1367 0c79 73686F72 		.ascii	"short unsigned int\000"
 1367      7420756E 
 1367      7369676E 
 1367      65642069 
 1367      6E7400
 1368              	.LASF83:
 1369 0c8c 4359424C 		.ascii	"CYBLE_ERROR_INVALID_OPERATION\000"
 1369      455F4552 
 1369      524F525F 
 1369      494E5641 
 1369      4C49445F 
 1370              	.LASF114:
 1371 0caa 4359424C 		.ascii	"CYBLE_CALLBACK_T\000"
 1371      455F4341 
 1371      4C4C4241 
 1371      434B5F54 
 1371      00
 1372              	.LASF45:
 1373 0cbb 4359424C 		.ascii	"CYBLE_EVT_GATTS_XCNHG_MTU_REQ\000"
 1373      455F4556 
 1373      545F4741 
 1373      5454535F 
 1373      58434E48 
 1374              	.LASF121:
 1375 0cd9 7A446174 		.ascii	"zData\000"
 1375      6100
 1376              	.LASF52:
 1377 0cdf 4359424C 		.ascii	"CYBLE_EVT_GATTC_READ_BLOB_RSP\000"
 1377      455F4556 
 1377      545F4741 
 1377      5454435F 
 1377      52454144 
ARM GAS  C:\Users\Henny\AppData\Local\Temp\ccVqTI9X.s 			page 34


 1378              	.LASF107:
 1379 0cfd 4359424C 		.ascii	"CYBLE_ERROR_CONTROLLER_BUSY\000"
 1379      455F4552 
 1379      524F525F 
 1379      434F4E54 
 1379      524F4C4C 
 1380              	.LASF126:
 1381 0d19 4932435F 		.ascii	"I2C_Start\000"
 1381      53746172 
 1381      7400
 1382              	.LASF103:
 1383 0d23 4359424C 		.ascii	"CYBLE_ERROR_MIC_AUTH_FAILED\000"
 1383      455F4552 
 1383      524F525F 
 1383      4D49435F 
 1383      41555448 
 1384              	.LASF96:
 1385 0d3f 4359424C 		.ascii	"CYBLE_ERROR_L2CAP_PSM_NOT_REGISTERED\000"
 1385      455F4552 
 1385      524F525F 
 1385      4C324341 
 1385      505F5053 
 1386              	.LASF50:
 1387 0d64 4359424C 		.ascii	"CYBLE_EVT_GATTC_FIND_BY_TYPE_VALUE_RSP\000"
 1387      455F4556 
 1387      545F4741 
 1387      5454435F 
 1387      46494E44 
 1388              	.LASF90:
 1389 0d8b 4359424C 		.ascii	"CYBLE_ERROR_GAP_ROLE\000"
 1389      455F4552 
 1389      524F525F 
 1389      4741505F 
 1389      524F4C45 
 1390              	.LASF34:
 1391 0da0 4359424C 		.ascii	"CYBLE_EVT_GAP_KEYINFO_EXCHNGE_CMPLT\000"
 1391      455F4556 
 1391      545F4741 
 1391      505F4B45 
 1391      59494E46 
 1392              	.LASF72:
 1393 0dc4 4359424C 		.ascii	"CYBLE_EVT_L2CAP_CBFC_DISCONN_IND\000"
 1393      455F4556 
 1393      545F4C32 
 1393      4341505F 
 1393      43424643 
 1394              	.LASF68:
 1395 0de5 4359424C 		.ascii	"CYBLE_EVT_L2CAP_CONN_PARAM_UPDATE_RSP\000"
 1395      455F4556 
 1395      545F4C32 
 1395      4341505F 
 1395      434F4E4E 
 1396              	.LASF135:
 1397 0e0b 6D61696E 		.ascii	"main\000"
 1397      00
 1398              	.LASF39:
 1399 0e10 4359424C 		.ascii	"CYBLE_EVT_GAP_ENHANCE_CONN_COMPLETE\000"
ARM GAS  C:\Users\Henny\AppData\Local\Temp\ccVqTI9X.s 			page 35


 1399      455F4556 
 1399      545F4741 
 1399      505F454E 
 1399      48414E43 
 1400              	.LASF115:
 1401 0e34 666C6F61 		.ascii	"floatVal\000"
 1401      7456616C 
 1401      00
 1402              	.LASF44:
 1403 0e3d 4359424C 		.ascii	"CYBLE_EVT_GATT_DISCONNECT_IND\000"
 1403      455F4556 
 1403      545F4741 
 1403      54545F44 
 1403      4953434F 
 1404              	.LASF100:
 1405 0e5b 4359424C 		.ascii	"CYBLE_ERROR_GATT_DB_INVALID_ATTR_HANDLE\000"
 1405      455F4552 
 1405      524F525F 
 1405      47415454 
 1405      5F44425F 
 1406              		.ident	"GCC: (GNU Tools for ARM Embedded Processors) 4.9.3 20150303 (release) [ARM/embedded-4_9-br
