ARM GAS  C:\Users\Henny\AppData\Local\Temp\cck6jmUB.s 			page 1


   1              		.cpu cortex-m0
   2              		.fpu softvfp
   3              		.eabi_attribute 20, 1
   4              		.eabi_attribute 21, 1
   5              		.eabi_attribute 23, 3
   6              		.eabi_attribute 24, 1
   7              		.eabi_attribute 25, 1
   8              		.eabi_attribute 26, 1
   9              		.eabi_attribute 30, 1
  10              		.eabi_attribute 34, 0
  11              		.eabi_attribute 18, 4
  12              		.code	16
  13              		.file	"PRS_PM.c"
  14              		.text
  15              	.Ltext0:
  16              		.cfi_sections	.debug_frame
  17              		.section	.text.PRS_SaveConfig,"ax",%progbits
  18              		.align	2
  19              		.global	PRS_SaveConfig
  20              		.code	16
  21              		.thumb_func
  22              		.type	PRS_SaveConfig, %function
  23              	PRS_SaveConfig:
  24              	.LFB2:
  25              		.file 1 ".\\Generated_Source\\PSoC4\\PRS_PM.c"
   1:.\Generated_Source\PSoC4/PRS_PM.c **** /*******************************************************************************
   2:.\Generated_Source\PSoC4/PRS_PM.c **** * File Name: PRS_PM.c
   3:.\Generated_Source\PSoC4/PRS_PM.c **** * Version 2.40
   4:.\Generated_Source\PSoC4/PRS_PM.c **** *
   5:.\Generated_Source\PSoC4/PRS_PM.c **** * Description:
   6:.\Generated_Source\PSoC4/PRS_PM.c **** *  This file provides Sleep APIs for PRS component.
   7:.\Generated_Source\PSoC4/PRS_PM.c **** *
   8:.\Generated_Source\PSoC4/PRS_PM.c **** * Note:
   9:.\Generated_Source\PSoC4/PRS_PM.c **** *  None
  10:.\Generated_Source\PSoC4/PRS_PM.c **** *
  11:.\Generated_Source\PSoC4/PRS_PM.c **** ********************************************************************************
  12:.\Generated_Source\PSoC4/PRS_PM.c **** * Copyright 2008-2013, Cypress Semiconductor Corporation.  All rights reserved.
  13:.\Generated_Source\PSoC4/PRS_PM.c **** * You may use this file only in accordance with the license, terms, conditions, 
  14:.\Generated_Source\PSoC4/PRS_PM.c **** * disclaimers, and limitations in the end user license agreement accompanying 
  15:.\Generated_Source\PSoC4/PRS_PM.c **** * the software package with which this file was provided.
  16:.\Generated_Source\PSoC4/PRS_PM.c **** *******************************************************************************/
  17:.\Generated_Source\PSoC4/PRS_PM.c **** 
  18:.\Generated_Source\PSoC4/PRS_PM.c **** #include "PRS.h"
  19:.\Generated_Source\PSoC4/PRS_PM.c **** 
  20:.\Generated_Source\PSoC4/PRS_PM.c **** #if ((PRS_TIME_MULTIPLEXING_ENABLE) && (PRS_WAKEUP_BEHAVIOUR == PRS__RESUMEWORK))
  21:.\Generated_Source\PSoC4/PRS_PM.c ****     uint8 PRS_sleepState = PRS_NORMAL_SEQUENCE;    
  22:.\Generated_Source\PSoC4/PRS_PM.c **** #endif  /* End ((PRS_TIME_MULTIPLEXING_ENABLE) && 
  23:.\Generated_Source\PSoC4/PRS_PM.c ****           (PRS_WAKEUP_BEHAVIOUR == PRS__RESUMEWORK)) */
  24:.\Generated_Source\PSoC4/PRS_PM.c **** 
  25:.\Generated_Source\PSoC4/PRS_PM.c **** 
  26:.\Generated_Source\PSoC4/PRS_PM.c **** /*******************************************************************************
  27:.\Generated_Source\PSoC4/PRS_PM.c **** * Function Name: PRS_SaveConfig
  28:.\Generated_Source\PSoC4/PRS_PM.c **** ********************************************************************************
  29:.\Generated_Source\PSoC4/PRS_PM.c **** *
  30:.\Generated_Source\PSoC4/PRS_PM.c **** * Summary:
  31:.\Generated_Source\PSoC4/PRS_PM.c **** *  Saves seed and polynomial registers.
  32:.\Generated_Source\PSoC4/PRS_PM.c **** *
ARM GAS  C:\Users\Henny\AppData\Local\Temp\cck6jmUB.s 			page 2


  33:.\Generated_Source\PSoC4/PRS_PM.c **** * Parameters:
  34:.\Generated_Source\PSoC4/PRS_PM.c **** *  void
  35:.\Generated_Source\PSoC4/PRS_PM.c **** *
  36:.\Generated_Source\PSoC4/PRS_PM.c **** * Return:
  37:.\Generated_Source\PSoC4/PRS_PM.c **** *  void
  38:.\Generated_Source\PSoC4/PRS_PM.c **** *
  39:.\Generated_Source\PSoC4/PRS_PM.c **** * Global Variables:
  40:.\Generated_Source\PSoC4/PRS_PM.c **** *  PRS_backup - modified when non-retention registers are saved.
  41:.\Generated_Source\PSoC4/PRS_PM.c **** *
  42:.\Generated_Source\PSoC4/PRS_PM.c **** *******************************************************************************/
  43:.\Generated_Source\PSoC4/PRS_PM.c **** void PRS_SaveConfig(void) 
  44:.\Generated_Source\PSoC4/PRS_PM.c **** {    
  26              		.loc 1 44 0
  27              		.cfi_startproc
  28 0000 08B5     		push	{r3, lr}
  29              		.cfi_def_cfa_offset 8
  30              		.cfi_offset 3, -8
  31              		.cfi_offset 14, -4
  45:.\Generated_Source\PSoC4/PRS_PM.c ****     #if (PRS_WAKEUP_BEHAVIOUR == PRS__RESUMEWORK)
  46:.\Generated_Source\PSoC4/PRS_PM.c ****         /* Save dff register for time mult */
  47:.\Generated_Source\PSoC4/PRS_PM.c ****         #if (PRS_TIME_MULTIPLEXING_ENABLE)
  48:.\Generated_Source\PSoC4/PRS_PM.c ****             PRS_backup.dffStatus = PRS_STATUS;
  49:.\Generated_Source\PSoC4/PRS_PM.c ****             /* Clear normal dff sequence set */
  50:.\Generated_Source\PSoC4/PRS_PM.c ****             PRS_sleepState &= ((uint8)~PRS_NORMAL_SEQUENCE);
  51:.\Generated_Source\PSoC4/PRS_PM.c ****         #endif  /* End PRS_TIME_MULTIPLEXING_ENABLE */
  52:.\Generated_Source\PSoC4/PRS_PM.c ****         
  53:.\Generated_Source\PSoC4/PRS_PM.c ****         /* Save A0 and A1 registers */
  54:.\Generated_Source\PSoC4/PRS_PM.c ****         #if (PRS_PRS_SIZE <= 32u)
  55:.\Generated_Source\PSoC4/PRS_PM.c ****             PRS_backup.seed = PRS_Read();
  32              		.loc 1 55 0
  33 0002 FFF7FEFF 		bl	PRS_Read
  34              	.LVL0:
  35 0006 014B     		ldr	r3, .L2
  36 0008 5870     		strb	r0, [r3, #1]
  56:.\Generated_Source\PSoC4/PRS_PM.c ****             
  57:.\Generated_Source\PSoC4/PRS_PM.c ****         #else
  58:.\Generated_Source\PSoC4/PRS_PM.c ****             PRS_backup.seedUpper = PRS_ReadUpper();
  59:.\Generated_Source\PSoC4/PRS_PM.c ****             PRS_backup.seedLower = PRS_ReadLower();
  60:.\Generated_Source\PSoC4/PRS_PM.c ****             
  61:.\Generated_Source\PSoC4/PRS_PM.c ****         #endif     /* End (PRS_PRS_SIZE <= 32u) */
  62:.\Generated_Source\PSoC4/PRS_PM.c ****         
  63:.\Generated_Source\PSoC4/PRS_PM.c ****     #endif  /* End (PRS_WAKEUP_BEHAVIOUR == PRS__RESUMEWORK) */
  64:.\Generated_Source\PSoC4/PRS_PM.c **** }
  37              		.loc 1 64 0
  38              		@ sp needed
  39 000a 08BD     		pop	{r3, pc}
  40              	.L3:
  41              		.align	2
  42              	.L2:
  43 000c 00000000 		.word	PRS_backup
  44              		.cfi_endproc
  45              	.LFE2:
  46              		.size	PRS_SaveConfig, .-PRS_SaveConfig
  47              		.section	.text.PRS_Sleep,"ax",%progbits
  48              		.align	2
  49              		.global	PRS_Sleep
  50              		.code	16
ARM GAS  C:\Users\Henny\AppData\Local\Temp\cck6jmUB.s 			page 3


  51              		.thumb_func
  52              		.type	PRS_Sleep, %function
  53              	PRS_Sleep:
  54              	.LFB3:
  65:.\Generated_Source\PSoC4/PRS_PM.c **** 
  66:.\Generated_Source\PSoC4/PRS_PM.c **** 
  67:.\Generated_Source\PSoC4/PRS_PM.c **** /*******************************************************************************
  68:.\Generated_Source\PSoC4/PRS_PM.c **** * Function Name: PRS_Sleep
  69:.\Generated_Source\PSoC4/PRS_PM.c **** ********************************************************************************
  70:.\Generated_Source\PSoC4/PRS_PM.c **** *
  71:.\Generated_Source\PSoC4/PRS_PM.c **** * Summary:
  72:.\Generated_Source\PSoC4/PRS_PM.c **** *  Stops PRS computation and saves PRS configuration.
  73:.\Generated_Source\PSoC4/PRS_PM.c **** *
  74:.\Generated_Source\PSoC4/PRS_PM.c **** * Parameters:
  75:.\Generated_Source\PSoC4/PRS_PM.c **** *  void
  76:.\Generated_Source\PSoC4/PRS_PM.c **** *
  77:.\Generated_Source\PSoC4/PRS_PM.c **** * Return:
  78:.\Generated_Source\PSoC4/PRS_PM.c **** *  void
  79:.\Generated_Source\PSoC4/PRS_PM.c **** *
  80:.\Generated_Source\PSoC4/PRS_PM.c **** * Global Variables:
  81:.\Generated_Source\PSoC4/PRS_PM.c **** *  PRS_backup - modified when non-retention registers are saved.
  82:.\Generated_Source\PSoC4/PRS_PM.c **** *
  83:.\Generated_Source\PSoC4/PRS_PM.c **** *******************************************************************************/
  84:.\Generated_Source\PSoC4/PRS_PM.c **** void PRS_Sleep(void) 
  85:.\Generated_Source\PSoC4/PRS_PM.c **** {
  55              		.loc 1 85 0
  56              		.cfi_startproc
  57 0000 08B5     		push	{r3, lr}
  58              		.cfi_def_cfa_offset 8
  59              		.cfi_offset 3, -8
  60              		.cfi_offset 14, -4
  86:.\Generated_Source\PSoC4/PRS_PM.c ****     /* Store PRS enable state */
  87:.\Generated_Source\PSoC4/PRS_PM.c ****     if(PRS_IS_PRS_ENABLE(PRS_CONTROL_REG))
  61              		.loc 1 87 0
  62 0002 084B     		ldr	r3, .L7
  63 0004 1B78     		ldrb	r3, [r3]
  64 0006 DB07     		lsl	r3, r3, #31
  65 0008 05D5     		bpl	.L5
  88:.\Generated_Source\PSoC4/PRS_PM.c ****     {
  89:.\Generated_Source\PSoC4/PRS_PM.c ****         PRS_backup.enableState = 1u;
  66              		.loc 1 89 0
  67 000a 0122     		mov	r2, #1
  68 000c 064B     		ldr	r3, .L7+4
  69 000e 1A70     		strb	r2, [r3]
  90:.\Generated_Source\PSoC4/PRS_PM.c ****         PRS_Stop();
  70              		.loc 1 90 0
  71 0010 FFF7FEFF 		bl	PRS_Stop
  72              	.LVL1:
  73 0014 02E0     		b	.L6
  74              	.L5:
  91:.\Generated_Source\PSoC4/PRS_PM.c ****     }
  92:.\Generated_Source\PSoC4/PRS_PM.c ****     else
  93:.\Generated_Source\PSoC4/PRS_PM.c ****     {
  94:.\Generated_Source\PSoC4/PRS_PM.c ****         PRS_backup.enableState = 0u;
  75              		.loc 1 94 0
  76 0016 0022     		mov	r2, #0
  77 0018 034B     		ldr	r3, .L7+4
ARM GAS  C:\Users\Henny\AppData\Local\Temp\cck6jmUB.s 			page 4


  78 001a 1A70     		strb	r2, [r3]
  79              	.L6:
  95:.\Generated_Source\PSoC4/PRS_PM.c ****     }
  96:.\Generated_Source\PSoC4/PRS_PM.c ****     
  97:.\Generated_Source\PSoC4/PRS_PM.c ****     PRS_SaveConfig();
  80              		.loc 1 97 0
  81 001c FFF7FEFF 		bl	PRS_SaveConfig
  82              	.LVL2:
  98:.\Generated_Source\PSoC4/PRS_PM.c **** }
  83              		.loc 1 98 0
  84              		@ sp needed
  85 0020 08BD     		pop	{r3, pc}
  86              	.L8:
  87 0022 C046     		.align	2
  88              	.L7:
  89 0024 70000F40 		.word	1074724976
  90 0028 00000000 		.word	PRS_backup
  91              		.cfi_endproc
  92              	.LFE3:
  93              		.size	PRS_Sleep, .-PRS_Sleep
  94              		.section	.text.PRS_RestoreConfig,"ax",%progbits
  95              		.align	2
  96              		.global	PRS_RestoreConfig
  97              		.code	16
  98              		.thumb_func
  99              		.type	PRS_RestoreConfig, %function
 100              	PRS_RestoreConfig:
 101              	.LFB4:
  99:.\Generated_Source\PSoC4/PRS_PM.c **** 
 100:.\Generated_Source\PSoC4/PRS_PM.c **** 
 101:.\Generated_Source\PSoC4/PRS_PM.c **** /*******************************************************************************
 102:.\Generated_Source\PSoC4/PRS_PM.c **** * Function Name: PRS_RestoreConfig
 103:.\Generated_Source\PSoC4/PRS_PM.c **** ********************************************************************************
 104:.\Generated_Source\PSoC4/PRS_PM.c **** *
 105:.\Generated_Source\PSoC4/PRS_PM.c **** * Summary:
 106:.\Generated_Source\PSoC4/PRS_PM.c **** *  Restores seed and polynomial registers.
 107:.\Generated_Source\PSoC4/PRS_PM.c **** *
 108:.\Generated_Source\PSoC4/PRS_PM.c **** * Parameters:
 109:.\Generated_Source\PSoC4/PRS_PM.c **** *  void
 110:.\Generated_Source\PSoC4/PRS_PM.c **** *
 111:.\Generated_Source\PSoC4/PRS_PM.c **** * Return:
 112:.\Generated_Source\PSoC4/PRS_PM.c **** *  void
 113:.\Generated_Source\PSoC4/PRS_PM.c **** *
 114:.\Generated_Source\PSoC4/PRS_PM.c **** *******************************************************************************/
 115:.\Generated_Source\PSoC4/PRS_PM.c **** #if (PRS_WAKEUP_BEHAVIOUR == PRS__RESUMEWORK)
 116:.\Generated_Source\PSoC4/PRS_PM.c ****     #if (PRS_TIME_MULTIPLEXING_ENABLE)
 117:.\Generated_Source\PSoC4/PRS_PM.c ****         void PRS_RestoreConfig(void) 
 118:.\Generated_Source\PSoC4/PRS_PM.c ****         {   
 119:.\Generated_Source\PSoC4/PRS_PM.c ****             /* Restore A0 and A1 registers */
 120:.\Generated_Source\PSoC4/PRS_PM.c ****             #if (PRS_PRS_SIZE <= 32u)
 121:.\Generated_Source\PSoC4/PRS_PM.c ****                 PRS_WriteSeed(PRS_backup.seed);
 122:.\Generated_Source\PSoC4/PRS_PM.c ****             #else
 123:.\Generated_Source\PSoC4/PRS_PM.c ****                 PRS_WriteSeedUpper(PRS_backup.seedUpper);
 124:.\Generated_Source\PSoC4/PRS_PM.c ****                 PRS_WriteSeedLower(PRS_backup.seedLower);
 125:.\Generated_Source\PSoC4/PRS_PM.c ****             #endif  /* End (PRS_PRS_SIZE <= 32u) */
 126:.\Generated_Source\PSoC4/PRS_PM.c ****             
 127:.\Generated_Source\PSoC4/PRS_PM.c ****             #if (PRS_RUN_MODE == PRS__CLOCKED)
ARM GAS  C:\Users\Henny\AppData\Local\Temp\cck6jmUB.s 			page 5


 128:.\Generated_Source\PSoC4/PRS_PM.c ****                 #if (PRS_PRS_SIZE <= 32u)
 129:.\Generated_Source\PSoC4/PRS_PM.c ****                     PRS_ResetSeedInit(PRS_DEFAULT_SEED);                        
 130:.\Generated_Source\PSoC4/PRS_PM.c ****                 #else
 131:.\Generated_Source\PSoC4/PRS_PM.c ****                     PRS_ResetSeedInitUpper(PRS_DEFAULT_SEED_UPPER);
 132:.\Generated_Source\PSoC4/PRS_PM.c ****                     PRS_ResetSeedInitLower(PRS_DEFAULT_SEED_LOWER); 
 133:.\Generated_Source\PSoC4/PRS_PM.c ****                 #endif  /* End (PRS_PRS_SIZE <= 32u) */ 
 134:.\Generated_Source\PSoC4/PRS_PM.c ****             #endif  /* End (PRS_RUN_MODE == PRS__CLOCKED) */
 135:.\Generated_Source\PSoC4/PRS_PM.c ****             
 136:.\Generated_Source\PSoC4/PRS_PM.c ****             /* Restore dff state for time mult: use async set/reest */
 137:.\Generated_Source\PSoC4/PRS_PM.c ****             /* Set CI, SI, SO, STATE0, STATE1 */
 138:.\Generated_Source\PSoC4/PRS_PM.c ****             PRS_CONTROL_REG = PRS_backup.dffStatus;
 139:.\Generated_Source\PSoC4/PRS_PM.c ****             
 140:.\Generated_Source\PSoC4/PRS_PM.c ****             /* Make pulse, to set trigger to defined state */
 141:.\Generated_Source\PSoC4/PRS_PM.c ****             PRS_EXECUTE_DFF_SET;
 142:.\Generated_Source\PSoC4/PRS_PM.c ****             
 143:.\Generated_Source\PSoC4/PRS_PM.c ****             /* Set normal dff sequence set */
 144:.\Generated_Source\PSoC4/PRS_PM.c ****             PRS_sleepState |= PRS_NORMAL_SEQUENCE;
 145:.\Generated_Source\PSoC4/PRS_PM.c ****         }
 146:.\Generated_Source\PSoC4/PRS_PM.c ****         
 147:.\Generated_Source\PSoC4/PRS_PM.c ****     #else
 148:.\Generated_Source\PSoC4/PRS_PM.c ****         void PRS_RestoreConfig(void) 
 149:.\Generated_Source\PSoC4/PRS_PM.c ****         {   
 102              		.loc 1 149 0
 103              		.cfi_startproc
 104 0000 08B5     		push	{r3, lr}
 105              		.cfi_def_cfa_offset 8
 106              		.cfi_offset 3, -8
 107              		.cfi_offset 14, -4
 150:.\Generated_Source\PSoC4/PRS_PM.c ****             /* Restore A0 and A1 registers */
 151:.\Generated_Source\PSoC4/PRS_PM.c ****             #if (PRS_PRS_SIZE <= 32u)
 152:.\Generated_Source\PSoC4/PRS_PM.c ****                 PRS_WriteSeed(PRS_backup.seed);
 108              		.loc 1 152 0
 109 0002 044B     		ldr	r3, .L10
 110 0004 5878     		ldrb	r0, [r3, #1]
 111 0006 FFF7FEFF 		bl	PRS_WriteSeed
 112              	.LVL3:
 153:.\Generated_Source\PSoC4/PRS_PM.c ****             #else
 154:.\Generated_Source\PSoC4/PRS_PM.c ****                 PRS_WriteSeedUpper(PRS_backup.seedUpper);
 155:.\Generated_Source\PSoC4/PRS_PM.c ****                 PRS_WriteSeedLower(PRS_backup.seedLower);
 156:.\Generated_Source\PSoC4/PRS_PM.c ****             #endif  /* End (PRS_PRS_SIZE <= 32u) */
 157:.\Generated_Source\PSoC4/PRS_PM.c ****             
 158:.\Generated_Source\PSoC4/PRS_PM.c ****             #if (PRS_RUN_MODE == PRS__CLOCKED)
 159:.\Generated_Source\PSoC4/PRS_PM.c ****                 #if (PRS_PRS_SIZE <= 32u)
 160:.\Generated_Source\PSoC4/PRS_PM.c ****                     PRS_ResetSeedInit(PRS_DEFAULT_SEED);                        
 113              		.loc 1 160 0
 114 000a FF20     		mov	r0, #255
 115 000c FFF7FEFF 		bl	PRS_ResetSeedInit
 116              	.LVL4:
 161:.\Generated_Source\PSoC4/PRS_PM.c ****                 #else
 162:.\Generated_Source\PSoC4/PRS_PM.c ****                     PRS_ResetSeedInitUpper(PRS_DEFAULT_SEED_UPPER);
 163:.\Generated_Source\PSoC4/PRS_PM.c ****                     PRS_ResetSeedInitLower(PRS_DEFAULT_SEED_LOWER); 
 164:.\Generated_Source\PSoC4/PRS_PM.c ****                 #endif  /* End (PRS_PRS_SIZE <= 32u) */ 
 165:.\Generated_Source\PSoC4/PRS_PM.c ****             #endif  /* End (PRS_RUN_MODE == PRS__CLOCKED) */
 166:.\Generated_Source\PSoC4/PRS_PM.c ****         }
 117              		.loc 1 166 0
 118              		@ sp needed
 119 0010 08BD     		pop	{r3, pc}
ARM GAS  C:\Users\Henny\AppData\Local\Temp\cck6jmUB.s 			page 6


 120              	.L11:
 121 0012 C046     		.align	2
 122              	.L10:
 123 0014 00000000 		.word	PRS_backup
 124              		.cfi_endproc
 125              	.LFE4:
 126              		.size	PRS_RestoreConfig, .-PRS_RestoreConfig
 127              		.section	.text.PRS_Wakeup,"ax",%progbits
 128              		.align	2
 129              		.global	PRS_Wakeup
 130              		.code	16
 131              		.thumb_func
 132              		.type	PRS_Wakeup, %function
 133              	PRS_Wakeup:
 134              	.LFB5:
 167:.\Generated_Source\PSoC4/PRS_PM.c ****         
 168:.\Generated_Source\PSoC4/PRS_PM.c ****     #endif  /* End (PRS_TIME_MULTIPLEXING_ENABLE) */
 169:.\Generated_Source\PSoC4/PRS_PM.c ****     
 170:.\Generated_Source\PSoC4/PRS_PM.c **** #else
 171:.\Generated_Source\PSoC4/PRS_PM.c ****     void PRS_RestoreConfig(void) 
 172:.\Generated_Source\PSoC4/PRS_PM.c ****     {
 173:.\Generated_Source\PSoC4/PRS_PM.c ****         PRS_Init();
 174:.\Generated_Source\PSoC4/PRS_PM.c ****     }
 175:.\Generated_Source\PSoC4/PRS_PM.c ****     
 176:.\Generated_Source\PSoC4/PRS_PM.c **** #endif  /* End (PRS_WAKEUP_BEHAVIOUR == PRS__RESUMEWORK) */
 177:.\Generated_Source\PSoC4/PRS_PM.c **** 
 178:.\Generated_Source\PSoC4/PRS_PM.c **** 
 179:.\Generated_Source\PSoC4/PRS_PM.c **** /*******************************************************************************
 180:.\Generated_Source\PSoC4/PRS_PM.c **** * Function Name: PRS_Wakeup
 181:.\Generated_Source\PSoC4/PRS_PM.c **** ********************************************************************************
 182:.\Generated_Source\PSoC4/PRS_PM.c **** *
 183:.\Generated_Source\PSoC4/PRS_PM.c **** * Summary:
 184:.\Generated_Source\PSoC4/PRS_PM.c **** *  Restores PRS configuration and starts PRS computation. 
 185:.\Generated_Source\PSoC4/PRS_PM.c **** *
 186:.\Generated_Source\PSoC4/PRS_PM.c **** * Parameters:
 187:.\Generated_Source\PSoC4/PRS_PM.c **** *  void
 188:.\Generated_Source\PSoC4/PRS_PM.c **** *
 189:.\Generated_Source\PSoC4/PRS_PM.c **** * Return:
 190:.\Generated_Source\PSoC4/PRS_PM.c **** *  void
 191:.\Generated_Source\PSoC4/PRS_PM.c **** *
 192:.\Generated_Source\PSoC4/PRS_PM.c **** *******************************************************************************/
 193:.\Generated_Source\PSoC4/PRS_PM.c **** #if ((PRS_WAKEUP_BEHAVIOUR == PRS__RESUMEWORK) && (PRS_TIME_MULTIPLEXING_ENABLE))
 194:.\Generated_Source\PSoC4/PRS_PM.c ****     void PRS_Wakeup(void) 
 195:.\Generated_Source\PSoC4/PRS_PM.c **** #else
 196:.\Generated_Source\PSoC4/PRS_PM.c ****     void PRS_Wakeup(void) 
 197:.\Generated_Source\PSoC4/PRS_PM.c **** #endif  /* End ((PRS_WAKEUP_BEHAVIOUR == PRS__RESUMEWORK) && 
 198:.\Generated_Source\PSoC4/PRS_PM.c ****                 (PRS_TIME_MULTIPLEXING_ENABLE)) */
 199:.\Generated_Source\PSoC4/PRS_PM.c **** {
 135              		.loc 1 199 0
 136              		.cfi_startproc
 137 0000 08B5     		push	{r3, lr}
 138              		.cfi_def_cfa_offset 8
 139              		.cfi_offset 3, -8
 140              		.cfi_offset 14, -4
 200:.\Generated_Source\PSoC4/PRS_PM.c ****     PRS_RestoreConfig();
 141              		.loc 1 200 0
 142 0002 FFF7FEFF 		bl	PRS_RestoreConfig
ARM GAS  C:\Users\Henny\AppData\Local\Temp\cck6jmUB.s 			page 7


 143              	.LVL5:
 201:.\Generated_Source\PSoC4/PRS_PM.c ****     
 202:.\Generated_Source\PSoC4/PRS_PM.c ****     /* Restore PRS enable state */
 203:.\Generated_Source\PSoC4/PRS_PM.c ****     if (PRS_backup.enableState != 0u)
 144              		.loc 1 203 0
 145 0006 034B     		ldr	r3, .L14
 146 0008 1B78     		ldrb	r3, [r3]
 147 000a 002B     		cmp	r3, #0
 148 000c 01D0     		beq	.L12
 204:.\Generated_Source\PSoC4/PRS_PM.c ****     {
 205:.\Generated_Source\PSoC4/PRS_PM.c ****         PRS_Enable();
 149              		.loc 1 205 0
 150 000e FFF7FEFF 		bl	PRS_Enable
 151              	.LVL6:
 152              	.L12:
 206:.\Generated_Source\PSoC4/PRS_PM.c ****     }
 207:.\Generated_Source\PSoC4/PRS_PM.c **** }
 153              		.loc 1 207 0
 154              		@ sp needed
 155 0012 08BD     		pop	{r3, pc}
 156              	.L15:
 157              		.align	2
 158              	.L14:
 159 0014 00000000 		.word	PRS_backup
 160              		.cfi_endproc
 161              	.LFE5:
 162              		.size	PRS_Wakeup, .-PRS_Wakeup
 163              		.text
 164              	.Letext0:
 165              		.file 2 ".\\Generated_Source\\PSoC4\\cytypes.h"
 166              		.file 3 ".\\Generated_Source\\PSoC4\\PRS.h"
 167              		.section	.debug_info,"",%progbits
 168              	.Ldebug_info0:
 169 0000 B1010000 		.4byte	0x1b1
 170 0004 0400     		.2byte	0x4
 171 0006 00000000 		.4byte	.Ldebug_abbrev0
 172 000a 04       		.byte	0x4
 173 000b 01       		.uleb128 0x1
 174 000c 32010000 		.4byte	.LASF26
 175 0010 01       		.byte	0x1
 176 0011 C0010000 		.4byte	.LASF27
 177 0015 00000000 		.4byte	.LASF28
 178 0019 00000000 		.4byte	.Ldebug_ranges0+0
 179 001d 00000000 		.4byte	0
 180 0021 00000000 		.4byte	.Ldebug_line0
 181 0025 02       		.uleb128 0x2
 182 0026 01       		.byte	0x1
 183 0027 06       		.byte	0x6
 184 0028 0E020000 		.4byte	.LASF0
 185 002c 02       		.uleb128 0x2
 186 002d 01       		.byte	0x1
 187 002e 08       		.byte	0x8
 188 002f 7B000000 		.4byte	.LASF1
 189 0033 02       		.uleb128 0x2
 190 0034 02       		.byte	0x2
 191 0035 05       		.byte	0x5
 192 0036 56000000 		.4byte	.LASF2
ARM GAS  C:\Users\Henny\AppData\Local\Temp\cck6jmUB.s 			page 8


 193 003a 02       		.uleb128 0x2
 194 003b 02       		.byte	0x2
 195 003c 07       		.byte	0x7
 196 003d 43000000 		.4byte	.LASF3
 197 0041 02       		.uleb128 0x2
 198 0042 04       		.byte	0x4
 199 0043 05       		.byte	0x5
 200 0044 E7010000 		.4byte	.LASF4
 201 0048 02       		.uleb128 0x2
 202 0049 04       		.byte	0x4
 203 004a 07       		.byte	0x7
 204 004b 8E000000 		.4byte	.LASF5
 205 004f 02       		.uleb128 0x2
 206 0050 08       		.byte	0x8
 207 0051 05       		.byte	0x5
 208 0052 02010000 		.4byte	.LASF6
 209 0056 02       		.uleb128 0x2
 210 0057 08       		.byte	0x8
 211 0058 07       		.byte	0x7
 212 0059 D7000000 		.4byte	.LASF7
 213 005d 03       		.uleb128 0x3
 214 005e 04       		.byte	0x4
 215 005f 05       		.byte	0x5
 216 0060 696E7400 		.ascii	"int\000"
 217 0064 02       		.uleb128 0x2
 218 0065 04       		.byte	0x4
 219 0066 07       		.byte	0x7
 220 0067 CA000000 		.4byte	.LASF8
 221 006b 04       		.uleb128 0x4
 222 006c A0000000 		.4byte	.LASF12
 223 0070 02       		.byte	0x2
 224 0071 3801     		.2byte	0x138
 225 0073 2C000000 		.4byte	0x2c
 226 0077 02       		.uleb128 0x2
 227 0078 04       		.byte	0x4
 228 0079 04       		.byte	0x4
 229 007a 75000000 		.4byte	.LASF9
 230 007e 02       		.uleb128 0x2
 231 007f 08       		.byte	0x8
 232 0080 04       		.byte	0x4
 233 0081 BA000000 		.4byte	.LASF10
 234 0085 02       		.uleb128 0x2
 235 0086 01       		.byte	0x1
 236 0087 08       		.byte	0x8
 237 0088 1E010000 		.4byte	.LASF11
 238 008c 04       		.uleb128 0x4
 239 008d 89000000 		.4byte	.LASF13
 240 0091 02       		.byte	0x2
 241 0092 E201     		.2byte	0x1e2
 242 0094 98000000 		.4byte	0x98
 243 0098 05       		.uleb128 0x5
 244 0099 6B000000 		.4byte	0x6b
 245 009d 02       		.uleb128 0x2
 246 009e 04       		.byte	0x4
 247 009f 07       		.byte	0x7
 248 00a0 EE000000 		.4byte	.LASF14
 249 00a4 06       		.uleb128 0x6
ARM GAS  C:\Users\Henny\AppData\Local\Temp\cck6jmUB.s 			page 9


 250 00a5 02       		.byte	0x2
 251 00a6 03       		.byte	0x3
 252 00a7 37       		.byte	0x37
 253 00a8 C5000000 		.4byte	0xc5
 254 00ac 07       		.uleb128 0x7
 255 00ad F0010000 		.4byte	.LASF15
 256 00b1 03       		.byte	0x3
 257 00b2 39       		.byte	0x39
 258 00b3 6B000000 		.4byte	0x6b
 259 00b7 00       		.byte	0
 260 00b8 07       		.uleb128 0x7
 261 00b9 E2010000 		.4byte	.LASF16
 262 00bd 03       		.byte	0x3
 263 00be 43       		.byte	0x43
 264 00bf 6B000000 		.4byte	0x6b
 265 00c3 01       		.byte	0x1
 266 00c4 00       		.byte	0
 267 00c5 08       		.uleb128 0x8
 268 00c6 FC010000 		.4byte	.LASF17
 269 00ca 03       		.byte	0x3
 270 00cb 4D       		.byte	0x4d
 271 00cc A4000000 		.4byte	0xa4
 272 00d0 09       		.uleb128 0x9
 273 00d1 23010000 		.4byte	.LASF18
 274 00d5 01       		.byte	0x1
 275 00d6 2B       		.byte	0x2b
 276 00d7 00000000 		.4byte	.LFB2
 277 00db 10000000 		.4byte	.LFE2-.LFB2
 278 00df 01       		.uleb128 0x1
 279 00e0 9C       		.byte	0x9c
 280 00e1 EF000000 		.4byte	0xef
 281 00e5 0A       		.uleb128 0xa
 282 00e6 06000000 		.4byte	.LVL0
 283 00ea 79010000 		.4byte	0x179
 284 00ee 00       		.byte	0
 285 00ef 09       		.uleb128 0x9
 286 00f0 6B000000 		.4byte	.LASF19
 287 00f4 01       		.byte	0x1
 288 00f5 54       		.byte	0x54
 289 00f6 00000000 		.4byte	.LFB3
 290 00fa 2C000000 		.4byte	.LFE3-.LFB3
 291 00fe 01       		.uleb128 0x1
 292 00ff 9C       		.byte	0x9c
 293 0100 17010000 		.4byte	0x117
 294 0104 0A       		.uleb128 0xa
 295 0105 14000000 		.4byte	.LVL1
 296 0109 84010000 		.4byte	0x184
 297 010d 0A       		.uleb128 0xa
 298 010e 20000000 		.4byte	.LVL2
 299 0112 D0000000 		.4byte	0xd0
 300 0116 00       		.byte	0
 301 0117 09       		.uleb128 0x9
 302 0118 31000000 		.4byte	.LASF20
 303 011c 01       		.byte	0x1
 304 011d 94       		.byte	0x94
 305 011e 00000000 		.4byte	.LFB4
 306 0122 18000000 		.4byte	.LFE4-.LFB4
ARM GAS  C:\Users\Henny\AppData\Local\Temp\cck6jmUB.s 			page 10


 307 0126 01       		.uleb128 0x1
 308 0127 9C       		.byte	0x9c
 309 0128 46010000 		.4byte	0x146
 310 012c 0A       		.uleb128 0xa
 311 012d 0A000000 		.4byte	.LVL3
 312 0131 8B010000 		.4byte	0x18b
 313 0135 0B       		.uleb128 0xb
 314 0136 10000000 		.4byte	.LVL4
 315 013a 9C010000 		.4byte	0x19c
 316 013e 0C       		.uleb128 0xc
 317 013f 01       		.uleb128 0x1
 318 0140 50       		.byte	0x50
 319 0141 02       		.uleb128 0x2
 320 0142 09       		.byte	0x9
 321 0143 FF       		.byte	0xff
 322 0144 00       		.byte	0
 323 0145 00       		.byte	0
 324 0146 09       		.uleb128 0x9
 325 0147 AF000000 		.4byte	.LASF21
 326 014b 01       		.byte	0x1
 327 014c C4       		.byte	0xc4
 328 014d 00000000 		.4byte	.LFB5
 329 0151 18000000 		.4byte	.LFE5-.LFB5
 330 0155 01       		.uleb128 0x1
 331 0156 9C       		.byte	0x9c
 332 0157 6E010000 		.4byte	0x16e
 333 015b 0A       		.uleb128 0xa
 334 015c 06000000 		.4byte	.LVL5
 335 0160 17010000 		.4byte	0x117
 336 0164 0A       		.uleb128 0xa
 337 0165 12000000 		.4byte	.LVL6
 338 0169 AD010000 		.4byte	0x1ad
 339 016d 00       		.byte	0
 340 016e 0D       		.uleb128 0xd
 341 016f 60000000 		.4byte	.LASF29
 342 0173 03       		.byte	0x3
 343 0174 51       		.byte	0x51
 344 0175 C5000000 		.4byte	0xc5
 345 0179 0E       		.uleb128 0xe
 346 017a C1000000 		.4byte	.LASF30
 347 017e 03       		.byte	0x3
 348 017f 73       		.byte	0x73
 349 0180 6B000000 		.4byte	0x6b
 350 0184 0F       		.uleb128 0xf
 351 0185 A6000000 		.4byte	.LASF24
 352 0189 03       		.byte	0x3
 353 018a 60       		.byte	0x60
 354 018b 10       		.uleb128 0x10
 355 018c 10010000 		.4byte	.LASF22
 356 0190 03       		.byte	0x3
 357 0191 74       		.byte	0x74
 358 0192 9C010000 		.4byte	0x19c
 359 0196 11       		.uleb128 0x11
 360 0197 6B000000 		.4byte	0x6b
 361 019b 00       		.byte	0
 362 019c 10       		.uleb128 0x10
 363 019d 1A020000 		.4byte	.LASF23
ARM GAS  C:\Users\Henny\AppData\Local\Temp\cck6jmUB.s 			page 11


 364 01a1 03       		.byte	0x3
 365 01a2 8A       		.byte	0x8a
 366 01a3 AD010000 		.4byte	0x1ad
 367 01a7 11       		.uleb128 0x11
 368 01a8 6B000000 		.4byte	0x6b
 369 01ac 00       		.byte	0
 370 01ad 0F       		.uleb128 0xf
 371 01ae F7000000 		.4byte	.LASF25
 372 01b2 03       		.byte	0x3
 373 01b3 5E       		.byte	0x5e
 374 01b4 00       		.byte	0
 375              		.section	.debug_abbrev,"",%progbits
 376              	.Ldebug_abbrev0:
 377 0000 01       		.uleb128 0x1
 378 0001 11       		.uleb128 0x11
 379 0002 01       		.byte	0x1
 380 0003 25       		.uleb128 0x25
 381 0004 0E       		.uleb128 0xe
 382 0005 13       		.uleb128 0x13
 383 0006 0B       		.uleb128 0xb
 384 0007 03       		.uleb128 0x3
 385 0008 0E       		.uleb128 0xe
 386 0009 1B       		.uleb128 0x1b
 387 000a 0E       		.uleb128 0xe
 388 000b 55       		.uleb128 0x55
 389 000c 17       		.uleb128 0x17
 390 000d 11       		.uleb128 0x11
 391 000e 01       		.uleb128 0x1
 392 000f 10       		.uleb128 0x10
 393 0010 17       		.uleb128 0x17
 394 0011 00       		.byte	0
 395 0012 00       		.byte	0
 396 0013 02       		.uleb128 0x2
 397 0014 24       		.uleb128 0x24
 398 0015 00       		.byte	0
 399 0016 0B       		.uleb128 0xb
 400 0017 0B       		.uleb128 0xb
 401 0018 3E       		.uleb128 0x3e
 402 0019 0B       		.uleb128 0xb
 403 001a 03       		.uleb128 0x3
 404 001b 0E       		.uleb128 0xe
 405 001c 00       		.byte	0
 406 001d 00       		.byte	0
 407 001e 03       		.uleb128 0x3
 408 001f 24       		.uleb128 0x24
 409 0020 00       		.byte	0
 410 0021 0B       		.uleb128 0xb
 411 0022 0B       		.uleb128 0xb
 412 0023 3E       		.uleb128 0x3e
 413 0024 0B       		.uleb128 0xb
 414 0025 03       		.uleb128 0x3
 415 0026 08       		.uleb128 0x8
 416 0027 00       		.byte	0
 417 0028 00       		.byte	0
 418 0029 04       		.uleb128 0x4
 419 002a 16       		.uleb128 0x16
 420 002b 00       		.byte	0
ARM GAS  C:\Users\Henny\AppData\Local\Temp\cck6jmUB.s 			page 12


 421 002c 03       		.uleb128 0x3
 422 002d 0E       		.uleb128 0xe
 423 002e 3A       		.uleb128 0x3a
 424 002f 0B       		.uleb128 0xb
 425 0030 3B       		.uleb128 0x3b
 426 0031 05       		.uleb128 0x5
 427 0032 49       		.uleb128 0x49
 428 0033 13       		.uleb128 0x13
 429 0034 00       		.byte	0
 430 0035 00       		.byte	0
 431 0036 05       		.uleb128 0x5
 432 0037 35       		.uleb128 0x35
 433 0038 00       		.byte	0
 434 0039 49       		.uleb128 0x49
 435 003a 13       		.uleb128 0x13
 436 003b 00       		.byte	0
 437 003c 00       		.byte	0
 438 003d 06       		.uleb128 0x6
 439 003e 13       		.uleb128 0x13
 440 003f 01       		.byte	0x1
 441 0040 0B       		.uleb128 0xb
 442 0041 0B       		.uleb128 0xb
 443 0042 3A       		.uleb128 0x3a
 444 0043 0B       		.uleb128 0xb
 445 0044 3B       		.uleb128 0x3b
 446 0045 0B       		.uleb128 0xb
 447 0046 01       		.uleb128 0x1
 448 0047 13       		.uleb128 0x13
 449 0048 00       		.byte	0
 450 0049 00       		.byte	0
 451 004a 07       		.uleb128 0x7
 452 004b 0D       		.uleb128 0xd
 453 004c 00       		.byte	0
 454 004d 03       		.uleb128 0x3
 455 004e 0E       		.uleb128 0xe
 456 004f 3A       		.uleb128 0x3a
 457 0050 0B       		.uleb128 0xb
 458 0051 3B       		.uleb128 0x3b
 459 0052 0B       		.uleb128 0xb
 460 0053 49       		.uleb128 0x49
 461 0054 13       		.uleb128 0x13
 462 0055 38       		.uleb128 0x38
 463 0056 0B       		.uleb128 0xb
 464 0057 00       		.byte	0
 465 0058 00       		.byte	0
 466 0059 08       		.uleb128 0x8
 467 005a 16       		.uleb128 0x16
 468 005b 00       		.byte	0
 469 005c 03       		.uleb128 0x3
 470 005d 0E       		.uleb128 0xe
 471 005e 3A       		.uleb128 0x3a
 472 005f 0B       		.uleb128 0xb
 473 0060 3B       		.uleb128 0x3b
 474 0061 0B       		.uleb128 0xb
 475 0062 49       		.uleb128 0x49
 476 0063 13       		.uleb128 0x13
 477 0064 00       		.byte	0
ARM GAS  C:\Users\Henny\AppData\Local\Temp\cck6jmUB.s 			page 13


 478 0065 00       		.byte	0
 479 0066 09       		.uleb128 0x9
 480 0067 2E       		.uleb128 0x2e
 481 0068 01       		.byte	0x1
 482 0069 3F       		.uleb128 0x3f
 483 006a 19       		.uleb128 0x19
 484 006b 03       		.uleb128 0x3
 485 006c 0E       		.uleb128 0xe
 486 006d 3A       		.uleb128 0x3a
 487 006e 0B       		.uleb128 0xb
 488 006f 3B       		.uleb128 0x3b
 489 0070 0B       		.uleb128 0xb
 490 0071 27       		.uleb128 0x27
 491 0072 19       		.uleb128 0x19
 492 0073 11       		.uleb128 0x11
 493 0074 01       		.uleb128 0x1
 494 0075 12       		.uleb128 0x12
 495 0076 06       		.uleb128 0x6
 496 0077 40       		.uleb128 0x40
 497 0078 18       		.uleb128 0x18
 498 0079 9742     		.uleb128 0x2117
 499 007b 19       		.uleb128 0x19
 500 007c 01       		.uleb128 0x1
 501 007d 13       		.uleb128 0x13
 502 007e 00       		.byte	0
 503 007f 00       		.byte	0
 504 0080 0A       		.uleb128 0xa
 505 0081 898201   		.uleb128 0x4109
 506 0084 00       		.byte	0
 507 0085 11       		.uleb128 0x11
 508 0086 01       		.uleb128 0x1
 509 0087 31       		.uleb128 0x31
 510 0088 13       		.uleb128 0x13
 511 0089 00       		.byte	0
 512 008a 00       		.byte	0
 513 008b 0B       		.uleb128 0xb
 514 008c 898201   		.uleb128 0x4109
 515 008f 01       		.byte	0x1
 516 0090 11       		.uleb128 0x11
 517 0091 01       		.uleb128 0x1
 518 0092 31       		.uleb128 0x31
 519 0093 13       		.uleb128 0x13
 520 0094 00       		.byte	0
 521 0095 00       		.byte	0
 522 0096 0C       		.uleb128 0xc
 523 0097 8A8201   		.uleb128 0x410a
 524 009a 00       		.byte	0
 525 009b 02       		.uleb128 0x2
 526 009c 18       		.uleb128 0x18
 527 009d 9142     		.uleb128 0x2111
 528 009f 18       		.uleb128 0x18
 529 00a0 00       		.byte	0
 530 00a1 00       		.byte	0
 531 00a2 0D       		.uleb128 0xd
 532 00a3 34       		.uleb128 0x34
 533 00a4 00       		.byte	0
 534 00a5 03       		.uleb128 0x3
ARM GAS  C:\Users\Henny\AppData\Local\Temp\cck6jmUB.s 			page 14


 535 00a6 0E       		.uleb128 0xe
 536 00a7 3A       		.uleb128 0x3a
 537 00a8 0B       		.uleb128 0xb
 538 00a9 3B       		.uleb128 0x3b
 539 00aa 0B       		.uleb128 0xb
 540 00ab 49       		.uleb128 0x49
 541 00ac 13       		.uleb128 0x13
 542 00ad 3F       		.uleb128 0x3f
 543 00ae 19       		.uleb128 0x19
 544 00af 3C       		.uleb128 0x3c
 545 00b0 19       		.uleb128 0x19
 546 00b1 00       		.byte	0
 547 00b2 00       		.byte	0
 548 00b3 0E       		.uleb128 0xe
 549 00b4 2E       		.uleb128 0x2e
 550 00b5 00       		.byte	0
 551 00b6 3F       		.uleb128 0x3f
 552 00b7 19       		.uleb128 0x19
 553 00b8 03       		.uleb128 0x3
 554 00b9 0E       		.uleb128 0xe
 555 00ba 3A       		.uleb128 0x3a
 556 00bb 0B       		.uleb128 0xb
 557 00bc 3B       		.uleb128 0x3b
 558 00bd 0B       		.uleb128 0xb
 559 00be 27       		.uleb128 0x27
 560 00bf 19       		.uleb128 0x19
 561 00c0 49       		.uleb128 0x49
 562 00c1 13       		.uleb128 0x13
 563 00c2 3C       		.uleb128 0x3c
 564 00c3 19       		.uleb128 0x19
 565 00c4 00       		.byte	0
 566 00c5 00       		.byte	0
 567 00c6 0F       		.uleb128 0xf
 568 00c7 2E       		.uleb128 0x2e
 569 00c8 00       		.byte	0
 570 00c9 3F       		.uleb128 0x3f
 571 00ca 19       		.uleb128 0x19
 572 00cb 03       		.uleb128 0x3
 573 00cc 0E       		.uleb128 0xe
 574 00cd 3A       		.uleb128 0x3a
 575 00ce 0B       		.uleb128 0xb
 576 00cf 3B       		.uleb128 0x3b
 577 00d0 0B       		.uleb128 0xb
 578 00d1 27       		.uleb128 0x27
 579 00d2 19       		.uleb128 0x19
 580 00d3 3C       		.uleb128 0x3c
 581 00d4 19       		.uleb128 0x19
 582 00d5 00       		.byte	0
 583 00d6 00       		.byte	0
 584 00d7 10       		.uleb128 0x10
 585 00d8 2E       		.uleb128 0x2e
 586 00d9 01       		.byte	0x1
 587 00da 3F       		.uleb128 0x3f
 588 00db 19       		.uleb128 0x19
 589 00dc 03       		.uleb128 0x3
 590 00dd 0E       		.uleb128 0xe
 591 00de 3A       		.uleb128 0x3a
ARM GAS  C:\Users\Henny\AppData\Local\Temp\cck6jmUB.s 			page 15


 592 00df 0B       		.uleb128 0xb
 593 00e0 3B       		.uleb128 0x3b
 594 00e1 0B       		.uleb128 0xb
 595 00e2 27       		.uleb128 0x27
 596 00e3 19       		.uleb128 0x19
 597 00e4 3C       		.uleb128 0x3c
 598 00e5 19       		.uleb128 0x19
 599 00e6 01       		.uleb128 0x1
 600 00e7 13       		.uleb128 0x13
 601 00e8 00       		.byte	0
 602 00e9 00       		.byte	0
 603 00ea 11       		.uleb128 0x11
 604 00eb 05       		.uleb128 0x5
 605 00ec 00       		.byte	0
 606 00ed 49       		.uleb128 0x49
 607 00ee 13       		.uleb128 0x13
 608 00ef 00       		.byte	0
 609 00f0 00       		.byte	0
 610 00f1 00       		.byte	0
 611              		.section	.debug_aranges,"",%progbits
 612 0000 34000000 		.4byte	0x34
 613 0004 0200     		.2byte	0x2
 614 0006 00000000 		.4byte	.Ldebug_info0
 615 000a 04       		.byte	0x4
 616 000b 00       		.byte	0
 617 000c 0000     		.2byte	0
 618 000e 0000     		.2byte	0
 619 0010 00000000 		.4byte	.LFB2
 620 0014 10000000 		.4byte	.LFE2-.LFB2
 621 0018 00000000 		.4byte	.LFB3
 622 001c 2C000000 		.4byte	.LFE3-.LFB3
 623 0020 00000000 		.4byte	.LFB4
 624 0024 18000000 		.4byte	.LFE4-.LFB4
 625 0028 00000000 		.4byte	.LFB5
 626 002c 18000000 		.4byte	.LFE5-.LFB5
 627 0030 00000000 		.4byte	0
 628 0034 00000000 		.4byte	0
 629              		.section	.debug_ranges,"",%progbits
 630              	.Ldebug_ranges0:
 631 0000 00000000 		.4byte	.LFB2
 632 0004 10000000 		.4byte	.LFE2
 633 0008 00000000 		.4byte	.LFB3
 634 000c 2C000000 		.4byte	.LFE3
 635 0010 00000000 		.4byte	.LFB4
 636 0014 18000000 		.4byte	.LFE4
 637 0018 00000000 		.4byte	.LFB5
 638 001c 18000000 		.4byte	.LFE5
 639 0020 00000000 		.4byte	0
 640 0024 00000000 		.4byte	0
 641              		.section	.debug_line,"",%progbits
 642              	.Ldebug_line0:
 643 0000 A6000000 		.section	.debug_str,"MS",%progbits,1
 643      02004E00 
 643      00000201 
 643      FB0E0D00 
 643      01010101 
 644              	.LASF28:
ARM GAS  C:\Users\Henny\AppData\Local\Temp\cck6jmUB.s 			page 16


 645 0000 443A5C48 		.ascii	"D:\\Henny\\magisterka\\CY8KIT\\BLE\\BLE\\WaveSim.cy"
 645      656E6E79 
 645      5C6D6167 
 645      69737465 
 645      726B615C 
 646 002d 64736E00 		.ascii	"dsn\000"
 647              	.LASF20:
 648 0031 5052535F 		.ascii	"PRS_RestoreConfig\000"
 648      52657374 
 648      6F726543 
 648      6F6E6669 
 648      6700
 649              	.LASF3:
 650 0043 73686F72 		.ascii	"short unsigned int\000"
 650      7420756E 
 650      7369676E 
 650      65642069 
 650      6E7400
 651              	.LASF2:
 652 0056 73686F72 		.ascii	"short int\000"
 652      7420696E 
 652      7400
 653              	.LASF29:
 654 0060 5052535F 		.ascii	"PRS_backup\000"
 654      6261636B 
 654      757000
 655              	.LASF19:
 656 006b 5052535F 		.ascii	"PRS_Sleep\000"
 656      536C6565 
 656      7000
 657              	.LASF9:
 658 0075 666C6F61 		.ascii	"float\000"
 658      7400
 659              	.LASF1:
 660 007b 756E7369 		.ascii	"unsigned char\000"
 660      676E6564 
 660      20636861 
 660      7200
 661              	.LASF13:
 662 0089 72656738 		.ascii	"reg8\000"
 662      00
 663              	.LASF5:
 664 008e 6C6F6E67 		.ascii	"long unsigned int\000"
 664      20756E73 
 664      69676E65 
 664      6420696E 
 664      7400
 665              	.LASF12:
 666 00a0 75696E74 		.ascii	"uint8\000"
 666      3800
 667              	.LASF24:
 668 00a6 5052535F 		.ascii	"PRS_Stop\000"
 668      53746F70 
 668      00
 669              	.LASF21:
 670 00af 5052535F 		.ascii	"PRS_Wakeup\000"
 670      57616B65 
ARM GAS  C:\Users\Henny\AppData\Local\Temp\cck6jmUB.s 			page 17


 670      757000
 671              	.LASF10:
 672 00ba 646F7562 		.ascii	"double\000"
 672      6C6500
 673              	.LASF30:
 674 00c1 5052535F 		.ascii	"PRS_Read\000"
 674      52656164 
 674      00
 675              	.LASF8:
 676 00ca 756E7369 		.ascii	"unsigned int\000"
 676      676E6564 
 676      20696E74 
 676      00
 677              	.LASF7:
 678 00d7 6C6F6E67 		.ascii	"long long unsigned int\000"
 678      206C6F6E 
 678      6720756E 
 678      7369676E 
 678      65642069 
 679              	.LASF14:
 680 00ee 73697A65 		.ascii	"sizetype\000"
 680      74797065 
 680      00
 681              	.LASF25:
 682 00f7 5052535F 		.ascii	"PRS_Enable\000"
 682      456E6162 
 682      6C6500
 683              	.LASF6:
 684 0102 6C6F6E67 		.ascii	"long long int\000"
 684      206C6F6E 
 684      6720696E 
 684      7400
 685              	.LASF22:
 686 0110 5052535F 		.ascii	"PRS_WriteSeed\000"
 686      57726974 
 686      65536565 
 686      6400
 687              	.LASF11:
 688 011e 63686172 		.ascii	"char\000"
 688      00
 689              	.LASF18:
 690 0123 5052535F 		.ascii	"PRS_SaveConfig\000"
 690      53617665 
 690      436F6E66 
 690      696700
 691              	.LASF26:
 692 0132 474E5520 		.ascii	"GNU C 4.9.3 20150303 (release) [ARM/embedded-4_9-br"
 692      4320342E 
 692      392E3320 
 692      32303135 
 692      30333033 
 693 0165 616E6368 		.ascii	"anch revision 221220] -mcpu=cortex-m0 -mthumb -g -O"
 693      20726576 
 693      6973696F 
 693      6E203232 
 693      31323230 
 694 0198 67202D66 		.ascii	"g -ffunction-sections -ffat-lto-objects\000"
ARM GAS  C:\Users\Henny\AppData\Local\Temp\cck6jmUB.s 			page 18


 694      66756E63 
 694      74696F6E 
 694      2D736563 
 694      74696F6E 
 695              	.LASF27:
 696 01c0 2E5C4765 		.ascii	".\\Generated_Source\\PSoC4\\PRS_PM.c\000"
 696      6E657261 
 696      7465645F 
 696      536F7572 
 696      63655C50 
 697              	.LASF16:
 698 01e2 73656564 		.ascii	"seed\000"
 698      00
 699              	.LASF4:
 700 01e7 6C6F6E67 		.ascii	"long int\000"
 700      20696E74 
 700      00
 701              	.LASF15:
 702 01f0 656E6162 		.ascii	"enableState\000"
 702      6C655374 
 702      61746500 
 703              	.LASF17:
 704 01fc 5052535F 		.ascii	"PRS_BACKUP_STRUCT\000"
 704      4241434B 
 704      55505F53 
 704      54525543 
 704      5400
 705              	.LASF0:
 706 020e 7369676E 		.ascii	"signed char\000"
 706      65642063 
 706      68617200 
 707              	.LASF23:
 708 021a 5052535F 		.ascii	"PRS_ResetSeedInit\000"
 708      52657365 
 708      74536565 
 708      64496E69 
 708      7400
 709              		.ident	"GCC: (GNU Tools for ARM Embedded Processors) 4.9.3 20150303 (release) [ARM/embedded-4_9-br
