ARM GAS  C:\Users\Henny\AppData\Local\Temp\ccDyl1Dj.s 			page 1


   1              		.cpu cortex-m0
   2              		.fpu softvfp
   3              		.eabi_attribute 20, 1
   4              		.eabi_attribute 21, 1
   5              		.eabi_attribute 23, 3
   6              		.eabi_attribute 24, 1
   7              		.eabi_attribute 25, 1
   8              		.eabi_attribute 26, 1
   9              		.eabi_attribute 30, 1
  10              		.eabi_attribute 34, 0
  11              		.eabi_attribute 18, 4
  12              		.code	16
  13              		.file	"BLE_1_custom.c"
  14              		.text
  15              	.Ltext0:
  16              		.cfi_sections	.debug_frame
  17              		.section	.text.CyBle_CustomInit,"ax",%progbits
  18              		.align	2
  19              		.global	CyBle_CustomInit
  20              		.code	16
  21              		.thumb_func
  22              		.type	CyBle_CustomInit, %function
  23              	CyBle_CustomInit:
  24              	.LFB2:
  25              		.file 1 ".\\Generated_Source\\PSoC4\\BLE_1_custom.c"
   1:.\Generated_Source\PSoC4/BLE_1_custom.c **** /***************************************************************************//**
   2:.\Generated_Source\PSoC4/BLE_1_custom.c **** * \file CYBLE_custom.c
   3:.\Generated_Source\PSoC4/BLE_1_custom.c **** * \version 3.10
   4:.\Generated_Source\PSoC4/BLE_1_custom.c **** * 
   5:.\Generated_Source\PSoC4/BLE_1_custom.c **** * \brief
   6:.\Generated_Source\PSoC4/BLE_1_custom.c **** *  Contains the source code for the Custom Service.
   7:.\Generated_Source\PSoC4/BLE_1_custom.c **** * 
   8:.\Generated_Source\PSoC4/BLE_1_custom.c **** ********************************************************************************
   9:.\Generated_Source\PSoC4/BLE_1_custom.c **** * \copyright
  10:.\Generated_Source\PSoC4/BLE_1_custom.c **** * Copyright 2014-2016, Cypress Semiconductor Corporation.  All rights reserved.
  11:.\Generated_Source\PSoC4/BLE_1_custom.c **** * You may use this file only in accordance with the license, terms, conditions,
  12:.\Generated_Source\PSoC4/BLE_1_custom.c **** * disclaimers, and limitations in the end user license agreement accompanying
  13:.\Generated_Source\PSoC4/BLE_1_custom.c **** * the software package with which this file was provided.
  14:.\Generated_Source\PSoC4/BLE_1_custom.c **** *******************************************************************************/
  15:.\Generated_Source\PSoC4/BLE_1_custom.c **** 
  16:.\Generated_Source\PSoC4/BLE_1_custom.c **** 
  17:.\Generated_Source\PSoC4/BLE_1_custom.c **** #include "BLE_1_eventHandler.h"
  18:.\Generated_Source\PSoC4/BLE_1_custom.c **** 
  19:.\Generated_Source\PSoC4/BLE_1_custom.c **** #ifdef CYBLE_CUSTOM_SERVER
  20:.\Generated_Source\PSoC4/BLE_1_custom.c **** 
  21:.\Generated_Source\PSoC4/BLE_1_custom.c **** /* If any custom service with custom characterisctis is defined in the
  22:.\Generated_Source\PSoC4/BLE_1_custom.c **** * customizer's GUI their handles will be present in this array.
  23:.\Generated_Source\PSoC4/BLE_1_custom.c **** */
  24:.\Generated_Source\PSoC4/BLE_1_custom.c **** /* This array contains attribute handles for the defined Custom Services and their characteristics 
  25:.\Generated_Source\PSoC4/BLE_1_custom.c ****    The array index definitions are located in the CYBLE_custom.h file. */
  26:.\Generated_Source\PSoC4/BLE_1_custom.c **** const CYBLE_CUSTOMS_T cyBle_customs[0x01u] = {
  27:.\Generated_Source\PSoC4/BLE_1_custom.c **** 
  28:.\Generated_Source\PSoC4/BLE_1_custom.c ****     /* Capsense service */
  29:.\Generated_Source\PSoC4/BLE_1_custom.c ****     {
  30:.\Generated_Source\PSoC4/BLE_1_custom.c ****         0x000Eu, /* Handle of the Capsense service */ 
  31:.\Generated_Source\PSoC4/BLE_1_custom.c ****         {
  32:.\Generated_Source\PSoC4/BLE_1_custom.c **** 
ARM GAS  C:\Users\Henny\AppData\Local\Temp\ccDyl1Dj.s 			page 2


  33:.\Generated_Source\PSoC4/BLE_1_custom.c ****             /* Slider characteristic */
  34:.\Generated_Source\PSoC4/BLE_1_custom.c ****             {
  35:.\Generated_Source\PSoC4/BLE_1_custom.c ****                 0x0010u, /* Handle of the Slider characteristic */ 
  36:.\Generated_Source\PSoC4/BLE_1_custom.c ****                 
  37:.\Generated_Source\PSoC4/BLE_1_custom.c ****                 /* Array of Descriptors handles */
  38:.\Generated_Source\PSoC4/BLE_1_custom.c ****                 {
  39:.\Generated_Source\PSoC4/BLE_1_custom.c ****                     0x0011u, /* Handle of the SliderCCCD descriptor */ 
  40:.\Generated_Source\PSoC4/BLE_1_custom.c ****                 }, 
  41:.\Generated_Source\PSoC4/BLE_1_custom.c ****             },
  42:.\Generated_Source\PSoC4/BLE_1_custom.c ****         }, 
  43:.\Generated_Source\PSoC4/BLE_1_custom.c ****     },
  44:.\Generated_Source\PSoC4/BLE_1_custom.c **** };
  45:.\Generated_Source\PSoC4/BLE_1_custom.c **** 
  46:.\Generated_Source\PSoC4/BLE_1_custom.c **** 
  47:.\Generated_Source\PSoC4/BLE_1_custom.c **** #endif /* (CYBLE_CUSTOM_SERVER) */
  48:.\Generated_Source\PSoC4/BLE_1_custom.c **** 
  49:.\Generated_Source\PSoC4/BLE_1_custom.c **** #ifdef CYBLE_CUSTOM_CLIENT
  50:.\Generated_Source\PSoC4/BLE_1_custom.c ****     
  51:.\Generated_Source\PSoC4/BLE_1_custom.c **** 
  52:.\Generated_Source\PSoC4/BLE_1_custom.c **** static uint16 cyBle_customDisServIndex;
  53:.\Generated_Source\PSoC4/BLE_1_custom.c **** static uint16 cyBle_customDisCharIndex;
  54:.\Generated_Source\PSoC4/BLE_1_custom.c **** 
  55:.\Generated_Source\PSoC4/BLE_1_custom.c **** #endif /* (CYBLE_CUSTOM_CLIENT) */
  56:.\Generated_Source\PSoC4/BLE_1_custom.c **** 
  57:.\Generated_Source\PSoC4/BLE_1_custom.c **** 
  58:.\Generated_Source\PSoC4/BLE_1_custom.c **** /****************************************************************************** 
  59:.\Generated_Source\PSoC4/BLE_1_custom.c **** * Function Name: CyBle_CustomInit
  60:.\Generated_Source\PSoC4/BLE_1_custom.c **** ***************************************************************************//**
  61:.\Generated_Source\PSoC4/BLE_1_custom.c **** * 
  62:.\Generated_Source\PSoC4/BLE_1_custom.c **** *  This function initializes Custom Service.
  63:.\Generated_Source\PSoC4/BLE_1_custom.c **** * 
  64:.\Generated_Source\PSoC4/BLE_1_custom.c **** * \return
  65:.\Generated_Source\PSoC4/BLE_1_custom.c **** *  None
  66:.\Generated_Source\PSoC4/BLE_1_custom.c **** * 
  67:.\Generated_Source\PSoC4/BLE_1_custom.c **** ******************************************************************************/
  68:.\Generated_Source\PSoC4/BLE_1_custom.c **** void CyBle_CustomInit(void)
  69:.\Generated_Source\PSoC4/BLE_1_custom.c **** {
  26              		.loc 1 69 0
  27              		.cfi_startproc
  70:.\Generated_Source\PSoC4/BLE_1_custom.c ****     
  71:.\Generated_Source\PSoC4/BLE_1_custom.c **** #ifdef CYBLE_CUSTOM_CLIENT
  72:.\Generated_Source\PSoC4/BLE_1_custom.c **** 
  73:.\Generated_Source\PSoC4/BLE_1_custom.c ****     uint16 locServIndex;
  74:.\Generated_Source\PSoC4/BLE_1_custom.c ****     uint16 locCharIndex;
  75:.\Generated_Source\PSoC4/BLE_1_custom.c ****     uint16 locDescIndex;
  76:.\Generated_Source\PSoC4/BLE_1_custom.c ****     
  77:.\Generated_Source\PSoC4/BLE_1_custom.c ****     for(locServIndex = 0u; locServIndex < CYBLE_CUSTOMC_SERVICE_COUNT; locServIndex++)
  78:.\Generated_Source\PSoC4/BLE_1_custom.c ****     {
  79:.\Generated_Source\PSoC4/BLE_1_custom.c ****         if(cyBle_serverInfo[CYBLE_SRVI_CUSTOMS + locServIndex].range.startHandle == CYBLE_GATT_INVA
  80:.\Generated_Source\PSoC4/BLE_1_custom.c ****         {
  81:.\Generated_Source\PSoC4/BLE_1_custom.c ****             for(locCharIndex = 0u; locCharIndex < cyBle_customCServ[locServIndex].charCount; locCha
  82:.\Generated_Source\PSoC4/BLE_1_custom.c ****             {
  83:.\Generated_Source\PSoC4/BLE_1_custom.c ****                 cyBle_customCServ[locServIndex].customServChar[locCharIndex].
  84:.\Generated_Source\PSoC4/BLE_1_custom.c ****                     customServCharHandle = 0u;
  85:.\Generated_Source\PSoC4/BLE_1_custom.c ****                 
  86:.\Generated_Source\PSoC4/BLE_1_custom.c ****                 for(locDescIndex = 0u; locDescIndex < 
  87:.\Generated_Source\PSoC4/BLE_1_custom.c ****                     cyBle_customCServ[locServIndex].customServChar[locCharIndex].descCount; 
ARM GAS  C:\Users\Henny\AppData\Local\Temp\ccDyl1Dj.s 			page 3


  88:.\Generated_Source\PSoC4/BLE_1_custom.c ****                         locDescIndex++)
  89:.\Generated_Source\PSoC4/BLE_1_custom.c ****                 {
  90:.\Generated_Source\PSoC4/BLE_1_custom.c ****                     cyBle_customCServ[locServIndex].customServChar[locCharIndex].
  91:.\Generated_Source\PSoC4/BLE_1_custom.c ****                         customServCharDesc[locDescIndex].descHandle = 0u;
  92:.\Generated_Source\PSoC4/BLE_1_custom.c ****                 }
  93:.\Generated_Source\PSoC4/BLE_1_custom.c ****             }
  94:.\Generated_Source\PSoC4/BLE_1_custom.c ****         }
  95:.\Generated_Source\PSoC4/BLE_1_custom.c ****     }
  96:.\Generated_Source\PSoC4/BLE_1_custom.c **** 
  97:.\Generated_Source\PSoC4/BLE_1_custom.c **** #endif /* (CYBLE_CUSTOM_CLIENT) */
  98:.\Generated_Source\PSoC4/BLE_1_custom.c **** }
  28              		.loc 1 98 0
  29              		@ sp needed
  30 0000 7047     		bx	lr
  31              		.cfi_endproc
  32              	.LFE2:
  33              		.size	CyBle_CustomInit, .-CyBle_CustomInit
  34              		.global	cyBle_customs
  35 0002 C046     		.section	.rodata
  36              		.align	2
  37              		.type	cyBle_customs, %object
  38              		.size	cyBle_customs, 6
  39              	cyBle_customs:
  40 0000 0E00     		.short	14
  41 0002 1000     		.short	16
  42 0004 1100     		.short	17
  43 0006 0000     		.text
  44              	.Letext0:
  45              		.file 2 ".\\Generated_Source\\PSoC4\\cytypes.h"
  46              		.file 3 ".\\Generated_Source\\PSoC4\\BLE_1_StackGatt.h"
  47              		.file 4 ".\\Generated_Source\\PSoC4\\BLE_1_custom.h"
  48              		.file 5 ".\\Generated_Source\\PSoC4\\BLE_1_Stack.h"
  49              		.section	.debug_info,"",%progbits
  50              	.Ldebug_info0:
  51 0000 08030000 		.4byte	0x308
  52 0004 0400     		.2byte	0x4
  53 0006 00000000 		.4byte	.Ldebug_abbrev0
  54 000a 04       		.byte	0x4
  55 000b 01       		.uleb128 0x1
  56 000c 1C090000 		.4byte	.LASF87
  57 0010 01       		.byte	0x1
  58 0011 CF030000 		.4byte	.LASF88
  59 0015 EC010000 		.4byte	.LASF89
  60 0019 00000000 		.4byte	.Ldebug_ranges0+0
  61 001d 00000000 		.4byte	0
  62 0021 00000000 		.4byte	.Ldebug_line0
  63 0025 02       		.uleb128 0x2
  64 0026 01       		.byte	0x1
  65 0027 06       		.byte	0x6
  66 0028 E8040000 		.4byte	.LASF0
  67 002c 02       		.uleb128 0x2
  68 002d 01       		.byte	0x1
  69 002e 08       		.byte	0x8
  70 002f 6F040000 		.4byte	.LASF1
  71 0033 02       		.uleb128 0x2
  72 0034 02       		.byte	0x2
  73 0035 05       		.byte	0x5
ARM GAS  C:\Users\Henny\AppData\Local\Temp\ccDyl1Dj.s 			page 4


  74 0036 B7000000 		.4byte	.LASF2
  75 003a 02       		.uleb128 0x2
  76 003b 02       		.byte	0x2
  77 003c 07       		.byte	0x7
  78 003d 98060000 		.4byte	.LASF3
  79 0041 02       		.uleb128 0x2
  80 0042 04       		.byte	0x4
  81 0043 05       		.byte	0x5
  82 0044 FB020000 		.4byte	.LASF4
  83 0048 02       		.uleb128 0x2
  84 0049 04       		.byte	0x4
  85 004a 07       		.byte	0x7
  86 004b 79050000 		.4byte	.LASF5
  87 004f 02       		.uleb128 0x2
  88 0050 08       		.byte	0x8
  89 0051 05       		.byte	0x5
  90 0052 05010000 		.4byte	.LASF6
  91 0056 02       		.uleb128 0x2
  92 0057 08       		.byte	0x8
  93 0058 07       		.byte	0x7
  94 0059 CF020000 		.4byte	.LASF7
  95 005d 03       		.uleb128 0x3
  96 005e 04       		.byte	0x4
  97 005f 05       		.byte	0x5
  98 0060 696E7400 		.ascii	"int\000"
  99 0064 02       		.uleb128 0x2
 100 0065 04       		.byte	0x4
 101 0066 07       		.byte	0x7
 102 0067 51050000 		.4byte	.LASF8
 103 006b 04       		.uleb128 0x4
 104 006c 7B010000 		.4byte	.LASF79
 105 0070 02       		.byte	0x2
 106 0071 3901     		.2byte	0x139
 107 0073 3A000000 		.4byte	0x3a
 108 0077 02       		.uleb128 0x2
 109 0078 04       		.byte	0x4
 110 0079 04       		.byte	0x4
 111 007a 66020000 		.4byte	.LASF9
 112 007e 02       		.uleb128 0x2
 113 007f 08       		.byte	0x8
 114 0080 04       		.byte	0x4
 115 0081 48070000 		.4byte	.LASF10
 116 0085 02       		.uleb128 0x2
 117 0086 01       		.byte	0x1
 118 0087 08       		.byte	0x8
 119 0088 77060000 		.4byte	.LASF11
 120 008c 02       		.uleb128 0x2
 121 008d 04       		.byte	0x4
 122 008e 07       		.byte	0x7
 123 008f DB000000 		.4byte	.LASF12
 124 0093 05       		.uleb128 0x5
 125 0094 01       		.byte	0x1
 126 0095 05       		.byte	0x5
 127 0096 4201     		.2byte	0x142
 128 0098 50020000 		.4byte	0x250
 129 009c 06       		.uleb128 0x6
 130 009d D5010000 		.4byte	.LASF13
ARM GAS  C:\Users\Henny\AppData\Local\Temp\ccDyl1Dj.s 			page 5


 131 00a1 00       		.sleb128 0
 132 00a2 06       		.uleb128 0x6
 133 00a3 4A010000 		.4byte	.LASF14
 134 00a7 01       		.sleb128 1
 135 00a8 06       		.uleb128 0x6
 136 00a9 B1080000 		.4byte	.LASF15
 137 00ad 02       		.sleb128 2
 138 00ae 06       		.uleb128 0x6
 139 00af 87070000 		.4byte	.LASF16
 140 00b3 03       		.sleb128 3
 141 00b4 06       		.uleb128 0x6
 142 00b5 24010000 		.4byte	.LASF17
 143 00b9 04       		.sleb128 4
 144 00ba 06       		.uleb128 0x6
 145 00bb 8D030000 		.4byte	.LASF18
 146 00bf 05       		.sleb128 5
 147 00c0 06       		.uleb128 0x6
 148 00c1 3E000000 		.4byte	.LASF19
 149 00c5 06       		.sleb128 6
 150 00c6 06       		.uleb128 0x6
 151 00c7 E5070000 		.4byte	.LASF20
 152 00cb 20       		.sleb128 32
 153 00cc 06       		.uleb128 0x6
 154 00cd 8B050000 		.4byte	.LASF21
 155 00d1 21       		.sleb128 33
 156 00d2 06       		.uleb128 0x6
 157 00d3 00000000 		.4byte	.LASF22
 158 00d7 22       		.sleb128 34
 159 00d8 06       		.uleb128 0x6
 160 00d9 A9030000 		.4byte	.LASF23
 161 00dd 23       		.sleb128 35
 162 00de 06       		.uleb128 0x6
 163 00df 35050000 		.4byte	.LASF24
 164 00e3 24       		.sleb128 36
 165 00e4 06       		.uleb128 0x6
 166 00e5 C1000000 		.4byte	.LASF25
 167 00e9 25       		.sleb128 37
 168 00ea 06       		.uleb128 0x6
 169 00eb 44030000 		.4byte	.LASF26
 170 00ef 26       		.sleb128 38
 171 00f0 06       		.uleb128 0x6
 172 00f1 25030000 		.4byte	.LASF27
 173 00f5 27       		.sleb128 39
 174 00f6 06       		.uleb128 0x6
 175 00f7 71000000 		.4byte	.LASF28
 176 00fb 28       		.sleb128 40
 177 00fc 06       		.uleb128 0x6
 178 00fd C3050000 		.4byte	.LASF29
 179 0101 29       		.sleb128 41
 180 0102 06       		.uleb128 0x6
 181 0103 27060000 		.4byte	.LASF30
 182 0107 2A       		.sleb128 42
 183 0108 06       		.uleb128 0x6
 184 0109 E8060000 		.4byte	.LASF31
 185 010d 2B       		.sleb128 43
 186 010e 06       		.uleb128 0x6
 187 010f 03060000 		.4byte	.LASF32
ARM GAS  C:\Users\Henny\AppData\Local\Temp\ccDyl1Dj.s 			page 6


 188 0113 2C       		.sleb128 44
 189 0114 06       		.uleb128 0x6
 190 0115 85020000 		.4byte	.LASF33
 191 0119 2D       		.sleb128 45
 192 011a 06       		.uleb128 0x6
 193 011b 93000000 		.4byte	.LASF34
 194 011f 2E       		.sleb128 46
 195 0120 06       		.uleb128 0x6
 196 0121 350A0000 		.4byte	.LASF35
 197 0125 2F       		.sleb128 47
 198 0126 06       		.uleb128 0x6
 199 0127 E4000000 		.4byte	.LASF36
 200 012b 30       		.sleb128 48
 201 012c 06       		.uleb128 0x6
 202 012d 25040000 		.4byte	.LASF37
 203 0131 31       		.sleb128 49
 204 0132 06       		.uleb128 0x6
 205 0133 AE020000 		.4byte	.LASF38
 206 0137 32       		.sleb128 50
 207 0138 06       		.uleb128 0x6
 208 0139 50060000 		.4byte	.LASF39
 209 013d 33       		.sleb128 51
 210 013e 06       		.uleb128 0x6
 211 013f 57000000 		.4byte	.LASF40
 212 0143 C000     		.sleb128 64
 213 0145 06       		.uleb128 0x6
 214 0146 5E050000 		.4byte	.LASF41
 215 014a C100     		.sleb128 65
 216 014c 06       		.uleb128 0x6
 217 014d 170A0000 		.4byte	.LASF42
 218 0151 C200     		.sleb128 66
 219 0153 06       		.uleb128 0x6
 220 0154 5D010000 		.4byte	.LASF43
 221 0158 C300     		.sleb128 67
 222 015a 06       		.uleb128 0x6
 223 015b 6F080000 		.4byte	.LASF44
 224 015f C400     		.sleb128 68
 225 0161 06       		.uleb128 0x6
 226 0162 09080000 		.4byte	.LASF45
 227 0166 C500     		.sleb128 69
 228 0168 06       		.uleb128 0x6
 229 0169 4E080000 		.4byte	.LASF46
 230 016d C600     		.sleb128 70
 231 016f 06       		.uleb128 0x6
 232 0170 CA040000 		.4byte	.LASF47
 233 0174 C700     		.sleb128 71
 234 0176 06       		.uleb128 0x6
 235 0177 0E050000 		.4byte	.LASF48
 236 017b C800     		.sleb128 72
 237 017d 06       		.uleb128 0x6
 238 017e 6C020000 		.4byte	.LASF49
 239 0182 C900     		.sleb128 73
 240 0184 06       		.uleb128 0x6
 241 0185 AB060000 		.4byte	.LASF50
 242 0189 CA00     		.sleb128 74
 243 018b 06       		.uleb128 0x6
 244 018c 95010000 		.4byte	.LASF51
ARM GAS  C:\Users\Henny\AppData\Local\Temp\ccDyl1Dj.s 			page 7


 245 0190 CB00     		.sleb128 75
 246 0192 06       		.uleb128 0x6
 247 0193 F4040000 		.4byte	.LASF52
 248 0197 CC00     		.sleb128 76
 249 0199 06       		.uleb128 0x6
 250 019a 24000000 		.4byte	.LASF53
 251 019e CD00     		.sleb128 77
 252 01a0 06       		.uleb128 0x6
 253 01a1 30080000 		.4byte	.LASF54
 254 01a5 CE00     		.sleb128 78
 255 01a7 06       		.uleb128 0x6
 256 01a8 8C040000 		.4byte	.LASF55
 257 01ac CF00     		.sleb128 79
 258 01ae 06       		.uleb128 0x6
 259 01af AA090000 		.4byte	.LASF56
 260 01b3 D000     		.sleb128 80
 261 01b5 06       		.uleb128 0x6
 262 01b6 C9060000 		.4byte	.LASF57
 263 01ba D100     		.sleb128 81
 264 01bc 06       		.uleb128 0x6
 265 01bd 6C030000 		.4byte	.LASF58
 266 01c1 D200     		.sleb128 82
 267 01c3 06       		.uleb128 0x6
 268 01c4 04030000 		.4byte	.LASF59
 269 01c8 D300     		.sleb128 83
 270 01ca 06       		.uleb128 0x6
 271 01cb B4010000 		.4byte	.LASF60
 272 01cf D400     		.sleb128 84
 273 01d1 06       		.uleb128 0x6
 274 01d2 F3090000 		.4byte	.LASF61
 275 01d6 D500     		.sleb128 85
 276 01d8 06       		.uleb128 0x6
 277 01d9 FA080000 		.4byte	.LASF62
 278 01dd D600     		.sleb128 86
 279 01df 06       		.uleb128 0x6
 280 01e0 D1080000 		.4byte	.LASF63
 281 01e4 D700     		.sleb128 87
 282 01e6 06       		.uleb128 0x6
 283 01e7 E0050000 		.4byte	.LASF64
 284 01eb D800     		.sleb128 88
 285 01ed 06       		.uleb128 0x6
 286 01ee 49040000 		.4byte	.LASF65
 287 01f2 F000     		.sleb128 112
 288 01f4 06       		.uleb128 0x6
 289 01f5 BF070000 		.4byte	.LASF66
 290 01f9 F100     		.sleb128 113
 291 01fb 06       		.uleb128 0x6
 292 01fc 7C060000 		.4byte	.LASF67
 293 0200 F200     		.sleb128 114
 294 0202 06       		.uleb128 0x6
 295 0203 27020000 		.4byte	.LASF68
 296 0207 F300     		.sleb128 115
 297 0209 06       		.uleb128 0x6
 298 020a 07040000 		.4byte	.LASF69
 299 020e F400     		.sleb128 116
 300 0210 06       		.uleb128 0x6
 301 0211 A2050000 		.4byte	.LASF70
ARM GAS  C:\Users\Henny\AppData\Local\Temp\ccDyl1Dj.s 			page 8


 302 0215 F500     		.sleb128 117
 303 0217 06       		.uleb128 0x6
 304 0218 45020000 		.4byte	.LASF71
 305 021c F600     		.sleb128 118
 306 021e 06       		.uleb128 0x6
 307 021f A0070000 		.4byte	.LASF72
 308 0223 F700     		.sleb128 119
 309 0225 06       		.uleb128 0x6
 310 0226 25070000 		.4byte	.LASF73
 311 022a F800     		.sleb128 120
 312 022c 06       		.uleb128 0x6
 313 022d 4F070000 		.4byte	.LASF74
 314 0231 F900     		.sleb128 121
 315 0233 06       		.uleb128 0x6
 316 0234 8D080000 		.4byte	.LASF75
 317 0238 FA00     		.sleb128 122
 318 023a 06       		.uleb128 0x6
 319 023b 07070000 		.4byte	.LASF76
 320 023f FA01     		.sleb128 250
 321 0241 06       		.uleb128 0x6
 322 0242 AB040000 		.4byte	.LASF77
 323 0246 FB01     		.sleb128 251
 324 0248 06       		.uleb128 0x6
 325 0249 C3080000 		.4byte	.LASF78
 326 024d FF01     		.sleb128 255
 327 024f 00       		.byte	0
 328 0250 04       		.uleb128 0x4
 329 0251 C9090000 		.4byte	.LASF80
 330 0255 03       		.byte	0x3
 331 0256 9201     		.2byte	0x192
 332 0258 6B000000 		.4byte	0x6b
 333 025c 07       		.uleb128 0x7
 334 025d 04       		.byte	0x4
 335 025e 04       		.byte	0x4
 336 025f 41       		.byte	0x41
 337 0260 7D020000 		.4byte	0x27d
 338 0264 08       		.uleb128 0x8
 339 0265 72070000 		.4byte	.LASF81
 340 0269 04       		.byte	0x4
 341 026a 44       		.byte	0x44
 342 026b 50020000 		.4byte	0x250
 343 026f 00       		.byte	0
 344 0270 08       		.uleb128 0x8
 345 0271 82010000 		.4byte	.LASF82
 346 0275 04       		.byte	0x4
 347 0276 46       		.byte	0x46
 348 0277 7D020000 		.4byte	0x27d
 349 027b 02       		.byte	0x2
 350 027c 00       		.byte	0
 351 027d 09       		.uleb128 0x9
 352 027e 50020000 		.4byte	0x250
 353 0282 8D020000 		.4byte	0x28d
 354 0286 0A       		.uleb128 0xa
 355 0287 8C000000 		.4byte	0x8c
 356 028b 00       		.byte	0
 357 028c 00       		.byte	0
 358 028d 0B       		.uleb128 0xb
ARM GAS  C:\Users\Henny\AppData\Local\Temp\ccDyl1Dj.s 			page 9


 359 028e E6020000 		.4byte	.LASF83
 360 0292 04       		.byte	0x4
 361 0293 48       		.byte	0x48
 362 0294 5C020000 		.4byte	0x25c
 363 0298 07       		.uleb128 0x7
 364 0299 06       		.byte	0x6
 365 029a 04       		.byte	0x4
 366 029b 4B       		.byte	0x4b
 367 029c B9020000 		.4byte	0x2b9
 368 02a0 08       		.uleb128 0x8
 369 02a1 13010000 		.4byte	.LASF84
 370 02a5 04       		.byte	0x4
 371 02a6 4E       		.byte	0x4e
 372 02a7 50020000 		.4byte	0x250
 373 02ab 00       		.byte	0
 374 02ac 08       		.uleb128 0x8
 375 02ad 7D040000 		.4byte	.LASF85
 376 02b1 04       		.byte	0x4
 377 02b2 51       		.byte	0x51
 378 02b3 B9020000 		.4byte	0x2b9
 379 02b7 02       		.byte	0x2
 380 02b8 00       		.byte	0
 381 02b9 09       		.uleb128 0x9
 382 02ba 8D020000 		.4byte	0x28d
 383 02be C9020000 		.4byte	0x2c9
 384 02c2 0A       		.uleb128 0xa
 385 02c3 8C000000 		.4byte	0x8c
 386 02c7 00       		.byte	0
 387 02c8 00       		.byte	0
 388 02c9 0B       		.uleb128 0xb
 389 02ca F7030000 		.4byte	.LASF86
 390 02ce 04       		.byte	0x4
 391 02cf 53       		.byte	0x53
 392 02d0 98020000 		.4byte	0x298
 393 02d4 0C       		.uleb128 0xc
 394 02d5 39010000 		.4byte	.LASF90
 395 02d9 01       		.byte	0x1
 396 02da 44       		.byte	0x44
 397 02db 00000000 		.4byte	.LFB2
 398 02df 02000000 		.4byte	.LFE2-.LFB2
 399 02e3 01       		.uleb128 0x1
 400 02e4 9C       		.byte	0x9c
 401 02e5 09       		.uleb128 0x9
 402 02e6 C9020000 		.4byte	0x2c9
 403 02ea F5020000 		.4byte	0x2f5
 404 02ee 0A       		.uleb128 0xa
 405 02ef 8C000000 		.4byte	0x8c
 406 02f3 00       		.byte	0
 407 02f4 00       		.byte	0
 408 02f5 0D       		.uleb128 0xd
 409 02f6 E5090000 		.4byte	.LASF91
 410 02fa 01       		.byte	0x1
 411 02fb 1A       		.byte	0x1a
 412 02fc 06030000 		.4byte	0x306
 413 0300 05       		.uleb128 0x5
 414 0301 03       		.byte	0x3
 415 0302 00000000 		.4byte	cyBle_customs
ARM GAS  C:\Users\Henny\AppData\Local\Temp\ccDyl1Dj.s 			page 10


 416 0306 0E       		.uleb128 0xe
 417 0307 E5020000 		.4byte	0x2e5
 418 030b 00       		.byte	0
 419              		.section	.debug_abbrev,"",%progbits
 420              	.Ldebug_abbrev0:
 421 0000 01       		.uleb128 0x1
 422 0001 11       		.uleb128 0x11
 423 0002 01       		.byte	0x1
 424 0003 25       		.uleb128 0x25
 425 0004 0E       		.uleb128 0xe
 426 0005 13       		.uleb128 0x13
 427 0006 0B       		.uleb128 0xb
 428 0007 03       		.uleb128 0x3
 429 0008 0E       		.uleb128 0xe
 430 0009 1B       		.uleb128 0x1b
 431 000a 0E       		.uleb128 0xe
 432 000b 55       		.uleb128 0x55
 433 000c 17       		.uleb128 0x17
 434 000d 11       		.uleb128 0x11
 435 000e 01       		.uleb128 0x1
 436 000f 10       		.uleb128 0x10
 437 0010 17       		.uleb128 0x17
 438 0011 00       		.byte	0
 439 0012 00       		.byte	0
 440 0013 02       		.uleb128 0x2
 441 0014 24       		.uleb128 0x24
 442 0015 00       		.byte	0
 443 0016 0B       		.uleb128 0xb
 444 0017 0B       		.uleb128 0xb
 445 0018 3E       		.uleb128 0x3e
 446 0019 0B       		.uleb128 0xb
 447 001a 03       		.uleb128 0x3
 448 001b 0E       		.uleb128 0xe
 449 001c 00       		.byte	0
 450 001d 00       		.byte	0
 451 001e 03       		.uleb128 0x3
 452 001f 24       		.uleb128 0x24
 453 0020 00       		.byte	0
 454 0021 0B       		.uleb128 0xb
 455 0022 0B       		.uleb128 0xb
 456 0023 3E       		.uleb128 0x3e
 457 0024 0B       		.uleb128 0xb
 458 0025 03       		.uleb128 0x3
 459 0026 08       		.uleb128 0x8
 460 0027 00       		.byte	0
 461 0028 00       		.byte	0
 462 0029 04       		.uleb128 0x4
 463 002a 16       		.uleb128 0x16
 464 002b 00       		.byte	0
 465 002c 03       		.uleb128 0x3
 466 002d 0E       		.uleb128 0xe
 467 002e 3A       		.uleb128 0x3a
 468 002f 0B       		.uleb128 0xb
 469 0030 3B       		.uleb128 0x3b
 470 0031 05       		.uleb128 0x5
 471 0032 49       		.uleb128 0x49
 472 0033 13       		.uleb128 0x13
ARM GAS  C:\Users\Henny\AppData\Local\Temp\ccDyl1Dj.s 			page 11


 473 0034 00       		.byte	0
 474 0035 00       		.byte	0
 475 0036 05       		.uleb128 0x5
 476 0037 04       		.uleb128 0x4
 477 0038 01       		.byte	0x1
 478 0039 0B       		.uleb128 0xb
 479 003a 0B       		.uleb128 0xb
 480 003b 3A       		.uleb128 0x3a
 481 003c 0B       		.uleb128 0xb
 482 003d 3B       		.uleb128 0x3b
 483 003e 05       		.uleb128 0x5
 484 003f 01       		.uleb128 0x1
 485 0040 13       		.uleb128 0x13
 486 0041 00       		.byte	0
 487 0042 00       		.byte	0
 488 0043 06       		.uleb128 0x6
 489 0044 28       		.uleb128 0x28
 490 0045 00       		.byte	0
 491 0046 03       		.uleb128 0x3
 492 0047 0E       		.uleb128 0xe
 493 0048 1C       		.uleb128 0x1c
 494 0049 0D       		.uleb128 0xd
 495 004a 00       		.byte	0
 496 004b 00       		.byte	0
 497 004c 07       		.uleb128 0x7
 498 004d 13       		.uleb128 0x13
 499 004e 01       		.byte	0x1
 500 004f 0B       		.uleb128 0xb
 501 0050 0B       		.uleb128 0xb
 502 0051 3A       		.uleb128 0x3a
 503 0052 0B       		.uleb128 0xb
 504 0053 3B       		.uleb128 0x3b
 505 0054 0B       		.uleb128 0xb
 506 0055 01       		.uleb128 0x1
 507 0056 13       		.uleb128 0x13
 508 0057 00       		.byte	0
 509 0058 00       		.byte	0
 510 0059 08       		.uleb128 0x8
 511 005a 0D       		.uleb128 0xd
 512 005b 00       		.byte	0
 513 005c 03       		.uleb128 0x3
 514 005d 0E       		.uleb128 0xe
 515 005e 3A       		.uleb128 0x3a
 516 005f 0B       		.uleb128 0xb
 517 0060 3B       		.uleb128 0x3b
 518 0061 0B       		.uleb128 0xb
 519 0062 49       		.uleb128 0x49
 520 0063 13       		.uleb128 0x13
 521 0064 38       		.uleb128 0x38
 522 0065 0B       		.uleb128 0xb
 523 0066 00       		.byte	0
 524 0067 00       		.byte	0
 525 0068 09       		.uleb128 0x9
 526 0069 01       		.uleb128 0x1
 527 006a 01       		.byte	0x1
 528 006b 49       		.uleb128 0x49
 529 006c 13       		.uleb128 0x13
ARM GAS  C:\Users\Henny\AppData\Local\Temp\ccDyl1Dj.s 			page 12


 530 006d 01       		.uleb128 0x1
 531 006e 13       		.uleb128 0x13
 532 006f 00       		.byte	0
 533 0070 00       		.byte	0
 534 0071 0A       		.uleb128 0xa
 535 0072 21       		.uleb128 0x21
 536 0073 00       		.byte	0
 537 0074 49       		.uleb128 0x49
 538 0075 13       		.uleb128 0x13
 539 0076 2F       		.uleb128 0x2f
 540 0077 0B       		.uleb128 0xb
 541 0078 00       		.byte	0
 542 0079 00       		.byte	0
 543 007a 0B       		.uleb128 0xb
 544 007b 16       		.uleb128 0x16
 545 007c 00       		.byte	0
 546 007d 03       		.uleb128 0x3
 547 007e 0E       		.uleb128 0xe
 548 007f 3A       		.uleb128 0x3a
 549 0080 0B       		.uleb128 0xb
 550 0081 3B       		.uleb128 0x3b
 551 0082 0B       		.uleb128 0xb
 552 0083 49       		.uleb128 0x49
 553 0084 13       		.uleb128 0x13
 554 0085 00       		.byte	0
 555 0086 00       		.byte	0
 556 0087 0C       		.uleb128 0xc
 557 0088 2E       		.uleb128 0x2e
 558 0089 00       		.byte	0
 559 008a 3F       		.uleb128 0x3f
 560 008b 19       		.uleb128 0x19
 561 008c 03       		.uleb128 0x3
 562 008d 0E       		.uleb128 0xe
 563 008e 3A       		.uleb128 0x3a
 564 008f 0B       		.uleb128 0xb
 565 0090 3B       		.uleb128 0x3b
 566 0091 0B       		.uleb128 0xb
 567 0092 27       		.uleb128 0x27
 568 0093 19       		.uleb128 0x19
 569 0094 11       		.uleb128 0x11
 570 0095 01       		.uleb128 0x1
 571 0096 12       		.uleb128 0x12
 572 0097 06       		.uleb128 0x6
 573 0098 40       		.uleb128 0x40
 574 0099 18       		.uleb128 0x18
 575 009a 9742     		.uleb128 0x2117
 576 009c 19       		.uleb128 0x19
 577 009d 00       		.byte	0
 578 009e 00       		.byte	0
 579 009f 0D       		.uleb128 0xd
 580 00a0 34       		.uleb128 0x34
 581 00a1 00       		.byte	0
 582 00a2 03       		.uleb128 0x3
 583 00a3 0E       		.uleb128 0xe
 584 00a4 3A       		.uleb128 0x3a
 585 00a5 0B       		.uleb128 0xb
 586 00a6 3B       		.uleb128 0x3b
ARM GAS  C:\Users\Henny\AppData\Local\Temp\ccDyl1Dj.s 			page 13


 587 00a7 0B       		.uleb128 0xb
 588 00a8 49       		.uleb128 0x49
 589 00a9 13       		.uleb128 0x13
 590 00aa 3F       		.uleb128 0x3f
 591 00ab 19       		.uleb128 0x19
 592 00ac 02       		.uleb128 0x2
 593 00ad 18       		.uleb128 0x18
 594 00ae 00       		.byte	0
 595 00af 00       		.byte	0
 596 00b0 0E       		.uleb128 0xe
 597 00b1 26       		.uleb128 0x26
 598 00b2 00       		.byte	0
 599 00b3 49       		.uleb128 0x49
 600 00b4 13       		.uleb128 0x13
 601 00b5 00       		.byte	0
 602 00b6 00       		.byte	0
 603 00b7 00       		.byte	0
 604              		.section	.debug_aranges,"",%progbits
 605 0000 1C000000 		.4byte	0x1c
 606 0004 0200     		.2byte	0x2
 607 0006 00000000 		.4byte	.Ldebug_info0
 608 000a 04       		.byte	0x4
 609 000b 00       		.byte	0
 610 000c 0000     		.2byte	0
 611 000e 0000     		.2byte	0
 612 0010 00000000 		.4byte	.LFB2
 613 0014 02000000 		.4byte	.LFE2-.LFB2
 614 0018 00000000 		.4byte	0
 615 001c 00000000 		.4byte	0
 616              		.section	.debug_ranges,"",%progbits
 617              	.Ldebug_ranges0:
 618 0000 00000000 		.4byte	.LFB2
 619 0004 02000000 		.4byte	.LFE2
 620 0008 00000000 		.4byte	0
 621 000c 00000000 		.4byte	0
 622              		.section	.debug_line,"",%progbits
 623              	.Ldebug_line0:
 624 0000 9C000000 		.section	.debug_str,"MS",%progbits,1
 624      02008300 
 624      00000201 
 624      FB0E0D00 
 624      01010101 
 625              	.LASF22:
 626 0000 4359424C 		.ascii	"CYBLE_EVT_GAP_PASSKEY_ENTRY_REQUEST\000"
 626      455F4556 
 626      545F4741 
 626      505F5041 
 626      53534B45 
 627              	.LASF53:
 628 0024 4359424C 		.ascii	"CYBLE_EVT_GATTC_WRITE_RSP\000"
 628      455F4556 
 628      545F4741 
 628      5454435F 
 628      57524954 
 629              	.LASF19:
 630 003e 4359424C 		.ascii	"CYBLE_EVT_MEMORY_REQUEST\000"
 630      455F4556 
ARM GAS  C:\Users\Henny\AppData\Local\Temp\ccDyl1Dj.s 			page 14


 630      545F4D45 
 630      4D4F5259 
 630      5F524551 
 631              	.LASF40:
 632 0057 4359424C 		.ascii	"CYBLE_EVT_GATTC_ERROR_RSP\000"
 632      455F4556 
 632      545F4741 
 632      5454435F 
 632      4552524F 
 633              	.LASF28:
 634 0071 4359424C 		.ascii	"CYBLE_EVT_GAP_DEVICE_DISCONNECTED\000"
 634      455F4556 
 634      545F4741 
 634      505F4445 
 634      56494345 
 635              	.LASF34:
 636 0093 4359424C 		.ascii	"CYBLE_EVT_GAP_KEYPRESS_NOTIFICATION\000"
 636      455F4556 
 636      545F4741 
 636      505F4B45 
 636      59505245 
 637              	.LASF2:
 638 00b7 73686F72 		.ascii	"short int\000"
 638      7420696E 
 638      7400
 639              	.LASF25:
 640 00c1 4359424C 		.ascii	"CYBLE_EVT_GAP_AUTH_FAILED\000"
 640      455F4556 
 640      545F4741 
 640      505F4155 
 640      54485F46 
 641              	.LASF12:
 642 00db 73697A65 		.ascii	"sizetype\000"
 642      74797065 
 642      00
 643              	.LASF36:
 644 00e4 4359424C 		.ascii	"CYBLE_EVT_GAP_DATA_LENGTH_CHANGE\000"
 644      455F4556 
 644      545F4741 
 644      505F4441 
 644      54415F4C 
 645              	.LASF6:
 646 0105 6C6F6E67 		.ascii	"long long int\000"
 646      206C6F6E 
 646      6720696E 
 646      7400
 647              	.LASF84:
 648 0113 63757374 		.ascii	"customServHandle\000"
 648      6F6D5365 
 648      72764861 
 648      6E646C65 
 648      00
 649              	.LASF17:
 650 0124 4359424C 		.ascii	"CYBLE_EVT_HCI_STATUS\000"
 650      455F4556 
 650      545F4843 
 650      495F5354 
ARM GAS  C:\Users\Henny\AppData\Local\Temp\ccDyl1Dj.s 			page 15


 650      41545553 
 651              	.LASF90:
 652 0139 4379426C 		.ascii	"CyBle_CustomInit\000"
 652      655F4375 
 652      73746F6D 
 652      496E6974 
 652      00
 653              	.LASF14:
 654 014a 4359424C 		.ascii	"CYBLE_EVT_STACK_ON\000"
 654      455F4556 
 654      545F5354 
 654      41434B5F 
 654      4F4E00
 655              	.LASF43:
 656 015d 4359424C 		.ascii	"CYBLE_EVT_GATTS_XCNHG_MTU_REQ\000"
 656      455F4556 
 656      545F4741 
 656      5454535F 
 656      58434E48 
 657              	.LASF79:
 658 017b 75696E74 		.ascii	"uint16\000"
 658      313600
 659              	.LASF82:
 660 0182 63757374 		.ascii	"customServCharDesc\000"
 660      6F6D5365 
 660      72764368 
 660      61724465 
 660      736300
 661              	.LASF51:
 662 0195 4359424C 		.ascii	"CYBLE_EVT_GATTC_READ_MULTI_RSP\000"
 662      455F4556 
 662      545F4741 
 662      5454435F 
 662      52454144 
 663              	.LASF60:
 664 01b4 4359424C 		.ascii	"CYBLE_EVT_GATTS_HANDLE_VALUE_CNF\000"
 664      455F4556 
 664      545F4741 
 664      5454535F 
 664      48414E44 
 665              	.LASF13:
 666 01d5 4359424C 		.ascii	"CYBLE_EVT_HOST_INVALID\000"
 666      455F4556 
 666      545F484F 
 666      53545F49 
 666      4E56414C 
 667              	.LASF89:
 668 01ec 443A5C48 		.ascii	"D:\\Henny\\magisterka\\CY8KIT\\BLE\\BLE\\BLE_Custom"
 668      656E6E79 
 668      5C6D6167 
 668      69737465 
 668      726B615C 
 669 0219 50726F66 		.ascii	"Profile.cydsn\000"
 669      696C652E 
 669      63796473 
 669      6E00
 670              	.LASF68:
ARM GAS  C:\Users\Henny\AppData\Local\Temp\ccDyl1Dj.s 			page 16


 671 0227 4359424C 		.ascii	"CYBLE_EVT_L2CAP_CBFC_CONN_IND\000"
 671      455F4556 
 671      545F4C32 
 671      4341505F 
 671      43424643 
 672              	.LASF71:
 673 0245 4359424C 		.ascii	"CYBLE_EVT_L2CAP_CBFC_DISCONN_CNF\000"
 673      455F4556 
 673      545F4C32 
 673      4341505F 
 673      43424643 
 674              	.LASF9:
 675 0266 666C6F61 		.ascii	"float\000"
 675      7400
 676              	.LASF49:
 677 026c 4359424C 		.ascii	"CYBLE_EVT_GATTC_READ_RSP\000"
 677      455F4556 
 677      545F4741 
 677      5454435F 
 677      52454144 
 678              	.LASF33:
 679 0285 4359424C 		.ascii	"CYBLE_EVT_GAP_NUMERIC_COMPARISON_REQUEST\000"
 679      455F4556 
 679      545F4741 
 679      505F4E55 
 679      4D455249 
 680              	.LASF38:
 681 02ae 4359424C 		.ascii	"CYBLE_EVT_GAPC_DIRECT_ADV_REPORT\000"
 681      455F4556 
 681      545F4741 
 681      50435F44 
 681      49524543 
 682              	.LASF7:
 683 02cf 6C6F6E67 		.ascii	"long long unsigned int\000"
 683      206C6F6E 
 683      6720756E 
 683      7369676E 
 683      65642069 
 684              	.LASF83:
 685 02e6 4359424C 		.ascii	"CYBLE_CUSTOMS_INFO_T\000"
 685      455F4355 
 685      53544F4D 
 685      535F494E 
 685      464F5F54 
 686              	.LASF4:
 687 02fb 6C6F6E67 		.ascii	"long int\000"
 687      20696E74 
 687      00
 688              	.LASF59:
 689 0304 4359424C 		.ascii	"CYBLE_EVT_GATTC_HANDLE_VALUE_IND\000"
 689      455F4556 
 689      545F4741 
 689      5454435F 
 689      48414E44 
 690              	.LASF27:
 691 0325 4359424C 		.ascii	"CYBLE_EVT_GAP_DEVICE_CONNECTED\000"
 691      455F4556 
ARM GAS  C:\Users\Henny\AppData\Local\Temp\ccDyl1Dj.s 			page 17


 691      545F4741 
 691      505F4445 
 691      56494345 
 692              	.LASF26:
 693 0344 4359424C 		.ascii	"CYBLE_EVT_GAPP_ADVERTISEMENT_START_STOP\000"
 693      455F4556 
 693      545F4741 
 693      50505F41 
 693      44564552 
 694              	.LASF58:
 695 036c 4359424C 		.ascii	"CYBLE_EVT_GATTC_HANDLE_VALUE_NTF\000"
 695      455F4556 
 695      545F4741 
 695      5454435F 
 695      48414E44 
 696              	.LASF18:
 697 038d 4359424C 		.ascii	"CYBLE_EVT_STACK_BUSY_STATUS\000"
 697      455F4556 
 697      545F5354 
 697      41434B5F 
 697      42555359 
 698              	.LASF23:
 699 03a9 4359424C 		.ascii	"CYBLE_EVT_GAP_PASSKEY_DISPLAY_REQUEST\000"
 699      455F4556 
 699      545F4741 
 699      505F5041 
 699      53534B45 
 700              	.LASF88:
 701 03cf 2E5C4765 		.ascii	".\\Generated_Source\\PSoC4\\BLE_1_custom.c\000"
 701      6E657261 
 701      7465645F 
 701      536F7572 
 701      63655C50 
 702              	.LASF86:
 703 03f7 4359424C 		.ascii	"CYBLE_CUSTOMS_T\000"
 703      455F4355 
 703      53544F4D 
 703      535F5400 
 704              	.LASF69:
 705 0407 4359424C 		.ascii	"CYBLE_EVT_L2CAP_CBFC_CONN_CNF\000"
 705      455F4556 
 705      545F4C32 
 705      4341505F 
 705      43424643 
 706              	.LASF37:
 707 0425 4359424C 		.ascii	"CYBLE_EVT_GAP_ENHANCE_CONN_COMPLETE\000"
 707      455F4556 
 707      545F4741 
 707      505F454E 
 707      48414E43 
 708              	.LASF65:
 709 0449 4359424C 		.ascii	"CYBLE_EVT_L2CAP_CONN_PARAM_UPDATE_REQ\000"
 709      455F4556 
 709      545F4C32 
 709      4341505F 
 709      434F4E4E 
 710              	.LASF1:
ARM GAS  C:\Users\Henny\AppData\Local\Temp\ccDyl1Dj.s 			page 18


 711 046f 756E7369 		.ascii	"unsigned char\000"
 711      676E6564 
 711      20636861 
 711      7200
 712              	.LASF85:
 713 047d 63757374 		.ascii	"customServInfo\000"
 713      6F6D5365 
 713      7276496E 
 713      666F00
 714              	.LASF55:
 715 048c 4359424C 		.ascii	"CYBLE_EVT_GATTS_PREP_WRITE_REQ\000"
 715      455F4556 
 715      545F4741 
 715      5454535F 
 715      50524550 
 716              	.LASF77:
 717 04ab 4359424C 		.ascii	"CYBLE_EVT_LE_PING_AUTH_TIMEOUT\000"
 717      455F4556 
 717      545F4C45 
 717      5F50494E 
 717      475F4155 
 718              	.LASF47:
 719 04ca 4359424C 		.ascii	"CYBLE_EVT_GATTC_FIND_INFO_RSP\000"
 719      455F4556 
 719      545F4741 
 719      5454435F 
 719      46494E44 
 720              	.LASF0:
 721 04e8 7369676E 		.ascii	"signed char\000"
 721      65642063 
 721      68617200 
 722              	.LASF52:
 723 04f4 4359424C 		.ascii	"CYBLE_EVT_GATTS_WRITE_REQ\000"
 723      455F4556 
 723      545F4741 
 723      5454535F 
 723      57524954 
 724              	.LASF48:
 725 050e 4359424C 		.ascii	"CYBLE_EVT_GATTC_FIND_BY_TYPE_VALUE_RSP\000"
 725      455F4556 
 725      545F4741 
 725      5454435F 
 725      46494E44 
 726              	.LASF24:
 727 0535 4359424C 		.ascii	"CYBLE_EVT_GAP_AUTH_COMPLETE\000"
 727      455F4556 
 727      545F4741 
 727      505F4155 
 727      54485F43 
 728              	.LASF8:
 729 0551 756E7369 		.ascii	"unsigned int\000"
 729      676E6564 
 729      20696E74 
 729      00
 730              	.LASF41:
 731 055e 4359424C 		.ascii	"CYBLE_EVT_GATT_CONNECT_IND\000"
 731      455F4556 
ARM GAS  C:\Users\Henny\AppData\Local\Temp\ccDyl1Dj.s 			page 19


 731      545F4741 
 731      54545F43 
 731      4F4E4E45 
 732              	.LASF5:
 733 0579 6C6F6E67 		.ascii	"long unsigned int\000"
 733      20756E73 
 733      69676E65 
 733      6420696E 
 733      7400
 734              	.LASF21:
 735 058b 4359424C 		.ascii	"CYBLE_EVT_GAP_AUTH_REQ\000"
 735      455F4556 
 735      545F4741 
 735      505F4155 
 735      54485F52 
 736              	.LASF70:
 737 05a2 4359424C 		.ascii	"CYBLE_EVT_L2CAP_CBFC_DISCONN_IND\000"
 737      455F4556 
 737      545F4C32 
 737      4341505F 
 737      43424643 
 738              	.LASF29:
 739 05c3 4359424C 		.ascii	"CYBLE_EVT_GAP_ENCRYPT_CHANGE\000"
 739      455F4556 
 739      545F4741 
 739      505F454E 
 739      43525950 
 740              	.LASF64:
 741 05e0 4359424C 		.ascii	"CYBLE_EVT_GATTC_LONG_PROCEDURE_END\000"
 741      455F4556 
 741      545F4741 
 741      5454435F 
 741      4C4F4E47 
 742              	.LASF32:
 743 0603 4359424C 		.ascii	"CYBLE_EVT_GAP_KEYINFO_EXCHNGE_CMPLT\000"
 743      455F4556 
 743      545F4741 
 743      505F4B45 
 743      59494E46 
 744              	.LASF30:
 745 0627 4359424C 		.ascii	"CYBLE_EVT_GAP_CONNECTION_UPDATE_COMPLETE\000"
 745      455F4556 
 745      545F4741 
 745      505F434F 
 745      4E4E4543 
 746              	.LASF39:
 747 0650 4359424C 		.ascii	"CYBLE_EVT_GAP_SMP_NEGOTIATED_AUTH_INFO\000"
 747      455F4556 
 747      545F4741 
 747      505F534D 
 747      505F4E45 
 748              	.LASF11:
 749 0677 63686172 		.ascii	"char\000"
 749      00
 750              	.LASF67:
 751 067c 4359424C 		.ascii	"CYBLE_EVT_L2CAP_COMMAND_REJ\000"
 751      455F4556 
ARM GAS  C:\Users\Henny\AppData\Local\Temp\ccDyl1Dj.s 			page 20


 751      545F4C32 
 751      4341505F 
 751      434F4D4D 
 752              	.LASF3:
 753 0698 73686F72 		.ascii	"short unsigned int\000"
 753      7420756E 
 753      7369676E 
 753      65642069 
 753      6E7400
 754              	.LASF50:
 755 06ab 4359424C 		.ascii	"CYBLE_EVT_GATTC_READ_BLOB_RSP\000"
 755      455F4556 
 755      545F4741 
 755      5454435F 
 755      52454144 
 756              	.LASF57:
 757 06c9 4359424C 		.ascii	"CYBLE_EVT_GATTC_EXEC_WRITE_RSP\000"
 757      455F4556 
 757      545F4741 
 757      5454435F 
 757      45584543 
 758              	.LASF31:
 759 06e8 4359424C 		.ascii	"CYBLE_EVT_GAPC_SCAN_START_STOP\000"
 759      455F4556 
 759      545F4741 
 759      50435F53 
 759      43414E5F 
 760              	.LASF76:
 761 0707 4359424C 		.ascii	"CYBLE_EVT_PENDING_FLASH_WRITE\000"
 761      455F4556 
 761      545F5045 
 761      4E44494E 
 761      475F464C 
 762              	.LASF73:
 763 0725 4359424C 		.ascii	"CYBLE_EVT_L2CAP_CBFC_RX_CREDIT_IND\000"
 763      455F4556 
 763      545F4C32 
 763      4341505F 
 763      43424643 
 764              	.LASF10:
 765 0748 646F7562 		.ascii	"double\000"
 765      6C6500
 766              	.LASF74:
 767 074f 4359424C 		.ascii	"CYBLE_EVT_L2CAP_CBFC_TX_CREDIT_IND\000"
 767      455F4556 
 767      545F4C32 
 767      4341505F 
 767      43424643 
 768              	.LASF81:
 769 0772 63757374 		.ascii	"customServCharHandle\000"
 769      6F6D5365 
 769      72764368 
 769      61724861 
 769      6E646C65 
 770              	.LASF16:
 771 0787 4359424C 		.ascii	"CYBLE_EVT_HARDWARE_ERROR\000"
 771      455F4556 
ARM GAS  C:\Users\Henny\AppData\Local\Temp\ccDyl1Dj.s 			page 21


 771      545F4841 
 771      52445741 
 771      52455F45 
 772              	.LASF72:
 773 07a0 4359424C 		.ascii	"CYBLE_EVT_L2CAP_CBFC_DATA_READ\000"
 773      455F4556 
 773      545F4C32 
 773      4341505F 
 773      43424643 
 774              	.LASF66:
 775 07bf 4359424C 		.ascii	"CYBLE_EVT_L2CAP_CONN_PARAM_UPDATE_RSP\000"
 775      455F4556 
 775      545F4C32 
 775      4341505F 
 775      434F4E4E 
 776              	.LASF20:
 777 07e5 4359424C 		.ascii	"CYBLE_EVT_GAPC_SCAN_PROGRESS_RESULT\000"
 777      455F4556 
 777      545F4741 
 777      50435F53 
 777      43414E5F 
 778              	.LASF45:
 779 0809 4359424C 		.ascii	"CYBLE_EVT_GATTC_READ_BY_GROUP_TYPE_RSP\000"
 779      455F4556 
 779      545F4741 
 779      5454435F 
 779      52454144 
 780              	.LASF54:
 781 0830 4359424C 		.ascii	"CYBLE_EVT_GATTS_WRITE_CMD_REQ\000"
 781      455F4556 
 781      545F4741 
 781      5454535F 
 781      57524954 
 782              	.LASF46:
 783 084e 4359424C 		.ascii	"CYBLE_EVT_GATTC_READ_BY_TYPE_RSP\000"
 783      455F4556 
 783      545F4741 
 783      5454435F 
 783      52454144 
 784              	.LASF44:
 785 086f 4359424C 		.ascii	"CYBLE_EVT_GATTC_XCHNG_MTU_RSP\000"
 785      455F4556 
 785      545F4741 
 785      5454435F 
 785      5843484E 
 786              	.LASF75:
 787 088d 4359424C 		.ascii	"CYBLE_EVT_L2CAP_CBFC_DATA_WRITE_IND\000"
 787      455F4556 
 787      545F4C32 
 787      4341505F 
 787      43424643 
 788              	.LASF15:
 789 08b1 4359424C 		.ascii	"CYBLE_EVT_TIMEOUT\000"
 789      455F4556 
 789      545F5449 
 789      4D454F55 
 789      5400
ARM GAS  C:\Users\Henny\AppData\Local\Temp\ccDyl1Dj.s 			page 22


 790              	.LASF78:
 791 08c3 4359424C 		.ascii	"CYBLE_EVT_MAX\000"
 791      455F4556 
 791      545F4D41 
 791      5800
 792              	.LASF63:
 793 08d1 4359424C 		.ascii	"CYBLE_EVT_GATTS_READ_CHAR_VAL_ACCESS_REQ\000"
 793      455F4556 
 793      545F4741 
 793      5454535F 
 793      52454144 
 794              	.LASF62:
 795 08fa 4359424C 		.ascii	"CYBLE_EVT_GATTC_STOP_CMD_COMPLETE\000"
 795      455F4556 
 795      545F4741 
 795      5454435F 
 795      53544F50 
 796              	.LASF87:
 797 091c 474E5520 		.ascii	"GNU C 4.9.3 20150303 (release) [ARM/embedded-4_9-br"
 797      4320342E 
 797      392E3320 
 797      32303135 
 797      30333033 
 798 094f 616E6368 		.ascii	"anch revision 221220] -mcpu=cortex-m0 -mthumb -g -O"
 798      20726576 
 798      6973696F 
 798      6E203232 
 798      31323230 
 799 0982 67202D66 		.ascii	"g -ffunction-sections -ffat-lto-objects\000"
 799      66756E63 
 799      74696F6E 
 799      2D736563 
 799      74696F6E 
 800              	.LASF56:
 801 09aa 4359424C 		.ascii	"CYBLE_EVT_GATTS_EXEC_WRITE_REQ\000"
 801      455F4556 
 801      545F4741 
 801      5454535F 
 801      45584543 
 802              	.LASF80:
 803 09c9 4359424C 		.ascii	"CYBLE_GATT_DB_ATTR_HANDLE_T\000"
 803      455F4741 
 803      54545F44 
 803      425F4154 
 803      54525F48 
 804              	.LASF91:
 805 09e5 6379426C 		.ascii	"cyBle_customs\000"
 805      655F6375 
 805      73746F6D 
 805      7300
 806              	.LASF61:
 807 09f3 4359424C 		.ascii	"CYBLE_EVT_GATTS_DATA_SIGNED_CMD_REQ\000"
 807      455F4556 
 807      545F4741 
 807      5454535F 
 807      44415441 
 808              	.LASF42:
ARM GAS  C:\Users\Henny\AppData\Local\Temp\ccDyl1Dj.s 			page 23


 809 0a17 4359424C 		.ascii	"CYBLE_EVT_GATT_DISCONNECT_IND\000"
 809      455F4556 
 809      545F4741 
 809      54545F44 
 809      4953434F 
 810              	.LASF35:
 811 0a35 4359424C 		.ascii	"CYBLE_EVT_GAP_OOB_GENERATED_NOTIFICATION\000"
 811      455F4556 
 811      545F4741 
 811      505F4F4F 
 811      425F4745 
 812              		.ident	"GCC: (GNU Tools for ARM Embedded Processors) 4.9.3 20150303 (release) [ARM/embedded-4_9-br
