ARM GAS  C:\Users\Henny\AppData\Local\Temp\ccRPona7.s 			page 1


   1              		.cpu cortex-m0
   2              		.fpu softvfp
   3              		.eabi_attribute 20, 1
   4              		.eabi_attribute 21, 1
   5              		.eabi_attribute 23, 3
   6              		.eabi_attribute 24, 1
   7              		.eabi_attribute 25, 1
   8              		.eabi_attribute 26, 1
   9              		.eabi_attribute 30, 6
  10              		.eabi_attribute 34, 0
  11              		.eabi_attribute 18, 4
  12              		.code	16
  13              		.file	"BLE_dis.c"
  14              		.text
  15              	.Ltext0:
  16              		.cfi_sections	.debug_frame
  17              		.global	cyBle_diss
  18              		.section	.rodata
  19              		.align	2
  20              		.type	cyBle_diss, %object
  21              		.size	cyBle_diss, 20
  22              	cyBle_diss:
  23 0000 0C00     		.short	12
  24 0002 0E00     		.short	14
  25 0004 1000     		.short	16
  26 0006 0000     		.short	0
  27 0008 1200     		.short	18
  28 000a 0000     		.short	0
  29 000c 0000     		.short	0
  30 000e 0000     		.short	0
  31 0010 0000     		.short	0
  32 0012 0000     		.short	0
  33              		.section	.text.CyBle_DisInit,"ax",%progbits
  34              		.align	2
  35              		.global	CyBle_DisInit
  36              		.code	16
  37              		.thumb_func
  38              		.type	CyBle_DisInit, %function
  39              	CyBle_DisInit:
  40              	.LFB2:
  41              		.file 1 ".\\Generated_Source\\PSoC4\\BLE_dis.c"
   1:.\Generated_Source\PSoC4/BLE_dis.c **** /***************************************************************************//**
   2:.\Generated_Source\PSoC4/BLE_dis.c **** * \file CYBLE_dis.c
   3:.\Generated_Source\PSoC4/BLE_dis.c **** * \version 2.30
   4:.\Generated_Source\PSoC4/BLE_dis.c **** * 
   5:.\Generated_Source\PSoC4/BLE_dis.c **** * \brief
   6:.\Generated_Source\PSoC4/BLE_dis.c **** *  Contains the source code for the Device Information Service.
   7:.\Generated_Source\PSoC4/BLE_dis.c **** * 
   8:.\Generated_Source\PSoC4/BLE_dis.c **** ********************************************************************************
   9:.\Generated_Source\PSoC4/BLE_dis.c **** * \copyright
  10:.\Generated_Source\PSoC4/BLE_dis.c **** * Copyright 2014-2015, Cypress Semiconductor Corporation.  All rights reserved.
  11:.\Generated_Source\PSoC4/BLE_dis.c **** * You may use this file only in accordance with the license, terms, conditions,
  12:.\Generated_Source\PSoC4/BLE_dis.c **** * disclaimers, and limitations in the end user license agreement accompanying
  13:.\Generated_Source\PSoC4/BLE_dis.c **** * the software package with which this file was provided.
  14:.\Generated_Source\PSoC4/BLE_dis.c **** *******************************************************************************/
  15:.\Generated_Source\PSoC4/BLE_dis.c **** 
  16:.\Generated_Source\PSoC4/BLE_dis.c **** 
ARM GAS  C:\Users\Henny\AppData\Local\Temp\ccRPona7.s 			page 2


  17:.\Generated_Source\PSoC4/BLE_dis.c **** #include "BLE_eventHandler.h"
  18:.\Generated_Source\PSoC4/BLE_dis.c **** 
  19:.\Generated_Source\PSoC4/BLE_dis.c **** #ifdef CYBLE_DIS_SERVER
  20:.\Generated_Source\PSoC4/BLE_dis.c **** 
  21:.\Generated_Source\PSoC4/BLE_dis.c **** const CYBLE_DISS_T cyBle_diss =
  22:.\Generated_Source\PSoC4/BLE_dis.c **** {
  23:.\Generated_Source\PSoC4/BLE_dis.c ****     0x000Cu,    /* Handle of the DIS service */
  24:.\Generated_Source\PSoC4/BLE_dis.c ****     {
  25:.\Generated_Source\PSoC4/BLE_dis.c ****         0x000Eu, /* Handle of the Manufacturer Name String characteristic */ 
  26:.\Generated_Source\PSoC4/BLE_dis.c ****         0x0010u, /* Handle of the Model Number String characteristic */ 
  27:.\Generated_Source\PSoC4/BLE_dis.c ****         CYBLE_GATT_INVALID_ATTR_HANDLE_VALUE, /* Handle of the Serial Number String characteristic 
  28:.\Generated_Source\PSoC4/BLE_dis.c ****         0x0012u, /* Handle of the Hardware Revision String characteristic */ 
  29:.\Generated_Source\PSoC4/BLE_dis.c ****         CYBLE_GATT_INVALID_ATTR_HANDLE_VALUE, /* Handle of the Firmware Revision String characteris
  30:.\Generated_Source\PSoC4/BLE_dis.c ****         CYBLE_GATT_INVALID_ATTR_HANDLE_VALUE, /* Handle of the Software Revision String characteris
  31:.\Generated_Source\PSoC4/BLE_dis.c ****         CYBLE_GATT_INVALID_ATTR_HANDLE_VALUE, /* Handle of the System ID characteristic */ 
  32:.\Generated_Source\PSoC4/BLE_dis.c ****         CYBLE_GATT_INVALID_ATTR_HANDLE_VALUE, /* Handle of the IEEE 11073-20601 Regulatory Certific
  33:.\Generated_Source\PSoC4/BLE_dis.c ****         CYBLE_GATT_INVALID_ATTR_HANDLE_VALUE, /* Handle of the PnP ID characteristic */ 
  34:.\Generated_Source\PSoC4/BLE_dis.c ****     },
  35:.\Generated_Source\PSoC4/BLE_dis.c **** };
  36:.\Generated_Source\PSoC4/BLE_dis.c **** 
  37:.\Generated_Source\PSoC4/BLE_dis.c **** #endif /* CYBLE_DIS_SERVER */
  38:.\Generated_Source\PSoC4/BLE_dis.c **** 
  39:.\Generated_Source\PSoC4/BLE_dis.c **** #ifdef CYBLE_DIS_CLIENT
  40:.\Generated_Source\PSoC4/BLE_dis.c **** 
  41:.\Generated_Source\PSoC4/BLE_dis.c **** CYBLE_DISC_T cyBle_disc;
  42:.\Generated_Source\PSoC4/BLE_dis.c **** static CYBLE_GATT_DB_ATTR_HANDLE_T cyBle_discReqHandle;
  43:.\Generated_Source\PSoC4/BLE_dis.c **** static CYBLE_CALLBACK_T CyBle_DisApplCallback = NULL;
  44:.\Generated_Source\PSoC4/BLE_dis.c **** 
  45:.\Generated_Source\PSoC4/BLE_dis.c **** #endif /* (CYBLE_DIS_CLIENT) */
  46:.\Generated_Source\PSoC4/BLE_dis.c **** 
  47:.\Generated_Source\PSoC4/BLE_dis.c **** 
  48:.\Generated_Source\PSoC4/BLE_dis.c **** /****************************************************************************** 
  49:.\Generated_Source\PSoC4/BLE_dis.c **** * Function Name: CyBle_DisInit
  50:.\Generated_Source\PSoC4/BLE_dis.c **** ***************************************************************************//**
  51:.\Generated_Source\PSoC4/BLE_dis.c **** * 
  52:.\Generated_Source\PSoC4/BLE_dis.c **** *  This function initializes the DIS service.
  53:.\Generated_Source\PSoC4/BLE_dis.c **** * 
  54:.\Generated_Source\PSoC4/BLE_dis.c **** * \return
  55:.\Generated_Source\PSoC4/BLE_dis.c **** *  None
  56:.\Generated_Source\PSoC4/BLE_dis.c **** * 
  57:.\Generated_Source\PSoC4/BLE_dis.c **** ******************************************************************************/
  58:.\Generated_Source\PSoC4/BLE_dis.c **** void CyBle_DisInit(void)
  59:.\Generated_Source\PSoC4/BLE_dis.c **** {
  42              		.loc 1 59 0
  43              		.cfi_startproc
  44 0000 80B5     		push	{r7, lr}
  45              		.cfi_def_cfa_offset 8
  46              		.cfi_offset 7, -8
  47              		.cfi_offset 14, -4
  48 0002 00AF     		add	r7, sp, #0
  49              		.cfi_def_cfa_register 7
  60:.\Generated_Source\PSoC4/BLE_dis.c **** 
  61:.\Generated_Source\PSoC4/BLE_dis.c **** #ifdef CYBLE_DIS_CLIENT
  62:.\Generated_Source\PSoC4/BLE_dis.c **** 
  63:.\Generated_Source\PSoC4/BLE_dis.c ****     (void)memset(&cyBle_disc, 0, sizeof(cyBle_disc));
  64:.\Generated_Source\PSoC4/BLE_dis.c ****     cyBle_discReqHandle = CYBLE_GATT_INVALID_ATTR_HANDLE_VALUE;
  65:.\Generated_Source\PSoC4/BLE_dis.c **** 
ARM GAS  C:\Users\Henny\AppData\Local\Temp\ccRPona7.s 			page 3


  66:.\Generated_Source\PSoC4/BLE_dis.c **** #endif /* CYBLE_DIS_CLIENT */
  67:.\Generated_Source\PSoC4/BLE_dis.c **** 
  68:.\Generated_Source\PSoC4/BLE_dis.c **** }
  50              		.loc 1 68 0
  51 0004 BD46     		mov	sp, r7
  52              		@ sp needed
  53 0006 80BD     		pop	{r7, pc}
  54              		.cfi_endproc
  55              	.LFE2:
  56              		.size	CyBle_DisInit, .-CyBle_DisInit
  57              		.section	.text.CyBle_DisRegisterAttrCallback,"ax",%progbits
  58              		.align	2
  59              		.global	CyBle_DisRegisterAttrCallback
  60              		.code	16
  61              		.thumb_func
  62              		.type	CyBle_DisRegisterAttrCallback, %function
  63              	CyBle_DisRegisterAttrCallback:
  64              	.LFB3:
  69:.\Generated_Source\PSoC4/BLE_dis.c **** 
  70:.\Generated_Source\PSoC4/BLE_dis.c **** 
  71:.\Generated_Source\PSoC4/BLE_dis.c **** /****************************************************************************** 
  72:.\Generated_Source\PSoC4/BLE_dis.c **** * Function Name: CyBle_DisRegisterAttrCallback
  73:.\Generated_Source\PSoC4/BLE_dis.c **** ***************************************************************************//**
  74:.\Generated_Source\PSoC4/BLE_dis.c **** * 
  75:.\Generated_Source\PSoC4/BLE_dis.c **** *  Registers a callback function for service specific attribute operations.
  76:.\Generated_Source\PSoC4/BLE_dis.c **** *  Callback doesn't have events in server role.
  77:.\Generated_Source\PSoC4/BLE_dis.c **** * 
  78:.\Generated_Source\PSoC4/BLE_dis.c **** *  \param callbackFunc: An application layer event callback function to receive 
  79:.\Generated_Source\PSoC4/BLE_dis.c **** *                    events from the BLE Component. The definition of 
  80:.\Generated_Source\PSoC4/BLE_dis.c **** *                    CYBLE_CALLBACK_T for Device Information Service is:\n
  81:.\Generated_Source\PSoC4/BLE_dis.c **** *                    typedef void (* CYBLE_CALLBACK_T) (uint32 eventCode, 
  82:.\Generated_Source\PSoC4/BLE_dis.c **** *                                                       void *eventParam)
  83:.\Generated_Source\PSoC4/BLE_dis.c **** *                    * eventCode indicates the event that triggered this 
  84:.\Generated_Source\PSoC4/BLE_dis.c **** *                      callback.
  85:.\Generated_Source\PSoC4/BLE_dis.c **** *                    * eventParam contains the parameters corresponding to the 
  86:.\Generated_Source\PSoC4/BLE_dis.c **** *                      current event.
  87:.\Generated_Source\PSoC4/BLE_dis.c **** * 
  88:.\Generated_Source\PSoC4/BLE_dis.c **** * \return
  89:.\Generated_Source\PSoC4/BLE_dis.c **** *  None
  90:.\Generated_Source\PSoC4/BLE_dis.c **** *
  91:.\Generated_Source\PSoC4/BLE_dis.c **** * \events
  92:.\Generated_Source\PSoC4/BLE_dis.c **** *  None
  93:.\Generated_Source\PSoC4/BLE_dis.c **** *
  94:.\Generated_Source\PSoC4/BLE_dis.c **** ******************************************************************************/
  95:.\Generated_Source\PSoC4/BLE_dis.c **** void CyBle_DisRegisterAttrCallback(CYBLE_CALLBACK_T callbackFunc)
  96:.\Generated_Source\PSoC4/BLE_dis.c **** {
  65              		.loc 1 96 0
  66              		.cfi_startproc
  67 0000 80B5     		push	{r7, lr}
  68              		.cfi_def_cfa_offset 8
  69              		.cfi_offset 7, -8
  70              		.cfi_offset 14, -4
  71 0002 82B0     		sub	sp, sp, #8
  72              		.cfi_def_cfa_offset 16
  73 0004 00AF     		add	r7, sp, #0
  74              		.cfi_def_cfa_register 7
  75 0006 7860     		str	r0, [r7, #4]
ARM GAS  C:\Users\Henny\AppData\Local\Temp\ccRPona7.s 			page 4


  97:.\Generated_Source\PSoC4/BLE_dis.c ****     
  98:.\Generated_Source\PSoC4/BLE_dis.c **** #ifdef CYBLE_DIS_CLIENT
  99:.\Generated_Source\PSoC4/BLE_dis.c ****     CyBle_DisApplCallback = callbackFunc;
 100:.\Generated_Source\PSoC4/BLE_dis.c **** #else
 101:.\Generated_Source\PSoC4/BLE_dis.c ****     if(callbackFunc != NULL) /* Callback doesn't have events in server role */
 102:.\Generated_Source\PSoC4/BLE_dis.c ****     {
 103:.\Generated_Source\PSoC4/BLE_dis.c ****     }
 104:.\Generated_Source\PSoC4/BLE_dis.c **** #endif /* CYBLE_DIS_CLIENT */
 105:.\Generated_Source\PSoC4/BLE_dis.c ****     
 106:.\Generated_Source\PSoC4/BLE_dis.c **** }
  76              		.loc 1 106 0
  77 0008 BD46     		mov	sp, r7
  78 000a 02B0     		add	sp, sp, #8
  79              		@ sp needed
  80 000c 80BD     		pop	{r7, pc}
  81              		.cfi_endproc
  82              	.LFE3:
  83              		.size	CyBle_DisRegisterAttrCallback, .-CyBle_DisRegisterAttrCallback
  84 000e C046     		.section	.text.CyBle_DissSetCharacteristicValue,"ax",%progbits
  85              		.align	2
  86              		.global	CyBle_DissSetCharacteristicValue
  87              		.code	16
  88              		.thumb_func
  89              		.type	CyBle_DissSetCharacteristicValue, %function
  90              	CyBle_DissSetCharacteristicValue:
  91              	.LFB4:
 107:.\Generated_Source\PSoC4/BLE_dis.c **** 
 108:.\Generated_Source\PSoC4/BLE_dis.c **** #ifdef CYBLE_DIS_SERVER
 109:.\Generated_Source\PSoC4/BLE_dis.c **** 
 110:.\Generated_Source\PSoC4/BLE_dis.c **** 
 111:.\Generated_Source\PSoC4/BLE_dis.c **** /******************************************************************************
 112:.\Generated_Source\PSoC4/BLE_dis.c **** * Function Name: CyBle_DissSetCharacteristicValue
 113:.\Generated_Source\PSoC4/BLE_dis.c **** ***************************************************************************//**
 114:.\Generated_Source\PSoC4/BLE_dis.c **** * 
 115:.\Generated_Source\PSoC4/BLE_dis.c **** *  Sets a characteristic value of the service, which is identified by charIndex,
 116:.\Generated_Source\PSoC4/BLE_dis.c **** *  to the local database.
 117:.\Generated_Source\PSoC4/BLE_dis.c **** * 
 118:.\Generated_Source\PSoC4/BLE_dis.c **** * 
 119:.\Generated_Source\PSoC4/BLE_dis.c **** *  \param charIndex: The index of a service characteristic.
 120:.\Generated_Source\PSoC4/BLE_dis.c **** *  \param attrSize: The size of the characteristic value attribute.
 121:.\Generated_Source\PSoC4/BLE_dis.c **** *  \param *attrValue: The pointer to the characteristic value data that should be
 122:.\Generated_Source\PSoC4/BLE_dis.c **** *                   stored to the GATT database.
 123:.\Generated_Source\PSoC4/BLE_dis.c **** * 
 124:.\Generated_Source\PSoC4/BLE_dis.c **** * \return
 125:.\Generated_Source\PSoC4/BLE_dis.c **** *  Return value is of type CYBLE_API_RESULT_T.
 126:.\Generated_Source\PSoC4/BLE_dis.c **** *  * CYBLE_ERROR_OK - The request handled successfully
 127:.\Generated_Source\PSoC4/BLE_dis.c **** *  * CYBLE_ERROR_INVALID_PARAMETER - Validation of the input parameter failed
 128:.\Generated_Source\PSoC4/BLE_dis.c **** *
 129:.\Generated_Source\PSoC4/BLE_dis.c **** * \events
 130:.\Generated_Source\PSoC4/BLE_dis.c **** *  None
 131:.\Generated_Source\PSoC4/BLE_dis.c **** *
 132:.\Generated_Source\PSoC4/BLE_dis.c **** ******************************************************************************/
 133:.\Generated_Source\PSoC4/BLE_dis.c **** CYBLE_API_RESULT_T CyBle_DissSetCharacteristicValue(CYBLE_DIS_CHAR_INDEX_T charIndex, uint8 attrSiz
 134:.\Generated_Source\PSoC4/BLE_dis.c **** {
  92              		.loc 1 134 0
  93              		.cfi_startproc
  94 0000 80B5     		push	{r7, lr}
ARM GAS  C:\Users\Henny\AppData\Local\Temp\ccRPona7.s 			page 5


  95              		.cfi_def_cfa_offset 8
  96              		.cfi_offset 7, -8
  97              		.cfi_offset 14, -4
  98 0002 86B0     		sub	sp, sp, #24
  99              		.cfi_def_cfa_offset 32
 100 0004 00AF     		add	r7, sp, #0
 101              		.cfi_def_cfa_register 7
 102 0006 3A60     		str	r2, [r7]
 103 0008 FB1D     		add	r3, r7, #7
 104 000a 021C     		add	r2, r0, #0
 105 000c 1A70     		strb	r2, [r3]
 106 000e BB1D     		add	r3, r7, #6
 107 0010 0A1C     		add	r2, r1, #0
 108 0012 1A70     		strb	r2, [r3]
 135:.\Generated_Source\PSoC4/BLE_dis.c ****     CYBLE_API_RESULT_T apiResult = CYBLE_ERROR_OK;
 109              		.loc 1 135 0
 110 0014 1623     		mov	r3, #22
 111 0016 FB18     		add	r3, r7, r3
 112 0018 0022     		mov	r2, #0
 113 001a 1A80     		strh	r2, [r3]
 136:.\Generated_Source\PSoC4/BLE_dis.c ****     CYBLE_GATT_HANDLE_VALUE_PAIR_T locHandleValuePair;
 137:.\Generated_Source\PSoC4/BLE_dis.c **** 
 138:.\Generated_Source\PSoC4/BLE_dis.c ****     if(charIndex >= CYBLE_DIS_CHAR_COUNT)
 114              		.loc 1 138 0
 115 001c FB1D     		add	r3, r7, #7
 116 001e 1B78     		ldrb	r3, [r3]
 117 0020 082B     		cmp	r3, #8
 118 0022 04D9     		bls	.L4
 139:.\Generated_Source\PSoC4/BLE_dis.c ****     {
 140:.\Generated_Source\PSoC4/BLE_dis.c ****         apiResult = CYBLE_ERROR_INVALID_PARAMETER;
 119              		.loc 1 140 0
 120 0024 1623     		mov	r3, #22
 121 0026 FB18     		add	r3, r7, r3
 122 0028 0122     		mov	r2, #1
 123 002a 1A80     		strh	r2, [r3]
 124 002c 20E0     		b	.L5
 125              	.L4:
 141:.\Generated_Source\PSoC4/BLE_dis.c ****     }
 142:.\Generated_Source\PSoC4/BLE_dis.c ****     else
 143:.\Generated_Source\PSoC4/BLE_dis.c ****     {
 144:.\Generated_Source\PSoC4/BLE_dis.c ****         /* Store data in database */
 145:.\Generated_Source\PSoC4/BLE_dis.c ****         locHandleValuePair.attrHandle = cyBle_diss.charHandle[charIndex];
 126              		.loc 1 145 0
 127 002e FB1D     		add	r3, r7, #7
 128 0030 1B78     		ldrb	r3, [r3]
 129 0032 134A     		ldr	r2, .L7
 130 0034 5B00     		lsl	r3, r3, #1
 131 0036 D318     		add	r3, r2, r3
 132 0038 5A88     		ldrh	r2, [r3, #2]
 133 003a 0823     		mov	r3, #8
 134 003c FB18     		add	r3, r7, r3
 135 003e 1A81     		strh	r2, [r3, #8]
 146:.\Generated_Source\PSoC4/BLE_dis.c ****         locHandleValuePair.value.len = attrSize;
 136              		.loc 1 146 0
 137 0040 BB1D     		add	r3, r7, #6
 138 0042 1B78     		ldrb	r3, [r3]
 139 0044 9AB2     		uxth	r2, r3
ARM GAS  C:\Users\Henny\AppData\Local\Temp\ccRPona7.s 			page 6


 140 0046 0823     		mov	r3, #8
 141 0048 FB18     		add	r3, r7, r3
 142 004a 9A80     		strh	r2, [r3, #4]
 147:.\Generated_Source\PSoC4/BLE_dis.c ****         locHandleValuePair.value.val = attrValue;
 143              		.loc 1 147 0
 144 004c 0823     		mov	r3, #8
 145 004e FB18     		add	r3, r7, r3
 146 0050 3A68     		ldr	r2, [r7]
 147 0052 1A60     		str	r2, [r3]
 148:.\Generated_Source\PSoC4/BLE_dis.c ****         if(CYBLE_GATT_ERR_NONE !=
 149:.\Generated_Source\PSoC4/BLE_dis.c ****             CyBle_GattsWriteAttributeValue(&locHandleValuePair, 0u, NULL, CYBLE_GATT_DB_LOCALLY_INI
 148              		.loc 1 149 0
 149 0054 0823     		mov	r3, #8
 150 0056 FB18     		add	r3, r7, r3
 151 0058 181C     		mov	r0, r3
 152 005a 0021     		mov	r1, #0
 153 005c 0022     		mov	r2, #0
 154 005e 0023     		mov	r3, #0
 155 0060 FFF7FEFF 		bl	CyBle_GattsWriteAttributeValue
 156 0064 031E     		sub	r3, r0, #0
 148:.\Generated_Source\PSoC4/BLE_dis.c ****         if(CYBLE_GATT_ERR_NONE !=
 157              		.loc 1 148 0
 158 0066 03D0     		beq	.L5
 150:.\Generated_Source\PSoC4/BLE_dis.c ****         {
 151:.\Generated_Source\PSoC4/BLE_dis.c ****             apiResult = CYBLE_ERROR_INVALID_PARAMETER;
 159              		.loc 1 151 0
 160 0068 1623     		mov	r3, #22
 161 006a FB18     		add	r3, r7, r3
 162 006c 0122     		mov	r2, #1
 163 006e 1A80     		strh	r2, [r3]
 164              	.L5:
 152:.\Generated_Source\PSoC4/BLE_dis.c ****         }
 153:.\Generated_Source\PSoC4/BLE_dis.c ****     }
 154:.\Generated_Source\PSoC4/BLE_dis.c ****     return (apiResult);
 165              		.loc 1 154 0
 166 0070 1623     		mov	r3, #22
 167 0072 FB18     		add	r3, r7, r3
 168 0074 1B88     		ldrh	r3, [r3]
 155:.\Generated_Source\PSoC4/BLE_dis.c **** }
 169              		.loc 1 155 0
 170 0076 181C     		mov	r0, r3
 171 0078 BD46     		mov	sp, r7
 172 007a 06B0     		add	sp, sp, #24
 173              		@ sp needed
 174 007c 80BD     		pop	{r7, pc}
 175              	.L8:
 176 007e C046     		.align	2
 177              	.L7:
 178 0080 00000000 		.word	cyBle_diss
 179              		.cfi_endproc
 180              	.LFE4:
 181              		.size	CyBle_DissSetCharacteristicValue, .-CyBle_DissSetCharacteristicValue
 182              		.section	.text.CyBle_DissGetCharacteristicValue,"ax",%progbits
 183              		.align	2
 184              		.global	CyBle_DissGetCharacteristicValue
 185              		.code	16
 186              		.thumb_func
ARM GAS  C:\Users\Henny\AppData\Local\Temp\ccRPona7.s 			page 7


 187              		.type	CyBle_DissGetCharacteristicValue, %function
 188              	CyBle_DissGetCharacteristicValue:
 189              	.LFB5:
 156:.\Generated_Source\PSoC4/BLE_dis.c **** 
 157:.\Generated_Source\PSoC4/BLE_dis.c **** 
 158:.\Generated_Source\PSoC4/BLE_dis.c **** /******************************************************************************
 159:.\Generated_Source\PSoC4/BLE_dis.c **** * Function Name: CyBle_DissGetCharacteristicValue
 160:.\Generated_Source\PSoC4/BLE_dis.c **** ***************************************************************************//**
 161:.\Generated_Source\PSoC4/BLE_dis.c **** * 
 162:.\Generated_Source\PSoC4/BLE_dis.c **** *  Gets a characteristic value of the service, which is identified by charIndex,
 163:.\Generated_Source\PSoC4/BLE_dis.c **** *  from the GATT database.
 164:.\Generated_Source\PSoC4/BLE_dis.c **** * 
 165:.\Generated_Source\PSoC4/BLE_dis.c **** *  \param charIndex: The index of a service characteristic.
 166:.\Generated_Source\PSoC4/BLE_dis.c **** *  \param attrSize: The size of the characteristic value attribute.
 167:.\Generated_Source\PSoC4/BLE_dis.c **** *  \param *attrValue: The pointer to the location where characteristic value data
 168:.\Generated_Source\PSoC4/BLE_dis.c **** *               should be stored.
 169:.\Generated_Source\PSoC4/BLE_dis.c **** * 
 170:.\Generated_Source\PSoC4/BLE_dis.c **** * \return
 171:.\Generated_Source\PSoC4/BLE_dis.c **** *  Return value is of type CYBLE_API_RESULT_T.
 172:.\Generated_Source\PSoC4/BLE_dis.c **** *  Return value is of type CYBLE_API_RESULT_T.
 173:.\Generated_Source\PSoC4/BLE_dis.c **** *  * CYBLE_ERROR_OK - The request handled successfully
 174:.\Generated_Source\PSoC4/BLE_dis.c **** *  * CYBLE_ERROR_INVALID_PARAMETER - Validation of the input parameter failed
 175:.\Generated_Source\PSoC4/BLE_dis.c **** *
 176:.\Generated_Source\PSoC4/BLE_dis.c **** * \events
 177:.\Generated_Source\PSoC4/BLE_dis.c **** *  None
 178:.\Generated_Source\PSoC4/BLE_dis.c **** *
 179:.\Generated_Source\PSoC4/BLE_dis.c **** ******************************************************************************/
 180:.\Generated_Source\PSoC4/BLE_dis.c **** CYBLE_API_RESULT_T CyBle_DissGetCharacteristicValue(CYBLE_DIS_CHAR_INDEX_T charIndex, uint8 attrSiz
 181:.\Generated_Source\PSoC4/BLE_dis.c **** {
 190              		.loc 1 181 0
 191              		.cfi_startproc
 192 0000 80B5     		push	{r7, lr}
 193              		.cfi_def_cfa_offset 8
 194              		.cfi_offset 7, -8
 195              		.cfi_offset 14, -4
 196 0002 86B0     		sub	sp, sp, #24
 197              		.cfi_def_cfa_offset 32
 198 0004 00AF     		add	r7, sp, #0
 199              		.cfi_def_cfa_register 7
 200 0006 3A60     		str	r2, [r7]
 201 0008 FB1D     		add	r3, r7, #7
 202 000a 021C     		add	r2, r0, #0
 203 000c 1A70     		strb	r2, [r3]
 204 000e BB1D     		add	r3, r7, #6
 205 0010 0A1C     		add	r2, r1, #0
 206 0012 1A70     		strb	r2, [r3]
 182:.\Generated_Source\PSoC4/BLE_dis.c ****     CYBLE_API_RESULT_T apiResult = CYBLE_ERROR_OK;
 207              		.loc 1 182 0
 208 0014 1623     		mov	r3, #22
 209 0016 FB18     		add	r3, r7, r3
 210 0018 0022     		mov	r2, #0
 211 001a 1A80     		strh	r2, [r3]
 183:.\Generated_Source\PSoC4/BLE_dis.c ****     CYBLE_GATT_HANDLE_VALUE_PAIR_T locHandleValuePair;
 184:.\Generated_Source\PSoC4/BLE_dis.c **** 
 185:.\Generated_Source\PSoC4/BLE_dis.c ****     if(charIndex >= CYBLE_DIS_CHAR_COUNT)
 212              		.loc 1 185 0
 213 001c FB1D     		add	r3, r7, #7
ARM GAS  C:\Users\Henny\AppData\Local\Temp\ccRPona7.s 			page 8


 214 001e 1B78     		ldrb	r3, [r3]
 215 0020 082B     		cmp	r3, #8
 216 0022 04D9     		bls	.L10
 186:.\Generated_Source\PSoC4/BLE_dis.c ****     {
 187:.\Generated_Source\PSoC4/BLE_dis.c ****         apiResult = CYBLE_ERROR_INVALID_PARAMETER;
 217              		.loc 1 187 0
 218 0024 1623     		mov	r3, #22
 219 0026 FB18     		add	r3, r7, r3
 220 0028 0122     		mov	r2, #1
 221 002a 1A80     		strh	r2, [r3]
 222 002c 1FE0     		b	.L11
 223              	.L10:
 188:.\Generated_Source\PSoC4/BLE_dis.c ****     }
 189:.\Generated_Source\PSoC4/BLE_dis.c ****     else
 190:.\Generated_Source\PSoC4/BLE_dis.c ****     {
 191:.\Generated_Source\PSoC4/BLE_dis.c ****         /* Read characteristic value from database */
 192:.\Generated_Source\PSoC4/BLE_dis.c ****         locHandleValuePair.attrHandle = cyBle_diss.charHandle[charIndex];
 224              		.loc 1 192 0
 225 002e FB1D     		add	r3, r7, #7
 226 0030 1B78     		ldrb	r3, [r3]
 227 0032 124A     		ldr	r2, .L13
 228 0034 5B00     		lsl	r3, r3, #1
 229 0036 D318     		add	r3, r2, r3
 230 0038 5A88     		ldrh	r2, [r3, #2]
 231 003a 0823     		mov	r3, #8
 232 003c FB18     		add	r3, r7, r3
 233 003e 1A81     		strh	r2, [r3, #8]
 193:.\Generated_Source\PSoC4/BLE_dis.c ****         locHandleValuePair.value.len = attrSize;
 234              		.loc 1 193 0
 235 0040 BB1D     		add	r3, r7, #6
 236 0042 1B78     		ldrb	r3, [r3]
 237 0044 9AB2     		uxth	r2, r3
 238 0046 0823     		mov	r3, #8
 239 0048 FB18     		add	r3, r7, r3
 240 004a 9A80     		strh	r2, [r3, #4]
 194:.\Generated_Source\PSoC4/BLE_dis.c ****         locHandleValuePair.value.val = attrValue;
 241              		.loc 1 194 0
 242 004c 0823     		mov	r3, #8
 243 004e FB18     		add	r3, r7, r3
 244 0050 3A68     		ldr	r2, [r7]
 245 0052 1A60     		str	r2, [r3]
 195:.\Generated_Source\PSoC4/BLE_dis.c ****         if(CYBLE_GATT_ERR_NONE !=
 196:.\Generated_Source\PSoC4/BLE_dis.c ****             CyBle_GattsReadAttributeValue(&locHandleValuePair, NULL, CYBLE_GATT_DB_LOCALLY_INITIATE
 246              		.loc 1 196 0
 247 0054 0823     		mov	r3, #8
 248 0056 FB18     		add	r3, r7, r3
 249 0058 181C     		mov	r0, r3
 250 005a 0021     		mov	r1, #0
 251 005c 0022     		mov	r2, #0
 252 005e FFF7FEFF 		bl	CyBle_GattsReadAttributeValue
 253 0062 031E     		sub	r3, r0, #0
 195:.\Generated_Source\PSoC4/BLE_dis.c ****         if(CYBLE_GATT_ERR_NONE !=
 254              		.loc 1 195 0
 255 0064 03D0     		beq	.L11
 197:.\Generated_Source\PSoC4/BLE_dis.c ****         {
 198:.\Generated_Source\PSoC4/BLE_dis.c ****             apiResult = CYBLE_ERROR_INVALID_PARAMETER;
 256              		.loc 1 198 0
ARM GAS  C:\Users\Henny\AppData\Local\Temp\ccRPona7.s 			page 9


 257 0066 1623     		mov	r3, #22
 258 0068 FB18     		add	r3, r7, r3
 259 006a 0122     		mov	r2, #1
 260 006c 1A80     		strh	r2, [r3]
 261              	.L11:
 199:.\Generated_Source\PSoC4/BLE_dis.c ****         }
 200:.\Generated_Source\PSoC4/BLE_dis.c ****     }
 201:.\Generated_Source\PSoC4/BLE_dis.c ****     return (apiResult);
 262              		.loc 1 201 0
 263 006e 1623     		mov	r3, #22
 264 0070 FB18     		add	r3, r7, r3
 265 0072 1B88     		ldrh	r3, [r3]
 202:.\Generated_Source\PSoC4/BLE_dis.c **** }
 266              		.loc 1 202 0
 267 0074 181C     		mov	r0, r3
 268 0076 BD46     		mov	sp, r7
 269 0078 06B0     		add	sp, sp, #24
 270              		@ sp needed
 271 007a 80BD     		pop	{r7, pc}
 272              	.L14:
 273              		.align	2
 274              	.L13:
 275 007c 00000000 		.word	cyBle_diss
 276              		.cfi_endproc
 277              	.LFE5:
 278              		.size	CyBle_DissGetCharacteristicValue, .-CyBle_DissGetCharacteristicValue
 279              		.text
 280              	.Letext0:
 281              		.file 2 ".\\Generated_Source\\PSoC4\\cytypes.h"
 282              		.file 3 ".\\Generated_Source\\PSoC4\\BLE_Stack.h"
 283              		.file 4 ".\\Generated_Source\\PSoC4\\BLE_StackGatt.h"
 284              		.file 5 ".\\Generated_Source\\PSoC4\\BLE.h"
 285              		.file 6 ".\\Generated_Source\\PSoC4\\BLE_dis.h"
 286              		.section	.debug_info,"",%progbits
 287              	.Ldebug_info0:
 288 0000 1D060000 		.4byte	0x61d
 289 0004 0400     		.2byte	0x4
 290 0006 00000000 		.4byte	.Ldebug_abbrev0
 291 000a 04       		.byte	0x4
 292 000b 01       		.uleb128 0x1
 293 000c D1110000 		.4byte	.LASF167
 294 0010 01       		.byte	0x1
 295 0011 FF0B0000 		.4byte	.LASF168
 296 0015 FA040000 		.4byte	.LASF169
 297 0019 00000000 		.4byte	.Ldebug_ranges0+0
 298 001d 00000000 		.4byte	0
 299 0021 00000000 		.4byte	.Ldebug_line0
 300 0025 02       		.uleb128 0x2
 301 0026 01       		.byte	0x1
 302 0027 06       		.byte	0x6
 303 0028 21030000 		.4byte	.LASF0
 304 002c 02       		.uleb128 0x2
 305 002d 01       		.byte	0x1
 306 002e 08       		.byte	0x8
 307 002f A50C0000 		.4byte	.LASF1
 308 0033 02       		.uleb128 0x2
 309 0034 02       		.byte	0x2
ARM GAS  C:\Users\Henny\AppData\Local\Temp\ccRPona7.s 			page 10


 310 0035 05       		.byte	0x5
 311 0036 04090000 		.4byte	.LASF2
 312 003a 02       		.uleb128 0x2
 313 003b 02       		.byte	0x2
 314 003c 07       		.byte	0x7
 315 003d 34100000 		.4byte	.LASF3
 316 0041 02       		.uleb128 0x2
 317 0042 04       		.byte	0x4
 318 0043 05       		.byte	0x5
 319 0044 B7010000 		.4byte	.LASF4
 320 0048 02       		.uleb128 0x2
 321 0049 04       		.byte	0x4
 322 004a 07       		.byte	0x7
 323 004b 35070000 		.4byte	.LASF5
 324 004f 02       		.uleb128 0x2
 325 0050 08       		.byte	0x8
 326 0051 05       		.byte	0x5
 327 0052 13030000 		.4byte	.LASF6
 328 0056 02       		.uleb128 0x2
 329 0057 08       		.byte	0x8
 330 0058 07       		.byte	0x7
 331 0059 30060000 		.4byte	.LASF7
 332 005d 03       		.uleb128 0x3
 333 005e 04       		.byte	0x4
 334 005f 05       		.byte	0x5
 335 0060 696E7400 		.ascii	"int\000"
 336 0064 02       		.uleb128 0x2
 337 0065 04       		.byte	0x4
 338 0066 07       		.byte	0x7
 339 0067 020F0000 		.4byte	.LASF8
 340 006b 04       		.uleb128 0x4
 341 006c 73040000 		.4byte	.LASF9
 342 0070 02       		.byte	0x2
 343 0071 3801     		.2byte	0x138
 344 0073 2C000000 		.4byte	0x2c
 345 0077 04       		.uleb128 0x4
 346 0078 3F000000 		.4byte	.LASF10
 347 007c 02       		.byte	0x2
 348 007d 3901     		.2byte	0x139
 349 007f 3A000000 		.4byte	0x3a
 350 0083 04       		.uleb128 0x4
 351 0084 37050000 		.4byte	.LASF11
 352 0088 02       		.byte	0x2
 353 0089 3A01     		.2byte	0x13a
 354 008b 48000000 		.4byte	0x48
 355 008f 02       		.uleb128 0x2
 356 0090 04       		.byte	0x4
 357 0091 04       		.byte	0x4
 358 0092 F90B0000 		.4byte	.LASF12
 359 0096 02       		.uleb128 0x2
 360 0097 08       		.byte	0x8
 361 0098 04       		.byte	0x4
 362 0099 98040000 		.4byte	.LASF13
 363 009d 02       		.uleb128 0x2
 364 009e 01       		.byte	0x1
 365 009f 08       		.byte	0x8
 366 00a0 A40E0000 		.4byte	.LASF14
ARM GAS  C:\Users\Henny\AppData\Local\Temp\ccRPona7.s 			page 11


 367 00a4 02       		.uleb128 0x2
 368 00a5 04       		.byte	0x4
 369 00a6 07       		.byte	0x7
 370 00a7 370A0000 		.4byte	.LASF15
 371 00ab 05       		.uleb128 0x5
 372 00ac 04       		.byte	0x4
 373 00ad 06       		.uleb128 0x6
 374 00ae 01       		.byte	0x1
 375 00af 03       		.byte	0x3
 376 00b0 A4       		.byte	0xa4
 377 00b1 32020000 		.4byte	0x232
 378 00b5 07       		.uleb128 0x7
 379 00b6 2F080000 		.4byte	.LASF16
 380 00ba 00       		.sleb128 0
 381 00bb 07       		.uleb128 0x7
 382 00bc 2D030000 		.4byte	.LASF17
 383 00c0 01       		.sleb128 1
 384 00c1 07       		.uleb128 0x7
 385 00c2 A5010000 		.4byte	.LASF18
 386 00c6 02       		.sleb128 2
 387 00c7 07       		.uleb128 0x7
 388 00c8 1B100000 		.4byte	.LASF19
 389 00cc 03       		.sleb128 3
 390 00cd 07       		.uleb128 0x7
 391 00ce F8010000 		.4byte	.LASF20
 392 00d2 04       		.sleb128 4
 393 00d3 07       		.uleb128 0x7
 394 00d4 23000000 		.4byte	.LASF21
 395 00d8 05       		.sleb128 5
 396 00d9 07       		.uleb128 0x7
 397 00da B0090000 		.4byte	.LASF22
 398 00de 20       		.sleb128 32
 399 00df 07       		.uleb128 0x7
 400 00e0 A5030000 		.4byte	.LASF23
 401 00e4 21       		.sleb128 33
 402 00e5 07       		.uleb128 0x7
 403 00e6 30110000 		.4byte	.LASF24
 404 00ea 22       		.sleb128 34
 405 00eb 07       		.uleb128 0x7
 406 00ec 0E090000 		.4byte	.LASF25
 407 00f0 23       		.sleb128 35
 408 00f1 07       		.uleb128 0x7
 409 00f2 E40A0000 		.4byte	.LASF26
 410 00f6 24       		.sleb128 36
 411 00f7 07       		.uleb128 0x7
 412 00f8 650A0000 		.4byte	.LASF27
 413 00fc 25       		.sleb128 37
 414 00fd 07       		.uleb128 0x7
 415 00fe 28040000 		.4byte	.LASF28
 416 0102 26       		.sleb128 38
 417 0103 07       		.uleb128 0x7
 418 0104 A9080000 		.4byte	.LASF29
 419 0108 27       		.sleb128 39
 420 0109 07       		.uleb128 0x7
 421 010a E00E0000 		.4byte	.LASF30
 422 010e 28       		.sleb128 40
 423 010f 07       		.uleb128 0x7
ARM GAS  C:\Users\Henny\AppData\Local\Temp\ccRPona7.s 			page 12


 424 0110 82020000 		.4byte	.LASF31
 425 0114 29       		.sleb128 41
 426 0115 07       		.uleb128 0x7
 427 0116 04010000 		.4byte	.LASF32
 428 011a 2A       		.sleb128 42
 429 011b 07       		.uleb128 0x7
 430 011c 2E020000 		.4byte	.LASF33
 431 0120 2B       		.sleb128 43
 432 0121 07       		.uleb128 0x7
 433 0122 93120000 		.4byte	.LASF34
 434 0126 2C       		.sleb128 44
 435 0127 07       		.uleb128 0x7
 436 0128 47100000 		.4byte	.LASF35
 437 012c C000     		.sleb128 64
 438 012e 07       		.uleb128 0x7
 439 012f 42090000 		.4byte	.LASF36
 440 0133 C100     		.sleb128 65
 441 0135 07       		.uleb128 0x7
 442 0136 CE050000 		.4byte	.LASF37
 443 013a C200     		.sleb128 66
 444 013c 07       		.uleb128 0x7
 445 013d E5100000 		.4byte	.LASF38
 446 0141 C300     		.sleb128 67
 447 0143 07       		.uleb128 0x7
 448 0144 84070000 		.4byte	.LASF39
 449 0148 C400     		.sleb128 68
 450 014a 07       		.uleb128 0x7
 451 014b D20B0000 		.4byte	.LASF40
 452 014f C500     		.sleb128 69
 453 0151 07       		.uleb128 0x7
 454 0152 160A0000 		.4byte	.LASF41
 455 0156 C600     		.sleb128 70
 456 0158 07       		.uleb128 0x7
 457 0159 46080000 		.4byte	.LASF42
 458 015d C700     		.sleb128 71
 459 015f 07       		.uleb128 0x7
 460 0160 5F120000 		.4byte	.LASF43
 461 0164 C800     		.sleb128 72
 462 0166 07       		.uleb128 0x7
 463 0167 BC030000 		.4byte	.LASF44
 464 016b C900     		.sleb128 73
 465 016d 07       		.uleb128 0x7
 466 016e 54110000 		.4byte	.LASF45
 467 0172 CA00     		.sleb128 74
 468 0174 07       		.uleb128 0x7
 469 0175 4E010000 		.4byte	.LASF46
 470 0179 CB00     		.sleb128 75
 471 017b 07       		.uleb128 0x7
 472 017c 6A070000 		.4byte	.LASF47
 473 0180 CC00     		.sleb128 76
 474 0182 07       		.uleb128 0x7
 475 0183 7F0A0000 		.4byte	.LASF48
 476 0187 CD00     		.sleb128 77
 477 0189 07       		.uleb128 0x7
 478 018a 0A040000 		.4byte	.LASF49
 479 018e CE00     		.sleb128 78
 480 0190 07       		.uleb128 0x7
ARM GAS  C:\Users\Henny\AppData\Local\Temp\ccRPona7.s 			page 13


 481 0191 FA0D0000 		.4byte	.LASF50
 482 0195 CF00     		.sleb128 79
 483 0197 07       		.uleb128 0x7
 484 0198 6D010000 		.4byte	.LASF51
 485 019c D000     		.sleb128 80
 486 019e 07       		.uleb128 0x7
 487 019f 79040000 		.4byte	.LASF52
 488 01a3 D100     		.sleb128 81
 489 01a5 07       		.uleb128 0x7
 490 01a6 1D0B0000 		.4byte	.LASF53
 491 01aa D200     		.sleb128 82
 492 01ac 07       		.uleb128 0x7
 493 01ad 640D0000 		.4byte	.LASF54
 494 01b1 D300     		.sleb128 83
 495 01b3 07       		.uleb128 0x7
 496 01b4 230E0000 		.4byte	.LASF55
 497 01b8 D400     		.sleb128 84
 498 01ba 07       		.uleb128 0x7
 499 01bb A2070000 		.4byte	.LASF56
 500 01bf D500     		.sleb128 85
 501 01c1 07       		.uleb128 0x7
 502 01c2 4D060000 		.4byte	.LASF57
 503 01c6 D600     		.sleb128 86
 504 01c8 07       		.uleb128 0x7
 505 01c9 0F0F0000 		.4byte	.LASF58
 506 01cd D700     		.sleb128 87
 507 01cf 07       		.uleb128 0x7
 508 01d0 86050000 		.4byte	.LASF59
 509 01d4 F000     		.sleb128 112
 510 01d6 07       		.uleb128 0x7
 511 01d7 EB120000 		.4byte	.LASF60
 512 01db F100     		.sleb128 113
 513 01dd 07       		.uleb128 0x7
 514 01de 5D090000 		.4byte	.LASF61
 515 01e2 F200     		.sleb128 114
 516 01e4 07       		.uleb128 0x7
 517 01e5 F8090000 		.4byte	.LASF62
 518 01e9 F300     		.sleb128 115
 519 01eb 07       		.uleb128 0x7
 520 01ec 8E0B0000 		.4byte	.LASF63
 521 01f0 F400     		.sleb128 116
 522 01f2 07       		.uleb128 0x7
 523 01f3 CA120000 		.4byte	.LASF64
 524 01f7 F500     		.sleb128 117
 525 01f9 07       		.uleb128 0x7
 526 01fa 2D010000 		.4byte	.LASF65
 527 01fe F600     		.sleb128 118
 528 0200 07       		.uleb128 0x7
 529 0201 46000000 		.4byte	.LASF66
 530 0205 F700     		.sleb128 119
 531 0207 07       		.uleb128 0x7
 532 0208 00000000 		.4byte	.LASF67
 533 020c F800     		.sleb128 120
 534 020e 07       		.uleb128 0x7
 535 020f 380F0000 		.4byte	.LASF68
 536 0213 F900     		.sleb128 121
 537 0215 07       		.uleb128 0x7
ARM GAS  C:\Users\Henny\AppData\Local\Temp\ccRPona7.s 			page 14


 538 0216 EC050000 		.4byte	.LASF69
 539 021a FA00     		.sleb128 122
 540 021c 07       		.uleb128 0x7
 541 021d 4D020000 		.4byte	.LASF70
 542 0221 FA01     		.sleb128 250
 543 0223 07       		.uleb128 0x7
 544 0224 A4060000 		.4byte	.LASF71
 545 0228 FB01     		.sleb128 251
 546 022a 07       		.uleb128 0x7
 547 022b 55050000 		.4byte	.LASF72
 548 022f FF01     		.sleb128 255
 549 0231 00       		.byte	0
 550 0232 08       		.uleb128 0x8
 551 0233 02       		.byte	0x2
 552 0234 03       		.byte	0x3
 553 0235 0C02     		.2byte	0x20c
 554 0237 E9020000 		.4byte	0x2e9
 555 023b 07       		.uleb128 0x7
 556 023c 63050000 		.4byte	.LASF73
 557 0240 00       		.sleb128 0
 558 0241 07       		.uleb128 0x7
 559 0242 9F040000 		.4byte	.LASF74
 560 0246 01       		.sleb128 1
 561 0247 07       		.uleb128 0x7
 562 0248 61100000 		.4byte	.LASF75
 563 024c 02       		.sleb128 2
 564 024d 07       		.uleb128 0x7
 565 024e 8E000000 		.4byte	.LASF76
 566 0252 03       		.sleb128 3
 567 0253 07       		.uleb128 0x7
 568 0254 0D110000 		.4byte	.LASF77
 569 0258 04       		.sleb128 4
 570 0259 07       		.uleb128 0x7
 571 025a 86060000 		.4byte	.LASF78
 572 025e 05       		.sleb128 5
 573 025f 07       		.uleb128 0x7
 574 0260 850D0000 		.4byte	.LASF79
 575 0264 06       		.sleb128 6
 576 0265 07       		.uleb128 0x7
 577 0266 7E030000 		.4byte	.LASF80
 578 026a 07       		.sleb128 7
 579 026b 07       		.uleb128 0x7
 580 026c 5E130000 		.4byte	.LASF81
 581 0270 08       		.sleb128 8
 582 0271 07       		.uleb128 0x7
 583 0272 10060000 		.4byte	.LASF82
 584 0276 09       		.sleb128 9
 585 0277 07       		.uleb128 0x7
 586 0278 620C0000 		.4byte	.LASF83
 587 027c 0A       		.sleb128 10
 588 027d 07       		.uleb128 0x7
 589 027e C00E0000 		.4byte	.LASF84
 590 0282 0B       		.sleb128 11
 591 0283 07       		.uleb128 0x7
 592 0284 6B020000 		.4byte	.LASF85
 593 0288 0C       		.sleb128 12
 594 0289 07       		.uleb128 0x7
ARM GAS  C:\Users\Henny\AppData\Local\Temp\ccRPona7.s 			page 15


 595 028a C0010000 		.4byte	.LASF86
 596 028e 0D       		.sleb128 13
 597 028f 07       		.uleb128 0x7
 598 0290 0C070000 		.4byte	.LASF87
 599 0294 0E       		.sleb128 14
 600 0295 07       		.uleb128 0x7
 601 0296 AC110000 		.4byte	.LASF88
 602 029a 0F       		.sleb128 15
 603 029b 07       		.uleb128 0x7
 604 029c C00F0000 		.4byte	.LASF89
 605 02a0 10       		.sleb128 16
 606 02a1 07       		.uleb128 0x7
 607 02a2 C6070000 		.4byte	.LASF90
 608 02a6 11       		.sleb128 17
 609 02a7 07       		.uleb128 0x7
 610 02a8 50040000 		.4byte	.LASF91
 611 02ac 12       		.sleb128 18
 612 02ad 07       		.uleb128 0x7
 613 02ae 36130000 		.4byte	.LASF92
 614 02b2 13       		.sleb128 19
 615 02b3 07       		.uleb128 0x7
 616 02b4 5C030000 		.4byte	.LASF93
 617 02b8 27       		.sleb128 39
 618 02b9 07       		.uleb128 0x7
 619 02ba 9B0F0000 		.4byte	.LASF94
 620 02be 28       		.sleb128 40
 621 02bf 07       		.uleb128 0x7
 622 02c0 90110000 		.4byte	.LASF95
 623 02c4 29       		.sleb128 41
 624 02c5 07       		.uleb128 0x7
 625 02c6 E8090000 		.4byte	.LASF96
 626 02ca FF01     		.sleb128 255
 627 02cc 07       		.uleb128 0x7
 628 02cd 8C010000 		.4byte	.LASF97
 629 02d1 8002     		.sleb128 256
 630 02d3 07       		.uleb128 0x7
 631 02d4 3E0B0000 		.4byte	.LASF98
 632 02d8 8102     		.sleb128 257
 633 02da 07       		.uleb128 0x7
 634 02db 360D0000 		.4byte	.LASF99
 635 02df 8202     		.sleb128 258
 636 02e1 07       		.uleb128 0x7
 637 02e2 F0030000 		.4byte	.LASF100
 638 02e6 8302     		.sleb128 259
 639 02e8 00       		.byte	0
 640 02e9 04       		.uleb128 0x4
 641 02ea 0A0B0000 		.4byte	.LASF101
 642 02ee 03       		.byte	0x3
 643 02ef 6902     		.2byte	0x269
 644 02f1 32020000 		.4byte	0x232
 645 02f5 09       		.uleb128 0x9
 646 02f6 04       		.byte	0x4
 647 02f7 6B000000 		.4byte	0x6b
 648 02fb 06       		.uleb128 0x6
 649 02fc 01       		.byte	0x1
 650 02fd 04       		.byte	0x4
 651 02fe AA       		.byte	0xaa
ARM GAS  C:\Users\Henny\AppData\Local\Temp\ccRPona7.s 			page 16


 652 02ff EE030000 		.4byte	0x3ee
 653 0303 07       		.uleb128 0x7
 654 0304 72050000 		.4byte	.LASF102
 655 0308 00       		.sleb128 0
 656 0309 07       		.uleb128 0x7
 657 030a D8000000 		.4byte	.LASF103
 658 030e 01       		.sleb128 1
 659 030f 07       		.uleb128 0x7
 660 0310 AC050000 		.4byte	.LASF104
 661 0314 02       		.sleb128 2
 662 0315 07       		.uleb128 0x7
 663 0316 EA070000 		.4byte	.LASF105
 664 031a 03       		.sleb128 3
 665 031b 07       		.uleb128 0x7
 666 031c D5030000 		.4byte	.LASF106
 667 0320 04       		.sleb128 4
 668 0321 07       		.uleb128 0x7
 669 0322 E8020000 		.4byte	.LASF107
 670 0326 05       		.sleb128 5
 671 0327 07       		.uleb128 0x7
 672 0328 B3000000 		.4byte	.LASF108
 673 032c 06       		.sleb128 6
 674 032d 07       		.uleb128 0x7
 675 032e 72110000 		.4byte	.LASF109
 676 0332 07       		.sleb128 7
 677 0333 07       		.uleb128 0x7
 678 0334 BA0A0000 		.4byte	.LASF110
 679 0338 08       		.sleb128 8
 680 0339 07       		.uleb128 0x7
 681 033a 220C0000 		.4byte	.LASF111
 682 033e 09       		.sleb128 9
 683 033f 07       		.uleb128 0x7
 684 0340 47070000 		.4byte	.LASF112
 685 0344 0A       		.sleb128 10
 686 0345 07       		.uleb128 0x7
 687 0346 0D080000 		.4byte	.LASF113
 688 034a 0B       		.sleb128 11
 689 034b 07       		.uleb128 0x7
 690 034c 65000000 		.4byte	.LASF114
 691 0350 0C       		.sleb128 12
 692 0351 07       		.uleb128 0x7
 693 0352 C80C0000 		.4byte	.LASF115
 694 0356 0D       		.sleb128 13
 695 0357 07       		.uleb128 0x7
 696 0358 5B0F0000 		.4byte	.LASF116
 697 035c 0E       		.sleb128 14
 698 035d 07       		.uleb128 0x7
 699 035e AD100000 		.4byte	.LASF117
 700 0362 0F       		.sleb128 15
 701 0363 07       		.uleb128 0x7
 702 0364 BD040000 		.4byte	.LASF118
 703 0368 10       		.sleb128 16
 704 0369 07       		.uleb128 0x7
 705 036a 400A0000 		.4byte	.LASF119
 706 036e 11       		.sleb128 17
 707 036f 07       		.uleb128 0x7
 708 0370 6E0E0000 		.4byte	.LASF120
ARM GAS  C:\Users\Henny\AppData\Local\Temp\ccRPona7.s 			page 17


 709 0374 8001     		.sleb128 128
 710 0376 07       		.uleb128 0x7
 711 0377 7F100000 		.4byte	.LASF121
 712 037b 8001     		.sleb128 128
 713 037d 07       		.uleb128 0x7
 714 037e 79090000 		.4byte	.LASF122
 715 0382 8001     		.sleb128 128
 716 0384 07       		.uleb128 0x7
 717 0385 E4080000 		.4byte	.LASF123
 718 0389 8001     		.sleb128 128
 719 038b 07       		.uleb128 0x7
 720 038c DE060000 		.4byte	.LASF124
 721 0390 8001     		.sleb128 128
 722 0392 07       		.uleb128 0x7
 723 0393 C3020000 		.4byte	.LASF125
 724 0397 8001     		.sleb128 128
 725 0399 07       		.uleb128 0x7
 726 039a 9F0D0000 		.4byte	.LASF126
 727 039e 8001     		.sleb128 128
 728 03a0 07       		.uleb128 0x7
 729 03a1 ED0C0000 		.4byte	.LASF127
 730 03a5 8101     		.sleb128 129
 731 03a7 07       		.uleb128 0x7
 732 03a8 0D020000 		.4byte	.LASF128
 733 03ac 8101     		.sleb128 129
 734 03ae 07       		.uleb128 0x7
 735 03af C3060000 		.4byte	.LASF129
 736 03b3 8101     		.sleb128 129
 737 03b5 07       		.uleb128 0x7
 738 03b6 D10D0000 		.4byte	.LASF130
 739 03ba A001     		.sleb128 160
 740 03bc 07       		.uleb128 0x7
 741 03bd 64080000 		.4byte	.LASF131
 742 03c1 A001     		.sleb128 160
 743 03c3 07       		.uleb128 0x7
 744 03c4 9F020000 		.4byte	.LASF132
 745 03c8 A101     		.sleb128 161
 746 03ca 07       		.uleb128 0x7
 747 03cb AC0B0000 		.4byte	.LASF133
 748 03cf A201     		.sleb128 162
 749 03d1 07       		.uleb128 0x7
 750 03d2 790F0000 		.4byte	.LASF134
 751 03d6 A301     		.sleb128 163
 752 03d8 07       		.uleb128 0x7
 753 03d9 440E0000 		.4byte	.LASF135
 754 03dd FD01     		.sleb128 253
 755 03df 07       		.uleb128 0x7
 756 03e0 EE0F0000 		.4byte	.LASF136
 757 03e4 FE01     		.sleb128 254
 758 03e6 07       		.uleb128 0x7
 759 03e7 890C0000 		.4byte	.LASF137
 760 03eb FF01     		.sleb128 255
 761 03ed 00       		.byte	0
 762 03ee 04       		.uleb128 0x4
 763 03ef 40030000 		.4byte	.LASF138
 764 03f3 04       		.byte	0x4
 765 03f4 8801     		.2byte	0x188
ARM GAS  C:\Users\Henny\AppData\Local\Temp\ccRPona7.s 			page 18


 766 03f6 77000000 		.4byte	0x77
 767 03fa 0A       		.uleb128 0xa
 768 03fb 08       		.byte	0x8
 769 03fc 04       		.byte	0x4
 770 03fd BD01     		.2byte	0x1bd
 771 03ff 2B040000 		.4byte	0x42b
 772 0403 0B       		.uleb128 0xb
 773 0404 76616C00 		.ascii	"val\000"
 774 0408 04       		.byte	0x4
 775 0409 C001     		.2byte	0x1c0
 776 040b F5020000 		.4byte	0x2f5
 777 040f 00       		.byte	0
 778 0410 0B       		.uleb128 0xb
 779 0411 6C656E00 		.ascii	"len\000"
 780 0415 04       		.byte	0x4
 781 0416 C301     		.2byte	0x1c3
 782 0418 77000000 		.4byte	0x77
 783 041c 04       		.byte	0x4
 784 041d 0C       		.uleb128 0xc
 785 041e 9B030000 		.4byte	.LASF139
 786 0422 04       		.byte	0x4
 787 0423 CA01     		.2byte	0x1ca
 788 0425 77000000 		.4byte	0x77
 789 0429 06       		.byte	0x6
 790 042a 00       		.byte	0
 791 042b 04       		.uleb128 0x4
 792 042c E5010000 		.4byte	.LASF140
 793 0430 04       		.byte	0x4
 794 0431 CC01     		.2byte	0x1cc
 795 0433 FA030000 		.4byte	0x3fa
 796 0437 0A       		.uleb128 0xa
 797 0438 0C       		.byte	0xc
 798 0439 04       		.byte	0x4
 799 043a CF01     		.2byte	0x1cf
 800 043c 5B040000 		.4byte	0x45b
 801 0440 0C       		.uleb128 0xc
 802 0441 47060000 		.4byte	.LASF141
 803 0445 04       		.byte	0x4
 804 0446 D201     		.2byte	0x1d2
 805 0448 2B040000 		.4byte	0x42b
 806 044c 00       		.byte	0
 807 044d 0C       		.uleb128 0xc
 808 044e 25060000 		.4byte	.LASF142
 809 0452 04       		.byte	0x4
 810 0453 D501     		.2byte	0x1d5
 811 0455 EE030000 		.4byte	0x3ee
 812 0459 08       		.byte	0x8
 813 045a 00       		.byte	0
 814 045b 04       		.uleb128 0x4
 815 045c 570B0000 		.4byte	.LASF143
 816 0460 04       		.byte	0x4
 817 0461 D701     		.2byte	0x1d7
 818 0463 37040000 		.4byte	0x437
 819 0467 04       		.uleb128 0x4
 820 0468 D4100000 		.4byte	.LASF144
 821 046c 05       		.byte	0x5
 822 046d 4201     		.2byte	0x142
ARM GAS  C:\Users\Henny\AppData\Local\Temp\ccRPona7.s 			page 19


 823 046f 73040000 		.4byte	0x473
 824 0473 09       		.uleb128 0x9
 825 0474 04       		.byte	0x4
 826 0475 79040000 		.4byte	0x479
 827 0479 0D       		.uleb128 0xd
 828 047a 89040000 		.4byte	0x489
 829 047e 0E       		.uleb128 0xe
 830 047f 83000000 		.4byte	0x83
 831 0483 0E       		.uleb128 0xe
 832 0484 AB000000 		.4byte	0xab
 833 0488 00       		.byte	0
 834 0489 06       		.uleb128 0x6
 835 048a 01       		.byte	0x1
 836 048b 06       		.byte	0x6
 837 048c 23       		.byte	0x23
 838 048d CE040000 		.4byte	0x4ce
 839 0491 07       		.uleb128 0x7
 840 0492 11130000 		.4byte	.LASF145
 841 0496 00       		.sleb128 0
 842 0497 07       		.uleb128 0x7
 843 0498 A90E0000 		.4byte	.LASF146
 844 049c 01       		.sleb128 1
 845 049d 07       		.uleb128 0x7
 846 049e 4A0C0000 		.4byte	.LASF147
 847 04a2 02       		.sleb128 2
 848 04a3 07       		.uleb128 0x7
 849 04a4 3E050000 		.4byte	.LASF148
 850 04a8 03       		.sleb128 3
 851 04a9 07       		.uleb128 0x7
 852 04aa E3040000 		.4byte	.LASF149
 853 04ae 04       		.sleb128 4
 854 04af 07       		.uleb128 0x7
 855 04b0 BA0D0000 		.4byte	.LASF150
 856 04b4 05       		.sleb128 5
 857 04b5 07       		.uleb128 0x7
 858 04b6 D4090000 		.4byte	.LASF151
 859 04ba 06       		.sleb128 6
 860 04bb 07       		.uleb128 0x7
 861 04bc 760B0000 		.4byte	.LASF152
 862 04c0 07       		.sleb128 7
 863 04c1 07       		.uleb128 0x7
 864 04c2 D3080000 		.4byte	.LASF153
 865 04c6 08       		.sleb128 8
 866 04c7 07       		.uleb128 0x7
 867 04c8 B30C0000 		.4byte	.LASF154
 868 04cc 09       		.sleb128 9
 869 04cd 00       		.byte	0
 870 04ce 0F       		.uleb128 0xf
 871 04cf 6F060000 		.4byte	.LASF155
 872 04d3 06       		.byte	0x6
 873 04d4 2F       		.byte	0x2f
 874 04d5 89040000 		.4byte	0x489
 875 04d9 10       		.uleb128 0x10
 876 04da 14       		.byte	0x14
 877 04db 06       		.byte	0x6
 878 04dc 34       		.byte	0x34
 879 04dd FA040000 		.4byte	0x4fa
ARM GAS  C:\Users\Henny\AppData\Local\Temp\ccRPona7.s 			page 20


 880 04e1 11       		.uleb128 0x11
 881 04e2 34090000 		.4byte	.LASF156
 882 04e6 06       		.byte	0x6
 883 04e7 37       		.byte	0x37
 884 04e8 EE030000 		.4byte	0x3ee
 885 04ec 00       		.byte	0
 886 04ed 11       		.uleb128 0x11
 887 04ee 590D0000 		.4byte	.LASF157
 888 04f2 06       		.byte	0x6
 889 04f3 3A       		.byte	0x3a
 890 04f4 FA040000 		.4byte	0x4fa
 891 04f8 02       		.byte	0x2
 892 04f9 00       		.byte	0
 893 04fa 12       		.uleb128 0x12
 894 04fb EE030000 		.4byte	0x3ee
 895 04ff 0A050000 		.4byte	0x50a
 896 0503 13       		.uleb128 0x13
 897 0504 A4000000 		.4byte	0xa4
 898 0508 08       		.byte	0x8
 899 0509 00       		.byte	0
 900 050a 0F       		.uleb128 0xf
 901 050b 86120000 		.4byte	.LASF158
 902 050f 06       		.byte	0x6
 903 0510 3B       		.byte	0x3b
 904 0511 D9040000 		.4byte	0x4d9
 905 0515 14       		.uleb128 0x14
 906 0516 F6000000 		.4byte	.LASF170
 907 051a 01       		.byte	0x1
 908 051b 3A       		.byte	0x3a
 909 051c 00000000 		.4byte	.LFB2
 910 0520 08000000 		.4byte	.LFE2-.LFB2
 911 0524 01       		.uleb128 0x1
 912 0525 9C       		.byte	0x9c
 913 0526 15       		.uleb128 0x15
 914 0527 180D0000 		.4byte	.LASF171
 915 052b 01       		.byte	0x1
 916 052c 5F       		.byte	0x5f
 917 052d 00000000 		.4byte	.LFB3
 918 0531 0E000000 		.4byte	.LFE3-.LFB3
 919 0535 01       		.uleb128 0x1
 920 0536 9C       		.byte	0x9c
 921 0537 4A050000 		.4byte	0x54a
 922 053b 16       		.uleb128 0x16
 923 053c 7C0C0000 		.4byte	.LASF159
 924 0540 01       		.byte	0x1
 925 0541 5F       		.byte	0x5f
 926 0542 67040000 		.4byte	0x467
 927 0546 02       		.uleb128 0x2
 928 0547 91       		.byte	0x91
 929 0548 74       		.sleb128 -12
 930 0549 00       		.byte	0
 931 054a 17       		.uleb128 0x17
 932 054b 88080000 		.4byte	.LASF165
 933 054f 01       		.byte	0x1
 934 0550 85       		.byte	0x85
 935 0551 E9020000 		.4byte	0x2e9
 936 0555 00000000 		.4byte	.LFB4
ARM GAS  C:\Users\Henny\AppData\Local\Temp\ccRPona7.s 			page 21


 937 0559 84000000 		.4byte	.LFE4-.LFB4
 938 055d 01       		.uleb128 0x1
 939 055e 9C       		.byte	0x9c
 940 055f AA050000 		.4byte	0x5aa
 941 0563 16       		.uleb128 0x16
 942 0564 03110000 		.4byte	.LASF160
 943 0568 01       		.byte	0x1
 944 0569 85       		.byte	0x85
 945 056a CE040000 		.4byte	0x4ce
 946 056e 02       		.uleb128 0x2
 947 056f 91       		.byte	0x91
 948 0570 67       		.sleb128 -25
 949 0571 16       		.uleb128 0x16
 950 0572 2D130000 		.4byte	.LASF161
 951 0576 01       		.byte	0x1
 952 0577 85       		.byte	0x85
 953 0578 6B000000 		.4byte	0x6b
 954 057c 02       		.uleb128 0x2
 955 057d 91       		.byte	0x91
 956 057e 66       		.sleb128 -26
 957 057f 16       		.uleb128 0x16
 958 0580 190E0000 		.4byte	.LASF162
 959 0584 01       		.byte	0x1
 960 0585 85       		.byte	0x85
 961 0586 F5020000 		.4byte	0x2f5
 962 058a 02       		.uleb128 0x2
 963 058b 91       		.byte	0x91
 964 058c 60       		.sleb128 -32
 965 058d 18       		.uleb128 0x18
 966 058e 000B0000 		.4byte	.LASF163
 967 0592 01       		.byte	0x1
 968 0593 87       		.byte	0x87
 969 0594 E9020000 		.4byte	0x2e9
 970 0598 02       		.uleb128 0x2
 971 0599 91       		.byte	0x91
 972 059a 76       		.sleb128 -10
 973 059b 18       		.uleb128 0x18
 974 059c B7120000 		.4byte	.LASF164
 975 05a0 01       		.byte	0x1
 976 05a1 88       		.byte	0x88
 977 05a2 5B040000 		.4byte	0x45b
 978 05a6 02       		.uleb128 0x2
 979 05a7 91       		.byte	0x91
 980 05a8 68       		.sleb128 -24
 981 05a9 00       		.byte	0
 982 05aa 17       		.uleb128 0x17
 983 05ab 990A0000 		.4byte	.LASF166
 984 05af 01       		.byte	0x1
 985 05b0 B4       		.byte	0xb4
 986 05b1 E9020000 		.4byte	0x2e9
 987 05b5 00000000 		.4byte	.LFB5
 988 05b9 80000000 		.4byte	.LFE5-.LFB5
 989 05bd 01       		.uleb128 0x1
 990 05be 9C       		.byte	0x9c
 991 05bf 0A060000 		.4byte	0x60a
 992 05c3 16       		.uleb128 0x16
 993 05c4 03110000 		.4byte	.LASF160
ARM GAS  C:\Users\Henny\AppData\Local\Temp\ccRPona7.s 			page 22


 994 05c8 01       		.byte	0x1
 995 05c9 B4       		.byte	0xb4
 996 05ca CE040000 		.4byte	0x4ce
 997 05ce 02       		.uleb128 0x2
 998 05cf 91       		.byte	0x91
 999 05d0 67       		.sleb128 -25
 1000 05d1 16       		.uleb128 0x16
 1001 05d2 2D130000 		.4byte	.LASF161
 1002 05d6 01       		.byte	0x1
 1003 05d7 B4       		.byte	0xb4
 1004 05d8 6B000000 		.4byte	0x6b
 1005 05dc 02       		.uleb128 0x2
 1006 05dd 91       		.byte	0x91
 1007 05de 66       		.sleb128 -26
 1008 05df 16       		.uleb128 0x16
 1009 05e0 190E0000 		.4byte	.LASF162
 1010 05e4 01       		.byte	0x1
 1011 05e5 B4       		.byte	0xb4
 1012 05e6 F5020000 		.4byte	0x2f5
 1013 05ea 02       		.uleb128 0x2
 1014 05eb 91       		.byte	0x91
 1015 05ec 60       		.sleb128 -32
 1016 05ed 18       		.uleb128 0x18
 1017 05ee 000B0000 		.4byte	.LASF163
 1018 05f2 01       		.byte	0x1
 1019 05f3 B6       		.byte	0xb6
 1020 05f4 E9020000 		.4byte	0x2e9
 1021 05f8 02       		.uleb128 0x2
 1022 05f9 91       		.byte	0x91
 1023 05fa 76       		.sleb128 -10
 1024 05fb 18       		.uleb128 0x18
 1025 05fc B7120000 		.4byte	.LASF164
 1026 0600 01       		.byte	0x1
 1027 0601 B7       		.byte	0xb7
 1028 0602 5B040000 		.4byte	0x45b
 1029 0606 02       		.uleb128 0x2
 1030 0607 91       		.byte	0x91
 1031 0608 68       		.sleb128 -24
 1032 0609 00       		.byte	0
 1033 060a 19       		.uleb128 0x19
 1034 060b C8080000 		.4byte	.LASF172
 1035 060f 01       		.byte	0x1
 1036 0610 15       		.byte	0x15
 1037 0611 1B060000 		.4byte	0x61b
 1038 0615 05       		.uleb128 0x5
 1039 0616 03       		.byte	0x3
 1040 0617 00000000 		.4byte	cyBle_diss
 1041 061b 1A       		.uleb128 0x1a
 1042 061c 0A050000 		.4byte	0x50a
 1043 0620 00       		.byte	0
 1044              		.section	.debug_abbrev,"",%progbits
 1045              	.Ldebug_abbrev0:
 1046 0000 01       		.uleb128 0x1
 1047 0001 11       		.uleb128 0x11
 1048 0002 01       		.byte	0x1
 1049 0003 25       		.uleb128 0x25
 1050 0004 0E       		.uleb128 0xe
ARM GAS  C:\Users\Henny\AppData\Local\Temp\ccRPona7.s 			page 23


 1051 0005 13       		.uleb128 0x13
 1052 0006 0B       		.uleb128 0xb
 1053 0007 03       		.uleb128 0x3
 1054 0008 0E       		.uleb128 0xe
 1055 0009 1B       		.uleb128 0x1b
 1056 000a 0E       		.uleb128 0xe
 1057 000b 55       		.uleb128 0x55
 1058 000c 17       		.uleb128 0x17
 1059 000d 11       		.uleb128 0x11
 1060 000e 01       		.uleb128 0x1
 1061 000f 10       		.uleb128 0x10
 1062 0010 17       		.uleb128 0x17
 1063 0011 00       		.byte	0
 1064 0012 00       		.byte	0
 1065 0013 02       		.uleb128 0x2
 1066 0014 24       		.uleb128 0x24
 1067 0015 00       		.byte	0
 1068 0016 0B       		.uleb128 0xb
 1069 0017 0B       		.uleb128 0xb
 1070 0018 3E       		.uleb128 0x3e
 1071 0019 0B       		.uleb128 0xb
 1072 001a 03       		.uleb128 0x3
 1073 001b 0E       		.uleb128 0xe
 1074 001c 00       		.byte	0
 1075 001d 00       		.byte	0
 1076 001e 03       		.uleb128 0x3
 1077 001f 24       		.uleb128 0x24
 1078 0020 00       		.byte	0
 1079 0021 0B       		.uleb128 0xb
 1080 0022 0B       		.uleb128 0xb
 1081 0023 3E       		.uleb128 0x3e
 1082 0024 0B       		.uleb128 0xb
 1083 0025 03       		.uleb128 0x3
 1084 0026 08       		.uleb128 0x8
 1085 0027 00       		.byte	0
 1086 0028 00       		.byte	0
 1087 0029 04       		.uleb128 0x4
 1088 002a 16       		.uleb128 0x16
 1089 002b 00       		.byte	0
 1090 002c 03       		.uleb128 0x3
 1091 002d 0E       		.uleb128 0xe
 1092 002e 3A       		.uleb128 0x3a
 1093 002f 0B       		.uleb128 0xb
 1094 0030 3B       		.uleb128 0x3b
 1095 0031 05       		.uleb128 0x5
 1096 0032 49       		.uleb128 0x49
 1097 0033 13       		.uleb128 0x13
 1098 0034 00       		.byte	0
 1099 0035 00       		.byte	0
 1100 0036 05       		.uleb128 0x5
 1101 0037 0F       		.uleb128 0xf
 1102 0038 00       		.byte	0
 1103 0039 0B       		.uleb128 0xb
 1104 003a 0B       		.uleb128 0xb
 1105 003b 00       		.byte	0
 1106 003c 00       		.byte	0
 1107 003d 06       		.uleb128 0x6
ARM GAS  C:\Users\Henny\AppData\Local\Temp\ccRPona7.s 			page 24


 1108 003e 04       		.uleb128 0x4
 1109 003f 01       		.byte	0x1
 1110 0040 0B       		.uleb128 0xb
 1111 0041 0B       		.uleb128 0xb
 1112 0042 3A       		.uleb128 0x3a
 1113 0043 0B       		.uleb128 0xb
 1114 0044 3B       		.uleb128 0x3b
 1115 0045 0B       		.uleb128 0xb
 1116 0046 01       		.uleb128 0x1
 1117 0047 13       		.uleb128 0x13
 1118 0048 00       		.byte	0
 1119 0049 00       		.byte	0
 1120 004a 07       		.uleb128 0x7
 1121 004b 28       		.uleb128 0x28
 1122 004c 00       		.byte	0
 1123 004d 03       		.uleb128 0x3
 1124 004e 0E       		.uleb128 0xe
 1125 004f 1C       		.uleb128 0x1c
 1126 0050 0D       		.uleb128 0xd
 1127 0051 00       		.byte	0
 1128 0052 00       		.byte	0
 1129 0053 08       		.uleb128 0x8
 1130 0054 04       		.uleb128 0x4
 1131 0055 01       		.byte	0x1
 1132 0056 0B       		.uleb128 0xb
 1133 0057 0B       		.uleb128 0xb
 1134 0058 3A       		.uleb128 0x3a
 1135 0059 0B       		.uleb128 0xb
 1136 005a 3B       		.uleb128 0x3b
 1137 005b 05       		.uleb128 0x5
 1138 005c 01       		.uleb128 0x1
 1139 005d 13       		.uleb128 0x13
 1140 005e 00       		.byte	0
 1141 005f 00       		.byte	0
 1142 0060 09       		.uleb128 0x9
 1143 0061 0F       		.uleb128 0xf
 1144 0062 00       		.byte	0
 1145 0063 0B       		.uleb128 0xb
 1146 0064 0B       		.uleb128 0xb
 1147 0065 49       		.uleb128 0x49
 1148 0066 13       		.uleb128 0x13
 1149 0067 00       		.byte	0
 1150 0068 00       		.byte	0
 1151 0069 0A       		.uleb128 0xa
 1152 006a 13       		.uleb128 0x13
 1153 006b 01       		.byte	0x1
 1154 006c 0B       		.uleb128 0xb
 1155 006d 0B       		.uleb128 0xb
 1156 006e 3A       		.uleb128 0x3a
 1157 006f 0B       		.uleb128 0xb
 1158 0070 3B       		.uleb128 0x3b
 1159 0071 05       		.uleb128 0x5
 1160 0072 01       		.uleb128 0x1
 1161 0073 13       		.uleb128 0x13
 1162 0074 00       		.byte	0
 1163 0075 00       		.byte	0
 1164 0076 0B       		.uleb128 0xb
ARM GAS  C:\Users\Henny\AppData\Local\Temp\ccRPona7.s 			page 25


 1165 0077 0D       		.uleb128 0xd
 1166 0078 00       		.byte	0
 1167 0079 03       		.uleb128 0x3
 1168 007a 08       		.uleb128 0x8
 1169 007b 3A       		.uleb128 0x3a
 1170 007c 0B       		.uleb128 0xb
 1171 007d 3B       		.uleb128 0x3b
 1172 007e 05       		.uleb128 0x5
 1173 007f 49       		.uleb128 0x49
 1174 0080 13       		.uleb128 0x13
 1175 0081 38       		.uleb128 0x38
 1176 0082 0B       		.uleb128 0xb
 1177 0083 00       		.byte	0
 1178 0084 00       		.byte	0
 1179 0085 0C       		.uleb128 0xc
 1180 0086 0D       		.uleb128 0xd
 1181 0087 00       		.byte	0
 1182 0088 03       		.uleb128 0x3
 1183 0089 0E       		.uleb128 0xe
 1184 008a 3A       		.uleb128 0x3a
 1185 008b 0B       		.uleb128 0xb
 1186 008c 3B       		.uleb128 0x3b
 1187 008d 05       		.uleb128 0x5
 1188 008e 49       		.uleb128 0x49
 1189 008f 13       		.uleb128 0x13
 1190 0090 38       		.uleb128 0x38
 1191 0091 0B       		.uleb128 0xb
 1192 0092 00       		.byte	0
 1193 0093 00       		.byte	0
 1194 0094 0D       		.uleb128 0xd
 1195 0095 15       		.uleb128 0x15
 1196 0096 01       		.byte	0x1
 1197 0097 27       		.uleb128 0x27
 1198 0098 19       		.uleb128 0x19
 1199 0099 01       		.uleb128 0x1
 1200 009a 13       		.uleb128 0x13
 1201 009b 00       		.byte	0
 1202 009c 00       		.byte	0
 1203 009d 0E       		.uleb128 0xe
 1204 009e 05       		.uleb128 0x5
 1205 009f 00       		.byte	0
 1206 00a0 49       		.uleb128 0x49
 1207 00a1 13       		.uleb128 0x13
 1208 00a2 00       		.byte	0
 1209 00a3 00       		.byte	0
 1210 00a4 0F       		.uleb128 0xf
 1211 00a5 16       		.uleb128 0x16
 1212 00a6 00       		.byte	0
 1213 00a7 03       		.uleb128 0x3
 1214 00a8 0E       		.uleb128 0xe
 1215 00a9 3A       		.uleb128 0x3a
 1216 00aa 0B       		.uleb128 0xb
 1217 00ab 3B       		.uleb128 0x3b
 1218 00ac 0B       		.uleb128 0xb
 1219 00ad 49       		.uleb128 0x49
 1220 00ae 13       		.uleb128 0x13
 1221 00af 00       		.byte	0
ARM GAS  C:\Users\Henny\AppData\Local\Temp\ccRPona7.s 			page 26


 1222 00b0 00       		.byte	0
 1223 00b1 10       		.uleb128 0x10
 1224 00b2 13       		.uleb128 0x13
 1225 00b3 01       		.byte	0x1
 1226 00b4 0B       		.uleb128 0xb
 1227 00b5 0B       		.uleb128 0xb
 1228 00b6 3A       		.uleb128 0x3a
 1229 00b7 0B       		.uleb128 0xb
 1230 00b8 3B       		.uleb128 0x3b
 1231 00b9 0B       		.uleb128 0xb
 1232 00ba 01       		.uleb128 0x1
 1233 00bb 13       		.uleb128 0x13
 1234 00bc 00       		.byte	0
 1235 00bd 00       		.byte	0
 1236 00be 11       		.uleb128 0x11
 1237 00bf 0D       		.uleb128 0xd
 1238 00c0 00       		.byte	0
 1239 00c1 03       		.uleb128 0x3
 1240 00c2 0E       		.uleb128 0xe
 1241 00c3 3A       		.uleb128 0x3a
 1242 00c4 0B       		.uleb128 0xb
 1243 00c5 3B       		.uleb128 0x3b
 1244 00c6 0B       		.uleb128 0xb
 1245 00c7 49       		.uleb128 0x49
 1246 00c8 13       		.uleb128 0x13
 1247 00c9 38       		.uleb128 0x38
 1248 00ca 0B       		.uleb128 0xb
 1249 00cb 00       		.byte	0
 1250 00cc 00       		.byte	0
 1251 00cd 12       		.uleb128 0x12
 1252 00ce 01       		.uleb128 0x1
 1253 00cf 01       		.byte	0x1
 1254 00d0 49       		.uleb128 0x49
 1255 00d1 13       		.uleb128 0x13
 1256 00d2 01       		.uleb128 0x1
 1257 00d3 13       		.uleb128 0x13
 1258 00d4 00       		.byte	0
 1259 00d5 00       		.byte	0
 1260 00d6 13       		.uleb128 0x13
 1261 00d7 21       		.uleb128 0x21
 1262 00d8 00       		.byte	0
 1263 00d9 49       		.uleb128 0x49
 1264 00da 13       		.uleb128 0x13
 1265 00db 2F       		.uleb128 0x2f
 1266 00dc 0B       		.uleb128 0xb
 1267 00dd 00       		.byte	0
 1268 00de 00       		.byte	0
 1269 00df 14       		.uleb128 0x14
 1270 00e0 2E       		.uleb128 0x2e
 1271 00e1 00       		.byte	0
 1272 00e2 3F       		.uleb128 0x3f
 1273 00e3 19       		.uleb128 0x19
 1274 00e4 03       		.uleb128 0x3
 1275 00e5 0E       		.uleb128 0xe
 1276 00e6 3A       		.uleb128 0x3a
 1277 00e7 0B       		.uleb128 0xb
 1278 00e8 3B       		.uleb128 0x3b
ARM GAS  C:\Users\Henny\AppData\Local\Temp\ccRPona7.s 			page 27


 1279 00e9 0B       		.uleb128 0xb
 1280 00ea 27       		.uleb128 0x27
 1281 00eb 19       		.uleb128 0x19
 1282 00ec 11       		.uleb128 0x11
 1283 00ed 01       		.uleb128 0x1
 1284 00ee 12       		.uleb128 0x12
 1285 00ef 06       		.uleb128 0x6
 1286 00f0 40       		.uleb128 0x40
 1287 00f1 18       		.uleb128 0x18
 1288 00f2 9742     		.uleb128 0x2117
 1289 00f4 19       		.uleb128 0x19
 1290 00f5 00       		.byte	0
 1291 00f6 00       		.byte	0
 1292 00f7 15       		.uleb128 0x15
 1293 00f8 2E       		.uleb128 0x2e
 1294 00f9 01       		.byte	0x1
 1295 00fa 3F       		.uleb128 0x3f
 1296 00fb 19       		.uleb128 0x19
 1297 00fc 03       		.uleb128 0x3
 1298 00fd 0E       		.uleb128 0xe
 1299 00fe 3A       		.uleb128 0x3a
 1300 00ff 0B       		.uleb128 0xb
 1301 0100 3B       		.uleb128 0x3b
 1302 0101 0B       		.uleb128 0xb
 1303 0102 27       		.uleb128 0x27
 1304 0103 19       		.uleb128 0x19
 1305 0104 11       		.uleb128 0x11
 1306 0105 01       		.uleb128 0x1
 1307 0106 12       		.uleb128 0x12
 1308 0107 06       		.uleb128 0x6
 1309 0108 40       		.uleb128 0x40
 1310 0109 18       		.uleb128 0x18
 1311 010a 9742     		.uleb128 0x2117
 1312 010c 19       		.uleb128 0x19
 1313 010d 01       		.uleb128 0x1
 1314 010e 13       		.uleb128 0x13
 1315 010f 00       		.byte	0
 1316 0110 00       		.byte	0
 1317 0111 16       		.uleb128 0x16
 1318 0112 05       		.uleb128 0x5
 1319 0113 00       		.byte	0
 1320 0114 03       		.uleb128 0x3
 1321 0115 0E       		.uleb128 0xe
 1322 0116 3A       		.uleb128 0x3a
 1323 0117 0B       		.uleb128 0xb
 1324 0118 3B       		.uleb128 0x3b
 1325 0119 0B       		.uleb128 0xb
 1326 011a 49       		.uleb128 0x49
 1327 011b 13       		.uleb128 0x13
 1328 011c 02       		.uleb128 0x2
 1329 011d 18       		.uleb128 0x18
 1330 011e 00       		.byte	0
 1331 011f 00       		.byte	0
 1332 0120 17       		.uleb128 0x17
 1333 0121 2E       		.uleb128 0x2e
 1334 0122 01       		.byte	0x1
 1335 0123 3F       		.uleb128 0x3f
ARM GAS  C:\Users\Henny\AppData\Local\Temp\ccRPona7.s 			page 28


 1336 0124 19       		.uleb128 0x19
 1337 0125 03       		.uleb128 0x3
 1338 0126 0E       		.uleb128 0xe
 1339 0127 3A       		.uleb128 0x3a
 1340 0128 0B       		.uleb128 0xb
 1341 0129 3B       		.uleb128 0x3b
 1342 012a 0B       		.uleb128 0xb
 1343 012b 27       		.uleb128 0x27
 1344 012c 19       		.uleb128 0x19
 1345 012d 49       		.uleb128 0x49
 1346 012e 13       		.uleb128 0x13
 1347 012f 11       		.uleb128 0x11
 1348 0130 01       		.uleb128 0x1
 1349 0131 12       		.uleb128 0x12
 1350 0132 06       		.uleb128 0x6
 1351 0133 40       		.uleb128 0x40
 1352 0134 18       		.uleb128 0x18
 1353 0135 9642     		.uleb128 0x2116
 1354 0137 19       		.uleb128 0x19
 1355 0138 01       		.uleb128 0x1
 1356 0139 13       		.uleb128 0x13
 1357 013a 00       		.byte	0
 1358 013b 00       		.byte	0
 1359 013c 18       		.uleb128 0x18
 1360 013d 34       		.uleb128 0x34
 1361 013e 00       		.byte	0
 1362 013f 03       		.uleb128 0x3
 1363 0140 0E       		.uleb128 0xe
 1364 0141 3A       		.uleb128 0x3a
 1365 0142 0B       		.uleb128 0xb
 1366 0143 3B       		.uleb128 0x3b
 1367 0144 0B       		.uleb128 0xb
 1368 0145 49       		.uleb128 0x49
 1369 0146 13       		.uleb128 0x13
 1370 0147 02       		.uleb128 0x2
 1371 0148 18       		.uleb128 0x18
 1372 0149 00       		.byte	0
 1373 014a 00       		.byte	0
 1374 014b 19       		.uleb128 0x19
 1375 014c 34       		.uleb128 0x34
 1376 014d 00       		.byte	0
 1377 014e 03       		.uleb128 0x3
 1378 014f 0E       		.uleb128 0xe
 1379 0150 3A       		.uleb128 0x3a
 1380 0151 0B       		.uleb128 0xb
 1381 0152 3B       		.uleb128 0x3b
 1382 0153 0B       		.uleb128 0xb
 1383 0154 49       		.uleb128 0x49
 1384 0155 13       		.uleb128 0x13
 1385 0156 3F       		.uleb128 0x3f
 1386 0157 19       		.uleb128 0x19
 1387 0158 02       		.uleb128 0x2
 1388 0159 18       		.uleb128 0x18
 1389 015a 00       		.byte	0
 1390 015b 00       		.byte	0
 1391 015c 1A       		.uleb128 0x1a
 1392 015d 26       		.uleb128 0x26
ARM GAS  C:\Users\Henny\AppData\Local\Temp\ccRPona7.s 			page 29


 1393 015e 00       		.byte	0
 1394 015f 49       		.uleb128 0x49
 1395 0160 13       		.uleb128 0x13
 1396 0161 00       		.byte	0
 1397 0162 00       		.byte	0
 1398 0163 00       		.byte	0
 1399              		.section	.debug_aranges,"",%progbits
 1400 0000 34000000 		.4byte	0x34
 1401 0004 0200     		.2byte	0x2
 1402 0006 00000000 		.4byte	.Ldebug_info0
 1403 000a 04       		.byte	0x4
 1404 000b 00       		.byte	0
 1405 000c 0000     		.2byte	0
 1406 000e 0000     		.2byte	0
 1407 0010 00000000 		.4byte	.LFB2
 1408 0014 08000000 		.4byte	.LFE2-.LFB2
 1409 0018 00000000 		.4byte	.LFB3
 1410 001c 0E000000 		.4byte	.LFE3-.LFB3
 1411 0020 00000000 		.4byte	.LFB4
 1412 0024 84000000 		.4byte	.LFE4-.LFB4
 1413 0028 00000000 		.4byte	.LFB5
 1414 002c 80000000 		.4byte	.LFE5-.LFB5
 1415 0030 00000000 		.4byte	0
 1416 0034 00000000 		.4byte	0
 1417              		.section	.debug_ranges,"",%progbits
 1418              	.Ldebug_ranges0:
 1419 0000 00000000 		.4byte	.LFB2
 1420 0004 08000000 		.4byte	.LFE2
 1421 0008 00000000 		.4byte	.LFB3
 1422 000c 0E000000 		.4byte	.LFE3
 1423 0010 00000000 		.4byte	.LFB4
 1424 0014 84000000 		.4byte	.LFE4
 1425 0018 00000000 		.4byte	.LFB5
 1426 001c 80000000 		.4byte	.LFE5
 1427 0020 00000000 		.4byte	0
 1428 0024 00000000 		.4byte	0
 1429              		.section	.debug_line,"",%progbits
 1430              	.Ldebug_line0:
 1431 0000 DF000000 		.section	.debug_str,"MS",%progbits,1
 1431      02007E00 
 1431      00000201 
 1431      FB0E0D00 
 1431      01010101 
 1432              	.LASF67:
 1433 0000 4359424C 		.ascii	"CYBLE_EVT_L2CAP_CBFC_RX_CREDIT_IND\000"
 1433      455F4556 
 1433      545F4C32 
 1433      4341505F 
 1433      43424643 
 1434              	.LASF21:
 1435 0023 4359424C 		.ascii	"CYBLE_EVT_STACK_BUSY_STATUS\000"
 1435      455F4556 
 1435      545F5354 
 1435      41434B5F 
 1435      42555359 
 1436              	.LASF10:
 1437 003f 75696E74 		.ascii	"uint16\000"
ARM GAS  C:\Users\Henny\AppData\Local\Temp\ccRPona7.s 			page 30


 1437      313600
 1438              	.LASF66:
 1439 0046 4359424C 		.ascii	"CYBLE_EVT_L2CAP_CBFC_DATA_READ\000"
 1439      455F4556 
 1439      545F4C32 
 1439      4341505F 
 1439      43424643 
 1440              	.LASF114:
 1441 0065 4359424C 		.ascii	"CYBLE_GATT_ERR_INSUFFICIENT_ENC_KEY_SIZE\000"
 1441      455F4741 
 1441      54545F45 
 1441      52525F49 
 1441      4E535546 
 1442              	.LASF76:
 1443 008e 4359424C 		.ascii	"CYBLE_ERROR_MEMORY_ALLOCATION_FAILED\000"
 1443      455F4552 
 1443      524F525F 
 1443      4D454D4F 
 1443      52595F41 
 1444              	.LASF108:
 1445 00b3 4359424C 		.ascii	"CYBLE_GATT_ERR_REQUEST_NOT_SUPPORTED\000"
 1445      455F4741 
 1445      54545F45 
 1445      52525F52 
 1445      45515545 
 1446              	.LASF103:
 1447 00d8 4359424C 		.ascii	"CYBLE_GATT_ERR_INVALID_HANDLE\000"
 1447      455F4741 
 1447      54545F45 
 1447      52525F49 
 1447      4E56414C 
 1448              	.LASF170:
 1449 00f6 4379426C 		.ascii	"CyBle_DisInit\000"
 1449      655F4469 
 1449      73496E69 
 1449      7400
 1450              	.LASF32:
 1451 0104 4359424C 		.ascii	"CYBLE_EVT_GAP_CONNECTION_UPDATE_COMPLETE\000"
 1451      455F4556 
 1451      545F4741 
 1451      505F434F 
 1451      4E4E4543 
 1452              	.LASF65:
 1453 012d 4359424C 		.ascii	"CYBLE_EVT_L2CAP_CBFC_DISCONN_CNF\000"
 1453      455F4556 
 1453      545F4C32 
 1453      4341505F 
 1453      43424643 
 1454              	.LASF46:
 1455 014e 4359424C 		.ascii	"CYBLE_EVT_GATTC_READ_MULTI_RSP\000"
 1455      455F4556 
 1455      545F4741 
 1455      5454435F 
 1455      52454144 
 1456              	.LASF51:
 1457 016d 4359424C 		.ascii	"CYBLE_EVT_GATTS_EXEC_WRITE_REQ\000"
 1457      455F4556 
ARM GAS  C:\Users\Henny\AppData\Local\Temp\ccRPona7.s 			page 31


 1457      545F4741 
 1457      5454535F 
 1457      45584543 
 1458              	.LASF97:
 1459 018c 4359424C 		.ascii	"CYBLE_ERROR_NTF_DISABLED\000"
 1459      455F4552 
 1459      524F525F 
 1459      4E54465F 
 1459      44495341 
 1460              	.LASF18:
 1461 01a5 4359424C 		.ascii	"CYBLE_EVT_TIMEOUT\000"
 1461      455F4556 
 1461      545F5449 
 1461      4D454F55 
 1461      5400
 1462              	.LASF4:
 1463 01b7 6C6F6E67 		.ascii	"long int\000"
 1463      20696E74 
 1463      00
 1464              	.LASF86:
 1465 01c0 4359424C 		.ascii	"CYBLE_ERROR_L2CAP_PSM_WRONG_ENCODING\000"
 1465      455F4552 
 1465      524F525F 
 1465      4C324341 
 1465      505F5053 
 1466              	.LASF140:
 1467 01e5 4359424C 		.ascii	"CYBLE_GATT_VALUE_T\000"
 1467      455F4741 
 1467      54545F56 
 1467      414C5545 
 1467      5F5400
 1468              	.LASF20:
 1469 01f8 4359424C 		.ascii	"CYBLE_EVT_HCI_STATUS\000"
 1469      455F4556 
 1469      545F4843 
 1469      495F5354 
 1469      41545553 
 1470              	.LASF128:
 1471 020d 4359424C 		.ascii	"CYBLE_GATTS_ERR_OPERATION_FAILED\000"
 1471      455F4741 
 1471      5454535F 
 1471      4552525F 
 1471      4F504552 
 1472              	.LASF33:
 1473 022e 4359424C 		.ascii	"CYBLE_EVT_GAPC_SCAN_START_STOP\000"
 1473      455F4556 
 1473      545F4741 
 1473      50435F53 
 1473      43414E5F 
 1474              	.LASF70:
 1475 024d 4359424C 		.ascii	"CYBLE_EVT_PENDING_FLASH_WRITE\000"
 1475      455F4556 
 1475      545F5045 
 1475      4E44494E 
 1475      475F464C 
 1476              	.LASF85:
 1477 026b 4359424C 		.ascii	"CYBLE_ERROR_SEC_FAILED\000"
ARM GAS  C:\Users\Henny\AppData\Local\Temp\ccRPona7.s 			page 32


 1477      455F4552 
 1477      524F525F 
 1477      5345435F 
 1477      4641494C 
 1478              	.LASF31:
 1479 0282 4359424C 		.ascii	"CYBLE_EVT_GAP_ENCRYPT_CHANGE\000"
 1479      455F4556 
 1479      545F4741 
 1479      505F454E 
 1479      43525950 
 1480              	.LASF132:
 1481 029f 4359424C 		.ascii	"CYBLE_GATT_ERR_ANCS_INVALID_COMMAND\000"
 1481      455F4741 
 1481      54545F45 
 1481      52525F41 
 1481      4E43535F 
 1482              	.LASF125:
 1483 02c3 4359424C 		.ascii	"CYBLE_GATT_ERR_OP_CODE_NOT_SUPPORTED\000"
 1483      455F4741 
 1483      54545F45 
 1483      52525F4F 
 1483      505F434F 
 1484              	.LASF107:
 1485 02e8 4359424C 		.ascii	"CYBLE_GATT_ERR_INSUFFICIENT_AUTHENTICATION\000"
 1485      455F4741 
 1485      54545F45 
 1485      52525F49 
 1485      4E535546 
 1486              	.LASF6:
 1487 0313 6C6F6E67 		.ascii	"long long int\000"
 1487      206C6F6E 
 1487      6720696E 
 1487      7400
 1488              	.LASF0:
 1489 0321 7369676E 		.ascii	"signed char\000"
 1489      65642063 
 1489      68617200 
 1490              	.LASF17:
 1491 032d 4359424C 		.ascii	"CYBLE_EVT_STACK_ON\000"
 1491      455F4556 
 1491      545F5354 
 1491      41434B5F 
 1491      4F4E00
 1492              	.LASF138:
 1493 0340 4359424C 		.ascii	"CYBLE_GATT_DB_ATTR_HANDLE_T\000"
 1493      455F4741 
 1493      54545F44 
 1493      425F4154 
 1493      54525F48 
 1494              	.LASF93:
 1495 035c 4359424C 		.ascii	"CYBLE_ERROR_DEVICE_ALREADY_EXISTS\000"
 1495      455F4552 
 1495      524F525F 
 1495      44455649 
 1495      43455F41 
 1496              	.LASF80:
 1497 037e 4359424C 		.ascii	"CYBLE_ERROR_NO_DEVICE_ENTITY\000"
ARM GAS  C:\Users\Henny\AppData\Local\Temp\ccRPona7.s 			page 33


 1497      455F4552 
 1497      524F525F 
 1497      4E4F5F44 
 1497      45564943 
 1498              	.LASF139:
 1499 039b 61637475 		.ascii	"actualLen\000"
 1499      616C4C65 
 1499      6E00
 1500              	.LASF23:
 1501 03a5 4359424C 		.ascii	"CYBLE_EVT_GAP_AUTH_REQ\000"
 1501      455F4556 
 1501      545F4741 
 1501      505F4155 
 1501      54485F52 
 1502              	.LASF44:
 1503 03bc 4359424C 		.ascii	"CYBLE_EVT_GATTC_READ_RSP\000"
 1503      455F4556 
 1503      545F4741 
 1503      5454435F 
 1503      52454144 
 1504              	.LASF106:
 1505 03d5 4359424C 		.ascii	"CYBLE_GATT_ERR_INVALID_PDU\000"
 1505      455F4741 
 1505      54545F45 
 1505      52525F49 
 1505      4E56414C 
 1506              	.LASF100:
 1507 03f0 4359424C 		.ascii	"CYBLE_ERROR_INVALID_STATE\000"
 1507      455F4552 
 1507      524F525F 
 1507      494E5641 
 1507      4C49445F 
 1508              	.LASF49:
 1509 040a 4359424C 		.ascii	"CYBLE_EVT_GATTS_WRITE_CMD_REQ\000"
 1509      455F4556 
 1509      545F4741 
 1509      5454535F 
 1509      57524954 
 1510              	.LASF28:
 1511 0428 4359424C 		.ascii	"CYBLE_EVT_GAPP_ADVERTISEMENT_START_STOP\000"
 1511      455F4556 
 1511      545F4741 
 1511      50505F41 
 1511      44564552 
 1512              	.LASF91:
 1513 0450 4359424C 		.ascii	"CYBLE_ERROR_L2CAP_PSM_NOT_IN_RANGE\000"
 1513      455F4552 
 1513      524F525F 
 1513      4C324341 
 1513      505F5053 
 1514              	.LASF9:
 1515 0473 75696E74 		.ascii	"uint8\000"
 1515      3800
 1516              	.LASF52:
 1517 0479 4359424C 		.ascii	"CYBLE_EVT_GATTC_EXEC_WRITE_RSP\000"
 1517      455F4556 
 1517      545F4741 
ARM GAS  C:\Users\Henny\AppData\Local\Temp\ccRPona7.s 			page 34


 1517      5454435F 
 1517      45584543 
 1518              	.LASF13:
 1519 0498 646F7562 		.ascii	"double\000"
 1519      6C6500
 1520              	.LASF74:
 1521 049f 4359424C 		.ascii	"CYBLE_ERROR_INVALID_PARAMETER\000"
 1521      455F4552 
 1521      524F525F 
 1521      494E5641 
 1521      4C49445F 
 1522              	.LASF118:
 1523 04bd 4359424C 		.ascii	"CYBLE_GATT_ERR_UNSUPPORTED_GROUP_TYPE\000"
 1523      455F4741 
 1523      54545F45 
 1523      52525F55 
 1523      4E535550 
 1524              	.LASF149:
 1525 04e3 4359424C 		.ascii	"CYBLE_DIS_FIRMWARE_REV\000"
 1525      455F4449 
 1525      535F4649 
 1525      524D5741 
 1525      52455F52 
 1526              	.LASF169:
 1527 04fa 443A5C48 		.ascii	"D:\\Henny\\magisterka\\CY8KIT\\BLE\\BLE\\BLE_Batter"
 1527      656E6E79 
 1527      5C6D6167 
 1527      69737465 
 1527      726B615C 
 1528 0527 795F4C65 		.ascii	"y_Level01.cydsn\000"
 1528      76656C30 
 1528      312E6379 
 1528      64736E00 
 1529              	.LASF11:
 1530 0537 75696E74 		.ascii	"uint32\000"
 1530      333200
 1531              	.LASF148:
 1532 053e 4359424C 		.ascii	"CYBLE_DIS_HARDWARE_REV\000"
 1532      455F4449 
 1532      535F4841 
 1532      52445741 
 1532      52455F52 
 1533              	.LASF72:
 1534 0555 4359424C 		.ascii	"CYBLE_EVT_MAX\000"
 1534      455F4556 
 1534      545F4D41 
 1534      5800
 1535              	.LASF73:
 1536 0563 4359424C 		.ascii	"CYBLE_ERROR_OK\000"
 1536      455F4552 
 1536      524F525F 
 1536      4F4B00
 1537              	.LASF102:
 1538 0572 4359424C 		.ascii	"CYBLE_GATT_ERR_NONE\000"
 1538      455F4741 
 1538      54545F45 
 1538      52525F4E 
ARM GAS  C:\Users\Henny\AppData\Local\Temp\ccRPona7.s 			page 35


 1538      4F4E4500 
 1539              	.LASF59:
 1540 0586 4359424C 		.ascii	"CYBLE_EVT_L2CAP_CONN_PARAM_UPDATE_REQ\000"
 1540      455F4556 
 1540      545F4C32 
 1540      4341505F 
 1540      434F4E4E 
 1541              	.LASF104:
 1542 05ac 4359424C 		.ascii	"CYBLE_GATT_ERR_READ_NOT_PERMITTED\000"
 1542      455F4741 
 1542      54545F45 
 1542      52525F52 
 1542      4541445F 
 1543              	.LASF37:
 1544 05ce 4359424C 		.ascii	"CYBLE_EVT_GATT_DISCONNECT_IND\000"
 1544      455F4556 
 1544      545F4741 
 1544      54545F44 
 1544      4953434F 
 1545              	.LASF69:
 1546 05ec 4359424C 		.ascii	"CYBLE_EVT_L2CAP_CBFC_DATA_WRITE_IND\000"
 1546      455F4556 
 1546      545F4C32 
 1546      4341505F 
 1546      43424643 
 1547              	.LASF82:
 1548 0610 4359424C 		.ascii	"CYBLE_ERROR_GAP_ROLE\000"
 1548      455F4552 
 1548      524F525F 
 1548      4741505F 
 1548      524F4C45 
 1549              	.LASF142:
 1550 0625 61747472 		.ascii	"attrHandle\000"
 1550      48616E64 
 1550      6C6500
 1551              	.LASF7:
 1552 0630 6C6F6E67 		.ascii	"long long unsigned int\000"
 1552      206C6F6E 
 1552      6720756E 
 1552      7369676E 
 1552      65642069 
 1553              	.LASF141:
 1554 0647 76616C75 		.ascii	"value\000"
 1554      6500
 1555              	.LASF57:
 1556 064d 4359424C 		.ascii	"CYBLE_EVT_GATTC_STOP_CMD_COMPLETE\000"
 1556      455F4556 
 1556      545F4741 
 1556      5454435F 
 1556      53544F50 
 1557              	.LASF155:
 1558 066f 4359424C 		.ascii	"CYBLE_DIS_CHAR_INDEX_T\000"
 1558      455F4449 
 1558      535F4348 
 1558      41525F49 
 1558      4E444558 
 1559              	.LASF78:
ARM GAS  C:\Users\Henny\AppData\Local\Temp\ccRPona7.s 			page 36


 1560 0686 4359424C 		.ascii	"CYBLE_ERROR_OOB_NOT_AVAILABLE\000"
 1560      455F4552 
 1560      524F525F 
 1560      4F4F425F 
 1560      4E4F545F 
 1561              	.LASF71:
 1562 06a4 4359424C 		.ascii	"CYBLE_EVT_LE_PING_AUTH_TIMEOUT\000"
 1562      455F4556 
 1562      545F4C45 
 1562      5F50494E 
 1562      475F4155 
 1563              	.LASF129:
 1564 06c3 4359424C 		.ascii	"CYBLE_GATT_ERR_INVALID_CRC\000"
 1564      455F4741 
 1564      54545F45 
 1564      52525F49 
 1564      4E56414C 
 1565              	.LASF124:
 1566 06de 4359424C 		.ascii	"CYBLE_GATTS_ERR_PROCEDURE_ALREADY_IN_PROGRESS\000"
 1566      455F4741 
 1566      5454535F 
 1566      4552525F 
 1566      50524F43 
 1567              	.LASF87:
 1568 070c 4359424C 		.ascii	"CYBLE_ERROR_L2CAP_PSM_ALREADY_REGISTERED\000"
 1568      455F4552 
 1568      524F525F 
 1568      4C324341 
 1568      505F5053 
 1569              	.LASF5:
 1570 0735 6C6F6E67 		.ascii	"long unsigned int\000"
 1570      20756E73 
 1570      69676E65 
 1570      6420696E 
 1570      7400
 1571              	.LASF112:
 1572 0747 4359424C 		.ascii	"CYBLE_GATT_ERR_ATTRIBUTE_NOT_FOUND\000"
 1572      455F4741 
 1572      54545F45 
 1572      52525F41 
 1572      54545249 
 1573              	.LASF47:
 1574 076a 4359424C 		.ascii	"CYBLE_EVT_GATTS_WRITE_REQ\000"
 1574      455F4556 
 1574      545F4741 
 1574      5454535F 
 1574      57524954 
 1575              	.LASF39:
 1576 0784 4359424C 		.ascii	"CYBLE_EVT_GATTC_XCHNG_MTU_RSP\000"
 1576      455F4556 
 1576      545F4741 
 1576      5454435F 
 1576      5843484E 
 1577              	.LASF56:
 1578 07a2 4359424C 		.ascii	"CYBLE_EVT_GATTS_DATA_SIGNED_CMD_REQ\000"
 1578      455F4556 
 1578      545F4741 
ARM GAS  C:\Users\Henny\AppData\Local\Temp\ccRPona7.s 			page 37


 1578      5454535F 
 1578      44415441 
 1579              	.LASF90:
 1580 07c6 4359424C 		.ascii	"CYBLE_ERROR_L2CAP_CHANNEL_NOT_FOUND\000"
 1580      455F4552 
 1580      524F525F 
 1580      4C324341 
 1580      505F4348 
 1581              	.LASF105:
 1582 07ea 4359424C 		.ascii	"CYBLE_GATT_ERR_WRITE_NOT_PERMITTED\000"
 1582      455F4741 
 1582      54545F45 
 1582      52525F57 
 1582      52495445 
 1583              	.LASF113:
 1584 080d 4359424C 		.ascii	"CYBLE_GATT_ERR_ATTRIBUTE_NOT_LONG\000"
 1584      455F4741 
 1584      54545F45 
 1584      52525F41 
 1584      54545249 
 1585              	.LASF16:
 1586 082f 4359424C 		.ascii	"CYBLE_EVT_HOST_INVALID\000"
 1586      455F4556 
 1586      545F484F 
 1586      53545F49 
 1586      4E56414C 
 1587              	.LASF42:
 1588 0846 4359424C 		.ascii	"CYBLE_EVT_GATTC_FIND_INFO_RSP\000"
 1588      455F4556 
 1588      545F4741 
 1588      5454435F 
 1588      46494E44 
 1589              	.LASF131:
 1590 0864 4359424C 		.ascii	"CYBLE_GATT_ERR_ANCS_UNKNOWN_COMMAND\000"
 1590      455F4741 
 1590      54545F45 
 1590      52525F41 
 1590      4E43535F 
 1591              	.LASF165:
 1592 0888 4379426C 		.ascii	"CyBle_DissSetCharacteristicValue\000"
 1592      655F4469 
 1592      73735365 
 1592      74436861 
 1592      72616374 
 1593              	.LASF29:
 1594 08a9 4359424C 		.ascii	"CYBLE_EVT_GAP_DEVICE_CONNECTED\000"
 1594      455F4556 
 1594      545F4741 
 1594      505F4445 
 1594      56494345 
 1595              	.LASF172:
 1596 08c8 6379426C 		.ascii	"cyBle_diss\000"
 1596      655F6469 
 1596      737300
 1597              	.LASF153:
 1598 08d3 4359424C 		.ascii	"CYBLE_DIS_PNP_ID\000"
 1598      455F4449 
ARM GAS  C:\Users\Henny\AppData\Local\Temp\ccRPona7.s 			page 38


 1598      535F504E 
 1598      505F4944 
 1598      00
 1599              	.LASF123:
 1600 08e4 4359424C 		.ascii	"CYBLE_GATT_ERR_HTS_OUT_OF_RANGE\000"
 1600      455F4741 
 1600      54545F45 
 1600      52525F48 
 1600      54535F4F 
 1601              	.LASF2:
 1602 0904 73686F72 		.ascii	"short int\000"
 1602      7420696E 
 1602      7400
 1603              	.LASF25:
 1604 090e 4359424C 		.ascii	"CYBLE_EVT_GAP_PASSKEY_DISPLAY_REQUEST\000"
 1604      455F4556 
 1604      545F4741 
 1604      505F5041 
 1604      53534B45 
 1605              	.LASF156:
 1606 0934 73657276 		.ascii	"serviceHandle\000"
 1606      69636548 
 1606      616E646C 
 1606      6500
 1607              	.LASF36:
 1608 0942 4359424C 		.ascii	"CYBLE_EVT_GATT_CONNECT_IND\000"
 1608      455F4556 
 1608      545F4741 
 1608      54545F43 
 1608      4F4E4E45 
 1609              	.LASF61:
 1610 095d 4359424C 		.ascii	"CYBLE_EVT_L2CAP_COMMAND_REJ\000"
 1610      455F4556 
 1610      545F4C32 
 1610      4341505F 
 1610      434F4D4D 
 1611              	.LASF122:
 1612 0979 4359424C 		.ascii	"CYBLE_GATT_ERR_CPS_INAPPROPRIATE_CONNECTION_PARAMET"
 1612      455F4741 
 1612      54545F45 
 1612      52525F43 
 1612      50535F49 
 1613 09ac 45525300 		.ascii	"ERS\000"
 1614              	.LASF22:
 1615 09b0 4359424C 		.ascii	"CYBLE_EVT_GAPC_SCAN_PROGRESS_RESULT\000"
 1615      455F4556 
 1615      545F4741 
 1615      50435F53 
 1615      43414E5F 
 1616              	.LASF151:
 1617 09d4 4359424C 		.ascii	"CYBLE_DIS_SYSTEM_ID\000"
 1617      455F4449 
 1617      535F5359 
 1617      5354454D 
 1617      5F494400 
 1618              	.LASF96:
 1619 09e8 4359424C 		.ascii	"CYBLE_ERROR_MAX\000"
ARM GAS  C:\Users\Henny\AppData\Local\Temp\ccRPona7.s 			page 39


 1619      455F4552 
 1619      524F525F 
 1619      4D415800 
 1620              	.LASF62:
 1621 09f8 4359424C 		.ascii	"CYBLE_EVT_L2CAP_CBFC_CONN_IND\000"
 1621      455F4556 
 1621      545F4C32 
 1621      4341505F 
 1621      43424643 
 1622              	.LASF41:
 1623 0a16 4359424C 		.ascii	"CYBLE_EVT_GATTC_READ_BY_TYPE_RSP\000"
 1623      455F4556 
 1623      545F4741 
 1623      5454435F 
 1623      52454144 
 1624              	.LASF15:
 1625 0a37 73697A65 		.ascii	"sizetype\000"
 1625      74797065 
 1625      00
 1626              	.LASF119:
 1627 0a40 4359424C 		.ascii	"CYBLE_GATT_ERR_INSUFFICIENT_RESOURCE\000"
 1627      455F4741 
 1627      54545F45 
 1627      52525F49 
 1627      4E535546 
 1628              	.LASF27:
 1629 0a65 4359424C 		.ascii	"CYBLE_EVT_GAP_AUTH_FAILED\000"
 1629      455F4556 
 1629      545F4741 
 1629      505F4155 
 1629      54485F46 
 1630              	.LASF48:
 1631 0a7f 4359424C 		.ascii	"CYBLE_EVT_GATTC_WRITE_RSP\000"
 1631      455F4556 
 1631      545F4741 
 1631      5454435F 
 1631      57524954 
 1632              	.LASF166:
 1633 0a99 4379426C 		.ascii	"CyBle_DissGetCharacteristicValue\000"
 1633      655F4469 
 1633      73734765 
 1633      74436861 
 1633      72616374 
 1634              	.LASF110:
 1635 0aba 4359424C 		.ascii	"CYBLE_GATT_ERR_INSUFFICIENT_AUTHORIZATION\000"
 1635      455F4741 
 1635      54545F45 
 1635      52525F49 
 1635      4E535546 
 1636              	.LASF26:
 1637 0ae4 4359424C 		.ascii	"CYBLE_EVT_GAP_AUTH_COMPLETE\000"
 1637      455F4556 
 1637      545F4741 
 1637      505F4155 
 1637      54485F43 
 1638              	.LASF163:
 1639 0b00 61706952 		.ascii	"apiResult\000"
ARM GAS  C:\Users\Henny\AppData\Local\Temp\ccRPona7.s 			page 40


 1639      6573756C 
 1639      7400
 1640              	.LASF101:
 1641 0b0a 4359424C 		.ascii	"CYBLE_API_RESULT_T\000"
 1641      455F4150 
 1641      495F5245 
 1641      53554C54 
 1641      5F5400
 1642              	.LASF53:
 1643 0b1d 4359424C 		.ascii	"CYBLE_EVT_GATTC_HANDLE_VALUE_NTF\000"
 1643      455F4556 
 1643      545F4741 
 1643      5454435F 
 1643      48414E44 
 1644              	.LASF98:
 1645 0b3e 4359424C 		.ascii	"CYBLE_ERROR_IND_DISABLED\000"
 1645      455F4552 
 1645      524F525F 
 1645      494E445F 
 1645      44495341 
 1646              	.LASF143:
 1647 0b57 4359424C 		.ascii	"CYBLE_GATT_HANDLE_VALUE_PAIR_T\000"
 1647      455F4741 
 1647      54545F48 
 1647      414E444C 
 1647      455F5641 
 1648              	.LASF152:
 1649 0b76 4359424C 		.ascii	"CYBLE_DIS_REG_CERT_DATA\000"
 1649      455F4449 
 1649      535F5245 
 1649      475F4345 
 1649      52545F44 
 1650              	.LASF63:
 1651 0b8e 4359424C 		.ascii	"CYBLE_EVT_L2CAP_CBFC_CONN_CNF\000"
 1651      455F4556 
 1651      545F4C32 
 1651      4341505F 
 1651      43424643 
 1652              	.LASF133:
 1653 0bac 4359424C 		.ascii	"CYBLE_GATT_ERR_ANCS_INVALID_PARAMETER\000"
 1653      455F4741 
 1653      54545F45 
 1653      52525F41 
 1653      4E43535F 
 1654              	.LASF40:
 1655 0bd2 4359424C 		.ascii	"CYBLE_EVT_GATTC_READ_BY_GROUP_TYPE_RSP\000"
 1655      455F4556 
 1655      545F4741 
 1655      5454435F 
 1655      52454144 
 1656              	.LASF12:
 1657 0bf9 666C6F61 		.ascii	"float\000"
 1657      7400
 1658              	.LASF168:
 1659 0bff 2E5C4765 		.ascii	".\\Generated_Source\\PSoC4\\BLE_dis.c\000"
 1659      6E657261 
 1659      7465645F 
ARM GAS  C:\Users\Henny\AppData\Local\Temp\ccRPona7.s 			page 41


 1659      536F7572 
 1659      63655C50 
 1660              	.LASF111:
 1661 0c22 4359424C 		.ascii	"CYBLE_GATT_ERR_PREPARE_WRITE_QUEUE_FULL\000"
 1661      455F4741 
 1661      54545F45 
 1661      52525F50 
 1661      52455041 
 1662              	.LASF147:
 1663 0c4a 4359424C 		.ascii	"CYBLE_DIS_SERIAL_NUMBER\000"
 1663      455F4449 
 1663      535F5345 
 1663      5249414C 
 1663      5F4E554D 
 1664              	.LASF83:
 1665 0c62 4359424C 		.ascii	"CYBLE_ERROR_TX_POWER_READ\000"
 1665      455F4552 
 1665      524F525F 
 1665      54585F50 
 1665      4F574552 
 1666              	.LASF159:
 1667 0c7c 63616C6C 		.ascii	"callbackFunc\000"
 1667      6261636B 
 1667      46756E63 
 1667      00
 1668              	.LASF137:
 1669 0c89 4359424C 		.ascii	"CYBLE_GATT_ERR_OUT_OF_RANGE\000"
 1669      455F4741 
 1669      54545F45 
 1669      52525F4F 
 1669      55545F4F 
 1670              	.LASF1:
 1671 0ca5 756E7369 		.ascii	"unsigned char\000"
 1671      676E6564 
 1671      20636861 
 1671      7200
 1672              	.LASF154:
 1673 0cb3 4359424C 		.ascii	"CYBLE_DIS_CHAR_COUNT\000"
 1673      455F4449 
 1673      535F4348 
 1673      41525F43 
 1673      4F554E54 
 1674              	.LASF115:
 1675 0cc8 4359424C 		.ascii	"CYBLE_GATT_ERR_INVALID_ATTRIBUTE_LEN\000"
 1675      455F4741 
 1675      54545F45 
 1675      52525F49 
 1675      4E56414C 
 1676              	.LASF127:
 1677 0ced 4359424C 		.ascii	"CYBLE_GATTS_ERR_CCCD_IMPROPERLY_CONFIGURED\000"
 1677      455F4741 
 1677      5454535F 
 1677      4552525F 
 1677      43434344 
 1678              	.LASF171:
 1679 0d18 4379426C 		.ascii	"CyBle_DisRegisterAttrCallback\000"
 1679      655F4469 
ARM GAS  C:\Users\Henny\AppData\Local\Temp\ccRPona7.s 			page 42


 1679      73526567 
 1679      69737465 
 1679      72417474 
 1680              	.LASF99:
 1681 0d36 4359424C 		.ascii	"CYBLE_ERROR_CHAR_IS_NOT_DISCOVERED\000"
 1681      455F4552 
 1681      524F525F 
 1681      43484152 
 1681      5F49535F 
 1682              	.LASF157:
 1683 0d59 63686172 		.ascii	"charHandle\000"
 1683      48616E64 
 1683      6C6500
 1684              	.LASF54:
 1685 0d64 4359424C 		.ascii	"CYBLE_EVT_GATTC_HANDLE_VALUE_IND\000"
 1685      455F4556 
 1685      545F4741 
 1685      5454435F 
 1685      48414E44 
 1686              	.LASF79:
 1687 0d85 4359424C 		.ascii	"CYBLE_ERROR_NO_CONNECTION\000"
 1687      455F4552 
 1687      524F525F 
 1687      4E4F5F43 
 1687      4F4E4E45 
 1688              	.LASF126:
 1689 0d9f 4359424C 		.ascii	"CYBLE_GATT_ERR_MISSING_CRC\000"
 1689      455F4741 
 1689      54545F45 
 1689      52525F4D 
 1689      49535349 
 1690              	.LASF150:
 1691 0dba 4359424C 		.ascii	"CYBLE_DIS_SOFTWARE_REV\000"
 1691      455F4449 
 1691      535F534F 
 1691      46545741 
 1691      52455F52 
 1692              	.LASF130:
 1693 0dd1 4359424C 		.ascii	"CYBLE_GATT_ERR_ANS_COMMAND_NOT_SUPPORTED\000"
 1693      455F4741 
 1693      54545F45 
 1693      52525F41 
 1693      4E535F43 
 1694              	.LASF50:
 1695 0dfa 4359424C 		.ascii	"CYBLE_EVT_GATTS_PREP_WRITE_REQ\000"
 1695      455F4556 
 1695      545F4741 
 1695      5454535F 
 1695      50524550 
 1696              	.LASF162:
 1697 0e19 61747472 		.ascii	"attrValue\000"
 1697      56616C75 
 1697      6500
 1698              	.LASF55:
 1699 0e23 4359424C 		.ascii	"CYBLE_EVT_GATTS_HANDLE_VALUE_CNF\000"
 1699      455F4556 
 1699      545F4741 
ARM GAS  C:\Users\Henny\AppData\Local\Temp\ccRPona7.s 			page 43


 1699      5454535F 
 1699      48414E44 
 1700              	.LASF135:
 1701 0e44 4359424C 		.ascii	"CYBLE_GATT_ERR_CCCD_IMPROPERLY_CONFIGURED\000"
 1701      455F4741 
 1701      54545F45 
 1701      52525F43 
 1701      4343445F 
 1702              	.LASF120:
 1703 0e6e 4359424C 		.ascii	"CYBLE_GATT_ERR_HEART_RATE_CONTROL_POINT_NOT_SUPPORT"
 1703      455F4741 
 1703      54545F45 
 1703      52525F48 
 1703      45415254 
 1704 0ea1 454400   		.ascii	"ED\000"
 1705              	.LASF14:
 1706 0ea4 63686172 		.ascii	"char\000"
 1706      00
 1707              	.LASF146:
 1708 0ea9 4359424C 		.ascii	"CYBLE_DIS_MODEL_NUMBER\000"
 1708      455F4449 
 1708      535F4D4F 
 1708      44454C5F 
 1708      4E554D42 
 1709              	.LASF84:
 1710 0ec0 4359424C 		.ascii	"CYBLE_ERROR_BT_ON_NOT_COMPLETED\000"
 1710      455F4552 
 1710      524F525F 
 1710      42545F4F 
 1710      4E5F4E4F 
 1711              	.LASF30:
 1712 0ee0 4359424C 		.ascii	"CYBLE_EVT_GAP_DEVICE_DISCONNECTED\000"
 1712      455F4556 
 1712      545F4741 
 1712      505F4445 
 1712      56494345 
 1713              	.LASF8:
 1714 0f02 756E7369 		.ascii	"unsigned int\000"
 1714      676E6564 
 1714      20696E74 
 1714      00
 1715              	.LASF58:
 1716 0f0f 4359424C 		.ascii	"CYBLE_EVT_GATTS_READ_CHAR_VAL_ACCESS_REQ\000"
 1716      455F4556 
 1716      545F4741 
 1716      5454535F 
 1716      52454144 
 1717              	.LASF68:
 1718 0f38 4359424C 		.ascii	"CYBLE_EVT_L2CAP_CBFC_TX_CREDIT_IND\000"
 1718      455F4556 
 1718      545F4C32 
 1718      4341505F 
 1718      43424643 
 1719              	.LASF116:
 1720 0f5b 4359424C 		.ascii	"CYBLE_GATT_ERR_UNLIKELY_ERROR\000"
 1720      455F4741 
 1720      54545F45 
ARM GAS  C:\Users\Henny\AppData\Local\Temp\ccRPona7.s 			page 44


 1720      52525F55 
 1720      4E4C494B 
 1721              	.LASF134:
 1722 0f79 4359424C 		.ascii	"CYBLE_GATT_ERR_ANCS_ACTION_FAILED\000"
 1722      455F4741 
 1722      54545F45 
 1722      52525F41 
 1722      4E43535F 
 1723              	.LASF94:
 1724 0f9b 4359424C 		.ascii	"CYBLE_ERROR_FLASH_WRITE_NOT_PERMITED\000"
 1724      455F4552 
 1724      524F525F 
 1724      464C4153 
 1724      485F5752 
 1725              	.LASF89:
 1726 0fc0 4359424C 		.ascii	"CYBLE_ERROR_L2CAP_CONNECTION_ENTITY_NOT_FOUND\000"
 1726      455F4552 
 1726      524F525F 
 1726      4C324341 
 1726      505F434F 
 1727              	.LASF136:
 1728 0fee 4359424C 		.ascii	"CYBLE_GATT_ERR_PROCEDURE_ALREADY_IN_PROGRESS\000"
 1728      455F4741 
 1728      54545F45 
 1728      52525F50 
 1728      524F4345 
 1729              	.LASF19:
 1730 101b 4359424C 		.ascii	"CYBLE_EVT_HARDWARE_ERROR\000"
 1730      455F4556 
 1730      545F4841 
 1730      52445741 
 1730      52455F45 
 1731              	.LASF3:
 1732 1034 73686F72 		.ascii	"short unsigned int\000"
 1732      7420756E 
 1732      7369676E 
 1732      65642069 
 1732      6E7400
 1733              	.LASF35:
 1734 1047 4359424C 		.ascii	"CYBLE_EVT_GATTC_ERROR_RSP\000"
 1734      455F4556 
 1734      545F4741 
 1734      5454435F 
 1734      4552524F 
 1735              	.LASF75:
 1736 1061 4359424C 		.ascii	"CYBLE_ERROR_INVALID_OPERATION\000"
 1736      455F4552 
 1736      524F525F 
 1736      494E5641 
 1736      4C49445F 
 1737              	.LASF121:
 1738 107f 4359424C 		.ascii	"CYBLE_GATT_ERR_USER_DATA_ACCESS_NOT_PERMITTED\000"
 1738      455F4741 
 1738      54545F45 
 1738      52525F55 
 1738      5345525F 
 1739              	.LASF117:
ARM GAS  C:\Users\Henny\AppData\Local\Temp\ccRPona7.s 			page 45


 1740 10ad 4359424C 		.ascii	"CYBLE_GATT_ERR_INSUFFICIENT_ENCRYPTION\000"
 1740      455F4741 
 1740      54545F45 
 1740      52525F49 
 1740      4E535546 
 1741              	.LASF144:
 1742 10d4 4359424C 		.ascii	"CYBLE_CALLBACK_T\000"
 1742      455F4341 
 1742      4C4C4241 
 1742      434B5F54 
 1742      00
 1743              	.LASF38:
 1744 10e5 4359424C 		.ascii	"CYBLE_EVT_GATTS_XCNHG_MTU_REQ\000"
 1744      455F4556 
 1744      545F4741 
 1744      5454535F 
 1744      58434E48 
 1745              	.LASF160:
 1746 1103 63686172 		.ascii	"charIndex\000"
 1746      496E6465 
 1746      7800
 1747              	.LASF77:
 1748 110d 4359424C 		.ascii	"CYBLE_ERROR_INSUFFICIENT_RESOURCES\000"
 1748      455F4552 
 1748      524F525F 
 1748      494E5355 
 1748      46464943 
 1749              	.LASF24:
 1750 1130 4359424C 		.ascii	"CYBLE_EVT_GAP_PASSKEY_ENTRY_REQUEST\000"
 1750      455F4556 
 1750      545F4741 
 1750      505F5041 
 1750      53534B45 
 1751              	.LASF45:
 1752 1154 4359424C 		.ascii	"CYBLE_EVT_GATTC_READ_BLOB_RSP\000"
 1752      455F4556 
 1752      545F4741 
 1752      5454435F 
 1752      52454144 
 1753              	.LASF109:
 1754 1172 4359424C 		.ascii	"CYBLE_GATT_ERR_INVALID_OFFSET\000"
 1754      455F4741 
 1754      54545F45 
 1754      52525F49 
 1754      4E56414C 
 1755              	.LASF95:
 1756 1190 4359424C 		.ascii	"CYBLE_ERROR_MIC_AUTH_FAILED\000"
 1756      455F4552 
 1756      524F525F 
 1756      4D49435F 
 1756      41555448 
 1757              	.LASF88:
 1758 11ac 4359424C 		.ascii	"CYBLE_ERROR_L2CAP_PSM_NOT_REGISTERED\000"
 1758      455F4552 
 1758      524F525F 
 1758      4C324341 
 1758      505F5053 
ARM GAS  C:\Users\Henny\AppData\Local\Temp\ccRPona7.s 			page 46


 1759              	.LASF167:
 1760 11d1 474E5520 		.ascii	"GNU C 4.9.3 20150303 (release) [ARM/embedded-4_9-br"
 1760      4320342E 
 1760      392E3320 
 1760      32303135 
 1760      30333033 
 1761 1204 616E6368 		.ascii	"anch revision 221220] -mcpu=cortex-m0 -mthumb -g -O"
 1761      20726576 
 1761      6973696F 
 1761      6E203232 
 1761      31323230 
 1762 1237 30202D66 		.ascii	"0 -ffunction-sections -ffat-lto-objects\000"
 1762      66756E63 
 1762      74696F6E 
 1762      2D736563 
 1762      74696F6E 
 1763              	.LASF43:
 1764 125f 4359424C 		.ascii	"CYBLE_EVT_GATTC_FIND_BY_TYPE_VALUE_RSP\000"
 1764      455F4556 
 1764      545F4741 
 1764      5454435F 
 1764      46494E44 
 1765              	.LASF158:
 1766 1286 4359424C 		.ascii	"CYBLE_DISS_T\000"
 1766      455F4449 
 1766      53535F54 
 1766      00
 1767              	.LASF34:
 1768 1293 4359424C 		.ascii	"CYBLE_EVT_GAP_KEYINFO_EXCHNGE_CMPLT\000"
 1768      455F4556 
 1768      545F4741 
 1768      505F4B45 
 1768      59494E46 
 1769              	.LASF164:
 1770 12b7 6C6F6348 		.ascii	"locHandleValuePair\000"
 1770      616E646C 
 1770      6556616C 
 1770      75655061 
 1770      697200
 1771              	.LASF64:
 1772 12ca 4359424C 		.ascii	"CYBLE_EVT_L2CAP_CBFC_DISCONN_IND\000"
 1772      455F4556 
 1772      545F4C32 
 1772      4341505F 
 1772      43424643 
 1773              	.LASF60:
 1774 12eb 4359424C 		.ascii	"CYBLE_EVT_L2CAP_CONN_PARAM_UPDATE_RSP\000"
 1774      455F4556 
 1774      545F4C32 
 1774      4341505F 
 1774      434F4E4E 
 1775              	.LASF145:
 1776 1311 4359424C 		.ascii	"CYBLE_DIS_MANUFACTURER_NAME\000"
 1776      455F4449 
 1776      535F4D41 
 1776      4E554641 
 1776      43545552 
ARM GAS  C:\Users\Henny\AppData\Local\Temp\ccRPona7.s 			page 47


 1777              	.LASF161:
 1778 132d 61747472 		.ascii	"attrSize\000"
 1778      53697A65 
 1778      00
 1779              	.LASF92:
 1780 1336 4359424C 		.ascii	"CYBLE_ERROR_GATT_DB_INVALID_ATTR_HANDLE\000"
 1780      455F4552 
 1780      524F525F 
 1780      47415454 
 1780      5F44425F 
 1781              	.LASF81:
 1782 135e 4359424C 		.ascii	"CYBLE_ERROR_REPEATED_ATTEMPTS\000"
 1782      455F4552 
 1782      524F525F 
 1782      52455045 
 1782      41544544 
 1783              		.ident	"GCC: (GNU Tools for ARM Embedded Processors) 4.9.3 20150303 (release) [ARM/embedded-4_9-br
