ARM GAS  C:\Users\Henny\AppData\Local\Temp\cciCMefk.s 			page 1


   1              		.cpu cortex-m0
   2              		.fpu softvfp
   3              		.eabi_attribute 20, 1
   4              		.eabi_attribute 21, 1
   5              		.eabi_attribute 23, 3
   6              		.eabi_attribute 24, 1
   7              		.eabi_attribute 25, 1
   8              		.eabi_attribute 26, 1
   9              		.eabi_attribute 30, 6
  10              		.eabi_attribute 34, 0
  11              		.eabi_attribute 18, 4
  12              		.code	16
  13              		.file	"cyfitter_cfg.c"
  14              		.text
  15              	.Ltext0:
  16              		.cfi_sections	.debug_frame
  17              		.section	.text.CYMEMZERO,"ax",%progbits
  18              		.align	2
  19              		.code	16
  20              		.thumb_func
  21              		.type	CYMEMZERO, %function
  22              	CYMEMZERO:
  23              	.LFB2:
  24              		.file 1 ".\\Generated_Source\\PSoC4\\cyfitter_cfg.c"
   1:.\Generated_Source\PSoC4/cyfitter_cfg.c **** /*******************************************************************************
   2:.\Generated_Source\PSoC4/cyfitter_cfg.c **** * File Name: cyfitter_cfg.c
   3:.\Generated_Source\PSoC4/cyfitter_cfg.c **** * 
   4:.\Generated_Source\PSoC4/cyfitter_cfg.c **** * PSoC Creator  3.3 CP3
   5:.\Generated_Source\PSoC4/cyfitter_cfg.c **** *
   6:.\Generated_Source\PSoC4/cyfitter_cfg.c **** * Description:
   7:.\Generated_Source\PSoC4/cyfitter_cfg.c **** * This file contains device initialization code.
   8:.\Generated_Source\PSoC4/cyfitter_cfg.c **** * Except for the user defined sections in CyClockStartupError(), this file should not be modified.
   9:.\Generated_Source\PSoC4/cyfitter_cfg.c **** * This file is automatically generated by PSoC Creator.
  10:.\Generated_Source\PSoC4/cyfitter_cfg.c **** *
  11:.\Generated_Source\PSoC4/cyfitter_cfg.c **** ********************************************************************************
  12:.\Generated_Source\PSoC4/cyfitter_cfg.c **** * Copyright (c) 2007-2016 Cypress Semiconductor.  All rights reserved.
  13:.\Generated_Source\PSoC4/cyfitter_cfg.c **** * You may use this file only in accordance with the license, terms, conditions, 
  14:.\Generated_Source\PSoC4/cyfitter_cfg.c **** * disclaimers, and limitations in the end user license agreement accompanying 
  15:.\Generated_Source\PSoC4/cyfitter_cfg.c **** * the software package with which this file was provided.
  16:.\Generated_Source\PSoC4/cyfitter_cfg.c **** ********************************************************************************/
  17:.\Generated_Source\PSoC4/cyfitter_cfg.c **** 
  18:.\Generated_Source\PSoC4/cyfitter_cfg.c **** #include <string.h>
  19:.\Generated_Source\PSoC4/cyfitter_cfg.c **** #include "cytypes.h"
  20:.\Generated_Source\PSoC4/cyfitter_cfg.c **** #include "cydevice_trm.h"
  21:.\Generated_Source\PSoC4/cyfitter_cfg.c **** #include "cyfitter.h"
  22:.\Generated_Source\PSoC4/cyfitter_cfg.c **** #include "CyLib.h"
  23:.\Generated_Source\PSoC4/cyfitter_cfg.c **** #include "cyfitter_cfg.h"
  24:.\Generated_Source\PSoC4/cyfitter_cfg.c **** 
  25:.\Generated_Source\PSoC4/cyfitter_cfg.c **** 
  26:.\Generated_Source\PSoC4/cyfitter_cfg.c **** #if defined(__GNUC__) || defined(__ARMCC_VERSION)
  27:.\Generated_Source\PSoC4/cyfitter_cfg.c ****     #define CYPACKED 
  28:.\Generated_Source\PSoC4/cyfitter_cfg.c ****     #define CYPACKED_ATTR __attribute__ ((packed))
  29:.\Generated_Source\PSoC4/cyfitter_cfg.c ****     #define CYALIGNED __attribute__ ((aligned))
  30:.\Generated_Source\PSoC4/cyfitter_cfg.c ****     #define CY_CFG_UNUSED __attribute__ ((unused))
  31:.\Generated_Source\PSoC4/cyfitter_cfg.c ****     #ifndef CY_CFG_SECTION
  32:.\Generated_Source\PSoC4/cyfitter_cfg.c ****         #define CY_CFG_SECTION __attribute__ ((section(".psocinit")))
  33:.\Generated_Source\PSoC4/cyfitter_cfg.c ****     #endif
ARM GAS  C:\Users\Henny\AppData\Local\Temp\cciCMefk.s 			page 2


  34:.\Generated_Source\PSoC4/cyfitter_cfg.c ****     
  35:.\Generated_Source\PSoC4/cyfitter_cfg.c ****     #if defined(__ARMCC_VERSION)
  36:.\Generated_Source\PSoC4/cyfitter_cfg.c ****         #define CY_CFG_MEMORY_BARRIER() __memory_changed()
  37:.\Generated_Source\PSoC4/cyfitter_cfg.c ****     #else
  38:.\Generated_Source\PSoC4/cyfitter_cfg.c ****         #define CY_CFG_MEMORY_BARRIER() __sync_synchronize()
  39:.\Generated_Source\PSoC4/cyfitter_cfg.c ****     #endif
  40:.\Generated_Source\PSoC4/cyfitter_cfg.c ****     
  41:.\Generated_Source\PSoC4/cyfitter_cfg.c **** #elif defined(__ICCARM__)
  42:.\Generated_Source\PSoC4/cyfitter_cfg.c ****     #include <intrinsics.h>
  43:.\Generated_Source\PSoC4/cyfitter_cfg.c **** 
  44:.\Generated_Source\PSoC4/cyfitter_cfg.c ****     #define CYPACKED __packed
  45:.\Generated_Source\PSoC4/cyfitter_cfg.c ****     #define CYPACKED_ATTR 
  46:.\Generated_Source\PSoC4/cyfitter_cfg.c ****     #define CYALIGNED _Pragma("data_alignment=4")
  47:.\Generated_Source\PSoC4/cyfitter_cfg.c ****     #define CY_CFG_UNUSED _Pragma("diag_suppress=Pe177")
  48:.\Generated_Source\PSoC4/cyfitter_cfg.c ****     #define CY_CFG_SECTION _Pragma("location=\".psocinit\"")
  49:.\Generated_Source\PSoC4/cyfitter_cfg.c ****     
  50:.\Generated_Source\PSoC4/cyfitter_cfg.c ****     #define CY_CFG_MEMORY_BARRIER() __DMB()
  51:.\Generated_Source\PSoC4/cyfitter_cfg.c ****     
  52:.\Generated_Source\PSoC4/cyfitter_cfg.c **** #else
  53:.\Generated_Source\PSoC4/cyfitter_cfg.c ****     #error Unsupported toolchain
  54:.\Generated_Source\PSoC4/cyfitter_cfg.c **** #endif
  55:.\Generated_Source\PSoC4/cyfitter_cfg.c **** 
  56:.\Generated_Source\PSoC4/cyfitter_cfg.c **** 
  57:.\Generated_Source\PSoC4/cyfitter_cfg.c **** CY_CFG_UNUSED
  58:.\Generated_Source\PSoC4/cyfitter_cfg.c **** static void CYMEMZERO(void *s, size_t n);
  59:.\Generated_Source\PSoC4/cyfitter_cfg.c **** CY_CFG_UNUSED
  60:.\Generated_Source\PSoC4/cyfitter_cfg.c **** static void CYMEMZERO(void *s, size_t n)
  61:.\Generated_Source\PSoC4/cyfitter_cfg.c **** {
  25              		.loc 1 61 0
  26              		.cfi_startproc
  27 0000 80B5     		push	{r7, lr}
  28              		.cfi_def_cfa_offset 8
  29              		.cfi_offset 7, -8
  30              		.cfi_offset 14, -4
  31 0002 82B0     		sub	sp, sp, #8
  32              		.cfi_def_cfa_offset 16
  33 0004 00AF     		add	r7, sp, #0
  34              		.cfi_def_cfa_register 7
  35 0006 7860     		str	r0, [r7, #4]
  36 0008 3960     		str	r1, [r7]
  62:.\Generated_Source\PSoC4/cyfitter_cfg.c **** 	(void)memset(s, 0, n);
  37              		.loc 1 62 0
  38 000a 7A68     		ldr	r2, [r7, #4]
  39 000c 3B68     		ldr	r3, [r7]
  40 000e 101C     		mov	r0, r2
  41 0010 0021     		mov	r1, #0
  42 0012 1A1C     		mov	r2, r3
  43 0014 FFF7FEFF 		bl	memset
  63:.\Generated_Source\PSoC4/cyfitter_cfg.c **** }
  44              		.loc 1 63 0
  45 0018 BD46     		mov	sp, r7
  46 001a 02B0     		add	sp, sp, #8
  47              		@ sp needed
  48 001c 80BD     		pop	{r7, pc}
  49              		.cfi_endproc
  50              	.LFE2:
  51              		.size	CYMEMZERO, .-CYMEMZERO
ARM GAS  C:\Users\Henny\AppData\Local\Temp\cciCMefk.s 			page 3


  52 001e C046     		.section	.text.CYCONFIGCPY,"ax",%progbits
  53              		.align	2
  54              		.code	16
  55              		.thumb_func
  56              		.type	CYCONFIGCPY, %function
  57              	CYCONFIGCPY:
  58              	.LFB3:
  64:.\Generated_Source\PSoC4/cyfitter_cfg.c **** CY_CFG_UNUSED
  65:.\Generated_Source\PSoC4/cyfitter_cfg.c **** static void CYCONFIGCPY(void *dest, const void *src, size_t n);
  66:.\Generated_Source\PSoC4/cyfitter_cfg.c **** CY_CFG_UNUSED
  67:.\Generated_Source\PSoC4/cyfitter_cfg.c **** static void CYCONFIGCPY(void *dest, const void *src, size_t n)
  68:.\Generated_Source\PSoC4/cyfitter_cfg.c **** {
  59              		.loc 1 68 0
  60              		.cfi_startproc
  61 0000 80B5     		push	{r7, lr}
  62              		.cfi_def_cfa_offset 8
  63              		.cfi_offset 7, -8
  64              		.cfi_offset 14, -4
  65 0002 84B0     		sub	sp, sp, #16
  66              		.cfi_def_cfa_offset 24
  67 0004 00AF     		add	r7, sp, #0
  68              		.cfi_def_cfa_register 7
  69 0006 F860     		str	r0, [r7, #12]
  70 0008 B960     		str	r1, [r7, #8]
  71 000a 7A60     		str	r2, [r7, #4]
  69:.\Generated_Source\PSoC4/cyfitter_cfg.c **** 	(void)memcpy(dest, src, n);
  72              		.loc 1 69 0
  73 000c F968     		ldr	r1, [r7, #12]
  74 000e BA68     		ldr	r2, [r7, #8]
  75 0010 7B68     		ldr	r3, [r7, #4]
  76 0012 081C     		mov	r0, r1
  77 0014 111C     		mov	r1, r2
  78 0016 1A1C     		mov	r2, r3
  79 0018 FFF7FEFF 		bl	memcpy
  70:.\Generated_Source\PSoC4/cyfitter_cfg.c **** }
  80              		.loc 1 70 0
  81 001c BD46     		mov	sp, r7
  82 001e 04B0     		add	sp, sp, #16
  83              		@ sp needed
  84 0020 80BD     		pop	{r7, pc}
  85              		.cfi_endproc
  86              	.LFE3:
  87              		.size	CYCONFIGCPY, .-CYCONFIGCPY
  88 0022 C046     		.section	.text.CYCONFIGCPYCODE,"ax",%progbits
  89              		.align	2
  90              		.code	16
  91              		.thumb_func
  92              		.type	CYCONFIGCPYCODE, %function
  93              	CYCONFIGCPYCODE:
  94              	.LFB4:
  71:.\Generated_Source\PSoC4/cyfitter_cfg.c **** CY_CFG_UNUSED
  72:.\Generated_Source\PSoC4/cyfitter_cfg.c **** static void CYCONFIGCPYCODE(void *dest, const void *src, size_t n);
  73:.\Generated_Source\PSoC4/cyfitter_cfg.c **** CY_CFG_UNUSED
  74:.\Generated_Source\PSoC4/cyfitter_cfg.c **** static void CYCONFIGCPYCODE(void *dest, const void *src, size_t n)
  75:.\Generated_Source\PSoC4/cyfitter_cfg.c **** {
  95              		.loc 1 75 0
  96              		.cfi_startproc
ARM GAS  C:\Users\Henny\AppData\Local\Temp\cciCMefk.s 			page 4


  97 0000 80B5     		push	{r7, lr}
  98              		.cfi_def_cfa_offset 8
  99              		.cfi_offset 7, -8
 100              		.cfi_offset 14, -4
 101 0002 84B0     		sub	sp, sp, #16
 102              		.cfi_def_cfa_offset 24
 103 0004 00AF     		add	r7, sp, #0
 104              		.cfi_def_cfa_register 7
 105 0006 F860     		str	r0, [r7, #12]
 106 0008 B960     		str	r1, [r7, #8]
 107 000a 7A60     		str	r2, [r7, #4]
  76:.\Generated_Source\PSoC4/cyfitter_cfg.c **** 	(void)memcpy(dest, src, n);
 108              		.loc 1 76 0
 109 000c F968     		ldr	r1, [r7, #12]
 110 000e BA68     		ldr	r2, [r7, #8]
 111 0010 7B68     		ldr	r3, [r7, #4]
 112 0012 081C     		mov	r0, r1
 113 0014 111C     		mov	r1, r2
 114 0016 1A1C     		mov	r2, r3
 115 0018 FFF7FEFF 		bl	memcpy
  77:.\Generated_Source\PSoC4/cyfitter_cfg.c **** }
 116              		.loc 1 77 0
 117 001c BD46     		mov	sp, r7
 118 001e 04B0     		add	sp, sp, #16
 119              		@ sp needed
 120 0020 80BD     		pop	{r7, pc}
 121              		.cfi_endproc
 122              	.LFE4:
 123              		.size	CYCONFIGCPYCODE, .-CYCONFIGCPYCODE
 124 0022 C046     		.section	.psocinit,"ax",%progbits
 125              		.align	2
 126              		.code	16
 127              		.thumb_func
 128              		.type	ClockSetup, %function
 129              	ClockSetup:
 130              	.LFB5:
  78:.\Generated_Source\PSoC4/cyfitter_cfg.c **** 
  79:.\Generated_Source\PSoC4/cyfitter_cfg.c **** 
  80:.\Generated_Source\PSoC4/cyfitter_cfg.c **** 
  81:.\Generated_Source\PSoC4/cyfitter_cfg.c **** /* Clock startup error codes                                                   */
  82:.\Generated_Source\PSoC4/cyfitter_cfg.c **** #define CYCLOCKSTART_NO_ERROR    0u
  83:.\Generated_Source\PSoC4/cyfitter_cfg.c **** #define CYCLOCKSTART_XTAL_ERROR  1u
  84:.\Generated_Source\PSoC4/cyfitter_cfg.c **** #define CYCLOCKSTART_32KHZ_ERROR 2u
  85:.\Generated_Source\PSoC4/cyfitter_cfg.c **** #define CYCLOCKSTART_PLL_ERROR   3u
  86:.\Generated_Source\PSoC4/cyfitter_cfg.c **** 
  87:.\Generated_Source\PSoC4/cyfitter_cfg.c **** #ifdef CY_NEED_CYCLOCKSTARTUPERROR
  88:.\Generated_Source\PSoC4/cyfitter_cfg.c **** /*******************************************************************************
  89:.\Generated_Source\PSoC4/cyfitter_cfg.c **** * Function Name: CyClockStartupError
  90:.\Generated_Source\PSoC4/cyfitter_cfg.c **** ********************************************************************************
  91:.\Generated_Source\PSoC4/cyfitter_cfg.c **** * Summary:
  92:.\Generated_Source\PSoC4/cyfitter_cfg.c **** *  If an error is encountered during clock configuration (crystal startup error,
  93:.\Generated_Source\PSoC4/cyfitter_cfg.c **** *  PLL lock error, etc.), the system will end up here.  Unless reimplemented by
  94:.\Generated_Source\PSoC4/cyfitter_cfg.c **** *  the customer, this function will stop in an infinite loop.
  95:.\Generated_Source\PSoC4/cyfitter_cfg.c **** *
  96:.\Generated_Source\PSoC4/cyfitter_cfg.c **** * Parameters:
  97:.\Generated_Source\PSoC4/cyfitter_cfg.c **** *   void
  98:.\Generated_Source\PSoC4/cyfitter_cfg.c **** *
ARM GAS  C:\Users\Henny\AppData\Local\Temp\cciCMefk.s 			page 5


  99:.\Generated_Source\PSoC4/cyfitter_cfg.c **** * Return:
 100:.\Generated_Source\PSoC4/cyfitter_cfg.c **** *   void
 101:.\Generated_Source\PSoC4/cyfitter_cfg.c **** *
 102:.\Generated_Source\PSoC4/cyfitter_cfg.c **** *******************************************************************************/
 103:.\Generated_Source\PSoC4/cyfitter_cfg.c **** CY_CFG_UNUSED
 104:.\Generated_Source\PSoC4/cyfitter_cfg.c **** static void CyClockStartupError(uint8 errorCode);
 105:.\Generated_Source\PSoC4/cyfitter_cfg.c **** CY_CFG_UNUSED
 106:.\Generated_Source\PSoC4/cyfitter_cfg.c **** static void CyClockStartupError(uint8 errorCode)
 107:.\Generated_Source\PSoC4/cyfitter_cfg.c **** {
 108:.\Generated_Source\PSoC4/cyfitter_cfg.c ****     /* To remove the compiler warning if errorCode not used.                */
 109:.\Generated_Source\PSoC4/cyfitter_cfg.c ****     errorCode = errorCode;
 110:.\Generated_Source\PSoC4/cyfitter_cfg.c **** 
 111:.\Generated_Source\PSoC4/cyfitter_cfg.c ****     /* `#START CyClockStartupError` */
 112:.\Generated_Source\PSoC4/cyfitter_cfg.c **** 
 113:.\Generated_Source\PSoC4/cyfitter_cfg.c ****     /* If we have a clock startup error (bad MHz crystal, PLL lock, etc.),  */
 114:.\Generated_Source\PSoC4/cyfitter_cfg.c ****     /* we will end up here to allow the customer to implement something to  */
 115:.\Generated_Source\PSoC4/cyfitter_cfg.c ****     /* deal with the clock condition.                                       */
 116:.\Generated_Source\PSoC4/cyfitter_cfg.c **** 
 117:.\Generated_Source\PSoC4/cyfitter_cfg.c ****     /* `#END` */
 118:.\Generated_Source\PSoC4/cyfitter_cfg.c **** 
 119:.\Generated_Source\PSoC4/cyfitter_cfg.c ****     /* If nothing else, stop here since the clocks have not started         */
 120:.\Generated_Source\PSoC4/cyfitter_cfg.c ****     /* correctly.                                                           */
 121:.\Generated_Source\PSoC4/cyfitter_cfg.c ****     while(1) {}
 122:.\Generated_Source\PSoC4/cyfitter_cfg.c **** }
 123:.\Generated_Source\PSoC4/cyfitter_cfg.c **** #endif
 124:.\Generated_Source\PSoC4/cyfitter_cfg.c **** 
 125:.\Generated_Source\PSoC4/cyfitter_cfg.c **** 
 126:.\Generated_Source\PSoC4/cyfitter_cfg.c **** 
 127:.\Generated_Source\PSoC4/cyfitter_cfg.c **** /*******************************************************************************
 128:.\Generated_Source\PSoC4/cyfitter_cfg.c **** * Function Name: ClockSetup
 129:.\Generated_Source\PSoC4/cyfitter_cfg.c **** ********************************************************************************
 130:.\Generated_Source\PSoC4/cyfitter_cfg.c **** *
 131:.\Generated_Source\PSoC4/cyfitter_cfg.c **** * Summary:
 132:.\Generated_Source\PSoC4/cyfitter_cfg.c **** *   Performs the initialization of all of the clocks in the device based on the
 133:.\Generated_Source\PSoC4/cyfitter_cfg.c **** *   settings in the Clock tab of the DWR.  This includes enabling the requested
 134:.\Generated_Source\PSoC4/cyfitter_cfg.c **** *   clocks and setting the necessary dividers to produce the desired frequency. 
 135:.\Generated_Source\PSoC4/cyfitter_cfg.c **** *
 136:.\Generated_Source\PSoC4/cyfitter_cfg.c **** * Parameters:
 137:.\Generated_Source\PSoC4/cyfitter_cfg.c **** *   void
 138:.\Generated_Source\PSoC4/cyfitter_cfg.c **** *
 139:.\Generated_Source\PSoC4/cyfitter_cfg.c **** * Return:
 140:.\Generated_Source\PSoC4/cyfitter_cfg.c **** *   void
 141:.\Generated_Source\PSoC4/cyfitter_cfg.c **** *
 142:.\Generated_Source\PSoC4/cyfitter_cfg.c **** *******************************************************************************/
 143:.\Generated_Source\PSoC4/cyfitter_cfg.c **** static void ClockSetup(void);
 144:.\Generated_Source\PSoC4/cyfitter_cfg.c **** CY_CFG_SECTION
 145:.\Generated_Source\PSoC4/cyfitter_cfg.c **** static void ClockSetup(void)
 146:.\Generated_Source\PSoC4/cyfitter_cfg.c **** {
 131              		.loc 1 146 0
 132              		.cfi_startproc
 133 0000 80B5     		push	{r7, lr}
 134              		.cfi_def_cfa_offset 8
 135              		.cfi_offset 7, -8
 136              		.cfi_offset 14, -4
 137 0002 00AF     		add	r7, sp, #0
 138              		.cfi_def_cfa_register 7
 147:.\Generated_Source\PSoC4/cyfitter_cfg.c **** 
ARM GAS  C:\Users\Henny\AppData\Local\Temp\cciCMefk.s 			page 6


 148:.\Generated_Source\PSoC4/cyfitter_cfg.c **** 	/* Set Flash Cycles based on max possible frequency in case a glitch occurs during ClockSetup(). *
 149:.\Generated_Source\PSoC4/cyfitter_cfg.c **** 	CY_SET_REG32((void CYXDATA *)(CYREG_CPUSS_FLASH_CTL), (0x0012u));
 139              		.loc 1 149 0
 140 0004 274B     		ldr	r3, .L5
 141 0006 1222     		mov	r2, #18
 142 0008 1A60     		str	r2, [r3]
 150:.\Generated_Source\PSoC4/cyfitter_cfg.c **** 
 151:.\Generated_Source\PSoC4/cyfitter_cfg.c **** 	/* Start the WCO */
 152:.\Generated_Source\PSoC4/cyfitter_cfg.c **** 	CySysClkWcoStart();
 143              		.loc 1 152 0
 144 000a FFF7FEFF 		bl	CySysClkWcoStart
 153:.\Generated_Source\PSoC4/cyfitter_cfg.c **** 	CyDelayCycles(12000000u); /* WCO may take up to 500ms to start */
 145              		.loc 1 153 0
 146 000e 264B     		ldr	r3, .L5+4
 147 0010 181C     		mov	r0, r3
 148 0012 FFF7FEFF 		bl	CyDelayCycles
 154:.\Generated_Source\PSoC4/cyfitter_cfg.c **** 	(void)CySysClkWcoSetPowerMode(CY_SYS_CLK_WCO_LPM);    /* Switch to the low power mode */
 149              		.loc 1 154 0
 150 0016 0120     		mov	r0, #1
 151 0018 FFF7FEFF 		bl	CySysClkWcoSetPowerMode
 155:.\Generated_Source\PSoC4/cyfitter_cfg.c **** 
 156:.\Generated_Source\PSoC4/cyfitter_cfg.c **** 	/* Setup and trim IMO based on desired frequency. */
 157:.\Generated_Source\PSoC4/cyfitter_cfg.c **** 	CySysClkWriteImoFreq(48u);
 152              		.loc 1 157 0
 153 001c 3020     		mov	r0, #48
 154 001e FFF7FEFF 		bl	CySysClkWriteImoFreq
 158:.\Generated_Source\PSoC4/cyfitter_cfg.c **** 	/* CYDEV_CLK_ILO_CONFIG Starting address: CYDEV_CLK_ILO_CONFIG */
 159:.\Generated_Source\PSoC4/cyfitter_cfg.c **** 	CY_SET_XTND_REG32((void CYFAR *)(CYREG_CLK_ILO_CONFIG), 0x80000006u);
 155              		.loc 1 159 0
 156 0022 224B     		ldr	r3, .L5+8
 157 0024 224A     		ldr	r2, .L5+12
 158 0026 1A60     		str	r2, [r3]
 160:.\Generated_Source\PSoC4/cyfitter_cfg.c **** 
 161:.\Generated_Source\PSoC4/cyfitter_cfg.c **** 	/* CYDEV_WDT_CONFIG Starting address: CYDEV_WDT_CONFIG */
 162:.\Generated_Source\PSoC4/cyfitter_cfg.c **** 	CY_SET_XTND_REG32((void CYFAR *)(CYREG_WDT_CONFIG), 0x40000000u);
 159              		.loc 1 162 0
 160 0028 224B     		ldr	r3, .L5+16
 161 002a 8022     		mov	r2, #128
 162 002c D205     		lsl	r2, r2, #23
 163 002e 1A60     		str	r2, [r3]
 163:.\Generated_Source\PSoC4/cyfitter_cfg.c **** 
 164:.\Generated_Source\PSoC4/cyfitter_cfg.c **** 
 165:.\Generated_Source\PSoC4/cyfitter_cfg.c **** 	/* Enable fast start mode for XO */
 166:.\Generated_Source\PSoC4/cyfitter_cfg.c **** 	CY_SET_REG32((void*)CYREG_BLE_BLERD_BB_XO, CY_GET_REG32((void*)CYREG_BLE_BLERD_BB_XO) | (uint32)0x
 164              		.loc 1 166 0
 165 0030 214B     		ldr	r3, .L5+20
 166 0032 214A     		ldr	r2, .L5+20
 167 0034 1268     		ldr	r2, [r2]
 168 0036 0221     		mov	r1, #2
 169 0038 0A43     		orr	r2, r1
 170 003a 1A60     		str	r2, [r3]
 167:.\Generated_Source\PSoC4/cyfitter_cfg.c **** 	CY_SET_XTND_REG32((void CYFAR *)(CYREG_BLE_BLERD_BB_XO_CAPTRIM), 0x00002D6Au);
 171              		.loc 1 167 0
 172 003c 1F4B     		ldr	r3, .L5+24
 173 003e 204A     		ldr	r2, .L5+28
 174 0040 1A60     		str	r2, [r3]
 168:.\Generated_Source\PSoC4/cyfitter_cfg.c **** 	/* Disable Crystal Stable Interrupt before enabling ECO */
ARM GAS  C:\Users\Henny\AppData\Local\Temp\cciCMefk.s 			page 7


 169:.\Generated_Source\PSoC4/cyfitter_cfg.c **** 	CY_SET_REG32((void*)CYREG_BLE_BLESS_LL_DSM_CTRL, CY_GET_REG32((void*)CYREG_BLE_BLESS_LL_DSM_CTRL) 
 175              		.loc 1 169 0
 176 0042 204B     		ldr	r3, .L5+32
 177 0044 1F4A     		ldr	r2, .L5+32
 178 0046 1268     		ldr	r2, [r2]
 179 0048 0821     		mov	r1, #8
 180 004a 8A43     		bic	r2, r1
 181 004c 1A60     		str	r2, [r3]
 170:.\Generated_Source\PSoC4/cyfitter_cfg.c **** 	/* Start the ECO and do not check status since it is not needed for HFCLK */
 171:.\Generated_Source\PSoC4/cyfitter_cfg.c **** 	(void)CySysClkEcoStart(2000u);
 182              		.loc 1 171 0
 183 004e FA23     		mov	r3, #250
 184 0050 DB00     		lsl	r3, r3, #3
 185 0052 181C     		mov	r0, r3
 186 0054 FFF7FEFF 		bl	CySysClkEcoStart
 172:.\Generated_Source\PSoC4/cyfitter_cfg.c **** 	CyDelayUs(1500u); /* Wait to stabalize */
 187              		.loc 1 172 0
 188 0058 1B4B     		ldr	r3, .L5+36
 189 005a 181C     		mov	r0, r3
 190 005c FFF7FEFF 		bl	CyDelayUs
 173:.\Generated_Source\PSoC4/cyfitter_cfg.c **** 
 174:.\Generated_Source\PSoC4/cyfitter_cfg.c **** 	/* Setup phase aligned clocks */
 175:.\Generated_Source\PSoC4/cyfitter_cfg.c **** 	CY_SET_REG32((void *)CYREG_PERI_DIV_16_CTL0, 0x00001D00u);
 191              		.loc 1 175 0
 192 0060 1A4B     		ldr	r3, .L5+40
 193 0062 E822     		mov	r2, #232
 194 0064 5201     		lsl	r2, r2, #5
 195 0066 1A60     		str	r2, [r3]
 176:.\Generated_Source\PSoC4/cyfitter_cfg.c **** 	CY_SET_REG32((void *)CYREG_PERI_DIV_CMD, 0x8000FF40u);
 196              		.loc 1 176 0
 197 0068 194B     		ldr	r3, .L5+44
 198 006a 1A4A     		ldr	r2, .L5+48
 199 006c 1A60     		str	r2, [r3]
 177:.\Generated_Source\PSoC4/cyfitter_cfg.c **** 	CY_SET_REG32((void *)CYREG_PERI_DIV_16_CTL1, 0x00013800u);
 200              		.loc 1 177 0
 201 006e 1A4B     		ldr	r3, .L5+52
 202 0070 9C22     		mov	r2, #156
 203 0072 5202     		lsl	r2, r2, #9
 204 0074 1A60     		str	r2, [r3]
 178:.\Generated_Source\PSoC4/cyfitter_cfg.c **** 	CY_SET_REG32((void *)CYREG_PERI_DIV_CMD, 0x8000FF41u);
 205              		.loc 1 178 0
 206 0076 164B     		ldr	r3, .L5+44
 207 0078 184A     		ldr	r2, .L5+56
 208 007a 1A60     		str	r2, [r3]
 179:.\Generated_Source\PSoC4/cyfitter_cfg.c **** 
 180:.\Generated_Source\PSoC4/cyfitter_cfg.c **** 	/* CYDEV_CLK_IMO_CONFIG Starting address: CYDEV_CLK_IMO_CONFIG */
 181:.\Generated_Source\PSoC4/cyfitter_cfg.c **** 	CY_SET_XTND_REG32((void CYFAR *)(CYREG_CLK_IMO_CONFIG), 0x82000000u);
 209              		.loc 1 181 0
 210 007c 184B     		ldr	r3, .L5+60
 211 007e 8222     		mov	r2, #130
 212 0080 1206     		lsl	r2, r2, #24
 213 0082 1A60     		str	r2, [r3]
 182:.\Generated_Source\PSoC4/cyfitter_cfg.c **** 
 183:.\Generated_Source\PSoC4/cyfitter_cfg.c **** 	/* CYDEV_CLK_SELECT Starting address: CYDEV_CLK_SELECT */
 184:.\Generated_Source\PSoC4/cyfitter_cfg.c **** 	CY_SET_XTND_REG32((void CYFAR *)(CYREG_CLK_SELECT), 0x00080000u);
 214              		.loc 1 184 0
 215 0084 174B     		ldr	r3, .L5+64
ARM GAS  C:\Users\Henny\AppData\Local\Temp\cciCMefk.s 			page 8


 216 0086 8022     		mov	r2, #128
 217 0088 1203     		lsl	r2, r2, #12
 218 008a 1A60     		str	r2, [r3]
 185:.\Generated_Source\PSoC4/cyfitter_cfg.c **** 
 186:.\Generated_Source\PSoC4/cyfitter_cfg.c **** 	/* CYDEV_PERI_PCLK_CTL6 Starting address: CYDEV_PERI_PCLK_CTL6 */
 187:.\Generated_Source\PSoC4/cyfitter_cfg.c **** 	CY_SET_XTND_REG32((void CYFAR *)(CYREG_PERI_PCLK_CTL6), 0x00000040u);
 219              		.loc 1 187 0
 220 008c 164B     		ldr	r3, .L5+68
 221 008e 4022     		mov	r2, #64
 222 0090 1A60     		str	r2, [r3]
 188:.\Generated_Source\PSoC4/cyfitter_cfg.c **** 
 189:.\Generated_Source\PSoC4/cyfitter_cfg.c **** 	/* CYDEV_PERI_PCLK_CTL1 Starting address: CYDEV_PERI_PCLK_CTL1 */
 190:.\Generated_Source\PSoC4/cyfitter_cfg.c **** 	CY_SET_XTND_REG32((void CYFAR *)(CYREG_PERI_PCLK_CTL1), 0x00000041u);
 223              		.loc 1 190 0
 224 0092 164B     		ldr	r3, .L5+72
 225 0094 4122     		mov	r2, #65
 226 0096 1A60     		str	r2, [r3]
 191:.\Generated_Source\PSoC4/cyfitter_cfg.c **** 
 192:.\Generated_Source\PSoC4/cyfitter_cfg.c **** 	CY_SET_XTND_REG32((void CYFAR *)(CYREG_WDT_CONFIG), 0x40000000u);
 227              		.loc 1 192 0
 228 0098 064B     		ldr	r3, .L5+16
 229 009a 8022     		mov	r2, #128
 230 009c D205     		lsl	r2, r2, #23
 231 009e 1A60     		str	r2, [r3]
 193:.\Generated_Source\PSoC4/cyfitter_cfg.c **** }
 232              		.loc 1 193 0
 233 00a0 BD46     		mov	sp, r7
 234              		@ sp needed
 235 00a2 80BD     		pop	{r7, pc}
 236              	.L6:
 237              		.align	2
 238              	.L5:
 239 00a4 30001040 		.word	1074790448
 240 00a8 001BB700 		.word	12000000
 241 00ac 04010B40 		.word	1074462980
 242 00b0 06000080 		.word	-2147483642
 243 00b4 0C020B40 		.word	1074463244
 244 00b8 78002E40 		.word	1076756600
 245 00bc 7C002E40 		.word	1076756604
 246 00c0 6A2D0000 		.word	11626
 247 00c4 6CF02E40 		.word	1076818028
 248 00c8 DC050000 		.word	1500
 249 00cc 00030140 		.word	1073808128
 250 00d0 00000140 		.word	1073807360
 251 00d4 40FF0080 		.word	-2147418304
 252 00d8 04030140 		.word	1073808132
 253 00dc 41FF0080 		.word	-2147418303
 254 00e0 08010B40 		.word	1074462984
 255 00e4 00010B40 		.word	1074462976
 256 00e8 18010140 		.word	1073807640
 257 00ec 04010140 		.word	1073807620
 258              		.cfi_endproc
 259              	.LFE5:
 260              		.size	ClockSetup, .-ClockSetup
 261              		.section	.text.AnalogSetDefault,"ax",%progbits
 262              		.align	2
 263              		.code	16
ARM GAS  C:\Users\Henny\AppData\Local\Temp\cciCMefk.s 			page 9


 264              		.thumb_func
 265              		.type	AnalogSetDefault, %function
 266              	AnalogSetDefault:
 267              	.LFB6:
 194:.\Generated_Source\PSoC4/cyfitter_cfg.c **** 
 195:.\Generated_Source\PSoC4/cyfitter_cfg.c **** 
 196:.\Generated_Source\PSoC4/cyfitter_cfg.c **** /* Analog API Functions */
 197:.\Generated_Source\PSoC4/cyfitter_cfg.c **** 
 198:.\Generated_Source\PSoC4/cyfitter_cfg.c **** 
 199:.\Generated_Source\PSoC4/cyfitter_cfg.c **** /*******************************************************************************
 200:.\Generated_Source\PSoC4/cyfitter_cfg.c **** * Function Name: AnalogSetDefault
 201:.\Generated_Source\PSoC4/cyfitter_cfg.c **** ********************************************************************************
 202:.\Generated_Source\PSoC4/cyfitter_cfg.c **** *
 203:.\Generated_Source\PSoC4/cyfitter_cfg.c **** * Summary:
 204:.\Generated_Source\PSoC4/cyfitter_cfg.c **** *  Sets up the analog portions of the chip to default values based on chip
 205:.\Generated_Source\PSoC4/cyfitter_cfg.c **** *  configuration options from the project.
 206:.\Generated_Source\PSoC4/cyfitter_cfg.c **** *
 207:.\Generated_Source\PSoC4/cyfitter_cfg.c **** * Parameters:
 208:.\Generated_Source\PSoC4/cyfitter_cfg.c **** *  void
 209:.\Generated_Source\PSoC4/cyfitter_cfg.c **** *
 210:.\Generated_Source\PSoC4/cyfitter_cfg.c **** * Return:
 211:.\Generated_Source\PSoC4/cyfitter_cfg.c **** *  void
 212:.\Generated_Source\PSoC4/cyfitter_cfg.c **** *
 213:.\Generated_Source\PSoC4/cyfitter_cfg.c **** *******************************************************************************/
 214:.\Generated_Source\PSoC4/cyfitter_cfg.c **** static void AnalogSetDefault(void);
 215:.\Generated_Source\PSoC4/cyfitter_cfg.c **** static void AnalogSetDefault(void)
 216:.\Generated_Source\PSoC4/cyfitter_cfg.c **** {
 268              		.loc 1 216 0
 269              		.cfi_startproc
 270 0000 80B5     		push	{r7, lr}
 271              		.cfi_def_cfa_offset 8
 272              		.cfi_offset 7, -8
 273              		.cfi_offset 14, -4
 274 0002 00AF     		add	r7, sp, #0
 275              		.cfi_def_cfa_register 7
 217:.\Generated_Source\PSoC4/cyfitter_cfg.c **** 	CY_SET_XTND_REG32((void CYFAR *)CYREG_CTBM0_DFT_CTRL, 0x00000003u);
 276              		.loc 1 217 0
 277 0004 0A4B     		ldr	r3, .L8
 278 0006 0322     		mov	r2, #3
 279 0008 1A60     		str	r2, [r3]
 218:.\Generated_Source\PSoC4/cyfitter_cfg.c **** 	CY_SET_XTND_REG32((void CYFAR *)CYREG_CTBM1_DFT_CTRL, 0x00000003u);
 280              		.loc 1 218 0
 281 000a 0A4B     		ldr	r3, .L8+4
 282 000c 0322     		mov	r2, #3
 283 000e 1A60     		str	r2, [r3]
 219:.\Generated_Source\PSoC4/cyfitter_cfg.c **** 	CY_SET_XTND_REG32((void CYFAR *)CYREG_SAR_CTRL, 0x80000000u);
 284              		.loc 1 219 0
 285 0010 094B     		ldr	r3, .L8+8
 286 0012 8022     		mov	r2, #128
 287 0014 1206     		lsl	r2, r2, #24
 288 0016 1A60     		str	r2, [r3]
 220:.\Generated_Source\PSoC4/cyfitter_cfg.c **** 	CY_SET_XTND_REG32((void CYFAR *)CYREG_SAR_MUX_SWITCH0, 0x00000001u);
 289              		.loc 1 220 0
 290 0018 084B     		ldr	r3, .L8+12
 291 001a 0122     		mov	r2, #1
 292 001c 1A60     		str	r2, [r3]
 221:.\Generated_Source\PSoC4/cyfitter_cfg.c **** 	CY_SET_XTND_REG32((void CYFAR *)CYREG_PASS_DSAB_DSAB_CTRL, 0x00000000u);
ARM GAS  C:\Users\Henny\AppData\Local\Temp\cciCMefk.s 			page 10


 293              		.loc 1 221 0
 294 001e 084B     		ldr	r3, .L8+16
 295 0020 0022     		mov	r2, #0
 296 0022 1A60     		str	r2, [r3]
 222:.\Generated_Source\PSoC4/cyfitter_cfg.c **** 	SetAnalogRoutingPumps(1);
 297              		.loc 1 222 0
 298 0024 0120     		mov	r0, #1
 299 0026 FFF7FEFF 		bl	SetAnalogRoutingPumps
 223:.\Generated_Source\PSoC4/cyfitter_cfg.c **** }
 300              		.loc 1 223 0
 301 002a BD46     		mov	sp, r7
 302              		@ sp needed
 303 002c 80BD     		pop	{r7, pc}
 304              	.L9:
 305 002e C046     		.align	2
 306              	.L8:
 307 0030 30003040 		.word	1076887600
 308 0034 30003140 		.word	1076953136
 309 0038 00003A40 		.word	1077542912
 310 003c 00033A40 		.word	1077543680
 311 0040 000E3F40 		.word	1077874176
 312              		.cfi_endproc
 313              	.LFE6:
 314              		.size	AnalogSetDefault, .-AnalogSetDefault
 315              		.section	.text.SetAnalogRoutingPumps,"ax",%progbits
 316              		.align	2
 317              		.global	SetAnalogRoutingPumps
 318              		.code	16
 319              		.thumb_func
 320              		.type	SetAnalogRoutingPumps, %function
 321              	SetAnalogRoutingPumps:
 322              	.LFB7:
 224:.\Generated_Source\PSoC4/cyfitter_cfg.c **** 
 225:.\Generated_Source\PSoC4/cyfitter_cfg.c **** 
 226:.\Generated_Source\PSoC4/cyfitter_cfg.c **** /*******************************************************************************
 227:.\Generated_Source\PSoC4/cyfitter_cfg.c **** * Function Name: SetAnalogRoutingPumps
 228:.\Generated_Source\PSoC4/cyfitter_cfg.c **** ********************************************************************************
 229:.\Generated_Source\PSoC4/cyfitter_cfg.c **** *
 230:.\Generated_Source\PSoC4/cyfitter_cfg.c **** * Summary:
 231:.\Generated_Source\PSoC4/cyfitter_cfg.c **** * Enables or disables the analog pumps feeding analog routing switches.
 232:.\Generated_Source\PSoC4/cyfitter_cfg.c **** * Intended to be called at startup, based on the Vdda system configuration;
 233:.\Generated_Source\PSoC4/cyfitter_cfg.c **** * may be called during operation when the user informs us that the Vdda voltage crossed the pump th
 234:.\Generated_Source\PSoC4/cyfitter_cfg.c **** *
 235:.\Generated_Source\PSoC4/cyfitter_cfg.c **** * Parameters:
 236:.\Generated_Source\PSoC4/cyfitter_cfg.c **** *  enabled - 1 to enable the pumps, 0 to disable the pumps
 237:.\Generated_Source\PSoC4/cyfitter_cfg.c **** *
 238:.\Generated_Source\PSoC4/cyfitter_cfg.c **** * Return:
 239:.\Generated_Source\PSoC4/cyfitter_cfg.c **** *  void
 240:.\Generated_Source\PSoC4/cyfitter_cfg.c **** *
 241:.\Generated_Source\PSoC4/cyfitter_cfg.c **** *******************************************************************************/
 242:.\Generated_Source\PSoC4/cyfitter_cfg.c **** void SetAnalogRoutingPumps(uint8 enabled)
 243:.\Generated_Source\PSoC4/cyfitter_cfg.c **** {
 323              		.loc 1 243 0
 324              		.cfi_startproc
 325 0000 80B5     		push	{r7, lr}
 326              		.cfi_def_cfa_offset 8
 327              		.cfi_offset 7, -8
ARM GAS  C:\Users\Henny\AppData\Local\Temp\cciCMefk.s 			page 11


 328              		.cfi_offset 14, -4
 329 0002 84B0     		sub	sp, sp, #16
 330              		.cfi_def_cfa_offset 24
 331 0004 00AF     		add	r7, sp, #0
 332              		.cfi_def_cfa_register 7
 333 0006 021C     		mov	r2, r0
 334 0008 FB1D     		add	r3, r7, #7
 335 000a 1A70     		strb	r2, [r3]
 244:.\Generated_Source\PSoC4/cyfitter_cfg.c **** 	uint32 regValue = CY_GET_XTND_REG32((void *)(CYREG_SAR_PUMP_CTRL));
 336              		.loc 1 244 0
 337 000c 0B4B     		ldr	r3, .L13
 338 000e 1B68     		ldr	r3, [r3]
 339 0010 FB60     		str	r3, [r7, #12]
 245:.\Generated_Source\PSoC4/cyfitter_cfg.c **** 	if (enabled != 0u)
 340              		.loc 1 245 0
 341 0012 FB1D     		add	r3, r7, #7
 342 0014 1B78     		ldrb	r3, [r3]
 343 0016 002B     		cmp	r3, #0
 344 0018 05D0     		beq	.L11
 246:.\Generated_Source\PSoC4/cyfitter_cfg.c **** 	{
 247:.\Generated_Source\PSoC4/cyfitter_cfg.c **** 		regValue |= 0x80000000u;
 345              		.loc 1 247 0
 346 001a FB68     		ldr	r3, [r7, #12]
 347 001c 8022     		mov	r2, #128
 348 001e 1206     		lsl	r2, r2, #24
 349 0020 1343     		orr	r3, r2
 350 0022 FB60     		str	r3, [r7, #12]
 351 0024 03E0     		b	.L12
 352              	.L11:
 248:.\Generated_Source\PSoC4/cyfitter_cfg.c **** 	}
 249:.\Generated_Source\PSoC4/cyfitter_cfg.c **** 	else
 250:.\Generated_Source\PSoC4/cyfitter_cfg.c **** 	{
 251:.\Generated_Source\PSoC4/cyfitter_cfg.c **** 		regValue &= ~0x80000000u;
 353              		.loc 1 251 0
 354 0026 FB68     		ldr	r3, [r7, #12]
 355 0028 5B00     		lsl	r3, r3, #1
 356 002a 5B08     		lsr	r3, r3, #1
 357 002c FB60     		str	r3, [r7, #12]
 358              	.L12:
 252:.\Generated_Source\PSoC4/cyfitter_cfg.c **** 	}
 253:.\Generated_Source\PSoC4/cyfitter_cfg.c **** 	CY_SET_XTND_REG32((void *)(CYREG_SAR_PUMP_CTRL), regValue);
 359              		.loc 1 253 0
 360 002e 034B     		ldr	r3, .L13
 361 0030 FA68     		ldr	r2, [r7, #12]
 362 0032 1A60     		str	r2, [r3]
 254:.\Generated_Source\PSoC4/cyfitter_cfg.c **** }
 363              		.loc 1 254 0
 364 0034 BD46     		mov	sp, r7
 365 0036 04B0     		add	sp, sp, #16
 366              		@ sp needed
 367 0038 80BD     		pop	{r7, pc}
 368              	.L14:
 369 003a C046     		.align	2
 370              	.L13:
 371 003c 80033A40 		.word	1077543808
 372              		.cfi_endproc
 373              	.LFE7:
ARM GAS  C:\Users\Henny\AppData\Local\Temp\cciCMefk.s 			page 12


 374              		.size	SetAnalogRoutingPumps, .-SetAnalogRoutingPumps
 375              		.section	.psocinit
 376              		.align	2
 377              		.global	cyfitter_cfg
 378              		.code	16
 379              		.thumb_func
 380              		.type	cyfitter_cfg, %function
 381              	cyfitter_cfg:
 382              	.LFB8:
 255:.\Generated_Source\PSoC4/cyfitter_cfg.c **** 
 256:.\Generated_Source\PSoC4/cyfitter_cfg.c **** #define CY_AMUX_UNUSED CYREG_CM0_ROM_DWT
 257:.\Generated_Source\PSoC4/cyfitter_cfg.c **** 
 258:.\Generated_Source\PSoC4/cyfitter_cfg.c **** 
 259:.\Generated_Source\PSoC4/cyfitter_cfg.c **** /*******************************************************************************
 260:.\Generated_Source\PSoC4/cyfitter_cfg.c **** * Function Name: cyfitter_cfg
 261:.\Generated_Source\PSoC4/cyfitter_cfg.c **** ********************************************************************************
 262:.\Generated_Source\PSoC4/cyfitter_cfg.c **** * Summary:
 263:.\Generated_Source\PSoC4/cyfitter_cfg.c **** *  This function is called by the start-up code for the selected device. It
 264:.\Generated_Source\PSoC4/cyfitter_cfg.c **** *  performs all of the necessary device configuration based on the design
 265:.\Generated_Source\PSoC4/cyfitter_cfg.c **** *  settings.  This includes settings from the Design Wide Resources (DWR) such
 266:.\Generated_Source\PSoC4/cyfitter_cfg.c **** *  as Clocks and Pins as well as any component configuration that is necessary.
 267:.\Generated_Source\PSoC4/cyfitter_cfg.c **** *
 268:.\Generated_Source\PSoC4/cyfitter_cfg.c **** * Parameters:  
 269:.\Generated_Source\PSoC4/cyfitter_cfg.c **** *   void
 270:.\Generated_Source\PSoC4/cyfitter_cfg.c **** *
 271:.\Generated_Source\PSoC4/cyfitter_cfg.c **** * Return:
 272:.\Generated_Source\PSoC4/cyfitter_cfg.c **** *   void
 273:.\Generated_Source\PSoC4/cyfitter_cfg.c **** *
 274:.\Generated_Source\PSoC4/cyfitter_cfg.c **** *******************************************************************************/
 275:.\Generated_Source\PSoC4/cyfitter_cfg.c **** CY_CFG_SECTION
 276:.\Generated_Source\PSoC4/cyfitter_cfg.c **** void cyfitter_cfg(void)
 277:.\Generated_Source\PSoC4/cyfitter_cfg.c **** {
 383              		.loc 1 277 0
 384              		.cfi_startproc
 385 00f0 80B5     		push	{r7, lr}
 386              		.cfi_def_cfa_offset 8
 387              		.cfi_offset 7, -8
 388              		.cfi_offset 14, -4
 389 00f2 82B0     		sub	sp, sp, #8
 390              		.cfi_def_cfa_offset 16
 391 00f4 00AF     		add	r7, sp, #0
 392              		.cfi_def_cfa_register 7
 278:.\Generated_Source\PSoC4/cyfitter_cfg.c **** 	/* Disable interrupts by default. Let user enable if/when they want. */
 279:.\Generated_Source\PSoC4/cyfitter_cfg.c **** 	CyGlobalIntDisable;
 393              		.loc 1 279 0
 394              	@ 279 ".\Generated_Source\PSoC4\cyfitter_cfg.c" 1
 395 00f6 72B6     		CPSID   i
 396              	@ 0 "" 2
 280:.\Generated_Source\PSoC4/cyfitter_cfg.c **** 
 281:.\Generated_Source\PSoC4/cyfitter_cfg.c **** 	CY_SET_XTND_REG32((void CYFAR *)(CYREG_BLE_BLESS_LL_DSM_CTRL), 0x00000000u);
 397              		.loc 1 281 0
 398              		.code	16
 399 00f8 454B     		ldr	r3, .L18
 400 00fa 0022     		mov	r2, #0
 401 00fc 1A60     		str	r2, [r3]
 402              	.LBB2:
 282:.\Generated_Source\PSoC4/cyfitter_cfg.c **** 
ARM GAS  C:\Users\Henny\AppData\Local\Temp\cciCMefk.s 			page 13


 283:.\Generated_Source\PSoC4/cyfitter_cfg.c **** 	{
 284:.\Generated_Source\PSoC4/cyfitter_cfg.c **** 
 285:.\Generated_Source\PSoC4/cyfitter_cfg.c **** 		CYPACKED typedef struct {
 286:.\Generated_Source\PSoC4/cyfitter_cfg.c **** 			void CYFAR *address;
 287:.\Generated_Source\PSoC4/cyfitter_cfg.c **** 			uint16 size;
 288:.\Generated_Source\PSoC4/cyfitter_cfg.c **** 		} CYPACKED_ATTR cfg_memset_t;
 289:.\Generated_Source\PSoC4/cyfitter_cfg.c **** 
 290:.\Generated_Source\PSoC4/cyfitter_cfg.c **** 		static const cfg_memset_t CYCODE cfg_memset_list [] = {
 291:.\Generated_Source\PSoC4/cyfitter_cfg.c **** 			/* address, size */
 292:.\Generated_Source\PSoC4/cyfitter_cfg.c **** 			{(void CYFAR *)(CYDEV_UDB_P0_U0_BASE), 1024u},
 293:.\Generated_Source\PSoC4/cyfitter_cfg.c **** 			{(void CYFAR *)(CYDEV_UDB_DSI0_BASE), 1024u},
 294:.\Generated_Source\PSoC4/cyfitter_cfg.c **** 		};
 295:.\Generated_Source\PSoC4/cyfitter_cfg.c **** 
 296:.\Generated_Source\PSoC4/cyfitter_cfg.c **** 		uint8 CYDATA i;
 297:.\Generated_Source\PSoC4/cyfitter_cfg.c **** 
 298:.\Generated_Source\PSoC4/cyfitter_cfg.c **** 		/* Zero out critical memory blocks before beginning configuration */
 299:.\Generated_Source\PSoC4/cyfitter_cfg.c **** 		for (i = 0u; i < (sizeof(cfg_memset_list)/sizeof(cfg_memset_list[0])); i++)
 403              		.loc 1 299 0
 404 00fe FB1D     		add	r3, r7, #7
 405 0100 0022     		mov	r2, #0
 406 0102 1A70     		strb	r2, [r3]
 407 0104 23E0     		b	.L16
 408              	.L17:
 409              	.LBB3:
 300:.\Generated_Source\PSoC4/cyfitter_cfg.c **** 		{
 301:.\Generated_Source\PSoC4/cyfitter_cfg.c **** 			const cfg_memset_t CYCODE * CYDATA ms = &cfg_memset_list[i];
 410              		.loc 1 301 0 discriminator 3
 411 0106 FB1D     		add	r3, r7, #7
 412 0108 1A78     		ldrb	r2, [r3]
 413 010a 131C     		mov	r3, r2
 414 010c 5B00     		lsl	r3, r3, #1
 415 010e 9B18     		add	r3, r3, r2
 416 0110 5B00     		lsl	r3, r3, #1
 417 0112 404A     		ldr	r2, .L18+4
 418 0114 9B18     		add	r3, r3, r2
 419 0116 3B60     		str	r3, [r7]
 302:.\Generated_Source\PSoC4/cyfitter_cfg.c **** 			CYMEMZERO(ms->address, (size_t)(uint32)(ms->size));
 420              		.loc 1 302 0 discriminator 3
 421 0118 3B68     		ldr	r3, [r7]
 422 011a 1A78     		ldrb	r2, [r3]
 423 011c 5978     		ldrb	r1, [r3, #1]
 424 011e 0902     		lsl	r1, r1, #8
 425 0120 0A43     		orr	r2, r1
 426 0122 9978     		ldrb	r1, [r3, #2]
 427 0124 0904     		lsl	r1, r1, #16
 428 0126 0A43     		orr	r2, r1
 429 0128 DB78     		ldrb	r3, [r3, #3]
 430 012a 1B06     		lsl	r3, r3, #24
 431 012c 1343     		orr	r3, r2
 432 012e 191C     		mov	r1, r3
 433 0130 3B68     		ldr	r3, [r7]
 434 0132 1A79     		ldrb	r2, [r3, #4]
 435 0134 5B79     		ldrb	r3, [r3, #5]
 436 0136 1B02     		lsl	r3, r3, #8
 437 0138 1343     		orr	r3, r2
 438 013a 9BB2     		uxth	r3, r3
 439 013c 081C     		mov	r0, r1
ARM GAS  C:\Users\Henny\AppData\Local\Temp\cciCMefk.s 			page 14


 440 013e 191C     		mov	r1, r3
 441 0140 FFF7FEFF 		bl	CYMEMZERO
 442              	.LBE3:
 299:.\Generated_Source\PSoC4/cyfitter_cfg.c **** 		{
 443              		.loc 1 299 0 discriminator 3
 444 0144 FB1D     		add	r3, r7, #7
 445 0146 1A78     		ldrb	r2, [r3]
 446 0148 FB1D     		add	r3, r7, #7
 447 014a 0132     		add	r2, r2, #1
 448 014c 1A70     		strb	r2, [r3]
 449              	.L16:
 299:.\Generated_Source\PSoC4/cyfitter_cfg.c **** 		{
 450              		.loc 1 299 0 is_stmt 0 discriminator 1
 451 014e FB1D     		add	r3, r7, #7
 452 0150 1B78     		ldrb	r3, [r3]
 453 0152 012B     		cmp	r3, #1
 454 0154 D7D9     		bls	.L17
 303:.\Generated_Source\PSoC4/cyfitter_cfg.c **** 		}
 304:.\Generated_Source\PSoC4/cyfitter_cfg.c **** 
 305:.\Generated_Source\PSoC4/cyfitter_cfg.c **** 		/* HSIOM Starting address: CYDEV_HSIOM_BASE */
 306:.\Generated_Source\PSoC4/cyfitter_cfg.c **** 		CY_SET_XTND_REG32((void CYFAR *)(CYDEV_HSIOM_BASE), 0xEE000000u);
 455              		.loc 1 306 0 is_stmt 1
 456 0156 304B     		ldr	r3, .L18+8
 457 0158 EE22     		mov	r2, #238
 458 015a 1206     		lsl	r2, r2, #24
 459 015c 1A60     		str	r2, [r3]
 307:.\Generated_Source\PSoC4/cyfitter_cfg.c **** 		CY_SET_XTND_REG32((void CYFAR *)(CYREG_HSIOM_PORT_SEL1), 0x00990000u);
 460              		.loc 1 307 0
 461 015e 2F4B     		ldr	r3, .L18+12
 462 0160 9922     		mov	r2, #153
 463 0162 1204     		lsl	r2, r2, #16
 464 0164 1A60     		str	r2, [r3]
 308:.\Generated_Source\PSoC4/cyfitter_cfg.c **** 
 309:.\Generated_Source\PSoC4/cyfitter_cfg.c **** 		/* UDB_PA_0 Starting address: CYDEV_UDB_PA0_BASE */
 310:.\Generated_Source\PSoC4/cyfitter_cfg.c **** 		CY_SET_XTND_REG32((void CYFAR *)(CYDEV_UDB_PA0_BASE), 0x00990000u);
 465              		.loc 1 310 0
 466 0166 2E4B     		ldr	r3, .L18+16
 467 0168 9922     		mov	r2, #153
 468 016a 1204     		lsl	r2, r2, #16
 469 016c 1A60     		str	r2, [r3]
 311:.\Generated_Source\PSoC4/cyfitter_cfg.c **** 
 312:.\Generated_Source\PSoC4/cyfitter_cfg.c **** 		/* UDB_PA_1 Starting address: CYDEV_UDB_PA1_BASE */
 313:.\Generated_Source\PSoC4/cyfitter_cfg.c **** 		CY_SET_XTND_REG32((void CYFAR *)(CYDEV_UDB_PA1_BASE), 0x00990000u);
 470              		.loc 1 313 0
 471 016e 2D4B     		ldr	r3, .L18+20
 472 0170 9922     		mov	r2, #153
 473 0172 1204     		lsl	r2, r2, #16
 474 0174 1A60     		str	r2, [r3]
 314:.\Generated_Source\PSoC4/cyfitter_cfg.c **** 
 315:.\Generated_Source\PSoC4/cyfitter_cfg.c **** 		/* UDB_PA_2 Starting address: CYDEV_UDB_PA2_BASE */
 316:.\Generated_Source\PSoC4/cyfitter_cfg.c **** 		CY_SET_XTND_REG32((void CYFAR *)(CYDEV_UDB_PA2_BASE), 0x00990000u);
 475              		.loc 1 316 0
 476 0176 2C4B     		ldr	r3, .L18+24
 477 0178 9922     		mov	r2, #153
 478 017a 1204     		lsl	r2, r2, #16
 479 017c 1A60     		str	r2, [r3]
 317:.\Generated_Source\PSoC4/cyfitter_cfg.c **** 
ARM GAS  C:\Users\Henny\AppData\Local\Temp\cciCMefk.s 			page 15


 318:.\Generated_Source\PSoC4/cyfitter_cfg.c **** 		/* UDB_PA_3 Starting address: CYDEV_UDB_PA3_BASE */
 319:.\Generated_Source\PSoC4/cyfitter_cfg.c **** 		CY_SET_XTND_REG32((void CYFAR *)(CYDEV_UDB_PA3_BASE), 0x00990000u);
 480              		.loc 1 319 0
 481 017e 2B4B     		ldr	r3, .L18+28
 482 0180 9922     		mov	r2, #153
 483 0182 1204     		lsl	r2, r2, #16
 484 0184 1A60     		str	r2, [r3]
 320:.\Generated_Source\PSoC4/cyfitter_cfg.c **** 
 321:.\Generated_Source\PSoC4/cyfitter_cfg.c **** 		/* Enable digital routing */
 322:.\Generated_Source\PSoC4/cyfitter_cfg.c **** 		CY_SET_XTND_REG8((void *)CYREG_UDB_UDBIF_BANK_CTL, CY_GET_XTND_REG8((void *)CYREG_UDB_UDBIF_BANK_
 485              		.loc 1 322 0
 486 0186 2A4A     		ldr	r2, .L18+32
 487 0188 294B     		ldr	r3, .L18+32
 488 018a 1B78     		ldrb	r3, [r3]
 489 018c DBB2     		uxtb	r3, r3
 490 018e 0221     		mov	r1, #2
 491 0190 0B43     		orr	r3, r1
 492 0192 DBB2     		uxtb	r3, r3
 493 0194 1370     		strb	r3, [r2]
 323:.\Generated_Source\PSoC4/cyfitter_cfg.c **** 
 324:.\Generated_Source\PSoC4/cyfitter_cfg.c **** 		/* Enable UDB array */
 325:.\Generated_Source\PSoC4/cyfitter_cfg.c **** 		CY_SET_XTND_REG8((void *)CYREG_UDB_UDBIF_WAIT_CFG, (uint8)((CY_GET_XTND_REG8((void *)CYREG_UDB_UD
 494              		.loc 1 325 0
 495 0196 274A     		ldr	r2, .L18+36
 496 0198 264B     		ldr	r3, .L18+36
 497 019a 1B78     		ldrb	r3, [r3]
 498 019c DBB2     		uxtb	r3, r3
 499 019e 3C21     		mov	r1, #60
 500 01a0 8B43     		bic	r3, r1
 501 01a2 DBB2     		uxtb	r3, r3
 502 01a4 1421     		mov	r1, #20
 503 01a6 0B43     		orr	r3, r1
 504 01a8 DBB2     		uxtb	r3, r3
 505 01aa 1370     		strb	r3, [r2]
 326:.\Generated_Source\PSoC4/cyfitter_cfg.c **** 		CY_SET_XTND_REG8((void *)CYREG_UDB_UDBIF_BANK_CTL, (uint8)(CY_GET_XTND_REG8((void *)CYREG_UDB_UDB
 506              		.loc 1 326 0
 507 01ac 204A     		ldr	r2, .L18+32
 508 01ae 204B     		ldr	r3, .L18+32
 509 01b0 1B78     		ldrb	r3, [r3]
 510 01b2 DBB2     		uxtb	r3, r3
 511 01b4 1621     		mov	r1, #22
 512 01b6 0B43     		orr	r3, r1
 513 01b8 DBB2     		uxtb	r3, r3
 514 01ba 1370     		strb	r3, [r2]
 515              	.LBE2:
 327:.\Generated_Source\PSoC4/cyfitter_cfg.c **** 	}
 328:.\Generated_Source\PSoC4/cyfitter_cfg.c **** 
 329:.\Generated_Source\PSoC4/cyfitter_cfg.c **** 	/* Perform second pass device configuration. These items must be configured in specific order afte
 330:.\Generated_Source\PSoC4/cyfitter_cfg.c **** 	/* IOPINS0_0 Starting address: CYDEV_GPIO_PRT0_BASE */
 331:.\Generated_Source\PSoC4/cyfitter_cfg.c **** 	CY_SET_XTND_REG32((void CYFAR *)(CYREG_GPIO_PRT0_PC), 0x00D80000u);
 516              		.loc 1 331 0
 517 01bc 1E4B     		ldr	r3, .L18+40
 518 01be D822     		mov	r2, #216
 519 01c0 1204     		lsl	r2, r2, #16
 520 01c2 1A60     		str	r2, [r3]
 332:.\Generated_Source\PSoC4/cyfitter_cfg.c **** 
 333:.\Generated_Source\PSoC4/cyfitter_cfg.c **** 	/* IOPINS0_1 Starting address: CYDEV_GPIO_PRT1_BASE */
ARM GAS  C:\Users\Henny\AppData\Local\Temp\cciCMefk.s 			page 16


 334:.\Generated_Source\PSoC4/cyfitter_cfg.c **** 	CY_SET_XTND_REG32((void CYFAR *)(CYDEV_GPIO_PRT1_BASE), 0x00000020u);
 521              		.loc 1 334 0
 522 01c4 1D4B     		ldr	r3, .L18+44
 523 01c6 2022     		mov	r2, #32
 524 01c8 1A60     		str	r2, [r3]
 335:.\Generated_Source\PSoC4/cyfitter_cfg.c **** 	CY_SET_XTND_REG32((void CYFAR *)(CYREG_GPIO_PRT1_PC), 0x00031000u);
 525              		.loc 1 335 0
 526 01ca 1D4B     		ldr	r3, .L18+48
 527 01cc C422     		mov	r2, #196
 528 01ce 9202     		lsl	r2, r2, #10
 529 01d0 1A60     		str	r2, [r3]
 336:.\Generated_Source\PSoC4/cyfitter_cfg.c **** 	CY_SET_XTND_REG32((void CYFAR *)(CYREG_GPIO_PRT1_PC2), 0x00000020u);
 530              		.loc 1 336 0
 531 01d2 1C4B     		ldr	r3, .L18+52
 532 01d4 2022     		mov	r2, #32
 533 01d6 1A60     		str	r2, [r3]
 337:.\Generated_Source\PSoC4/cyfitter_cfg.c **** 
 338:.\Generated_Source\PSoC4/cyfitter_cfg.c **** 	/* IOPINS0_2 Starting address: CYDEV_GPIO_PRT2_BASE */
 339:.\Generated_Source\PSoC4/cyfitter_cfg.c **** 	CY_SET_XTND_REG32((void CYFAR *)(CYDEV_GPIO_PRT2_BASE), 0x000000C0u);
 534              		.loc 1 339 0
 535 01d8 1B4B     		ldr	r3, .L18+56
 536 01da C022     		mov	r2, #192
 537 01dc 1A60     		str	r2, [r3]
 340:.\Generated_Source\PSoC4/cyfitter_cfg.c **** 	CY_SET_XTND_REG32((void CYFAR *)(CYREG_GPIO_PRT2_PC), 0x00580000u);
 538              		.loc 1 340 0
 539 01de 1B4B     		ldr	r3, .L18+60
 540 01e0 B022     		mov	r2, #176
 541 01e2 D203     		lsl	r2, r2, #15
 542 01e4 1A60     		str	r2, [r3]
 341:.\Generated_Source\PSoC4/cyfitter_cfg.c **** 	CY_SET_XTND_REG32((void CYFAR *)(CYREG_GPIO_PRT2_INTR_CFG), 0x00008000u);
 543              		.loc 1 341 0
 544 01e6 1A4B     		ldr	r3, .L18+64
 545 01e8 8022     		mov	r2, #128
 546 01ea 1202     		lsl	r2, r2, #8
 547 01ec 1A60     		str	r2, [r3]
 342:.\Generated_Source\PSoC4/cyfitter_cfg.c **** 
 343:.\Generated_Source\PSoC4/cyfitter_cfg.c **** 	/* IOPINS0_3 Starting address: CYDEV_GPIO_PRT3_BASE */
 344:.\Generated_Source\PSoC4/cyfitter_cfg.c **** 	CY_SET_XTND_REG32((void CYFAR *)(CYDEV_GPIO_PRT3_BASE), 0x000000C1u);
 548              		.loc 1 344 0
 549 01ee 194B     		ldr	r3, .L18+68
 550 01f0 C122     		mov	r2, #193
 551 01f2 1A60     		str	r2, [r3]
 345:.\Generated_Source\PSoC4/cyfitter_cfg.c **** 	CY_SET_XTND_REG32((void CYFAR *)(CYREG_GPIO_PRT3_PC), 0x00D80000u);
 552              		.loc 1 345 0
 553 01f4 184B     		ldr	r3, .L18+72
 554 01f6 D822     		mov	r2, #216
 555 01f8 1204     		lsl	r2, r2, #16
 556 01fa 1A60     		str	r2, [r3]
 346:.\Generated_Source\PSoC4/cyfitter_cfg.c **** 	CY_SET_XTND_REG32((void CYFAR *)(CYREG_GPIO_PRT3_PC2), 0x00000001u);
 557              		.loc 1 346 0
 558 01fc 174B     		ldr	r3, .L18+76
 559 01fe 0122     		mov	r2, #1
 560 0200 1A60     		str	r2, [r3]
 347:.\Generated_Source\PSoC4/cyfitter_cfg.c **** 
 348:.\Generated_Source\PSoC4/cyfitter_cfg.c **** 
 349:.\Generated_Source\PSoC4/cyfitter_cfg.c **** 	/* Setup clocks based on selections from Clock DWR */
 350:.\Generated_Source\PSoC4/cyfitter_cfg.c **** 	ClockSetup();
ARM GAS  C:\Users\Henny\AppData\Local\Temp\cciCMefk.s 			page 17


 561              		.loc 1 350 0
 562 0202 FFF7FDFE 		bl	ClockSetup
 351:.\Generated_Source\PSoC4/cyfitter_cfg.c **** 
 352:.\Generated_Source\PSoC4/cyfitter_cfg.c **** 	/* Perform basic analog initialization to defaults */
 353:.\Generated_Source\PSoC4/cyfitter_cfg.c **** 	AnalogSetDefault();
 563              		.loc 1 353 0
 564 0206 FFF7FEFF 		bl	AnalogSetDefault
 354:.\Generated_Source\PSoC4/cyfitter_cfg.c **** 
 355:.\Generated_Source\PSoC4/cyfitter_cfg.c **** }
 565              		.loc 1 355 0
 566 020a BD46     		mov	sp, r7
 567 020c 02B0     		add	sp, sp, #8
 568              		@ sp needed
 569 020e 80BD     		pop	{r7, pc}
 570              	.L19:
 571              		.align	2
 572              	.L18:
 573 0210 6CF02E40 		.word	1076818028
 574 0214 00000000 		.word	cfg_memset_list.4748
 575 0218 00000240 		.word	1073872896
 576 021c 00010240 		.word	1073873152
 577 0220 00500F40 		.word	1074745344
 578 0224 10500F40 		.word	1074745360
 579 0228 20500F40 		.word	1074745376
 580 022c 30500F40 		.word	1074745392
 581 0230 00700F40 		.word	1074753536
 582 0234 01700F40 		.word	1074753537
 583 0238 08000440 		.word	1074003976
 584 023c 00010440 		.word	1074004224
 585 0240 08010440 		.word	1074004232
 586 0244 18010440 		.word	1074004248
 587 0248 00020440 		.word	1074004480
 588 024c 08020440 		.word	1074004488
 589 0250 0C020440 		.word	1074004492
 590 0254 00030440 		.word	1074004736
 591 0258 08030440 		.word	1074004744
 592 025c 18030440 		.word	1074004760
 593              		.cfi_endproc
 594              	.LFE8:
 595              		.size	cyfitter_cfg, .-cyfitter_cfg
 596              		.section	.rodata
 597              		.align	2
 598              		.type	cfg_memset_list.4748, %object
 599              		.size	cfg_memset_list.4748, 12
 600              	cfg_memset_list.4748:
 601 0000 00300F40 		.word	1074737152
 602 0004 0004     		.short	1024
 603 0006 00400F40 		.4byte	1074741248
 604 000a 0004     		.short	1024
 605              		.text
 606              	.Letext0:
 607              		.file 2 "d:\\programy\\cypress\\psoc creator\\3.3\\psoc creator\\import\\gnu\\arm\\4.9.3\\lib\\gcc
 608              		.file 3 ".\\Generated_Source\\PSoC4\\cytypes.h"
 609              		.section	.debug_info,"",%progbits
 610              	.Ldebug_info0:
 611 0000 80020000 		.4byte	0x280
 612 0004 0400     		.2byte	0x4
ARM GAS  C:\Users\Henny\AppData\Local\Temp\cciCMefk.s 			page 18


 613 0006 00000000 		.4byte	.Ldebug_abbrev0
 614 000a 04       		.byte	0x4
 615 000b 01       		.uleb128 0x1
 616 000c 08010000 		.4byte	.LASF31
 617 0010 01       		.byte	0x1
 618 0011 DD010000 		.4byte	.LASF32
 619 0015 2E000000 		.4byte	.LASF33
 620 0019 00000000 		.4byte	.Ldebug_ranges0+0
 621 001d 00000000 		.4byte	0
 622 0021 00000000 		.4byte	.Ldebug_line0
 623 0025 02       		.uleb128 0x2
 624 0026 04       		.byte	0x4
 625 0027 05       		.byte	0x5
 626 0028 696E7400 		.ascii	"int\000"
 627 002c 03       		.uleb128 0x3
 628 002d 16000000 		.4byte	.LASF11
 629 0031 02       		.byte	0x2
 630 0032 D4       		.byte	0xd4
 631 0033 37000000 		.4byte	0x37
 632 0037 04       		.uleb128 0x4
 633 0038 04       		.byte	0x4
 634 0039 07       		.byte	0x7
 635 003a A4010000 		.4byte	.LASF0
 636 003e 04       		.uleb128 0x4
 637 003f 01       		.byte	0x1
 638 0040 06       		.byte	0x6
 639 0041 3C020000 		.4byte	.LASF1
 640 0045 04       		.uleb128 0x4
 641 0046 01       		.byte	0x1
 642 0047 08       		.byte	0x8
 643 0048 E6000000 		.4byte	.LASF2
 644 004c 04       		.uleb128 0x4
 645 004d 02       		.byte	0x2
 646 004e 05       		.byte	0x5
 647 004f 21020000 		.4byte	.LASF3
 648 0053 04       		.uleb128 0x4
 649 0054 02       		.byte	0x2
 650 0055 07       		.byte	0x7
 651 0056 86000000 		.4byte	.LASF4
 652 005a 04       		.uleb128 0x4
 653 005b 04       		.byte	0x4
 654 005c 05       		.byte	0x5
 655 005d 33020000 		.4byte	.LASF5
 656 0061 04       		.uleb128 0x4
 657 0062 04       		.byte	0x4
 658 0063 07       		.byte	0x7
 659 0064 AE000000 		.4byte	.LASF6
 660 0068 04       		.uleb128 0x4
 661 0069 08       		.byte	0x8
 662 006a 05       		.byte	0x5
 663 006b 0E020000 		.4byte	.LASF7
 664 006f 04       		.uleb128 0x4
 665 0070 08       		.byte	0x8
 666 0071 07       		.byte	0x7
 667 0072 B9010000 		.4byte	.LASF8
 668 0076 04       		.uleb128 0x4
 669 0077 04       		.byte	0x4
ARM GAS  C:\Users\Henny\AppData\Local\Temp\cciCMefk.s 			page 19


 670 0078 07       		.byte	0x7
 671 0079 05020000 		.4byte	.LASF9
 672 007d 05       		.uleb128 0x5
 673 007e 04       		.byte	0x4
 674 007f 04       		.uleb128 0x4
 675 0080 01       		.byte	0x1
 676 0081 08       		.byte	0x8
 677 0082 1C020000 		.4byte	.LASF10
 678 0086 06       		.uleb128 0x6
 679 0087 C0000000 		.4byte	.LASF12
 680 008b 03       		.byte	0x3
 681 008c 3801     		.2byte	0x138
 682 008e 45000000 		.4byte	0x45
 683 0092 06       		.uleb128 0x6
 684 0093 96010000 		.4byte	.LASF13
 685 0097 03       		.byte	0x3
 686 0098 3901     		.2byte	0x139
 687 009a 53000000 		.4byte	0x53
 688 009e 06       		.uleb128 0x6
 689 009f 9D010000 		.4byte	.LASF14
 690 00a3 03       		.byte	0x3
 691 00a4 3A01     		.2byte	0x13a
 692 00a6 61000000 		.4byte	0x61
 693 00aa 04       		.uleb128 0x4
 694 00ab 04       		.byte	0x4
 695 00ac 04       		.byte	0x4
 696 00ad 99000000 		.4byte	.LASF15
 697 00b1 04       		.uleb128 0x4
 698 00b2 08       		.byte	0x8
 699 00b3 04       		.byte	0x4
 700 00b4 F4000000 		.4byte	.LASF16
 701 00b8 06       		.uleb128 0x6
 702 00b9 A9000000 		.4byte	.LASF17
 703 00bd 03       		.byte	0x3
 704 00be E201     		.2byte	0x1e2
 705 00c0 C4000000 		.4byte	0xc4
 706 00c4 07       		.uleb128 0x7
 707 00c5 86000000 		.4byte	0x86
 708 00c9 06       		.uleb128 0x6
 709 00ca 10000000 		.4byte	.LASF18
 710 00ce 03       		.byte	0x3
 711 00cf E401     		.2byte	0x1e4
 712 00d1 D5000000 		.4byte	0xd5
 713 00d5 07       		.uleb128 0x7
 714 00d6 9E000000 		.4byte	0x9e
 715 00da 08       		.uleb128 0x8
 716 00db C6000000 		.4byte	.LASF19
 717 00df 01       		.byte	0x1
 718 00e0 3C       		.byte	0x3c
 719 00e1 00000000 		.4byte	.LFB2
 720 00e5 1E000000 		.4byte	.LFE2-.LFB2
 721 00e9 01       		.uleb128 0x1
 722 00ea 9C       		.byte	0x9c
 723 00eb 08010000 		.4byte	0x108
 724 00ef 09       		.uleb128 0x9
 725 00f0 7300     		.ascii	"s\000"
 726 00f2 01       		.byte	0x1
ARM GAS  C:\Users\Henny\AppData\Local\Temp\cciCMefk.s 			page 20


 727 00f3 3C       		.byte	0x3c
 728 00f4 7D000000 		.4byte	0x7d
 729 00f8 02       		.uleb128 0x2
 730 00f9 91       		.byte	0x91
 731 00fa 74       		.sleb128 -12
 732 00fb 09       		.uleb128 0x9
 733 00fc 6E00     		.ascii	"n\000"
 734 00fe 01       		.byte	0x1
 735 00ff 3C       		.byte	0x3c
 736 0100 2C000000 		.4byte	0x2c
 737 0104 02       		.uleb128 0x2
 738 0105 91       		.byte	0x91
 739 0106 70       		.sleb128 -16
 740 0107 00       		.byte	0
 741 0108 08       		.uleb128 0x8
 742 0109 51020000 		.4byte	.LASF20
 743 010d 01       		.byte	0x1
 744 010e 43       		.byte	0x43
 745 010f 00000000 		.4byte	.LFB3
 746 0113 22000000 		.4byte	.LFE3-.LFB3
 747 0117 01       		.uleb128 0x1
 748 0118 9C       		.byte	0x9c
 749 0119 46010000 		.4byte	0x146
 750 011d 0A       		.uleb128 0xa
 751 011e 9F000000 		.4byte	.LASF21
 752 0122 01       		.byte	0x1
 753 0123 43       		.byte	0x43
 754 0124 7D000000 		.4byte	0x7d
 755 0128 02       		.uleb128 0x2
 756 0129 91       		.byte	0x91
 757 012a 74       		.sleb128 -12
 758 012b 09       		.uleb128 0x9
 759 012c 73726300 		.ascii	"src\000"
 760 0130 01       		.byte	0x1
 761 0131 43       		.byte	0x43
 762 0132 46010000 		.4byte	0x146
 763 0136 02       		.uleb128 0x2
 764 0137 91       		.byte	0x91
 765 0138 70       		.sleb128 -16
 766 0139 09       		.uleb128 0x9
 767 013a 6E00     		.ascii	"n\000"
 768 013c 01       		.byte	0x1
 769 013d 43       		.byte	0x43
 770 013e 2C000000 		.4byte	0x2c
 771 0142 02       		.uleb128 0x2
 772 0143 91       		.byte	0x91
 773 0144 6C       		.sleb128 -20
 774 0145 00       		.byte	0
 775 0146 0B       		.uleb128 0xb
 776 0147 04       		.byte	0x4
 777 0148 4C010000 		.4byte	0x14c
 778 014c 0C       		.uleb128 0xc
 779 014d 08       		.uleb128 0x8
 780 014e 00000000 		.4byte	.LASF22
 781 0152 01       		.byte	0x1
 782 0153 4A       		.byte	0x4a
 783 0154 00000000 		.4byte	.LFB4
ARM GAS  C:\Users\Henny\AppData\Local\Temp\cciCMefk.s 			page 21


 784 0158 22000000 		.4byte	.LFE4-.LFB4
 785 015c 01       		.uleb128 0x1
 786 015d 9C       		.byte	0x9c
 787 015e 8B010000 		.4byte	0x18b
 788 0162 0A       		.uleb128 0xa
 789 0163 9F000000 		.4byte	.LASF21
 790 0167 01       		.byte	0x1
 791 0168 4A       		.byte	0x4a
 792 0169 7D000000 		.4byte	0x7d
 793 016d 02       		.uleb128 0x2
 794 016e 91       		.byte	0x91
 795 016f 74       		.sleb128 -12
 796 0170 09       		.uleb128 0x9
 797 0171 73726300 		.ascii	"src\000"
 798 0175 01       		.byte	0x1
 799 0176 4A       		.byte	0x4a
 800 0177 46010000 		.4byte	0x146
 801 017b 02       		.uleb128 0x2
 802 017c 91       		.byte	0x91
 803 017d 70       		.sleb128 -16
 804 017e 09       		.uleb128 0x9
 805 017f 6E00     		.ascii	"n\000"
 806 0181 01       		.byte	0x1
 807 0182 4A       		.byte	0x4a
 808 0183 2C000000 		.4byte	0x2c
 809 0187 02       		.uleb128 0x2
 810 0188 91       		.byte	0x91
 811 0189 6C       		.sleb128 -20
 812 018a 00       		.byte	0
 813 018b 0D       		.uleb128 0xd
 814 018c 7B000000 		.4byte	.LASF23
 815 0190 01       		.byte	0x1
 816 0191 91       		.byte	0x91
 817 0192 00000000 		.4byte	.LFB5
 818 0196 F0000000 		.4byte	.LFE5-.LFB5
 819 019a 01       		.uleb128 0x1
 820 019b 9C       		.byte	0x9c
 821 019c 0D       		.uleb128 0xd
 822 019d 1D000000 		.4byte	.LASF24
 823 01a1 01       		.byte	0x1
 824 01a2 D7       		.byte	0xd7
 825 01a3 00000000 		.4byte	.LFB6
 826 01a7 44000000 		.4byte	.LFE6-.LFB6
 827 01ab 01       		.uleb128 0x1
 828 01ac 9C       		.byte	0x9c
 829 01ad 0E       		.uleb128 0xe
 830 01ae D0000000 		.4byte	.LASF34
 831 01b2 01       		.byte	0x1
 832 01b3 F2       		.byte	0xf2
 833 01b4 00000000 		.4byte	.LFB7
 834 01b8 40000000 		.4byte	.LFE7-.LFB7
 835 01bc 01       		.uleb128 0x1
 836 01bd 9C       		.byte	0x9c
 837 01be DF010000 		.4byte	0x1df
 838 01c2 0A       		.uleb128 0xa
 839 01c3 2B020000 		.4byte	.LASF25
 840 01c7 01       		.byte	0x1
ARM GAS  C:\Users\Henny\AppData\Local\Temp\cciCMefk.s 			page 22


 841 01c8 F2       		.byte	0xf2
 842 01c9 86000000 		.4byte	0x86
 843 01cd 02       		.uleb128 0x2
 844 01ce 91       		.byte	0x91
 845 01cf 6F       		.sleb128 -17
 846 01d0 0F       		.uleb128 0xf
 847 01d1 48020000 		.4byte	.LASF29
 848 01d5 01       		.byte	0x1
 849 01d6 F4       		.byte	0xf4
 850 01d7 9E000000 		.4byte	0x9e
 851 01db 02       		.uleb128 0x2
 852 01dc 91       		.byte	0x91
 853 01dd 74       		.sleb128 -12
 854 01de 00       		.byte	0
 855 01df 10       		.uleb128 0x10
 856 01e0 FB000000 		.4byte	.LASF35
 857 01e4 01       		.byte	0x1
 858 01e5 1401     		.2byte	0x114
 859 01e7 F0000000 		.4byte	.LFB8
 860 01eb 70010000 		.4byte	.LFE8-.LFB8
 861 01ef 01       		.uleb128 0x1
 862 01f0 9C       		.byte	0x9c
 863 01f1 11       		.uleb128 0x11
 864 01f2 FE000000 		.4byte	.LBB2
 865 01f6 BE000000 		.4byte	.LBE2-.LBB2
 866 01fa 12       		.uleb128 0x12
 867 01fb 06       		.byte	0x6
 868 01fc 01       		.byte	0x1
 869 01fd 1D01     		.2byte	0x11d
 870 01ff 1E020000 		.4byte	0x21e
 871 0203 13       		.uleb128 0x13
 872 0204 B1010000 		.4byte	.LASF26
 873 0208 01       		.byte	0x1
 874 0209 1E01     		.2byte	0x11e
 875 020b 7D000000 		.4byte	0x7d
 876 020f 00       		.byte	0
 877 0210 13       		.uleb128 0x13
 878 0211 A4000000 		.4byte	.LASF27
 879 0215 01       		.byte	0x1
 880 0216 1F01     		.2byte	0x11f
 881 0218 92000000 		.4byte	0x92
 882 021c 04       		.byte	0x4
 883 021d 00       		.byte	0
 884 021e 06       		.uleb128 0x6
 885 021f D0010000 		.4byte	.LASF28
 886 0223 01       		.byte	0x1
 887 0224 2001     		.2byte	0x120
 888 0226 FA010000 		.4byte	0x1fa
 889 022a 14       		.uleb128 0x14
 890 022b 1E020000 		.4byte	0x21e
 891 022f 3A020000 		.4byte	0x23a
 892 0233 15       		.uleb128 0x15
 893 0234 76000000 		.4byte	0x76
 894 0238 01       		.byte	0x1
 895 0239 00       		.byte	0
 896 023a 16       		.uleb128 0x16
 897 023b 6B000000 		.4byte	.LASF30
ARM GAS  C:\Users\Henny\AppData\Local\Temp\cciCMefk.s 			page 23


 898 023f 01       		.byte	0x1
 899 0240 2201     		.2byte	0x122
 900 0242 4C020000 		.4byte	0x24c
 901 0246 05       		.uleb128 0x5
 902 0247 03       		.byte	0x3
 903 0248 00000000 		.4byte	cfg_memset_list.4748
 904 024c 17       		.uleb128 0x17
 905 024d 2A020000 		.4byte	0x22a
 906 0251 18       		.uleb128 0x18
 907 0252 6900     		.ascii	"i\000"
 908 0254 01       		.byte	0x1
 909 0255 2801     		.2byte	0x128
 910 0257 86000000 		.4byte	0x86
 911 025b 02       		.uleb128 0x2
 912 025c 91       		.byte	0x91
 913 025d 77       		.sleb128 -9
 914 025e 11       		.uleb128 0x11
 915 025f 06010000 		.4byte	.LBB3
 916 0263 3E000000 		.4byte	.LBE3-.LBB3
 917 0267 18       		.uleb128 0x18
 918 0268 6D7300   		.ascii	"ms\000"
 919 026b 01       		.byte	0x1
 920 026c 2D01     		.2byte	0x12d
 921 026e 75020000 		.4byte	0x275
 922 0272 02       		.uleb128 0x2
 923 0273 91       		.byte	0x91
 924 0274 70       		.sleb128 -16
 925 0275 0B       		.uleb128 0xb
 926 0276 04       		.byte	0x4
 927 0277 7B020000 		.4byte	0x27b
 928 027b 17       		.uleb128 0x17
 929 027c 1E020000 		.4byte	0x21e
 930 0280 00       		.byte	0
 931 0281 00       		.byte	0
 932 0282 00       		.byte	0
 933 0283 00       		.byte	0
 934              		.section	.debug_abbrev,"",%progbits
 935              	.Ldebug_abbrev0:
 936 0000 01       		.uleb128 0x1
 937 0001 11       		.uleb128 0x11
 938 0002 01       		.byte	0x1
 939 0003 25       		.uleb128 0x25
 940 0004 0E       		.uleb128 0xe
 941 0005 13       		.uleb128 0x13
 942 0006 0B       		.uleb128 0xb
 943 0007 03       		.uleb128 0x3
 944 0008 0E       		.uleb128 0xe
 945 0009 1B       		.uleb128 0x1b
 946 000a 0E       		.uleb128 0xe
 947 000b 55       		.uleb128 0x55
 948 000c 17       		.uleb128 0x17
 949 000d 11       		.uleb128 0x11
 950 000e 01       		.uleb128 0x1
 951 000f 10       		.uleb128 0x10
 952 0010 17       		.uleb128 0x17
 953 0011 00       		.byte	0
 954 0012 00       		.byte	0
ARM GAS  C:\Users\Henny\AppData\Local\Temp\cciCMefk.s 			page 24


 955 0013 02       		.uleb128 0x2
 956 0014 24       		.uleb128 0x24
 957 0015 00       		.byte	0
 958 0016 0B       		.uleb128 0xb
 959 0017 0B       		.uleb128 0xb
 960 0018 3E       		.uleb128 0x3e
 961 0019 0B       		.uleb128 0xb
 962 001a 03       		.uleb128 0x3
 963 001b 08       		.uleb128 0x8
 964 001c 00       		.byte	0
 965 001d 00       		.byte	0
 966 001e 03       		.uleb128 0x3
 967 001f 16       		.uleb128 0x16
 968 0020 00       		.byte	0
 969 0021 03       		.uleb128 0x3
 970 0022 0E       		.uleb128 0xe
 971 0023 3A       		.uleb128 0x3a
 972 0024 0B       		.uleb128 0xb
 973 0025 3B       		.uleb128 0x3b
 974 0026 0B       		.uleb128 0xb
 975 0027 49       		.uleb128 0x49
 976 0028 13       		.uleb128 0x13
 977 0029 00       		.byte	0
 978 002a 00       		.byte	0
 979 002b 04       		.uleb128 0x4
 980 002c 24       		.uleb128 0x24
 981 002d 00       		.byte	0
 982 002e 0B       		.uleb128 0xb
 983 002f 0B       		.uleb128 0xb
 984 0030 3E       		.uleb128 0x3e
 985 0031 0B       		.uleb128 0xb
 986 0032 03       		.uleb128 0x3
 987 0033 0E       		.uleb128 0xe
 988 0034 00       		.byte	0
 989 0035 00       		.byte	0
 990 0036 05       		.uleb128 0x5
 991 0037 0F       		.uleb128 0xf
 992 0038 00       		.byte	0
 993 0039 0B       		.uleb128 0xb
 994 003a 0B       		.uleb128 0xb
 995 003b 00       		.byte	0
 996 003c 00       		.byte	0
 997 003d 06       		.uleb128 0x6
 998 003e 16       		.uleb128 0x16
 999 003f 00       		.byte	0
 1000 0040 03       		.uleb128 0x3
 1001 0041 0E       		.uleb128 0xe
 1002 0042 3A       		.uleb128 0x3a
 1003 0043 0B       		.uleb128 0xb
 1004 0044 3B       		.uleb128 0x3b
 1005 0045 05       		.uleb128 0x5
 1006 0046 49       		.uleb128 0x49
 1007 0047 13       		.uleb128 0x13
 1008 0048 00       		.byte	0
 1009 0049 00       		.byte	0
 1010 004a 07       		.uleb128 0x7
 1011 004b 35       		.uleb128 0x35
ARM GAS  C:\Users\Henny\AppData\Local\Temp\cciCMefk.s 			page 25


 1012 004c 00       		.byte	0
 1013 004d 49       		.uleb128 0x49
 1014 004e 13       		.uleb128 0x13
 1015 004f 00       		.byte	0
 1016 0050 00       		.byte	0
 1017 0051 08       		.uleb128 0x8
 1018 0052 2E       		.uleb128 0x2e
 1019 0053 01       		.byte	0x1
 1020 0054 03       		.uleb128 0x3
 1021 0055 0E       		.uleb128 0xe
 1022 0056 3A       		.uleb128 0x3a
 1023 0057 0B       		.uleb128 0xb
 1024 0058 3B       		.uleb128 0x3b
 1025 0059 0B       		.uleb128 0xb
 1026 005a 27       		.uleb128 0x27
 1027 005b 19       		.uleb128 0x19
 1028 005c 11       		.uleb128 0x11
 1029 005d 01       		.uleb128 0x1
 1030 005e 12       		.uleb128 0x12
 1031 005f 06       		.uleb128 0x6
 1032 0060 40       		.uleb128 0x40
 1033 0061 18       		.uleb128 0x18
 1034 0062 9642     		.uleb128 0x2116
 1035 0064 19       		.uleb128 0x19
 1036 0065 01       		.uleb128 0x1
 1037 0066 13       		.uleb128 0x13
 1038 0067 00       		.byte	0
 1039 0068 00       		.byte	0
 1040 0069 09       		.uleb128 0x9
 1041 006a 05       		.uleb128 0x5
 1042 006b 00       		.byte	0
 1043 006c 03       		.uleb128 0x3
 1044 006d 08       		.uleb128 0x8
 1045 006e 3A       		.uleb128 0x3a
 1046 006f 0B       		.uleb128 0xb
 1047 0070 3B       		.uleb128 0x3b
 1048 0071 0B       		.uleb128 0xb
 1049 0072 49       		.uleb128 0x49
 1050 0073 13       		.uleb128 0x13
 1051 0074 02       		.uleb128 0x2
 1052 0075 18       		.uleb128 0x18
 1053 0076 00       		.byte	0
 1054 0077 00       		.byte	0
 1055 0078 0A       		.uleb128 0xa
 1056 0079 05       		.uleb128 0x5
 1057 007a 00       		.byte	0
 1058 007b 03       		.uleb128 0x3
 1059 007c 0E       		.uleb128 0xe
 1060 007d 3A       		.uleb128 0x3a
 1061 007e 0B       		.uleb128 0xb
 1062 007f 3B       		.uleb128 0x3b
 1063 0080 0B       		.uleb128 0xb
 1064 0081 49       		.uleb128 0x49
 1065 0082 13       		.uleb128 0x13
 1066 0083 02       		.uleb128 0x2
 1067 0084 18       		.uleb128 0x18
 1068 0085 00       		.byte	0
ARM GAS  C:\Users\Henny\AppData\Local\Temp\cciCMefk.s 			page 26


 1069 0086 00       		.byte	0
 1070 0087 0B       		.uleb128 0xb
 1071 0088 0F       		.uleb128 0xf
 1072 0089 00       		.byte	0
 1073 008a 0B       		.uleb128 0xb
 1074 008b 0B       		.uleb128 0xb
 1075 008c 49       		.uleb128 0x49
 1076 008d 13       		.uleb128 0x13
 1077 008e 00       		.byte	0
 1078 008f 00       		.byte	0
 1079 0090 0C       		.uleb128 0xc
 1080 0091 26       		.uleb128 0x26
 1081 0092 00       		.byte	0
 1082 0093 00       		.byte	0
 1083 0094 00       		.byte	0
 1084 0095 0D       		.uleb128 0xd
 1085 0096 2E       		.uleb128 0x2e
 1086 0097 00       		.byte	0
 1087 0098 03       		.uleb128 0x3
 1088 0099 0E       		.uleb128 0xe
 1089 009a 3A       		.uleb128 0x3a
 1090 009b 0B       		.uleb128 0xb
 1091 009c 3B       		.uleb128 0x3b
 1092 009d 0B       		.uleb128 0xb
 1093 009e 27       		.uleb128 0x27
 1094 009f 19       		.uleb128 0x19
 1095 00a0 11       		.uleb128 0x11
 1096 00a1 01       		.uleb128 0x1
 1097 00a2 12       		.uleb128 0x12
 1098 00a3 06       		.uleb128 0x6
 1099 00a4 40       		.uleb128 0x40
 1100 00a5 18       		.uleb128 0x18
 1101 00a6 9642     		.uleb128 0x2116
 1102 00a8 19       		.uleb128 0x19
 1103 00a9 00       		.byte	0
 1104 00aa 00       		.byte	0
 1105 00ab 0E       		.uleb128 0xe
 1106 00ac 2E       		.uleb128 0x2e
 1107 00ad 01       		.byte	0x1
 1108 00ae 3F       		.uleb128 0x3f
 1109 00af 19       		.uleb128 0x19
 1110 00b0 03       		.uleb128 0x3
 1111 00b1 0E       		.uleb128 0xe
 1112 00b2 3A       		.uleb128 0x3a
 1113 00b3 0B       		.uleb128 0xb
 1114 00b4 3B       		.uleb128 0x3b
 1115 00b5 0B       		.uleb128 0xb
 1116 00b6 27       		.uleb128 0x27
 1117 00b7 19       		.uleb128 0x19
 1118 00b8 11       		.uleb128 0x11
 1119 00b9 01       		.uleb128 0x1
 1120 00ba 12       		.uleb128 0x12
 1121 00bb 06       		.uleb128 0x6
 1122 00bc 40       		.uleb128 0x40
 1123 00bd 18       		.uleb128 0x18
 1124 00be 9742     		.uleb128 0x2117
 1125 00c0 19       		.uleb128 0x19
ARM GAS  C:\Users\Henny\AppData\Local\Temp\cciCMefk.s 			page 27


 1126 00c1 01       		.uleb128 0x1
 1127 00c2 13       		.uleb128 0x13
 1128 00c3 00       		.byte	0
 1129 00c4 00       		.byte	0
 1130 00c5 0F       		.uleb128 0xf
 1131 00c6 34       		.uleb128 0x34
 1132 00c7 00       		.byte	0
 1133 00c8 03       		.uleb128 0x3
 1134 00c9 0E       		.uleb128 0xe
 1135 00ca 3A       		.uleb128 0x3a
 1136 00cb 0B       		.uleb128 0xb
 1137 00cc 3B       		.uleb128 0x3b
 1138 00cd 0B       		.uleb128 0xb
 1139 00ce 49       		.uleb128 0x49
 1140 00cf 13       		.uleb128 0x13
 1141 00d0 02       		.uleb128 0x2
 1142 00d1 18       		.uleb128 0x18
 1143 00d2 00       		.byte	0
 1144 00d3 00       		.byte	0
 1145 00d4 10       		.uleb128 0x10
 1146 00d5 2E       		.uleb128 0x2e
 1147 00d6 01       		.byte	0x1
 1148 00d7 3F       		.uleb128 0x3f
 1149 00d8 19       		.uleb128 0x19
 1150 00d9 03       		.uleb128 0x3
 1151 00da 0E       		.uleb128 0xe
 1152 00db 3A       		.uleb128 0x3a
 1153 00dc 0B       		.uleb128 0xb
 1154 00dd 3B       		.uleb128 0x3b
 1155 00de 05       		.uleb128 0x5
 1156 00df 27       		.uleb128 0x27
 1157 00e0 19       		.uleb128 0x19
 1158 00e1 11       		.uleb128 0x11
 1159 00e2 01       		.uleb128 0x1
 1160 00e3 12       		.uleb128 0x12
 1161 00e4 06       		.uleb128 0x6
 1162 00e5 40       		.uleb128 0x40
 1163 00e6 18       		.uleb128 0x18
 1164 00e7 9642     		.uleb128 0x2116
 1165 00e9 19       		.uleb128 0x19
 1166 00ea 00       		.byte	0
 1167 00eb 00       		.byte	0
 1168 00ec 11       		.uleb128 0x11
 1169 00ed 0B       		.uleb128 0xb
 1170 00ee 01       		.byte	0x1
 1171 00ef 11       		.uleb128 0x11
 1172 00f0 01       		.uleb128 0x1
 1173 00f1 12       		.uleb128 0x12
 1174 00f2 06       		.uleb128 0x6
 1175 00f3 00       		.byte	0
 1176 00f4 00       		.byte	0
 1177 00f5 12       		.uleb128 0x12
 1178 00f6 13       		.uleb128 0x13
 1179 00f7 01       		.byte	0x1
 1180 00f8 0B       		.uleb128 0xb
 1181 00f9 0B       		.uleb128 0xb
 1182 00fa 3A       		.uleb128 0x3a
ARM GAS  C:\Users\Henny\AppData\Local\Temp\cciCMefk.s 			page 28


 1183 00fb 0B       		.uleb128 0xb
 1184 00fc 3B       		.uleb128 0x3b
 1185 00fd 05       		.uleb128 0x5
 1186 00fe 01       		.uleb128 0x1
 1187 00ff 13       		.uleb128 0x13
 1188 0100 00       		.byte	0
 1189 0101 00       		.byte	0
 1190 0102 13       		.uleb128 0x13
 1191 0103 0D       		.uleb128 0xd
 1192 0104 00       		.byte	0
 1193 0105 03       		.uleb128 0x3
 1194 0106 0E       		.uleb128 0xe
 1195 0107 3A       		.uleb128 0x3a
 1196 0108 0B       		.uleb128 0xb
 1197 0109 3B       		.uleb128 0x3b
 1198 010a 05       		.uleb128 0x5
 1199 010b 49       		.uleb128 0x49
 1200 010c 13       		.uleb128 0x13
 1201 010d 38       		.uleb128 0x38
 1202 010e 0B       		.uleb128 0xb
 1203 010f 00       		.byte	0
 1204 0110 00       		.byte	0
 1205 0111 14       		.uleb128 0x14
 1206 0112 01       		.uleb128 0x1
 1207 0113 01       		.byte	0x1
 1208 0114 49       		.uleb128 0x49
 1209 0115 13       		.uleb128 0x13
 1210 0116 01       		.uleb128 0x1
 1211 0117 13       		.uleb128 0x13
 1212 0118 00       		.byte	0
 1213 0119 00       		.byte	0
 1214 011a 15       		.uleb128 0x15
 1215 011b 21       		.uleb128 0x21
 1216 011c 00       		.byte	0
 1217 011d 49       		.uleb128 0x49
 1218 011e 13       		.uleb128 0x13
 1219 011f 2F       		.uleb128 0x2f
 1220 0120 0B       		.uleb128 0xb
 1221 0121 00       		.byte	0
 1222 0122 00       		.byte	0
 1223 0123 16       		.uleb128 0x16
 1224 0124 34       		.uleb128 0x34
 1225 0125 00       		.byte	0
 1226 0126 03       		.uleb128 0x3
 1227 0127 0E       		.uleb128 0xe
 1228 0128 3A       		.uleb128 0x3a
 1229 0129 0B       		.uleb128 0xb
 1230 012a 3B       		.uleb128 0x3b
 1231 012b 05       		.uleb128 0x5
 1232 012c 49       		.uleb128 0x49
 1233 012d 13       		.uleb128 0x13
 1234 012e 02       		.uleb128 0x2
 1235 012f 18       		.uleb128 0x18
 1236 0130 00       		.byte	0
 1237 0131 00       		.byte	0
 1238 0132 17       		.uleb128 0x17
 1239 0133 26       		.uleb128 0x26
ARM GAS  C:\Users\Henny\AppData\Local\Temp\cciCMefk.s 			page 29


 1240 0134 00       		.byte	0
 1241 0135 49       		.uleb128 0x49
 1242 0136 13       		.uleb128 0x13
 1243 0137 00       		.byte	0
 1244 0138 00       		.byte	0
 1245 0139 18       		.uleb128 0x18
 1246 013a 34       		.uleb128 0x34
 1247 013b 00       		.byte	0
 1248 013c 03       		.uleb128 0x3
 1249 013d 08       		.uleb128 0x8
 1250 013e 3A       		.uleb128 0x3a
 1251 013f 0B       		.uleb128 0xb
 1252 0140 3B       		.uleb128 0x3b
 1253 0141 05       		.uleb128 0x5
 1254 0142 49       		.uleb128 0x49
 1255 0143 13       		.uleb128 0x13
 1256 0144 02       		.uleb128 0x2
 1257 0145 18       		.uleb128 0x18
 1258 0146 00       		.byte	0
 1259 0147 00       		.byte	0
 1260 0148 00       		.byte	0
 1261              		.section	.debug_aranges,"",%progbits
 1262 0000 4C000000 		.4byte	0x4c
 1263 0004 0200     		.2byte	0x2
 1264 0006 00000000 		.4byte	.Ldebug_info0
 1265 000a 04       		.byte	0x4
 1266 000b 00       		.byte	0
 1267 000c 0000     		.2byte	0
 1268 000e 0000     		.2byte	0
 1269 0010 00000000 		.4byte	.LFB2
 1270 0014 1E000000 		.4byte	.LFE2-.LFB2
 1271 0018 00000000 		.4byte	.LFB3
 1272 001c 22000000 		.4byte	.LFE3-.LFB3
 1273 0020 00000000 		.4byte	.LFB4
 1274 0024 22000000 		.4byte	.LFE4-.LFB4
 1275 0028 00000000 		.4byte	.LFB5
 1276 002c F0000000 		.4byte	.LFE5-.LFB5
 1277 0030 00000000 		.4byte	.LFB6
 1278 0034 44000000 		.4byte	.LFE6-.LFB6
 1279 0038 00000000 		.4byte	.LFB7
 1280 003c 40000000 		.4byte	.LFE7-.LFB7
 1281 0040 F0000000 		.4byte	.LFB8
 1282 0044 70010000 		.4byte	.LFE8-.LFB8
 1283 0048 00000000 		.4byte	0
 1284 004c 00000000 		.4byte	0
 1285              		.section	.debug_ranges,"",%progbits
 1286              	.Ldebug_ranges0:
 1287 0000 00000000 		.4byte	.LFB2
 1288 0004 1E000000 		.4byte	.LFE2
 1289 0008 00000000 		.4byte	.LFB3
 1290 000c 22000000 		.4byte	.LFE3
 1291 0010 00000000 		.4byte	.LFB4
 1292 0014 22000000 		.4byte	.LFE4
 1293 0018 00000000 		.4byte	.LFB5
 1294 001c F0000000 		.4byte	.LFE5
 1295 0020 00000000 		.4byte	.LFB6
 1296 0024 44000000 		.4byte	.LFE6
ARM GAS  C:\Users\Henny\AppData\Local\Temp\cciCMefk.s 			page 30


 1297 0028 00000000 		.4byte	.LFB7
 1298 002c 40000000 		.4byte	.LFE7
 1299 0030 F0000000 		.4byte	.LFB8
 1300 0034 60020000 		.4byte	.LFE8
 1301 0038 00000000 		.4byte	0
 1302 003c 00000000 		.4byte	0
 1303              		.section	.debug_line,"",%progbits
 1304              	.Ldebug_line0:
 1305 0000 88010000 		.section	.debug_str,"MS",%progbits,1
 1305      0200C200 
 1305      00000201 
 1305      FB0E0D00 
 1305      01010101 
 1306              	.LASF22:
 1307 0000 4359434F 		.ascii	"CYCONFIGCPYCODE\000"
 1307      4E464947 
 1307      43505943 
 1307      4F444500 
 1308              	.LASF18:
 1309 0010 72656733 		.ascii	"reg32\000"
 1309      3200
 1310              	.LASF11:
 1311 0016 73697A65 		.ascii	"size_t\000"
 1311      5F7400
 1312              	.LASF24:
 1313 001d 416E616C 		.ascii	"AnalogSetDefault\000"
 1313      6F675365 
 1313      74446566 
 1313      61756C74 
 1313      00
 1314              	.LASF33:
 1315 002e 443A5C48 		.ascii	"D:\\Henny\\magisterka\\CY8KIT\\BLE\\BLE\\BLE_Batter"
 1315      656E6E79 
 1315      5C6D6167 
 1315      69737465 
 1315      726B615C 
 1316 005b 795F4C65 		.ascii	"y_Level01.cydsn\000"
 1316      76656C30 
 1316      312E6379 
 1316      64736E00 
 1317              	.LASF30:
 1318 006b 6366675F 		.ascii	"cfg_memset_list\000"
 1318      6D656D73 
 1318      65745F6C 
 1318      69737400 
 1319              	.LASF23:
 1320 007b 436C6F63 		.ascii	"ClockSetup\000"
 1320      6B536574 
 1320      757000
 1321              	.LASF4:
 1322 0086 73686F72 		.ascii	"short unsigned int\000"
 1322      7420756E 
 1322      7369676E 
 1322      65642069 
 1322      6E7400
 1323              	.LASF15:
 1324 0099 666C6F61 		.ascii	"float\000"
ARM GAS  C:\Users\Henny\AppData\Local\Temp\cciCMefk.s 			page 31


 1324      7400
 1325              	.LASF21:
 1326 009f 64657374 		.ascii	"dest\000"
 1326      00
 1327              	.LASF27:
 1328 00a4 73697A65 		.ascii	"size\000"
 1328      00
 1329              	.LASF17:
 1330 00a9 72656738 		.ascii	"reg8\000"
 1330      00
 1331              	.LASF6:
 1332 00ae 6C6F6E67 		.ascii	"long unsigned int\000"
 1332      20756E73 
 1332      69676E65 
 1332      6420696E 
 1332      7400
 1333              	.LASF12:
 1334 00c0 75696E74 		.ascii	"uint8\000"
 1334      3800
 1335              	.LASF19:
 1336 00c6 43594D45 		.ascii	"CYMEMZERO\000"
 1336      4D5A4552 
 1336      4F00
 1337              	.LASF34:
 1338 00d0 53657441 		.ascii	"SetAnalogRoutingPumps\000"
 1338      6E616C6F 
 1338      67526F75 
 1338      74696E67 
 1338      50756D70 
 1339              	.LASF2:
 1340 00e6 756E7369 		.ascii	"unsigned char\000"
 1340      676E6564 
 1340      20636861 
 1340      7200
 1341              	.LASF16:
 1342 00f4 646F7562 		.ascii	"double\000"
 1342      6C6500
 1343              	.LASF35:
 1344 00fb 63796669 		.ascii	"cyfitter_cfg\000"
 1344      74746572 
 1344      5F636667 
 1344      00
 1345              	.LASF31:
 1346 0108 474E5520 		.ascii	"GNU C 4.9.3 20150303 (release) [ARM/embedded-4_9-br"
 1346      4320342E 
 1346      392E3320 
 1346      32303135 
 1346      30333033 
 1347 013b 616E6368 		.ascii	"anch revision 221220] -mcpu=cortex-m0 -mthumb -g -O"
 1347      20726576 
 1347      6973696F 
 1347      6E203232 
 1347      31323230 
 1348 016e 30202D66 		.ascii	"0 -ffunction-sections -ffat-lto-objects\000"
 1348      66756E63 
 1348      74696F6E 
 1348      2D736563 
ARM GAS  C:\Users\Henny\AppData\Local\Temp\cciCMefk.s 			page 32


 1348      74696F6E 
 1349              	.LASF13:
 1350 0196 75696E74 		.ascii	"uint16\000"
 1350      313600
 1351              	.LASF14:
 1352 019d 75696E74 		.ascii	"uint32\000"
 1352      333200
 1353              	.LASF0:
 1354 01a4 756E7369 		.ascii	"unsigned int\000"
 1354      676E6564 
 1354      20696E74 
 1354      00
 1355              	.LASF26:
 1356 01b1 61646472 		.ascii	"address\000"
 1356      65737300 
 1357              	.LASF8:
 1358 01b9 6C6F6E67 		.ascii	"long long unsigned int\000"
 1358      206C6F6E 
 1358      6720756E 
 1358      7369676E 
 1358      65642069 
 1359              	.LASF28:
 1360 01d0 6366675F 		.ascii	"cfg_memset_t\000"
 1360      6D656D73 
 1360      65745F74 
 1360      00
 1361              	.LASF32:
 1362 01dd 2E5C4765 		.ascii	".\\Generated_Source\\PSoC4\\cyfitter_cfg.c\000"
 1362      6E657261 
 1362      7465645F 
 1362      536F7572 
 1362      63655C50 
 1363              	.LASF9:
 1364 0205 73697A65 		.ascii	"sizetype\000"
 1364      74797065 
 1364      00
 1365              	.LASF7:
 1366 020e 6C6F6E67 		.ascii	"long long int\000"
 1366      206C6F6E 
 1366      6720696E 
 1366      7400
 1367              	.LASF10:
 1368 021c 63686172 		.ascii	"char\000"
 1368      00
 1369              	.LASF3:
 1370 0221 73686F72 		.ascii	"short int\000"
 1370      7420696E 
 1370      7400
 1371              	.LASF25:
 1372 022b 656E6162 		.ascii	"enabled\000"
 1372      6C656400 
 1373              	.LASF5:
 1374 0233 6C6F6E67 		.ascii	"long int\000"
 1374      20696E74 
 1374      00
 1375              	.LASF1:
 1376 023c 7369676E 		.ascii	"signed char\000"
ARM GAS  C:\Users\Henny\AppData\Local\Temp\cciCMefk.s 			page 33


 1376      65642063 
 1376      68617200 
 1377              	.LASF29:
 1378 0248 72656756 		.ascii	"regValue\000"
 1378      616C7565 
 1378      00
 1379              	.LASF20:
 1380 0251 4359434F 		.ascii	"CYCONFIGCPY\000"
 1380      4E464947 
 1380      43505900 
 1381              		.ident	"GCC: (GNU Tools for ARM Embedded Processors) 4.9.3 20150303 (release) [ARM/embedded-4_9-br
